<?xml version="1.0" encoding="UTF-8"?>
<testsuite name="Kragle Regression" tests="201" errors="0" failures="31" skipped="0" time="30962.032">
<testcase classname="Kragle Regression" name="Test Application Specific Test Cases" time="0.083">
</testcase>
<testcase classname="Kragle Regression" name="Test Device Specific Test Cases" time="3.169">
</testcase>
<testcase classname="Kragle Regression" name="Test: Global Settings - Send Error Logs Process (Windows-10-10.0.22622-SP0)" time="32.571">
</testcase>
<testcase classname="Kragle Regression" name="Test: Global Settings - Desktop Notifications (Windows-10-10.0.22622-SP0)" time="33.206">
</testcase>
<testcase classname="Kragle Regression" name="Test: Global Settings - GHUB Manual Link Should Open In Default Browser (Windows-10-10.0.22622-SP0)" time="70.286">
<failure message="*HTML*&lt;b&gt;Known Issue:&lt;/b&gt;[&lt;a href=https://jira.logitech.io/browse/KRGL-10364&gt;KRGL-10364&lt;/a&gt;]&#10;Failure: Selector &quot;.app-settings-link.manual&quot; with attribute(s) &quot;{'innerText': 'G HUB Manual'}&quot; is Not Loaded &#10;&#10; &lt;a href=dmp_logs_2022_07_14_13_23_31.zip&gt;DEBUG_LOGS&lt;/a&gt; &#10;&#10; &lt;a href=end_test-screenshot-20220714-132330.png&gt;SCREENSHOT&lt;/a&gt; &#10;&#10; &lt;a href=C:\Jenkins\workspace\sion_features_navigation_screens/report14072022_13_23_42_page_source.html&gt;PAGE_SOURCE&lt;/a&gt;" type="AssertionError"/>
</testcase>
<testcase classname="Kragle Regression" name="Test: Global Settings - Send Feedback Link Should Open In Default Browser (Windows-10-10.0.22622-SP0)" time="45.459">
</testcase>
<testcase classname="Kragle Regression" name="Test: Global Settings - Send Error Report (Windows-10-10.0.22622-SP0)" time="66.407">
</testcase>
<testcase classname="Kragle Regression" name="Test: Global Settings - Persistent Profile For Application (Windows-10-10.0.22622-SP0)" time="65.829">
<failure message="*HTML*&lt;b&gt;Known Issue:&lt;/b&gt;[&lt;a href=https://jira.logitech.io/browse/KRGL-9079&gt;KRGL-9079&lt;/a&gt;]&#10;Failure: Selector &quot;.dls-select__anchor&quot; with attribute(s) &quot;{'text': 'NOTEPAD'}&quot; is Not Loaded &#10;&#10; &lt;a href=dmp_logs_2022_07_14_13_27_13.zip&gt;DEBUG_LOGS&lt;/a&gt; &#10;&#10; &lt;a href=end_test-screenshot-20220714-132713.png&gt;SCREENSHOT&lt;/a&gt; &#10;&#10; &lt;a href=C:\Jenkins\workspace\sion_features_navigation_screens/report14072022_13_27_24_page_source.html&gt;PAGE_SOURCE&lt;/a&gt;" type="AssertionError"/>
</testcase>
<testcase classname="Kragle Regression" name="Test: Global Settings - Analytics Json Files Dynamically Get Created When Share My Usage Data Option Is Checked (Windows-10-10.0.22622-SP0)" time="86.102">
</testcase>
<testcase classname="Kragle Regression" name="Test: Global Settings - User Can Change Language (Windows-10-10.0.22622-SP0)" time="55.311">
</testcase>
<testcase classname="Kragle Regression" name="Test: Global Settings - Global Persistent Profile Behavior (Windows-10-10.0.22622-SP0)" time="205.642">
</testcase>
<testcase classname="Kragle Regression" name="Test: Global Settings - Turn On/Off Lighting After User Inactivity (Windows-10-10.0.22622-SP0)" time="31.700">
</testcase>
<testcase classname="Kragle Regression" name="Connect Device: G513:wired" time="1.012">
</testcase>
<testcase classname="Kragle Regression" name="Test: Local And Cloud Profile For Keyboard: G513 (Windows_11, Wired)" time="386.402">
<failure message="*HTML*Keyword 'game_mode.Verify Esc Key in Game Mode' failed after retrying 2 times. The last error was: fill: rgb(0, 169, 224); != fill: rgba(0, 0, 0, 0); &#10;&#10; &lt;a href=dmp_logs_2022_07_14_13_40_43.zip&gt;DEBUG_LOGS&lt;/a&gt; &#10;&#10; &lt;a href=end_test-screenshot-20220714-134043.png&gt;SCREENSHOT&lt;/a&gt; &#10;&#10; &lt;a href=C:\Jenkins\workspace\sion_features_navigation_screens/report14072022_13_40_54_page_source.html&gt;PAGE_SOURCE&lt;/a&gt;" type="AssertionError"/>
</testcase>
<testcase classname="Kragle Regression" name="Test: Global Settings - My Gear For Keyboard: G513 (Windows_11, Wired)" time="13.438">
</testcase>
<testcase classname="Kragle Regression" name="Test: Global Settings - Verify Show Tutorial Enables Coach Marks For Keyboard: G513 (Windows_11, Wired)" time="55.084">
</testcase>
<testcase classname="Kragle Regression" name="Test: Device Settings For Keyboard - UI Verification: G513 (Windows_11, Wired)" time="58.815">
</testcase>
<testcase classname="Kragle Regression" name="Test: Device Settings For Keyboard - SYS Verification: G513 (Windows_11, Wired)" time="91.023">
<failure message="*HTML*Onboard lightning is enabled or not from backend (False) and actual (False) matches: False == False &#10;&#10; &lt;a href=dmp_logs_2022_07_14_13_45_06.zip&gt;DEBUG_LOGS&lt;/a&gt; &#10;&#10; &lt;a href=end_test-screenshot-20220714-134506.png&gt;SCREENSHOT&lt;/a&gt; &#10;&#10; &lt;a href=C:\Jenkins\workspace\sion_features_navigation_screens/report14072022_13_45_17_page_source.html&gt;PAGE_SOURCE&lt;/a&gt;" type="AssertionError"/>
</testcase>
<testcase classname="Kragle Regression" name="Test: Persistent Profile For Keyboard: G513 (Windows_11, Wired)" time="2384.961">
<failure message="*HTML*Failure: Selector &quot;.dropdown-toggle&quot; with attribute(s) &quot;{'text': 'BREATHING'}&quot; is Not Loaded &#10;&#10; &lt;a href=dmp_logs_2022_07_14_14_23_29.zip&gt;DEBUG_LOGS&lt;/a&gt; &#10;&#10; &lt;a href=end_test-screenshot-20220714-142329.png&gt;SCREENSHOT&lt;/a&gt; &#10;&#10; &lt;a href=C:\Jenkins\workspace\sion_features_navigation_screens/report14072022_14_23_41_page_source.html&gt;PAGE_SOURCE&lt;/a&gt;" type="AssertionError"/>
</testcase>
<testcase classname="Kragle Regression" name="Test: Verify Presets Default Colors For Keyboard: G513 (Windows_11, Wired)" time="179.376">
</testcase>
<testcase classname="Kragle Regression" name="Test: User Can Change Presets Fixed HEX Color For Keyboard: G513 (Windows_11, Wired)" time="64.133">
</testcase>
<testcase classname="Kragle Regression" name="Test: User Can Change Presets Fixed RGB Color For Keyboard: G513 (Windows_11, Wired)" time="70.060">
</testcase>
<testcase classname="Kragle Regression" name="Test: User Can Add And Remove Preset Colors For Keyboard: G513 (Windows_11, Wired)" time="183.576">
</testcase>
<testcase classname="Kragle Regression" name="Test: User Can Change Freestyle HEX Color For Keyboard Arrow Keys: G513 (Windows_11, Wired)" time="57.091">
</testcase>
<testcase classname="Kragle Regression" name="Test: User Can Change Freestyle RGB Color For Keyboard Arrow Keys: G513 (Windows_11, Wired)" time="63.320">
</testcase>
<testcase classname="Kragle Regression" name="Test: User Can Add And Remove Freestyle Preset Colors For Keyboard: G513 (Windows_11, Wired)" time="191.497">
</testcase>
<testcase classname="Kragle Regression" name="Test: Lightsync Effect For Keyboard: G513 (Windows_11, Wired)" time="44.974">
</testcase>
<testcase classname="Kragle Regression" name="Test: Onboard Lighting Effect For Keyboard: G513 (Windows_11, Wired)" time="113.903">
<failure message="*HTML*Failure: Selector &quot;//div[@class='color-picker-title' and text()='10 KEYS']&quot; is Not Loaded&#10;&#10;Also keyword teardown failed:&#10;Failure: Selector &quot;//div[@class='color-picker-title' and text()='10 KEYS']&quot; is Not Loaded &#10;&#10; &lt;a href=dmp_logs_2022_07_14_14_42_27.zip&gt;DEBUG_LOGS&lt;/a&gt; &#10;&#10; &lt;a href=end_test-screenshot-20220714-144227.png&gt;SCREENSHOT&lt;/a&gt; &#10;&#10; &lt;a href=C:\Jenkins\workspace\sion_features_navigation_screens/report14072022_14_42_38_page_source.html&gt;PAGE_SOURCE&lt;/a&gt;" type="AssertionError"/>
</testcase>
<testcase classname="Kragle Regression" name="Test: Game Mode Restore Default Settings For Keyboard: G513 (Windows_11, Wired)" time="55.626">
<failure message="*HTML*Verify all keys are enabled in game mode&#10;Lengths are different: 2 != 0 &#10;&#10; &lt;a href=dmp_logs_2022_07_14_14_44_07.zip&gt;DEBUG_LOGS&lt;/a&gt; &#10;&#10; &lt;a href=end_test-screenshot-20220714-144407.png&gt;SCREENSHOT&lt;/a&gt; &#10;&#10; &lt;a href=C:\Jenkins\workspace\sion_features_navigation_screens/report14072022_14_44_18_page_source.html&gt;PAGE_SOURCE&lt;/a&gt;" type="AssertionError"/>
</testcase>
<testcase classname="Kragle Regression" name="Test: All Profiles Should Be Same Disabled Keys In Game Mode When Profile Is Locked For Keyboard: G513 (Windows_11, Wired)" time="428.612">
</testcase>
<testcase classname="Kragle Regression" name="Test: All Profiles Should Be Same Disabled Keys Which Are Disabled While Profile Is Locked In Game Mode: G513 (Windows_11, Wired)" time="421.354">
</testcase>
<testcase classname="Kragle Regression" name="Disconnect: G513:wired &amp; Connect: G203 LIGHTSYNC:wired" time="4.266">
</testcase>
<testcase classname="Kragle Regression" name="Test: Local And Cloud Profile For Mouse: G203 LIGHTSYNC (Windows_11, Wired)" time="390.315">
</testcase>
<testcase classname="Kragle Regression" name="Test: OOB Software Support For Mouse: G203 LIGHTSYNC (Windows_11, Wired)" time="164.105">
</testcase>
<testcase classname="Kragle Regression" name="Test: Lightsync Effect For Mouse: G203 LIGHTSYNC (Windows_11, Wired)" time="23.891">
</testcase>
<testcase classname="Kragle Regression" name="Test: Lightsync Effect With Restart G HUB For Mouse: G203 LIGHTSYNC (Windows_11, Wired)" time="169.450">
<failure message="*HTML*Several failures occurred:&#10;&#10;1) Variable '${be_color}' is None, which is not subscriptable, and thus accessing item '0' from it is not possible. To use '[0]' as a literal value, it needs to be escaped like '\[0]'.&#10;&#10;2) Failure: Selector &quot;.panel-wrapper.lighting .color-picker .color-value-container.value-r input&quot; with attribute(s) &quot;{'value': '59'}&quot; is Not Loaded &#10;&#10; &lt;a href=dmp_logs_2022_07_14_15_11_33.zip&gt;DEBUG_LOGS&lt;/a&gt; &#10;&#10; &lt;a href=end_test-screenshot-20220714-151133.png&gt;SCREENSHOT&lt;/a&gt; &#10;&#10; &lt;a href=C:\Jenkins\workspace\sion_features_navigation_screens/report14072022_15_11_44_page_source.html&gt;PAGE_SOURCE&lt;/a&gt;" type="AssertionError"/>
</testcase>
<testcase classname="Kragle Regression" name="Test: Lightsync Effect With Sleep System For Mouse: G203 LIGHTSYNC (Windows_11, Wired)" time="210.574">
<failure message="*HTML*Several failures occurred:&#10;&#10;1) Variable '${light_id}' not found. Did you mean:&#10;    ${lighting_mode}&#10;&#10;2) Variable '${light_id}' not found. Did you mean:&#10;    ${lighting_mode} &#10;&#10; &lt;a href=dmp_logs_2022_07_14_15_15_48.zip&gt;DEBUG_LOGS&lt;/a&gt; &#10;&#10; &lt;a href=end_test-screenshot-20220714-151548.png&gt;SCREENSHOT&lt;/a&gt; &#10;&#10; &lt;a href=C:\Jenkins\workspace\sion_features_navigation_screens/report14072022_15_15_59_page_source.html&gt;PAGE_SOURCE&lt;/a&gt;" type="AssertionError"/>
</testcase>
<testcase classname="Kragle Regression" name="Test: Lightsync Effect With Onboard Profile For Mouse: G203 LIGHTSYNC (Windows_11, Wired)" time="13.182">
</testcase>
<testcase classname="Kragle Regression" name="Test: Global Settings - My Gear For Mouse: G203 LIGHTSYNC (Windows_11, Wired)" time="13.376">
</testcase>
<testcase classname="Kragle Regression" name="Test: Global Settings - Verify Show Tutorial Enables Coach Marks For Mouse: G203 LIGHTSYNC (Windows_11, Wired)" time="26.099">
</testcase>
<testcase classname="Kragle Regression" name="Test: Device Settings For Mouse - UI Verification: G203 LIGHTSYNC (Windows_11, Wired)" time="260.304">
</testcase>
<testcase classname="Kragle Regression" name="Test: Device Settings For Mouse - SYS Verification: G203 LIGHTSYNC (Windows_11, Wired)" time="232.886">
</testcase>
<testcase classname="Kragle Regression" name="Test: DPI With Onboard Profile For Mouse: G203 LIGHTSYNC (Windows_11, Wired)" time="252.158">
</testcase>
<testcase classname="Kragle Regression" name="Test: DPI Sensitivity For Mouse: G203 LIGHTSYNC (Windows_11, Wired)" time="254.803">
</testcase>
<testcase classname="Kragle Regression" name="Test: DPI Sensitivity With Sleep System For Mouse: G203 LIGHTSYNC (Windows_11, Wired)" time="113.256">
</testcase>
<testcase classname="Kragle Regression" name="Test: DPI Sensitivity With Restart G HUB For Mouse: G203 LIGHTSYNC (Windows_11, Wired)" time="148.771">
<failure message="*HTML*The expected dpi value (1800) and actual value from backend (200) is different: 1800 != 200 &#10;&#10; &lt;a href=dmp_logs_2022_07_14_15_38_27.zip&gt;DEBUG_LOGS&lt;/a&gt; &#10;&#10; &lt;a href=end_test-screenshot-20220714-153827.png&gt;SCREENSHOT&lt;/a&gt; &#10;&#10; &lt;a href=C:\Jenkins\workspace\sion_features_navigation_screens/report14072022_15_38_38_page_source.html&gt;PAGE_SOURCE&lt;/a&gt;" type="AssertionError"/>
</testcase>
<testcase classname="Kragle Regression" name="Disconnect: G203 LIGHTSYNC:wired &amp; Connect: G915:wired" time="4.240">
</testcase>
<testcase classname="Kragle Regression" name="Test: Lightsync Effect For Keyboard: G915 (Windows_11, Wired)" time="23.165">
</testcase>
<testcase classname="Kragle Regression" name="Test: Global Settings - My Gear For Keyboard: G915 (Windows_11, Wired)" time="34.141">
</testcase>
<testcase classname="Kragle Regression" name="Test: Global Settings - Verify Show Tutorial Enables Coach Marks For Keyboard: G915 (Windows_11, Wired)" time="55.135">
</testcase>
<testcase classname="Kragle Regression" name="Test: Device Settings For Keyboard - UI Verification: G915 (Windows_11, Wired)" time="320.749">
<failure message="*HTML*Several failures occurred:&#10;&#10;1) Failure: Selector &quot;div.overlay div.overlay-container p.category-label.right-just&quot; with attribute(s) &quot;{'text': 'FIRMWARE VERSION'}&quot; is Not Loaded&#10;&#10;2) Failure: Selector &quot;div.overlay div.overlay-container p.category-label.right-just&quot; with attribute(s) &quot;{'text': 'FIRMWARE VERSION'}&quot; is Not Loaded&#10;&#10;3) Failure: Selector &quot;.category-label&quot; with attribute(s) &quot;{'innerText': 'BATTERY LEVEL'}&quot; is Not Loaded&#10;&#10;4) Failure: Selector &quot;div.overlay div.overlay-container p.category-label.right-just&quot; with attribute(s) &quot;{'text': 'FIRMWARE VERSION'}&quot; is Not Loaded&#10;&#10;5) No keyword with name 'device_settings.Test Device Settings - firware version UI Validation' found. Did you mean:&#10;    device_settings.Device Settings.Test Device Settings - Firmware Version UI Validation &#10;&#10; &lt;a href=dmp_logs_2022_07_14_15_46_29.zip&gt;DEBUG_LOGS&lt;/a&gt; &#10;&#10; &lt;a href=end_test-screenshot-20220714-154629.png&gt;SCREENSHOT&lt;/a&gt; &#10;&#10; &lt;a href=C:\Jenkins\workspace\sion_features_navigation_screens/report14072022_15_46_40_page_source.html&gt;PAGE_SOURCE&lt;/a&gt;" type="AssertionError"/>
</testcase>
<testcase classname="Kragle Regression" name="Test: Device Settings For Keyboard - SYS Verification: G915 (Windows_11, Wired)" time="328.847">
</testcase>
<testcase classname="Kragle Regression" name="Test: Game Mode Restore Default Settings For Keyboard: G915 (Windows_11, Wired)" time="46.984">
<failure message="*HTML*Verify all keys are enabled in game mode&#10;Lengths are different: 2 != 0 &#10;&#10; &lt;a href=dmp_logs_2022_07_14_15_53_29.zip&gt;DEBUG_LOGS&lt;/a&gt; &#10;&#10; &lt;a href=end_test-screenshot-20220714-155329.png&gt;SCREENSHOT&lt;/a&gt; &#10;&#10; &lt;a href=C:\Jenkins\workspace\sion_features_navigation_screens/report14072022_15_53_40_page_source.html&gt;PAGE_SOURCE&lt;/a&gt;" type="AssertionError"/>
</testcase>
<testcase classname="Kragle Regression" name="Test: All Profiles Should Be Same Disabled Keys In Game Mode When Profile Is Locked For Keyboard: G915 (Windows_11, Wired)" time="429.582">
</testcase>
<testcase classname="Kragle Regression" name="Test: All Profiles Should Be Same Disabled Keys Which Are Disabled While Profile Is Locked In Game Mode: G915 (Windows_11, Wired)" time="422.388">
</testcase>
<testcase classname="Kragle Regression" name="Disconnect: G915:wired &amp; Connect: G903 LIGHTSPEED:wired" time="2.265">
</testcase>
<testcase classname="Kragle Regression" name="Test: Local And Cloud Profile For Mouse: G903 LIGHTSPEED (Windows_11, Wired)" time="382.915">
</testcase>
<testcase classname="Kragle Regression" name="Test: OOB Software Support For Mouse: G903 LIGHTSPEED (Windows_11, Wired)" time="164.062">
</testcase>
<testcase classname="Kragle Regression" name="Test: Lightsync Effect For Mouse: G903 LIGHTSPEED (Windows_11, Wired)" time="23.901">
</testcase>
<testcase classname="Kragle Regression" name="Test: Lightsync Effect With Restart G HUB For Mouse: G903 LIGHTSPEED (Windows_11, Wired)" time="169.865">
<failure message="*HTML*Failure: Selector &quot;.panel-wrapper.lighting .color-picker .color-value-container.value-r input&quot; with attribute(s) &quot;{'value': '59'}&quot; is Not Loaded &#10;&#10; &lt;a href=dmp_logs_2022_07_14_16_20_48.zip&gt;DEBUG_LOGS&lt;/a&gt; &#10;&#10; &lt;a href=end_test-screenshot-20220714-162048.png&gt;SCREENSHOT&lt;/a&gt; &#10;&#10; &lt;a href=C:\Jenkins\workspace\sion_features_navigation_screens/report14072022_16_21_00_page_source.html&gt;PAGE_SOURCE&lt;/a&gt;" type="AssertionError"/>
</testcase>
<testcase classname="Kragle Regression" name="Test: Lightsync Effect With Sleep System For Mouse: G903 LIGHTSPEED (Windows_11, Wired)" time="753.422">
<failure message="*HTML*Several failures occurred:&#10;&#10;1) cycle != fixed&#10;&#10;2) breathing != fixed&#10;&#10;3) 'audiovisualizerParams' not available in the {'id': 'FIXED', 'zoneType': 'ZONE_PRIMARY', 'persistent': False, 'fixedParams': {'color': {'tag': '', 'hex': '#6fde65'}}}&#10;&#10;4) The expected zone lightning rate (10000) and actual lightning rate (8000) is different&#10;&#10;5) The brightness value expected (50) and backend brightness value (100) are different &#10;&#10; &lt;a href=dmp_logs_2022_07_14_16_34_06.zip&gt;DEBUG_LOGS&lt;/a&gt; &#10;&#10; &lt;a href=end_test-screenshot-20220714-163406.png&gt;SCREENSHOT&lt;/a&gt; &#10;&#10; &lt;a href=C:\Jenkins\workspace\sion_features_navigation_screens/report14072022_16_34_17_page_source.html&gt;PAGE_SOURCE&lt;/a&gt;" type="AssertionError"/>
</testcase>
<testcase classname="Kragle Regression" name="Test: Lightsync Effect With Onboard Profile For Mouse: G903 LIGHTSPEED (Windows_11, Wired)" time="315.965">
</testcase>
<testcase classname="Kragle Regression" name="Test: Global Settings - My Gear For Mouse: G903 LIGHTSPEED (Windows_11, Wired)" time="13.986">
</testcase>
<testcase classname="Kragle Regression" name="Test: Global Settings - Verify Show Tutorial Enables Coach Marks For Mouse: G903 LIGHTSPEED (Windows_11, Wired)" time="26.030">
</testcase>
<testcase classname="Kragle Regression" name="Test: Device Settings For Mouse - UI Verification: G903 LIGHTSPEED (Windows_11, Wired)" time="268.105">
<failure message="*HTML*Failure: Selector &quot;.icon-wrapper.assign&quot; is Not Clickable&#10;&#10;Also keyword teardown failed:&#10;Failure: Selector &quot;#setting-sprocket&quot; is Not Clickable &#10;&#10; &lt;a href=dmp_logs_2022_07_14_16_45_14.zip&gt;DEBUG_LOGS&lt;/a&gt; &#10;&#10; &lt;a href=end_test-screenshot-20220714-164514.png&gt;SCREENSHOT&lt;/a&gt; &#10;&#10; &lt;a href=C:\Jenkins\workspace\sion_features_navigation_screens/report14072022_16_45_26_page_source.html&gt;PAGE_SOURCE&lt;/a&gt;" type="AssertionError"/>
</testcase>
<testcase classname="Kragle Regression" name="Test: Device Settings For Mouse - SYS Verification: G903 LIGHTSPEED (Windows_11, Wired)" time="260.523">
</testcase>
<testcase classname="Kragle Regression" name="Test: DPI With Onboard Profile For Mouse: G903 LIGHTSPEED (Windows_11, Wired)" time="227.578">
</testcase>
<testcase classname="Kragle Regression" name="Test: DPI Sensitivity For Mouse: G903 LIGHTSPEED (Windows_11, Wired)" time="265.067">
</testcase>
<testcase classname="Kragle Regression" name="Test: DPI Sensitivity With Sleep System For Mouse: G903 LIGHTSPEED (Windows_11, Wired)" time="114.911">
</testcase>
<testcase classname="Kragle Regression" name="Test: DPI Sensitivity With Restart G HUB For Mouse: G903 LIGHTSPEED (Windows_11, Wired)" time="149.983">
<failure message="*HTML*The expected dpi value (1800) and actual value from backend (100) is different: 1800 != 100 &#10;&#10; &lt;a href=dmp_logs_2022_07_14_17_02_57.zip&gt;DEBUG_LOGS&lt;/a&gt; &#10;&#10; &lt;a href=end_test-screenshot-20220714-170257.png&gt;SCREENSHOT&lt;/a&gt; &#10;&#10; &lt;a href=C:\Jenkins\workspace\sion_features_navigation_screens/report14072022_17_03_08_page_source.html&gt;PAGE_SOURCE&lt;/a&gt;" type="AssertionError"/>
</testcase>
<testcase classname="Kragle Regression" name="Disconnect: G903 LIGHTSPEED:wired &amp; Connect: G502 HERO:wired" time="4.272">
</testcase>
<testcase classname="Kragle Regression" name="Test: Local And Cloud Profile For Mouse: G502 HERO (Windows_11, Wired)" time="368.845">
</testcase>
<testcase classname="Kragle Regression" name="Test: OOB Software Support For Mouse: G502 HERO (Windows_11, Wired)" time="163.132">
</testcase>
<testcase classname="Kragle Regression" name="Test: Lightsync Effect For Mouse: G502 HERO (Windows_11, Wired)" time="23.880">
</testcase>
<testcase classname="Kragle Regression" name="Test: Lightsync Effect With Restart G HUB For Mouse: G502 HERO (Windows_11, Wired)" time="169.591">
<failure message="*HTML*Failure: Selector &quot;.panel-wrapper.lighting .color-picker .color-value-container.value-r input&quot; with attribute(s) &quot;{'value': '59'}&quot; is Not Loaded &#10;&#10; &lt;a href=dmp_logs_2022_07_14_17_15_51.zip&gt;DEBUG_LOGS&lt;/a&gt; &#10;&#10; &lt;a href=end_test-screenshot-20220714-171551.png&gt;SCREENSHOT&lt;/a&gt; &#10;&#10; &lt;a href=C:\Jenkins\workspace\sion_features_navigation_screens/report14072022_17_16_02_page_source.html&gt;PAGE_SOURCE&lt;/a&gt;" type="AssertionError"/>
</testcase>
<testcase classname="Kragle Regression" name="Test: Lightsync Effect With Sleep System For Mouse: G502 HERO (Windows_11, Wired)" time="754.468">
<failure message="*HTML*Several failures occurred:&#10;&#10;1) cycle != fixed&#10;&#10;2) breathing != fixed&#10;&#10;3) The expected zone lightning rate (10000) and actual lightning rate (8000) is different&#10;&#10;4) The brightness value expected (50) and backend brightness value (100) are different &#10;&#10; &lt;a href=dmp_logs_2022_07_14_17_29_09.zip&gt;DEBUG_LOGS&lt;/a&gt; &#10;&#10; &lt;a href=end_test-screenshot-20220714-172909.png&gt;SCREENSHOT&lt;/a&gt; &#10;&#10; &lt;a href=C:\Jenkins\workspace\sion_features_navigation_screens/report14072022_17_29_21_page_source.html&gt;PAGE_SOURCE&lt;/a&gt;" type="AssertionError"/>
</testcase>
<testcase classname="Kragle Regression" name="Test: Lightsync Effect With Onboard Profile For Mouse: G502 HERO (Windows_11, Wired)" time="363.022">
</testcase>
<testcase classname="Kragle Regression" name="Test: DPI With Onboard Profile For Mouse: G502 HERO (Windows_11, Wired)" time="276.030">
</testcase>
<testcase classname="Kragle Regression" name="Test: DPI Sensitivity For Mouse: G502 HERO (Windows_11, Wired)" time="257.481">
</testcase>
<testcase classname="Kragle Regression" name="Test: DPI Sensitivity With Sleep System For Mouse: G502 HERO (Windows_11, Wired)" time="114.111">
</testcase>
<testcase classname="Kragle Regression" name="Test: DPI Sensitivity With Restart G HUB For Mouse: G502 HERO (Windows_11, Wired)" time="136.665">
</testcase>
<testcase classname="Kragle Regression" name="Test: Device Settings For Mouse - SYS Verification: G502 HERO (Windows_11, Wired)" time="271.990">
</testcase>
<testcase classname="Kragle Regression" name="Disconnect: G502 HERO:wired &amp; Connect: PRO X WIRELESS:wireless" time="2.116">
</testcase>
<testcase classname="Kragle Regression" name="Test: Local And Cloud Profile For Headset: PRO X WIRELESS (Windows_11, Wireless)" time="452.957">
<failure message="*HTML*Hello 1 1 != Hello &#10;&#10; &lt;a href=dmp_logs_2022_07_14_18_01_08.zip&gt;DEBUG_LOGS&lt;/a&gt; &#10;&#10; &lt;a href=end_test-screenshot-20220714-180108.png&gt;SCREENSHOT&lt;/a&gt; &#10;&#10; &lt;a href=C:\Jenkins\workspace\sion_features_navigation_screens/report14072022_18_01_19_page_source.html&gt;PAGE_SOURCE&lt;/a&gt;" type="AssertionError"/>
</testcase>
<testcase classname="Kragle Regression" name="Test: Blue Voice - Browse More Presets For Headset: PRO X WIRELESS (Windows_11, Wireless)" time="85.466">
<failure message="*HTML*Failure: Selector &quot;.blue-voice-checkbox-label&quot; is Not Loaded &#10;&#10; &lt;a href=dmp_logs_2022_07_14_18_03_18.zip&gt;DEBUG_LOGS&lt;/a&gt; &#10;&#10; &lt;a href=end_test-screenshot-20220714-180318.png&gt;SCREENSHOT&lt;/a&gt; &#10;&#10; &lt;a href=C:\Jenkins\workspace\sion_features_navigation_screens/report14072022_18_03_29_page_source.html&gt;PAGE_SOURCE&lt;/a&gt;" type="AssertionError"/>
</testcase>
<testcase classname="Kragle Regression" name="Test: Blue Voice Preset Selection For Headset: PRO X WIRELESS (Windows_11, Wireless)" time="49.756">
</testcase>
<testcase classname="Kragle Regression" name="Test: Blue Voice - Equalizer Settings For Headset: PRO X WIRELESS (Windows_11, Wireless)" time="266.788">
</testcase>
<testcase classname="Kragle Regression" name="Test: Blue Voice - Preset Settings For Headset: PRO X WIRELESS (Windows_11, Wireless)" time="553.371">
</testcase>
<testcase classname="Kragle Regression" name="Test: Microphone - Default Values For Headset: PRO X WIRELESS (Windows_11, Wireless)" time="65.486">
</testcase>
<testcase classname="Kragle Regression" name="Test: Equalizer Presets - Community Card For Headset: PRO X WIRELESS (Windows_11, Wireless)" time="90.779">
</testcase>
<testcase classname="Kragle Regression" name="Test: Device Settings For Headset - UI Verification: PRO X WIRELESS (Windows_11, Wireless)" time="100.393">
</testcase>
<testcase classname="Kragle Regression" name="Test: Global Settings - My Gear For Headset: PRO X WIRELESS (Windows_11, Wireless)" time="13.388">
</testcase>
<testcase classname="Kragle Regression" name="Test: Global Settings - Verify Show Tutorial Enables Coach Marks For Headset: PRO X WIRELESS (Windows_11, Wireless)" time="26.163">
</testcase>
<testcase classname="Kragle Regression" name="Test: Device Settings For Headset - SYS Verification: PRO X WIRELESS (Windows_11, Wireless)" time="80.572">
</testcase>
<testcase classname="Kragle Regression" name="Test: Device Driver Support With Unplug/Replug Device For Headset: PRO X WIRELESS (Windows_11, Wireless)" time="19.095">
</testcase>
<testcase classname="Kragle Regression" name="Test: Device Driver Support With Sleep System For Headset: PRO X WIRELESS (Windows_11, Wireless)" time="42.084">
</testcase>
<testcase classname="Kragle Regression" name="Test: Device Driver Support With Restart System For Headset: PRO X WIRELESS (Windows_11, Wireless)" time="63.102">
</testcase>
<testcase classname="Kragle Regression" name="Disconnect: PRO X WIRELESS:wireless &amp; Connect: G635:wired" time="4.235">
</testcase>
<testcase classname="Kragle Regression" name="Test: Local And Cloud Profile For Headset: G635 (Windows_11, Wired)" time="432.131">
<failure message="*HTML*Hello 3 1 != Hello &#10;&#10; &lt;a href=dmp_logs_2022_07_14_18_34_09.zip&gt;DEBUG_LOGS&lt;/a&gt; &#10;&#10; &lt;a href=end_test-screenshot-20220714-183409.png&gt;SCREENSHOT&lt;/a&gt; &#10;&#10; &lt;a href=C:\Jenkins\workspace\sion_features_navigation_screens/report14072022_18_34_21_page_source.html&gt;PAGE_SOURCE&lt;/a&gt;" type="AssertionError"/>
</testcase>
<testcase classname="Kragle Regression" name="Test: Equalizer Presets - Community Card For Headset: G635 (Windows_11, Wired)" time="60.195">
</testcase>
<testcase classname="Kragle Regression" name="Test: Profile Lighting For Headset - UI Verification: G635 (Windows_11, Wired)" time="167.235">
<failure message="*HTML*Failure: Selector &quot;.panel-wrapper.lighting .color-picker .color-value-container.value-r input&quot; with attribute(s) &quot;{'value': '255'}&quot; is Not Loaded &#10;&#10; &lt;a href=dmp_logs_2022_07_14_18_38_08.zip&gt;DEBUG_LOGS&lt;/a&gt; &#10;&#10; &lt;a href=end_test-screenshot-20220714-183808.png&gt;SCREENSHOT&lt;/a&gt; &#10;&#10; &lt;a href=C:\Jenkins\workspace\sion_features_navigation_screens/report14072022_18_38_19_page_source.html&gt;PAGE_SOURCE&lt;/a&gt;" type="AssertionError"/>
</testcase>
<testcase classname="Kragle Regression" name="Test: Lightsync Effect For Headset - GUI Verification: G635 (Windows_11, Wired)" time="19.876">
</testcase>
<testcase classname="Kragle Regression" name="Test: Assignments View For Headset - UI Verification: G635 (Windows_11, Wired)" time="1045.720">
</testcase>
<testcase classname="Kragle Regression" name="Test: User Able To Delete The Actions For Headset: G635 (Windows_11, Wired)" time="186.269">
</testcase>
<testcase classname="Kragle Regression" name="Test: Device Settings For Headset - SYS Verification: G635 (Windows_11, Wired)" time="80.063">
</testcase>
<testcase classname="Kragle Regression" name="Test: Device Driver Support With Unplug/Replug Device For Headset: G635 (Windows_11, Wired)" time="19.086">
</testcase>
<testcase classname="Kragle Regression" name="Test: Device Driver Support With Sleep System For Headset: G635 (Windows_11, Wired)" time="42.113">
</testcase>
<testcase classname="Kragle Regression" name="Test: Device Driver Support With Restart System For Headset: G635 (Windows_11, Wired)" time="63.207">
</testcase>
<testcase classname="Kragle Regression" name="Disconnect: G635:wired &amp; Connect: G933s:wireless" time="4.235">
</testcase>
<testcase classname="Kragle Regression" name="Test: Equalizer Presets - Community Card For Headset: G933s (Windows_11, Wireless)" time="56.098">
</testcase>
<testcase classname="Kragle Regression" name="Test: Profile Lighting For Headset - UI Verification: G933s (Windows_11, Wireless)" time="187.794">
</testcase>
<testcase classname="Kragle Regression" name="Test: Lightsync Effect For Headset - GUI Verification: G933s (Windows_11, Wireless)" time="19.419">
</testcase>
<testcase classname="Kragle Regression" name="Test: Device Settings For Headset - UI Verification: G933s (Windows_11, Wireless)" time="103.750">
<failure message="*HTML*Failure: Selector &quot;//div[contains(text(),'EQUALIZER_BASS_BOOST')]&quot; is Not Loaded &#10;&#10; &lt;a href=dmp_logs_2022_07_14_19_09_53.zip&gt;DEBUG_LOGS&lt;/a&gt; &#10;&#10; &lt;a href=end_test-screenshot-20220714-190953.png&gt;SCREENSHOT&lt;/a&gt; &#10;&#10; &lt;a href=C:\Jenkins\workspace\sion_features_navigation_screens/report14072022_19_10_04_page_source.html&gt;PAGE_SOURCE&lt;/a&gt;" type="AssertionError"/>
</testcase>
<testcase classname="Kragle Regression" name="Test: Global Settings - My Gear For Headset: G933s (Windows_11, Wireless)" time="13.317">
</testcase>
<testcase classname="Kragle Regression" name="Test: Global Settings - Verify Show Tutorial Enables Coach Marks For Headset: G933s (Windows_11, Wireless)" time="26.003">
</testcase>
<testcase classname="Kragle Regression" name="Test: Device Settings For Headset - SYS Verification: G933s (Windows_11, Wireless)" time="101.175">
</testcase>
<testcase classname="Kragle Regression" name="Test: Device Driver Support With Unplug/Replug Device For Headset: G933s (Windows_11, Wireless)" time="21.082">
</testcase>
<testcase classname="Kragle Regression" name="Test: Device Driver Support With Sleep System For Headset: G933s (Windows_11, Wireless)" time="42.018">
</testcase>
<testcase classname="Kragle Regression" name="Test: Device Driver Support With Restart System For Headset: G933s (Windows_11, Wireless)" time="63.161">
</testcase>
<testcase classname="Kragle Regression" name="Test: Validate PRESETS FIXED Lightsync Presets: G513 (Windows_11, Wired)" time="303.689">
</testcase>
<testcase classname="Kragle Regression" name="Test: Validate PRESETS CYCLE Lightsync Presets: G513 (Windows_11, Wired)" time="110.927">
</testcase>
<testcase classname="Kragle Regression" name="Test: Validate PRESETS COLOR WAVE Lightsync Presets: G513 (Windows_11, Wired)" time="129.638">
</testcase>
<testcase classname="Kragle Regression" name="Test: Validate PRESETS BREATHING Lightsync Presets: G513 (Windows_11, Wired)" time="112.280">
</testcase>
<testcase classname="Kragle Regression" name="Test: Validate PRESETS RIPPLE Lightsync Presets: G513 (Windows_11, Wired)" time="133.847">
<failure message="*HTML*Several failures occurred:&#10;&#10;1) ripple != breathing&#10;&#10;2) 'rippleParams' not available in the {'id': 'BREATHING', 'zoneType': 'ZONE_PRIMARY', 'persistent': False, 'breathingParams': {'color': {'tag': '', 'hex': '#00ff00'}, 'periodInMs': 7200, 'intensity': 1}} &#10;&#10; &lt;a href=dmp_logs_2022_07_14_19_28_15.zip&gt;DEBUG_LOGS&lt;/a&gt; &#10;&#10; &lt;a href=end_test-screenshot-20220714-192814.png&gt;SCREENSHOT&lt;/a&gt; &#10;&#10; &lt;a href=C:\Jenkins\workspace\sion_features_navigation_screens/report14072022_19_28_26_page_source.html&gt;PAGE_SOURCE&lt;/a&gt;" type="AssertionError"/>
</testcase>
<testcase classname="Kragle Regression" name="Test: Validate PRESETS STARLIGHT Lightsync Presets: G513 (Windows_11, Wired)" time="104.063">
</testcase>
<testcase classname="Kragle Regression" name="Test: Validate PRESETS ECHO PRESS Lightsync Presets: G513 (Windows_11, Wired)" time="115.532">
</testcase>
<testcase classname="Kragle Regression" name="Test: Validate PRESETS SCREEN SAMPLER Lightsync Presets: G513 (Windows_11, Wired)" time="118.353">
</testcase>
<testcase classname="Kragle Regression" name="Test: Validate PRESETS AUDIO VISUALIZER Lightsync Presets: G513 (Windows_11, Wired)" time="74.371">
</testcase>
<testcase classname="Kragle Regression" name="Test: Validate WASD quick color Freestyle effect: G513 (Windows_11, Wired)" time="78.123">
</testcase>
<testcase classname="Kragle Regression" name="Test: Validate NUMBERS quick color Freestyle effect: G513 (Windows_11, Wired)" time="78.069">
</testcase>
<testcase classname="Kragle Regression" name="Test: Validate F KEYS quick color Freestyle effect: G513 (Windows_11, Wired)" time="78.115">
</testcase>
<testcase classname="Kragle Regression" name="Test: Validate MODIFIER quick color Freestyle effect: G513 (Windows_11, Wired)" time="70.938">
</testcase>
<testcase classname="Kragle Regression" name="Test: Validate ARROW KEYS quick color Freestyle effect: G513 (Windows_11, Wired)" time="78.128">
</testcase>
<testcase classname="Kragle Regression" name="Test: Validate contrastic Animations effect: G513 (Windows_11, Wired)" time="65.417">
</testcase>
<testcase classname="Kragle Regression" name="Test: Validate lightning Animations effect: G513 (Windows_11, Wired)" time="56.211">
</testcase>
<testcase classname="Kragle Regression" name="Test: Validate ocean wave Animations effect: G513 (Windows_11, Wired)" time="56.016">
</testcase>
<testcase classname="Kragle Regression" name="Test: Validate red white and blue Animations effect: G513 (Windows_11, Wired)" time="56.264">
</testcase>
<testcase classname="Kragle Regression" name="Test: Validate verticool Animations effect: G513 (Windows_11, Wired)" time="59.825">
</testcase>
<testcase classname="Kragle Regression" name="Test: Validate PRESETS FIXED Lightsync Presets: G203 LIGHTSYNC (Windows_11, Wired)" time="331.735">
</testcase>
<testcase classname="Kragle Regression" name="Test: Validate PRESETS CYCLE Lightsync Presets: G203 LIGHTSYNC (Windows_11, Wired)" time="117.204">
</testcase>
<testcase classname="Kragle Regression" name="Test: Validate PRESETS BREATHING Lightsync Presets: G203 LIGHTSYNC (Windows_11, Wired)" time="119.073">
</testcase>
<testcase classname="Kragle Regression" name="Test: Validate PRESETS COLOR WAVE Lightsync Presets: G203 LIGHTSYNC (Windows_11, Wired)" time="145.612">
</testcase>
<testcase classname="Kragle Regression" name="Test: Validate PRESETS SCREEN SAMPLER Lightsync Presets: G203 LIGHTSYNC (Windows_11, Wired)" time="164.826">
<failure message="*HTML*Failure: Selector &quot;.screen-sample-row&quot; with attribute(s) &quot;{'text': 'TOP RIGHT'}&quot; is Not Loaded &#10;&#10; &lt;a href=dmp_logs_2022_07_14_20_01_46.zip&gt;DEBUG_LOGS&lt;/a&gt; &#10;&#10; &lt;a href=end_test-screenshot-20220714-200048.png&gt;SCREENSHOT&lt;/a&gt; &#10;&#10; &lt;a href=C:\Jenkins\workspace\sion_features_navigation_screens/report14072022_20_01_57_page_source.html&gt;PAGE_SOURCE&lt;/a&gt;" type="AssertionError"/>
</testcase>
<testcase classname="Kragle Regression" name="Test: Validate PRESETS AUDIO VISUALIZER Lightsync Presets: G203 LIGHTSYNC (Windows_11, Wired)" time="62.529">
<failure message="*HTML*'audiovisualizerParams' not available in the {'id': 'COLORWAVE', 'zoneType': 'ZONE_BRANDING', 'persistent': False, 'colorwaveParams': {'periodInMs': 7200, 'direction': 'HORIZONTAL', 'intensity': 0.75, 'saturation': 0}} &#10;&#10; &lt;a href=dmp_logs_2022_07_14_20_03_32.zip&gt;DEBUG_LOGS&lt;/a&gt; &#10;&#10; &lt;a href=end_test-screenshot-20220714-200332.png&gt;SCREENSHOT&lt;/a&gt; &#10;&#10; &lt;a href=C:\Jenkins\workspace\sion_features_navigation_screens/report14072022_20_03_44_page_source.html&gt;PAGE_SOURCE&lt;/a&gt;" type="AssertionError"/>
</testcase>
<testcase classname="Kragle Regression" name="Test: Validate PRESETS FIXED Lightsync Presets: G915 (Windows_11, Wired)" time="313.608">
</testcase>
<testcase classname="Kragle Regression" name="Test: Validate PRESETS CYCLE Lightsync Presets: G915 (Windows_11, Wired)" time="123.959">
</testcase>
<testcase classname="Kragle Regression" name="Test: Validate PRESETS COLOR WAVE Lightsync Presets: G915 (Windows_11, Wired)" time="154.669">
</testcase>
<testcase classname="Kragle Regression" name="Test: Validate PRESETS BREATHING Lightsync Presets: G915 (Windows_11, Wired)" time="128.171">
</testcase>
<testcase classname="Kragle Regression" name="Test: Validate PRESETS RIPPLE Lightsync Presets: G915 (Windows_11, Wired)" time="142.949">
</testcase>
<testcase classname="Kragle Regression" name="Test: Validate PRESETS STARLIGHT Lightsync Presets: G915 (Windows_11, Wired)" time="124.907">
</testcase>
<testcase classname="Kragle Regression" name="Test: Validate PRESETS ECHO PRESS Lightsync Presets: G915 (Windows_11, Wired)" time="115.454">
</testcase>
<testcase classname="Kragle Regression" name="Test: Validate PRESETS SCREEN SAMPLER Lightsync Presets: G915 (Windows_11, Wired)" time="132.219">
</testcase>
<testcase classname="Kragle Regression" name="Test: Validate PRESETS AUDIO VISUALIZER Lightsync Presets: G915 (Windows_11, Wired)" time="80.166">
</testcase>
<testcase classname="Kragle Regression" name="Test: Validate WASD quick color Freestyle effect: G915 (Windows_11, Wired)" time="83.817">
</testcase>
<testcase classname="Kragle Regression" name="Test: Validate NUMBERS quick color Freestyle effect: G915 (Windows_11, Wired)" time="83.716">
</testcase>
<testcase classname="Kragle Regression" name="Test: Validate F KEYS quick color Freestyle effect: G915 (Windows_11, Wired)" time="83.823">
</testcase>
<testcase classname="Kragle Regression" name="Test: Validate G KEYS quick color Freestyle effect: G915 (Windows_11, Wired)" time="71.266">
</testcase>
<testcase classname="Kragle Regression" name="Test: Validate MODIFIER quick color Freestyle effect: G915 (Windows_11, Wired)" time="71.232">
</testcase>
<testcase classname="Kragle Regression" name="Test: Validate ARROW KEYS quick color Freestyle effect: G915 (Windows_11, Wired)" time="83.737">
</testcase>
<testcase classname="Kragle Regression" name="Test: Validate LOGO quick color Freestyle effect: G915 (Windows_11, Wired)" time="90.669">
</testcase>
<testcase classname="Kragle Regression" name="Test: Validate contrastic Animations effect: G915 (Windows_11, Wired)" time="71.969">
</testcase>
<testcase classname="Kragle Regression" name="Test: Validate lightning Animations effect: G915 (Windows_11, Wired)" time="56.383">
</testcase>
<testcase classname="Kragle Regression" name="Test: Validate ocean wave Animations effect: G915 (Windows_11, Wired)" time="56.108">
</testcase>
<testcase classname="Kragle Regression" name="Test: Validate red white and blue Animations effect: G915 (Windows_11, Wired)" time="56.178">
</testcase>
<testcase classname="Kragle Regression" name="Test: Validate verticool Animations effect: G915 (Windows_11, Wired)" time="63.306">
</testcase>
<testcase classname="Kragle Regression" name="Test: Validate PRIMARY FIXED Lightsync Presets: G903 LIGHTSPEED (Windows_11, Wired)" time="325.128">
</testcase>
<testcase classname="Kragle Regression" name="Test: Validate PRIMARY CYCLE Lightsync Presets: G903 LIGHTSPEED (Windows_11, Wired)" time="105.503">
</testcase>
<testcase classname="Kragle Regression" name="Test: Validate PRIMARY BREATHING Lightsync Presets: G903 LIGHTSPEED (Windows_11, Wired)" time="111.981">
</testcase>
<testcase classname="Kragle Regression" name="Test: Validate PRIMARY SCREEN SAMPLER Lightsync Presets: G903 LIGHTSPEED (Windows_11, Wired)" time="124.675">
</testcase>
<testcase classname="Kragle Regression" name="Test: Validate PRIMARY AUDIO VISUALIZER Lightsync Presets: G903 LIGHTSPEED (Windows_11, Wired)" time="82.141">
<failure message="*HTML*'audiovisualizerParams' not available in the {'id': 'FIXED', 'zoneType': 'ZONE_PRIMARY', 'persistent': False, 'fixedParams': {'color': {'tag': '', 'hex': '#00ff00'}}} &#10;&#10; &lt;a href=dmp_logs_2022_07_14_20_53_14.zip&gt;DEBUG_LOGS&lt;/a&gt; &#10;&#10; &lt;a href=end_test-screenshot-20220714-205314.png&gt;SCREENSHOT&lt;/a&gt; &#10;&#10; &lt;a href=C:\Jenkins\workspace\sion_features_navigation_screens/report14072022_20_53_26_page_source.html&gt;PAGE_SOURCE&lt;/a&gt;" type="AssertionError"/>
</testcase>
<testcase classname="Kragle Regression" name="Test: Validate LOGO FIXED Lightsync Presets: G903 LIGHTSPEED (Windows_11, Wired)" time="52.211">
</testcase>
<testcase classname="Kragle Regression" name="Test: Validate LOGO CYCLE Lightsync Presets: G903 LIGHTSPEED (Windows_11, Wired)" time="105.624">
</testcase>
<testcase classname="Kragle Regression" name="Test: Validate LOGO BREATHING Lightsync Presets: G903 LIGHTSPEED (Windows_11, Wired)" time="111.736">
</testcase>
<testcase classname="Kragle Regression" name="Test: Validate LOGO SCREEN SAMPLER Lightsync Presets: G903 LIGHTSPEED (Windows_11, Wired)" time="137.207">
<failure message="*HTML*ScreenSampler Effect Failed [Expected:'yellow', Actual:'red']: red != yellow &#10;&#10; &lt;a href=dmp_logs_2022_07_14_21_00_46.zip&gt;DEBUG_LOGS&lt;/a&gt; &#10;&#10; &lt;a href=end_test-screenshot-20220714-210045.png&gt;SCREENSHOT&lt;/a&gt; &#10;&#10; &lt;a href=C:\Jenkins\workspace\sion_features_navigation_screens/report14072022_21_00_57_page_source.html&gt;PAGE_SOURCE&lt;/a&gt;" type="AssertionError"/>
</testcase>
<testcase classname="Kragle Regression" name="Test: Validate LOGO AUDIO VISUALIZER Lightsync Presets: G903 LIGHTSPEED (Windows_11, Wired)" time="61.418">
<failure message="*HTML*'audiovisualizerParams' not available in the {'id': 'BREATHING', 'zoneType': 'ZONE_PRIMARY', 'persistent': False, 'breathingParams': {'color': {'tag': '', 'hex': '#00ff00'}, 'periodInMs': 7200, 'intensity': 0.75}} &#10;&#10; &lt;a href=dmp_logs_2022_07_14_21_02_31.zip&gt;DEBUG_LOGS&lt;/a&gt; &#10;&#10; &lt;a href=end_test-screenshot-20220714-210231.png&gt;SCREENSHOT&lt;/a&gt; &#10;&#10; &lt;a href=C:\Jenkins\workspace\sion_features_navigation_screens/report14072022_21_02_43_page_source.html&gt;PAGE_SOURCE&lt;/a&gt;" type="AssertionError"/>
</testcase>
<testcase classname="Kragle Regression" name="Test: Validate PRIMARY FIXED Lightsync Presets: G502 HERO (Windows_11, Wired)" time="309.382">
</testcase>
<testcase classname="Kragle Regression" name="Test: Validate PRIMARY CYCLE Lightsync Presets: G502 HERO (Windows_11, Wired)" time="112.180">
</testcase>
<testcase classname="Kragle Regression" name="Test: Validate PRIMARY BREATHING Lightsync Presets: G502 HERO (Windows_11, Wired)" time="120.902">
</testcase>
<testcase classname="Kragle Regression" name="Test: Validate PRIMARY SCREEN SAMPLER Lightsync Presets: G502 HERO (Windows_11, Wired)" time="126.912">
</testcase>
<testcase classname="Kragle Regression" name="Test: Validate PRIMARY AUDIO VISUALIZER Lightsync Presets: G502 HERO (Windows_11, Wired)" time="66.827">
</testcase>
<testcase classname="Kragle Regression" name="Test: Validate LOGO FIXED Lightsync Presets: G502 HERO (Windows_11, Wired)" time="77.206">
</testcase>
<testcase classname="Kragle Regression" name="Test: Validate LOGO CYCLE Lightsync Presets: G502 HERO (Windows_11, Wired)" time="112.233">
</testcase>
<testcase classname="Kragle Regression" name="Test: Validate LOGO BREATHING Lightsync Presets: G502 HERO (Windows_11, Wired)" time="120.725">
</testcase>
<testcase classname="Kragle Regression" name="Test: Validate LOGO SCREEN SAMPLER Lightsync Presets: G502 HERO (Windows_11, Wired)" time="139.460">
<failure message="*HTML*ScreenSampler Effect Failed [Expected:'yellow', Actual:'red']: red != yellow &#10;&#10; &lt;a href=dmp_logs_2022_07_14_21_23_01.zip&gt;DEBUG_LOGS&lt;/a&gt; &#10;&#10; &lt;a href=end_test-screenshot-20220714-212301.png&gt;SCREENSHOT&lt;/a&gt; &#10;&#10; &lt;a href=C:\Jenkins\workspace\sion_features_navigation_screens/report14072022_21_23_13_page_source.html&gt;PAGE_SOURCE&lt;/a&gt;" type="AssertionError"/>
</testcase>
<testcase classname="Kragle Regression" name="Test: Validate LOGO AUDIO VISUALIZER Lightsync Presets: G502 HERO (Windows_11, Wired)" time="46.109">
</testcase>
<testcase classname="Kragle Regression" name="Test: Validate PRIMARY FIXED Lightsync Presets: G635 (Windows_11, Wired)" time="333.955">
</testcase>
<testcase classname="Kragle Regression" name="Test: Validate PRIMARY CYCLE Lightsync Presets: G635 (Windows_11, Wired)" time="119.207">
</testcase>
<testcase classname="Kragle Regression" name="Test: Validate PRIMARY BREATHING Lightsync Presets: G635 (Windows_11, Wired)" time="130.364">
</testcase>
<testcase classname="Kragle Regression" name="Test: Validate PRIMARY SCREEN SAMPLER Lightsync Presets: G635 (Windows_11, Wired)" time="128.973">
</testcase>
<testcase classname="Kragle Regression" name="Test: Validate PRIMARY AUDIO VISUALIZER Lightsync Presets: G635 (Windows_11, Wired)" time="66.832">
</testcase>
<testcase classname="Kragle Regression" name="Test: Validate LOGO FIXED Lightsync Presets: G635 (Windows_11, Wired)" time="82.314">
</testcase>
<testcase classname="Kragle Regression" name="Test: Validate LOGO CYCLE Lightsync Presets: G635 (Windows_11, Wired)" time="119.450">
</testcase>
<testcase classname="Kragle Regression" name="Test: Validate LOGO BREATHING Lightsync Presets: G635 (Windows_11, Wired)" time="130.759">
</testcase>
<testcase classname="Kragle Regression" name="Test: Validate LOGO SCREEN SAMPLER Lightsync Presets: G635 (Windows_11, Wired)" time="141.716">
<failure message="*HTML*ScreenSampler Effect Failed [Expected:'yellow', Actual:'red']: red != yellow &#10;&#10; &lt;a href=dmp_logs_2022_07_14_21_45_25.zip&gt;DEBUG_LOGS&lt;/a&gt; &#10;&#10; &lt;a href=end_test-screenshot-20220714-214525.png&gt;SCREENSHOT&lt;/a&gt; &#10;&#10; &lt;a href=C:\Jenkins\workspace\sion_features_navigation_screens/report14072022_21_45_37_page_source.html&gt;PAGE_SOURCE&lt;/a&gt;" type="AssertionError"/>
</testcase>
<testcase classname="Kragle Regression" name="Test: Validate LOGO AUDIO VISUALIZER Lightsync Presets: G635 (Windows_11, Wired)" time="46.347">
</testcase>
<testcase classname="Kragle Regression" name="Disconnect: G933s:wireless &amp; Connect: G513" time="4.313">
</testcase>
<testcase classname="Kragle Regression" name="Disconnect: G513 &amp; Connect: G203 LIGHTSYNC" time="3.290">
</testcase>
<testcase classname="Kragle Regression" name="Disconnect: G203 LIGHTSYNC &amp; Connect: G915" time="2.379">
</testcase>
<testcase classname="Kragle Regression" name="Disconnect: G915 &amp; Connect: G903 LIGHTSPEED" time="3.166">
</testcase>
<testcase classname="Kragle Regression" name="Disconnect: G903 LIGHTSPEED &amp; Connect: G502 HERO" time="2.364">
</testcase>
<testcase classname="Kragle Regression" name="Disconnect: G502 HERO &amp; Connect: G635" time="3.151">
</testcase>
</testsuite>
