<?xml version="1.0" encoding="UTF-8"?>
<testsuite name="Kragle Regression" tests="197" errors="0" failures="40" skipped="9" time="36792.760">
<testcase classname="Kragle Regression" name="Test Application Specific Test Cases" time="0.093">
</testcase>
<testcase classname="Kragle Regression" name="Test Device Specific Test Cases" time="4.219">
</testcase>
<testcase classname="Kragle Regression" name="Test: Global Settings - Send Error Logs Process (macOS-12.1-x86_64-i386-64bit)" time="43.602">
<failure message="*HTML*&lt;b&gt;Known Issue:&lt;/b&gt;[&lt;a href=https://jira.logitech.io/browse/KRGL-8949&gt;KRGL-8949&lt;/a&gt;]&#10;Verify 'LGHUB Crashpad Handler' process is not running: 'COMMAND&#10;launchd&#10;logd&#10;UserEventAgent&#10;uninstalld&#10;fseventsd&#10;mediaremoted&#10;systemstats&#10;configd&#10;endpointsecurityd&#10;powerd&#10;IOMFB_bics_daemon&#10;remoted&#10;keybagd&#10;softwareupdated&#10;watchdogd&#10;mds&#10;iconservicesd&#10;kernelmanagerd&#10;diskarbitrationd&#10;    [ Message content over the limit has been removed. ]&#10;netbiosd&#10;EndpointAgentDaemon&#10;login&#10;-zsh&#10;sh&#10;java&#10;sh&#10;sh&#10;sh&#10;python&#10;python&#10;python&#10;lghub&#10;lghub Helper (GPU)&#10;lghub Helper&#10;lghub Helper (Renderer)&#10;chromedriver_2_44&#10;sleep&#10;ps&#10;' contains 'logi_crashpad_handler' &#10;&#10; &lt;a href=dmp_logs_2022_07_14_13_21_42.zip&gt;DEBUG_LOGS&lt;/a&gt; &#10;&#10; &lt;a href=end_test-screenshot-20220714-132141.png&gt;SCREENSHOT&lt;/a&gt; &#10;&#10; &lt;a href=/private/var/jenkins/workspace/sion_features_navigation_screens/report14072022_13_22_05_page_source.html&gt;PAGE_SOURCE&lt;/a&gt;" type="AssertionError"/>
</testcase>
<testcase classname="Kragle Regression" name="Test: Global Settings - Desktop Notifications (macOS-12.1-x86_64-i386-64bit)" time="17.491">
</testcase>
<testcase classname="Kragle Regression" name="Test: Global Settings - GHUB Manual Link Should Open In Default Browser (macOS-12.1-x86_64-i386-64bit)" time="77.997">
<failure message="*HTML*&lt;b&gt;Known Issue:&lt;/b&gt;[&lt;a href=https://jira.logitech.io/browse/KRGL-10364&gt;KRGL-10364&lt;/a&gt;]&#10;Failure: Selector &quot;.app-settings-link.manual&quot; with attribute(s) &quot;{'innerText': 'G HUB Manual'}&quot; is Not Loaded &#10;&#10; &lt;a href=dmp_logs_2022_07_14_13_24_01.zip&gt;DEBUG_LOGS&lt;/a&gt; &#10;&#10; &lt;a href=end_test-screenshot-20220714-132401.png&gt;SCREENSHOT&lt;/a&gt; &#10;&#10; &lt;a href=/private/var/jenkins/workspace/sion_features_navigation_screens/report14072022_13_24_24_page_source.html&gt;PAGE_SOURCE&lt;/a&gt;" type="AssertionError"/>
</testcase>
<testcase classname="Kragle Regression" name="Test: Global Settings - Send Feedback Link Should Open In Default Browser (macOS-12.1-x86_64-i386-64bit)" time="28.994">
</testcase>
<testcase classname="Kragle Regression" name="Test: Global Settings - Send Error Report (macOS-12.1-x86_64-i386-64bit)" time="60.388">
</testcase>
<testcase classname="Kragle Regression" name="Test: Global Settings - Persistent Profile For Application (macOS-12.1-x86_64-i386-64bit)" time="92.176">
<failure message="*HTML*&lt;b&gt;Known Issue:&lt;/b&gt;[&lt;a href=https://jira.logitech.io/browse/KRGL-9079&gt;KRGL-9079&lt;/a&gt;]&#10;Failure: Selector &quot;.dls-select__anchor&quot; with attribute(s) &quot;{'text': 'TEXTEDIT'}&quot; is Not Loaded &#10;&#10; &lt;a href=dmp_logs_2022_07_14_13_27_45.zip&gt;DEBUG_LOGS&lt;/a&gt; &#10;&#10; &lt;a href=end_test-screenshot-20220714-132745.png&gt;SCREENSHOT&lt;/a&gt; &#10;&#10; &lt;a href=/private/var/jenkins/workspace/sion_features_navigation_screens/report14072022_13_28_08_page_source.html&gt;PAGE_SOURCE&lt;/a&gt;" type="AssertionError"/>
</testcase>
<testcase classname="Kragle Regression" name="Test: Global Settings - Analytics Json Files Dynamically Get Created When Share My Usage Data Option Is Checked (macOS-12.1-x86_64-i386-64bit)" time="81.386">
</testcase>
<testcase classname="Kragle Regression" name="Test: Global Settings - User Can Change Language (macOS-12.1-x86_64-i386-64bit)" time="58.028">
</testcase>
<testcase classname="Kragle Regression" name="Test: Global Settings - Global Persistent Profile Behavior (macOS-12.1-x86_64-i386-64bit)" time="197.255">
</testcase>
<testcase classname="Kragle Regression" name="Test: Global Settings - Turn On/Off Lighting After User Inactivity (macOS-12.1-x86_64-i386-64bit)" time="35.186">
</testcase>
<testcase classname="Kragle Regression" name="Test: Sample Lua.Script_Editor_Validation (macOS-12.1-x86_64-i386-64bit)" time="17.184">
<failure message="*HTML*Failure: Selector &quot;#header .appbar-profile-name&quot; is Not Loaded &#10;&#10; &lt;a href=dmp_logs_2022_07_14_13_27_45.zip&gt;DEBUG_LOGS&lt;/a&gt; &#10;&#10; &lt;a href=end_test-screenshot-20220714-132745.png&gt;SCREENSHOT&lt;/a&gt; &#10;&#10; &lt;a href=/private/var/jenkins/workspace/sion_features_navigation_screens/report14072022_13_28_08_page_source.html&gt;PAGE_SOURCE&lt;/a&gt;" type="AssertionError"/>
</testcase>
<testcase classname="Kragle Regression" name="Connect Device: G502 HERO:wired" time="1.044">
</testcase>
<testcase classname="Kragle Regression" name="Test: Local And Cloud Profile For Mouse: G502 HERO (Mac 12.1, Wired)" time="376.129">
</testcase>
<testcase classname="Kragle Regression" name="Test: OOB Software Support For Mouse: G502 HERO (Mac 12.1, Wired)" time="204.635">
</testcase>
<testcase classname="Kragle Regression" name="Test: Global Settings - My Gear For Mouse: G502 HERO (Mac 12.1, Wired)" time="18.291">
</testcase>
<testcase classname="Kragle Regression" name="Test: Global Settings - Verify Show Tutorial Enables Coach Marks For Mouse: G502 HERO (Mac 12.1, Wired)" time="28.655">
</testcase>
<testcase classname="Kragle Regression" name="Test: Device Settings For Mouse - UI Verification: G502 HERO (Mac 12.1, Wired)" time="283.222">
</testcase>
<testcase classname="Kragle Regression" name="Test: Device Settings For Mouse - SYS Verification: G502 HERO (Mac 12.1, Wired)" time="284.552">
</testcase>
<testcase classname="Kragle Regression" name="Test: Persistent Profile For Mouse: G502 HERO (Mac 12.1, Wired)" time="2546.761">
<failure message="*HTML*Failure: Selector &quot;.dropdown-toggle&quot; with attribute(s) &quot;{'text': 'BREATHING'}&quot; is Not Loaded &#10;&#10; &lt;a href=dmp_logs_2022_07_14_14_35_56.zip&gt;DEBUG_LOGS&lt;/a&gt; &#10;&#10; &lt;a href=end_test-screenshot-20220714-143556.png&gt;SCREENSHOT&lt;/a&gt; &#10;&#10; &lt;a href=/private/var/jenkins/workspace/sion_features_navigation_screens/report14072022_14_36_19_page_source.html&gt;PAGE_SOURCE&lt;/a&gt;" type="AssertionError"/>
</testcase>
<testcase classname="Kragle Regression" name="Test: DPI With Onboard Profile For Mouse: G502 HERO (Mac 12.1, Wired)" time="302.231">
</testcase>
<testcase classname="Kragle Regression" name="Test: DPI Sensitivity For Mouse: G502 HERO (Mac 12.1, Wired)" time="300.042">
</testcase>
<testcase classname="Kragle Regression" name="Test: DPI Sensitivity With Sleep System For Mouse: G502 HERO (Mac 12.1, Wired)" time="160.837">
</testcase>
<testcase classname="Kragle Regression" name="Test: DPI Sensitivity With Restart G HUB For Mouse: G502 HERO (Mac 12.1, Wired)" time="145.303">
</testcase>
<testcase classname="Kragle Regression" name="Test: Lightsync Effect For Mouse: G502 HERO (Mac 12.1, Wired)" time="26.194">
</testcase>
<testcase classname="Kragle Regression" name="Test: Lightsync Effect With Restart G HUB For Mouse: G502 HERO (Mac 12.1, Wired)" time="190.653">
<failure message="*HTML*Failure: Selector &quot;.panel-wrapper.lighting .color-picker .color-value-container.value-r input&quot; with attribute(s) &quot;{'value': '59'}&quot; is Not Loaded &#10;&#10; &lt;a href=dmp_logs_2022_07_14_14_57_33.zip&gt;DEBUG_LOGS&lt;/a&gt; &#10;&#10; &lt;a href=end_test-screenshot-20220714-145732.png&gt;SCREENSHOT&lt;/a&gt; &#10;&#10; &lt;a href=/private/var/jenkins/workspace/sion_features_navigation_screens/report14072022_14_57_56_page_source.html&gt;PAGE_SOURCE&lt;/a&gt;" type="AssertionError"/>
</testcase>
<testcase classname="Kragle Regression" name="Test: Profile Lighting For Headset - UI Verification: G502 HERO (Mac 12.1, Wired)" time="190.298">
<failure message="*HTML*Failure: Selector &quot;#slider-value[step='100']&quot; with attribute(s) &quot;{'value': '5000'}&quot; is Not Loaded &#10;&#10; &lt;a href=dmp_logs_2022_07_14_15_00_27.zip&gt;DEBUG_LOGS&lt;/a&gt; &#10;&#10; &lt;a href=end_test-screenshot-20220714-150027.png&gt;SCREENSHOT&lt;/a&gt; &#10;&#10; &lt;a href=/private/var/jenkins/workspace/sion_features_navigation_screens/report14072022_15_00_50_page_source.html&gt;PAGE_SOURCE&lt;/a&gt;" type="AssertionError"/>
</testcase>
<testcase classname="Kragle Regression" name="Test: Lightsync Effect For Headset - GUI Verification: G502 HERO (Mac 12.1, Wired)" time="32.283">
</testcase>
<testcase classname="Kragle Regression" name="Test: Lightsync Effect With Sleep System For Mouse: G502 HERO (Mac 12.1, Wired)" time="800.431">
<failure message="*HTML*ScreenSampler Effect Failed [Expected:'yellow', Actual:'red']: red != yellow &#10;&#10; &lt;a href=dmp_logs_2022_07_14_15_16_04.zip&gt;DEBUG_LOGS&lt;/a&gt; &#10;&#10; &lt;a href=end_test-screenshot-20220714-151603.png&gt;SCREENSHOT&lt;/a&gt; &#10;&#10; &lt;a href=/private/var/jenkins/workspace/sion_features_navigation_screens/report14072022_15_16_27_page_source.html&gt;PAGE_SOURCE&lt;/a&gt;" type="AssertionError"/>
</testcase>
<testcase classname="Kragle Regression" name="Test: Lightsync Effect With Onboard Profile For Mouse: G502 HERO (Mac 12.1, Wired)" time="366.255">
</testcase>
<testcase classname="Kragle Regression" name="Disconnect: G502 HERO:wired &amp; Connect: G502 LIGHTSPEED:wired" time="2.215">
</testcase>
<testcase classname="Kragle Regression" name="Test: Local And Cloud Profile For Mouse: G502 LIGHTSPEED (Mac 12.1, Wired)" time="378.135">
</testcase>
<testcase classname="Kragle Regression" name="Test: OOB Software Support For Mouse: G502 LIGHTSPEED (Mac 12.1, Wired)" time="207.032">
</testcase>
<testcase classname="Kragle Regression" name="Test: Lightsync Effect For Mouse: G502 LIGHTSPEED (Mac 12.1, Wired)" time="26.389">
</testcase>
<testcase classname="Kragle Regression" name="Test: Lightsync Effect With Restart G HUB For Mouse: G502 LIGHTSPEED (Mac 12.1, Wired)" time="190.733">
<failure message="*HTML*Failure: Selector &quot;.panel-wrapper.lighting .color-picker .color-value-container.value-r input&quot; with attribute(s) &quot;{'value': '59'}&quot; is Not Loaded &#10;&#10; &lt;a href=dmp_logs_2022_07_14_15_36_18.zip&gt;DEBUG_LOGS&lt;/a&gt; &#10;&#10; &lt;a href=end_test-screenshot-20220714-153618.png&gt;SCREENSHOT&lt;/a&gt; &#10;&#10; &lt;a href=/private/var/jenkins/workspace/sion_features_navigation_screens/report14072022_15_36_41_page_source.html&gt;PAGE_SOURCE&lt;/a&gt;" type="AssertionError"/>
</testcase>
<testcase classname="Kragle Regression" name="Test: Lightsync Effect With Sleep System For Mouse: G502 LIGHTSPEED (Mac 12.1, Wired)" time="257.539">
<failure message="*HTML*Failure: Selector &quot;.panel-wrapper.lighting .color-picker .color-value-container.value-b input&quot; with attribute(s) &quot;{'value': '0'}&quot; is Not Loaded &#10;&#10; &lt;a href=dmp_logs_2022_07_14_15_41_20.zip&gt;DEBUG_LOGS&lt;/a&gt; &#10;&#10; &lt;a href=end_test-screenshot-20220714-154119.png&gt;SCREENSHOT&lt;/a&gt; &#10;&#10; &lt;a href=/private/var/jenkins/workspace/sion_features_navigation_screens/report14072022_15_41_43_page_source.html&gt;PAGE_SOURCE&lt;/a&gt;" type="AssertionError"/>
</testcase>
<testcase classname="Kragle Regression" name="Test: Lightsync Effect With Onboard Profile For Mouse: G502 LIGHTSPEED (Mac 12.1, Wired)" time="334.090">
</testcase>
<testcase classname="Kragle Regression" name="Test: Global Settings - My Gear For Mouse: G502 LIGHTSPEED (Mac 12.1, Wired)" time="18.551">
</testcase>
<testcase classname="Kragle Regression" name="Test: Global Settings - Verify Show Tutorial Enables Coach Marks For Mouse: G502 LIGHTSPEED (Mac 12.1, Wired)" time="28.862">
</testcase>
<testcase classname="Kragle Regression" name="Test: Device Settings For Mouse - UI Verification: G502 LIGHTSPEED (Mac 12.1, Wired)" time="227.886">
</testcase>
<testcase classname="Kragle Regression" name="Test: Device Settings For Mouse - SYS Verification: G502 LIGHTSPEED (Mac 12.1, Wired)" time="248.859">
</testcase>
<testcase classname="Kragle Regression" name="Test: DPI With Onboard Profile For Mouse: G502 LIGHTSPEED (Mac 12.1, Wired)" time="282.155">
</testcase>
<testcase classname="Kragle Regression" name="Test: DPI Sensitivity For Mouse: G502 LIGHTSPEED (Mac 12.1, Wired)" time="559.394">
</testcase>
<testcase classname="Kragle Regression" name="Test: DPI Sensitivity With Sleep System For Mouse: G502 LIGHTSPEED (Mac 12.1, Wired)" time="171.740">
</testcase>
<testcase classname="Kragle Regression" name="Test: DPI Sensitivity With Restart G HUB For Mouse: G502 LIGHTSPEED (Mac 12.1, Wired)" time="145.262">
</testcase>
<testcase classname="Kragle Regression" name="Disconnect: G502 LIGHTSPEED:wired &amp; Connect: G403 HERO:wired" time="2.236">
</testcase>
<testcase classname="Kragle Regression" name="Test: Local And Cloud Profile For Mouse: G403 HERO (Mac 12.1, Wired)" time="378.488">
</testcase>
<testcase classname="Kragle Regression" name="Test: OOB Software Support For Mouse: G403 HERO (Mac 12.1, Wired)" time="203.844">
</testcase>
<testcase classname="Kragle Regression" name="Test: Global Settings - My Gear For Mouse: G403 HERO (Mac 12.1, Wired)" time="18.114">
</testcase>
<testcase classname="Kragle Regression" name="Test: Global Settings - Verify Show Tutorial Enables Coach Marks For Mouse: G403 HERO (Mac 12.1, Wired)" time="28.784">
</testcase>
<testcase classname="Kragle Regression" name="Test: Device Settings For Mouse - UI Verification: G403 HERO (Mac 12.1, Wired)" time="267.364">
</testcase>
<testcase classname="Kragle Regression" name="Test: Device Settings For Mouse - SYS Verification: G403 HERO (Mac 12.1, Wired)" time="241.446">
</testcase>
<testcase classname="Kragle Regression" name="Test: DPI With Onboard Profile For Mouse: G403 HERO (Mac 12.1, Wired)" time="259.396">
</testcase>
<testcase classname="Kragle Regression" name="Test: DPI Sensitivity For Mouse: G403 HERO (Mac 12.1, Wired)" time="299.772">
</testcase>
<testcase classname="Kragle Regression" name="Test: DPI Sensitivity With Sleep System For Mouse: G403 HERO (Mac 12.1, Wired)" time="159.492">
</testcase>
<testcase classname="Kragle Regression" name="Test: DPI Sensitivity With Restart G HUB For Mouse: G403 HERO (Mac 12.1, Wired)" time="143.850">
</testcase>
<testcase classname="Kragle Regression" name="Test: Lightsync Effect For Mouse: G403 HERO (Mac 12.1, Wired)" time="26.248">
</testcase>
<testcase classname="Kragle Regression" name="Test: Lightsync Effect With Restart G HUB For Mouse: G403 HERO (Mac 12.1, Wired)" time="189.961">
<failure message="*HTML*Failure: Selector &quot;.panel-wrapper.lighting .color-picker .color-value-container.value-r input&quot; with attribute(s) &quot;{'value': '59'}&quot; is Not Loaded &#10;&#10; &lt;a href=dmp_logs_2022_07_14_16_52_39.zip&gt;DEBUG_LOGS&lt;/a&gt; &#10;&#10; &lt;a href=end_test-screenshot-20220714-165239.png&gt;SCREENSHOT&lt;/a&gt; &#10;&#10; &lt;a href=/private/var/jenkins/workspace/sion_features_navigation_screens/report14072022_16_53_02_page_source.html&gt;PAGE_SOURCE&lt;/a&gt;" type="AssertionError"/>
</testcase>
<testcase classname="Kragle Regression" name="Test: Lightsync Effect With Sleep System For Mouse: G403 HERO (Mac 12.1, Wired)" time="774.019">
<failure message="*HTML*ScreenSampler Effect Failed [Expected:'yellow', Actual:'red']: red != yellow &#10;&#10; &lt;a href=dmp_logs_2022_07_14_17_06_17.zip&gt;DEBUG_LOGS&lt;/a&gt; &#10;&#10; &lt;a href=end_test-screenshot-20220714-170617.png&gt;SCREENSHOT&lt;/a&gt; &#10;&#10; &lt;a href=/private/var/jenkins/workspace/sion_features_navigation_screens/report14072022_17_06_40_page_source.html&gt;PAGE_SOURCE&lt;/a&gt;" type="AssertionError"/>
</testcase>
<testcase classname="Kragle Regression" name="Test: Lightsync Effect With Onboard Profile For Mouse: G403 HERO (Mac 12.1, Wired)" time="340.349">
</testcase>
<testcase classname="Kragle Regression" name="Disconnect: G403 HERO:wired &amp; Connect: G402:wired" time="2.168">
</testcase>
<testcase classname="Kragle Regression" name="Test: Local And Cloud Profile For Mouse: G402 (Mac 12.1, Wired)" time="378.286">
</testcase>
<testcase classname="Kragle Regression" name="Test: OOB Software Support For Mouse: G402 (Mac 12.1, Wired)" time="203.966">
</testcase>
<testcase classname="Kragle Regression" name="Test: Lightsync Effect For Mouse: G402 (Mac 12.1, Wired)" time="50.281">
<failure message="*HTML*Variable '${key}' not found. &#10;&#10; &lt;a href=dmp_logs_2022_07_14_17_23_16.zip&gt;DEBUG_LOGS&lt;/a&gt; &#10;&#10; &lt;a href=end_test-screenshot-20220714-172316.png&gt;SCREENSHOT&lt;/a&gt; &#10;&#10; &lt;a href=/private/var/jenkins/workspace/sion_features_navigation_screens/report14072022_17_23_39_page_source.html&gt;PAGE_SOURCE&lt;/a&gt;" type="AssertionError"/>
</testcase>
<testcase classname="Kragle Regression" name="Test: Lightsync Effect With Restart G HUB For Mouse: G402 (Mac 12.1, Wired)" time="2.218">
</testcase>
<testcase classname="Kragle Regression" name="Test: Lightsync Effect With Sleep System For Mouse: G402 (Mac 12.1, Wired)" time="52.607">
<failure message="*HTML*Variable '@{effects}' not found. &#10;&#10; &lt;a href=dmp_logs_2022_07_14_17_24_54.zip&gt;DEBUG_LOGS&lt;/a&gt; &#10;&#10; &lt;a href=end_test-screenshot-20220714-172454.png&gt;SCREENSHOT&lt;/a&gt; &#10;&#10; &lt;a href=/private/var/jenkins/workspace/sion_features_navigation_screens/report14072022_17_25_17_page_source.html&gt;PAGE_SOURCE&lt;/a&gt;" type="AssertionError"/>
</testcase>
<testcase classname="Kragle Regression" name="Test: Lightsync Effect With Onboard Profile For Mouse: G402 (Mac 12.1, Wired)" time="15.486">
</testcase>
<testcase classname="Kragle Regression" name="Test: DPI With Onboard Profile For Mouse: G402 (Mac 12.1, Wired)" time="303.902">
</testcase>
<testcase classname="Kragle Regression" name="Test: DPI Sensitivity For Mouse: G402 (Mac 12.1, Wired)" time="117.883">
<failure message="*HTML*&lt;b&gt;Known Issue:&lt;/b&gt;[&lt;a href=https://jira.logitech.io/browse/KRGL-4535&gt;KRGL-4535&lt;/a&gt;]&#10;The expected repo rate (500) and the actual value from backend repo rate (1000) does not match: 500 != 1000 &#10;&#10; &lt;a href=dmp_logs_2022_07_14_17_32_55.zip&gt;DEBUG_LOGS&lt;/a&gt; &#10;&#10; &lt;a href=end_test-screenshot-20220714-173255.png&gt;SCREENSHOT&lt;/a&gt; &#10;&#10; &lt;a href=/private/var/jenkins/workspace/sion_features_navigation_screens/report14072022_17_33_18_page_source.html&gt;PAGE_SOURCE&lt;/a&gt;" type="AssertionError"/>
</testcase>
<testcase classname="Kragle Regression" name="Test: DPI Sensitivity With Sleep System For Mouse: G402 (Mac 12.1, Wired)" time="97.714">
<failure message="*HTML*&lt;b&gt;Known Issue:&lt;/b&gt;[&lt;a href=https://jira.logitech.io/browse/KRGL-4535&gt;KRGL-4535&lt;/a&gt;]&#10;The expected repo rate (125) and the actual value from backend repo rate (1000) does not match: 125 != 1000 &#10;&#10; &lt;a href=dmp_logs_2022_07_14_17_35_16.zip&gt;DEBUG_LOGS&lt;/a&gt; &#10;&#10; &lt;a href=end_test-screenshot-20220714-173516.png&gt;SCREENSHOT&lt;/a&gt; &#10;&#10; &lt;a href=/private/var/jenkins/workspace/sion_features_navigation_screens/report14072022_17_35_39_page_source.html&gt;PAGE_SOURCE&lt;/a&gt;" type="AssertionError"/>
</testcase>
<testcase classname="Kragle Regression" name="Test: DPI Sensitivity With Restart G HUB For Mouse: G402 (Mac 12.1, Wired)" time="67.460">
<failure message="*HTML*&lt;b&gt;Known Issue:&lt;/b&gt;[&lt;a href=https://jira.logitech.io/browse/KRGL-4535&gt;KRGL-4535&lt;/a&gt;]&#10;The expected repo rate (125) and the actual value from backend repo rate (1000) does not match: 125 != 1000 &#10;&#10; &lt;a href=dmp_logs_2022_07_14_17_37_08.zip&gt;DEBUG_LOGS&lt;/a&gt; &#10;&#10; &lt;a href=end_test-screenshot-20220714-173708.png&gt;SCREENSHOT&lt;/a&gt; &#10;&#10; &lt;a href=/private/var/jenkins/workspace/sion_features_navigation_screens/report14072022_17_37_31_page_source.html&gt;PAGE_SOURCE&lt;/a&gt;" type="AssertionError"/>
</testcase>
<testcase classname="Kragle Regression" name="Test: Device Settings For Mouse - SYS Verification: G402 (Mac 12.1, Wired)" time="47.759">
</testcase>
<testcase classname="Kragle Regression" name="Disconnect: G402:wired &amp; Connect: G413:wired" time="2.169">
</testcase>
<testcase classname="Kragle Regression" name="Test: Local And Cloud Profile For Keyboard: G413 (Mac 12.1, Wired)" time="1027.286">
<failure message="*HTML*Keyword 'game_mode.Verify Esc Key in Game Mode' failed after retrying 2 times. The last error was: fill: rgb(0, 169, 224); != fill: rgba(0, 0, 0, 0); &#10;&#10; &lt;a href=dmp_logs_2022_07_14_17_55_51.zip&gt;DEBUG_LOGS&lt;/a&gt; &#10;&#10; &lt;a href=end_test-screenshot-20220714-175346.png&gt;SCREENSHOT&lt;/a&gt; &#10;&#10; &lt;a href=/private/var/jenkins/workspace/sion_features_navigation_screens/report14072022_17_56_11_page_source.html&gt;PAGE_SOURCE&lt;/a&gt;" type="AssertionError"/>
</testcase>
<testcase classname="Kragle Regression" name="Test: Global Settings - My Gear For Keyboard: G413 (Mac 12.1, Wired)" time="21.836">
</testcase>
<testcase classname="Kragle Regression" name="Test: Global Settings - Verify Show Tutorial Enables Coach Marks For Keyboard: G413 (Mac 12.1, Wired)" time="59.854">
</testcase>
<testcase classname="Kragle Regression" name="Test: Device Settings For Keyboard - UI Verification: G413 (Mac 12.1, Wired)" time="59.210">
</testcase>
<testcase classname="Kragle Regression" name="Test: Device Settings For Keyboard - SYS Verification: G413 (Mac 12.1, Wired)" time="73.582">
</testcase>
<testcase classname="Kragle Regression" name="Test: Game Mode For Keyboard: G413 (Mac 12.1, Wired)" time="123.268">
<failure message="*HTML*Several failures occurred:&#10;&#10;1) fill: rgba(0, 0, 0, 0); != fill: rgb(0, 169, 224);&#10;&#10;2) fill: rgb(0, 169, 224); != fill: rgba(0, 0, 0, 0); &#10;&#10; &lt;a href=dmp_logs_2022_07_14_18_02_12.zip&gt;DEBUG_LOGS&lt;/a&gt; &#10;&#10; &lt;a href=end_test-screenshot-20220714-180212.png&gt;SCREENSHOT&lt;/a&gt; &#10;&#10; &lt;a href=/private/var/jenkins/workspace/sion_features_navigation_screens/report14072022_18_02_35_page_source.html&gt;PAGE_SOURCE&lt;/a&gt;" type="AssertionError"/>
</testcase>
<testcase classname="Kragle Regression" name="Test: Game Mode Restore Default Settings For Keyboard: G413 (Mac 12.1, Wired)" time="71.194">
<failure message="*HTML*Verify all keys are enabled in game mode&#10;Lengths are different: 2 != 0 &#10;&#10; &lt;a href=dmp_logs_2022_07_14_18_04_09.zip&gt;DEBUG_LOGS&lt;/a&gt; &#10;&#10; &lt;a href=end_test-screenshot-20220714-180409.png&gt;SCREENSHOT&lt;/a&gt; &#10;&#10; &lt;a href=/private/var/jenkins/workspace/sion_features_navigation_screens/report14072022_18_04_32_page_source.html&gt;PAGE_SOURCE&lt;/a&gt;" type="AssertionError"/>
</testcase>
<testcase classname="Kragle Regression" name="Test: All Profiles Should Be Same Disabled Keys In Game Mode When Profile Is Locked For Keyboard: G413 (Mac 12.1, Wired)" time="444.211">
</testcase>
<testcase classname="Kragle Regression" name="Test: All Profiles Should Be Same Disabled Keys Which Are Disabled While Profile Is Locked In Game Mode: G413 (Mac 12.1, Wired)" time="419.841">
</testcase>
<testcase classname="Kragle Regression" name="Test: Lightsync Effect For Keyboard: G413 (Mac 12.1, Wired)" time="44.938">
</testcase>
<testcase classname="Kragle Regression" name="Disconnect: G413:wired &amp; Connect: G213:wired" time="2.155">
</testcase>
<testcase classname="Kragle Regression" name="Test: Local And Cloud Profile For Keyboard: G213 (Mac 12.1, Wired)" time="551.349">
<failure message="*HTML*Keyword 'game_mode.Verify Esc Key in Game Mode' failed after retrying 2 times. The last error was: fill: rgb(0, 169, 224); != fill: rgba(0, 0, 0, 0); &#10;&#10; &lt;a href=dmp_logs_2022_07_14_18_29_18.zip&gt;DEBUG_LOGS&lt;/a&gt; &#10;&#10; &lt;a href=end_test-screenshot-20220714-182917.png&gt;SCREENSHOT&lt;/a&gt; &#10;&#10; &lt;a href=/private/var/jenkins/workspace/sion_features_navigation_screens/report14072022_18_29_41_page_source.html&gt;PAGE_SOURCE&lt;/a&gt;" type="AssertionError"/>
</testcase>
<testcase classname="Kragle Regression" name="Test: Lightsync Effect For Keyboard: G213 (Mac 12.1, Wired)" time="23.454">
</testcase>
<testcase classname="Kragle Regression" name="Test: Global Settings - My Gear For Keyboard: G213 (Mac 12.1, Wired)" time="39.220">
</testcase>
<testcase classname="Kragle Regression" name="Test: Global Settings - Verify Show Tutorial Enables Coach Marks For Keyboard: G213 (Mac 12.1, Wired)" time="57.680">
</testcase>
<testcase classname="Kragle Regression" name="Test: Device Settings For Keyboard - UI Verification: G213 (Mac 12.1, Wired)" time="57.121">
</testcase>
<testcase classname="Kragle Regression" name="Test: Device Settings For Keyboard - SYS Verification: G213 (Mac 12.1, Wired)" time="62.734">
</testcase>
<testcase classname="Kragle Regression" name="Test: Game Mode For Keyboard: G213 (Mac 12.1, Wired)" time="120.455">
<failure message="*HTML*Several failures occurred:&#10;&#10;1) fill: rgba(0, 0, 0, 0); != fill: rgb(0, 169, 224);&#10;&#10;2) fill: rgb(0, 169, 224); != fill: rgba(0, 0, 0, 0); &#10;&#10; &lt;a href=dmp_logs_2022_07_14_18_36_02.zip&gt;DEBUG_LOGS&lt;/a&gt; &#10;&#10; &lt;a href=end_test-screenshot-20220714-183602.png&gt;SCREENSHOT&lt;/a&gt; &#10;&#10; &lt;a href=/private/var/jenkins/workspace/sion_features_navigation_screens/report14072022_18_36_25_page_source.html&gt;PAGE_SOURCE&lt;/a&gt;" type="AssertionError"/>
</testcase>
<testcase classname="Kragle Regression" name="Test: Game Mode Restore Default Settings For Keyboard: G213 (Mac 12.1, Wired)" time="214.780">
<failure message="*HTML*Verify F1 and F2 keys are disabled in game mode&#10;Lengths are different: 2 != 3 &#10;&#10; &lt;a href=dmp_logs_2022_07_14_18_40_25.zip&gt;DEBUG_LOGS&lt;/a&gt; &#10;&#10; &lt;a href=end_test-screenshot-20220714-183820.png&gt;SCREENSHOT&lt;/a&gt; &#10;&#10; &lt;a href=/private/var/jenkins/workspace/sion_features_navigation_screens/report14072022_18_40_46_page_source.html&gt;PAGE_SOURCE&lt;/a&gt;" type="AssertionError"/>
</testcase>
<testcase classname="Kragle Regression" name="Test: All Profiles Should Be Same Disabled Keys In Game Mode When Profile Is Locked For Keyboard: G213 (Mac 12.1, Wired)" time="444.954">
</testcase>
<testcase classname="Kragle Regression" name="Test: All Profiles Should Be Same Disabled Keys Which Are Disabled While Profile Is Locked In Game Mode: G213 (Mac 12.1, Wired)" time="420.841">
</testcase>
<testcase classname="Kragle Regression" name="Disconnect: G213:wired &amp; Connect: G910:wired" time="2.149">
</testcase>
<testcase classname="Kragle Regression" name="Test: Local And Cloud Profile For Keyboard: G910 (Mac 12.1, Wired)" time="402.103">
<failure message="*HTML*Keyword 'game_mode.Verify Esc Key in Game Mode' failed after retrying 2 times. The last error was: fill: rgb(0, 169, 224); != fill: rgba(0, 0, 0, 0); &#10;&#10; &lt;a href=dmp_logs_2022_07_14_19_02_19.zip&gt;DEBUG_LOGS&lt;/a&gt; &#10;&#10; &lt;a href=end_test-screenshot-20220714-190219.png&gt;SCREENSHOT&lt;/a&gt; &#10;&#10; &lt;a href=/private/var/jenkins/workspace/sion_features_navigation_screens/report14072022_19_02_42_page_source.html&gt;PAGE_SOURCE&lt;/a&gt;" type="AssertionError"/>
</testcase>
<testcase classname="Kragle Regression" name="Test: Global Settings - My Gear For Keyboard: G910 (Mac 12.1, Wired)" time="19.758">
</testcase>
<testcase classname="Kragle Regression" name="Test: Global Settings - Verify Show Tutorial Enables Coach Marks For Keyboard: G910 (Mac 12.1, Wired)" time="57.655">
</testcase>
<testcase classname="Kragle Regression" name="Test: Device Settings For Keyboard - UI Verification: G910 (Mac 12.1, Wired)" time="57.175">
</testcase>
<testcase classname="Kragle Regression" name="Test: Device Settings For Keyboard - SYS Verification: G910 (Mac 12.1, Wired)" time="65.161">
</testcase>
<testcase classname="Kragle Regression" name="Test: Persistent Profile For Keyboard: G910 (Mac 12.1, Wired)" time="2622.980">
<failure message="*HTML*Failure: Selector &quot;.dropdown-toggle&quot; with attribute(s) &quot;{'text': 'BREATHING'}&quot; is Not Loaded &#10;&#10; &lt;a href=dmp_logs_2022_07_14_19_47_57.zip&gt;DEBUG_LOGS&lt;/a&gt; &#10;&#10; &lt;a href=end_test-screenshot-20220714-194756.png&gt;SCREENSHOT&lt;/a&gt; &#10;&#10; &lt;a href=/private/var/jenkins/workspace/sion_features_navigation_screens/report14072022_19_48_20_page_source.html&gt;PAGE_SOURCE&lt;/a&gt;" type="AssertionError"/>
</testcase>
<testcase classname="Kragle Regression" name="Test: Game Mode For Keyboard: G910 (Mac 12.1, Wired)" time="126.964">
<failure message="*HTML*fill: rgba(0, 0, 0, 0); != fill: rgb(0, 169, 224); &#10;&#10; &lt;a href=dmp_logs_2022_07_14_19_52_56.zip&gt;DEBUG_LOGS&lt;/a&gt; &#10;&#10; &lt;a href=end_test-screenshot-20220714-195256.png&gt;SCREENSHOT&lt;/a&gt; &#10;&#10; &lt;a href=/private/var/jenkins/workspace/sion_features_navigation_screens/report14072022_19_53_19_page_source.html&gt;PAGE_SOURCE&lt;/a&gt;" type="AssertionError"/>
</testcase>
<testcase classname="Kragle Regression" name="Test: Game Mode Restore Default Settings For Keyboard: G910 (Mac 12.1, Wired)" time="62.045">
<failure message="*HTML*Verify F1 and F2 keys are disabled in game mode&#10;Lengths are different: 2 != 0 &#10;&#10; &lt;a href=dmp_logs_2022_07_14_19_54_42.zip&gt;DEBUG_LOGS&lt;/a&gt; &#10;&#10; &lt;a href=end_test-screenshot-20220714-195441.png&gt;SCREENSHOT&lt;/a&gt; &#10;&#10; &lt;a href=/private/var/jenkins/workspace/sion_features_navigation_screens/report14072022_19_55_05_page_source.html&gt;PAGE_SOURCE&lt;/a&gt;" type="AssertionError"/>
</testcase>
<testcase classname="Kragle Regression" name="Test: All Profiles Should Be Same Disabled Keys In Game Mode When Profile Is Locked For Keyboard: G910 (Mac 12.1, Wired)" time="365.004">
<failure message="*HTML*fill: rgba(0, 0, 0, 0); != fill: rgb(0, 169, 224); &#10;&#10; &lt;a href=dmp_logs_2022_07_14_20_01_30.zip&gt;DEBUG_LOGS&lt;/a&gt; &#10;&#10; &lt;a href=end_test-screenshot-20220714-200130.png&gt;SCREENSHOT&lt;/a&gt; &#10;&#10; &lt;a href=/private/var/jenkins/workspace/sion_features_navigation_screens/report14072022_20_01_53_page_source.html&gt;PAGE_SOURCE&lt;/a&gt;" type="AssertionError"/>
</testcase>
<testcase classname="Kragle Regression" name="Test: All Profiles Should Be Same Disabled Keys Which Are Disabled While Profile Is Locked In Game Mode: G910 (Mac 12.1, Wired)" time="432.198">
</testcase>
<testcase classname="Kragle Regression" name="Test: Lightsync Effect For Keyboard: G910 (Mac 12.1, Wired)" time="45.393">
</testcase>
<testcase classname="Kragle Regression" name="Disconnect: G910:wired &amp; Connect: G935:wireless" time="2.197">
</testcase>
<testcase classname="Kragle Regression" name="Test: Equalizer Presets - Community Card For Headset: G935 (Mac 12.1, Wireless)" time="2.164">
</testcase>
<testcase classname="Kragle Regression" name="Test: Acoustics Feature For Headset: G935 (Mac 12.1, Wireless)" time="2.154">
</testcase>
<testcase classname="Kragle Regression" name="Test: Surround Sound Feature For Headset: G935 (Mac 12.1, Wireless)" time="2.150">
</testcase>
<testcase classname="Kragle Regression" name="Test: Profile Lighting For Headset - UI Verification: G935 (Mac 12.1, Wireless)" time="183.580">
<failure message="*HTML*Failure: Selector &quot;.dropdown-current&quot; with attribute(s) &quot;{'innerText': 'FIXED'}&quot; is Not Loaded &#10;&#10; &lt;a href=dmp_logs_2022_07_14_20_12_44.zip&gt;DEBUG_LOGS&lt;/a&gt; &#10;&#10; &lt;a href=end_test-screenshot-20220714-201244.png&gt;SCREENSHOT&lt;/a&gt; &#10;&#10; &lt;a href=/private/var/jenkins/workspace/sion_features_navigation_screens/report14072022_20_13_08_page_source.html&gt;PAGE_SOURCE&lt;/a&gt;" type="AssertionError"/>
</testcase>
<testcase classname="Kragle Regression" name="Test: Lightsync Effect For Headset - GUI Verification: G935 (Mac 12.1, Wireless)" time="27.400">
</testcase>
<testcase classname="Kragle Regression" name="Test: Device Settings For Headset - UI Verification: G935 (Mac 12.1, Wireless)" time="118.167">
<failure message="*HTML*Several failures occurred:&#10;&#10;1) Failure: Selector &quot;//p[text()='ON-BOARD EQUALIZER']/following-sibling::div&quot; is Not Loaded&#10;&#10;2) Failure: Selector &quot;.category-text.legal&quot; with attribute(s) &quot;{'innerText': 'For DTS patents, see http://patents.dts.com. Manufactured under license from DTS Licensing Limited. HEADPHONE:X® &amp; the DTS HEADPHONE:X logo are registered trademarks or trademarks of DTS, Inc. in the United States and other countries. ©DTS, Inc. All Rights Reserved.'}&quot; is Not Loaded &#10;&#10; &lt;a href=dmp_logs_2022_07_14_20_16_33.zip&gt;DEBUG_LOGS&lt;/a&gt; &#10;&#10; &lt;a href=end_test-screenshot-20220714-201633.png&gt;SCREENSHOT&lt;/a&gt; &#10;&#10; &lt;a href=/private/var/jenkins/workspace/sion_features_navigation_screens/report14072022_20_16_56_page_source.html&gt;PAGE_SOURCE&lt;/a&gt;" type="AssertionError"/>
</testcase>
<testcase classname="Kragle Regression" name="Test: Global Settings - My Gear For Headset: G935 (Mac 12.1, Wireless)" time="19.739">
</testcase>
<testcase classname="Kragle Regression" name="Test: Global Settings - Verify Show Tutorial Enables Coach Marks For Headset: G935 (Mac 12.1, Wireless)" time="28.859">
</testcase>
<testcase classname="Kragle Regression" name="Test: Assignments View For Headset - UI Verification: G935 (Mac 12.1, Wireless)" time="1055.851">
</testcase>
<testcase classname="Kragle Regression" name="Test: Device Driver Support With Unplug/Replug Device For Headset: G935 (Mac 12.1, Wireless)" time="31.145">
</testcase>
<testcase classname="Kragle Regression" name="Test: Device Driver Support With Sleep System For Headset: G935 (Mac 12.1, Wireless)" time="10.373">
</testcase>
<testcase classname="Kragle Regression" name="Test: Device Driver Support With Restart System For Headset: G935 (Mac 12.1, Wireless)" time="10.380">
</testcase>
<testcase classname="Kragle Regression" name="Test: G Driver Loudness Test For Headset: G935 (Mac 12.1, Wireless)" time="194.413">
</testcase>
<testcase classname="Kragle Regression" name="Disconnect: G935:wireless &amp; Connect: G633s:wired" time="1.212">
</testcase>
<testcase classname="Kragle Regression" name="Test: Equalizer Presets - Community Card For Headset: G633s (Mac 12.1, Wired)" time="2.123">
</testcase>
<testcase classname="Kragle Regression" name="Test: Profile Lighting For Headset - UI Verification: G633s (Mac 12.1, Wired)" time="195.495">
</testcase>
<testcase classname="Kragle Regression" name="Test: Lightsync Effect For Headset - GUI Verification: G633s (Mac 12.1, Wired)" time="25.956">
</testcase>
<testcase classname="Kragle Regression" name="Test: Device Settings For Headset - UI Verification: G633s (Mac 12.1, Wired)" time="111.101">
<failure message="*HTML*Failure: Selector &quot;.category-text.legal&quot; with attribute(s) &quot;{'innerText': 'For DTS patents, see http://patents.dts.com. Manufactured under license from DTS Licensing Limited. HEADPHONE:X® &amp; the DTS HEADPHONE:X logo are registered trademarks or trademarks of DTS, Inc. in the United States and other countries. ©DTS, Inc. All Rights Reserved.'}&quot; is Not Loaded &#10;&#10; &lt;a href=dmp_logs_2022_07_14_20_45_24.zip&gt;DEBUG_LOGS&lt;/a&gt; &#10;&#10; &lt;a href=end_test-screenshot-20220714-204524.png&gt;SCREENSHOT&lt;/a&gt; &#10;&#10; &lt;a href=/private/var/jenkins/workspace/sion_features_navigation_screens/report14072022_20_45_47_page_source.html&gt;PAGE_SOURCE&lt;/a&gt;" type="AssertionError"/>
</testcase>
<testcase classname="Kragle Regression" name="Test: Global Settings - My Gear For Headset: G633s (Mac 12.1, Wired)" time="19.562">
</testcase>
<testcase classname="Kragle Regression" name="Test: Global Settings - Verify Show Tutorial Enables Coach Marks For Headset: G633s (Mac 12.1, Wired)" time="28.535">
</testcase>
<testcase classname="Kragle Regression" name="Test: Device Settings For Headset - SYS Verification: G633s (Mac 12.1, Wired)" time="82.519">
</testcase>
<testcase classname="Kragle Regression" name="Test: Assignments View For Headset - UI Verification: G633s (Mac 12.1, Wired)" time="1033.453">
</testcase>
<testcase classname="Kragle Regression" name="Test: Device Driver Support With Unplug/Replug Device For Headset: G633s (Mac 12.1, Wired)" time="31.123">
</testcase>
<testcase classname="Kragle Regression" name="Test: Device Driver Support With Sleep System For Headset: G633s (Mac 12.1, Wired)" time="10.352">
</testcase>
<testcase classname="Kragle Regression" name="Test: Device Driver Support With Restart System For Headset: G633s (Mac 12.1, Wired)" time="10.353">
</testcase>
<testcase classname="Kragle Regression" name="Test: G Driver Loudness Test For Headset: G633s (Mac 12.1, Wired)" time="193.372">
</testcase>
<testcase classname="Kragle Regression" name="Test: Validate PRIMARY FIXED Lightsync Presets: G502 HERO (Mac 12.1, Wired)" time="344.798">
</testcase>
<testcase classname="Kragle Regression" name="Test: Validate PRIMARY CYCLE Lightsync Presets: G502 HERO (Mac 12.1, Wired)" time="94.734">
</testcase>
<testcase classname="Kragle Regression" name="Test: Validate PRIMARY BREATHING Lightsync Presets: G502 HERO (Mac 12.1, Wired)" time="96.186">
</testcase>
<testcase classname="Kragle Regression" name="Test: Validate PRIMARY SCREEN SAMPLER Lightsync Presets: G502 HERO (Mac 12.1, Wired)" time="148.441">
<failure message="*HTML*ScreenSampler Effect Failed [Expected:'yellow', Actual:'red']: red != yellow &#10;&#10; &lt;a href=dmp_logs_2022_07_14_21_21_00.zip&gt;DEBUG_LOGS&lt;/a&gt; &#10;&#10; &lt;a href=end_test-screenshot-20220714-212100.png&gt;SCREENSHOT&lt;/a&gt; &#10;&#10; &lt;a href=/private/var/jenkins/workspace/sion_features_navigation_screens/report14072022_21_21_23_page_source.html&gt;PAGE_SOURCE&lt;/a&gt;" type="AssertionError"/>
</testcase>
<testcase classname="Kragle Regression" name="Test: Validate PRIMARY AUDIO VISUALIZER Lightsync Presets: G502 HERO (Mac 12.1, Wired)" time="87.208">
<skipped message="Audio Visualizer effect is not supported in MAC system&#10;&#10;Also keyword teardown failed:&#10;Several failures occurred:&#10;&#10;1) Failure: Selector &quot;//h5[contains(text(),'EFFECT')]/ancestor::div[@class='panel-section']/child::div/descendant::span[@class='glyphicon glyphicon-chevron-down']&quot; is Not Loaded&#10;&#10;2) Failure: Selector &quot;.dropdown-item&quot; with attribute(s) &quot;{'innerText': 'FIXED'}&quot; is Not Loaded" type="SkipExecution"/>
</testcase>
<testcase classname="Kragle Regression" name="Test: Validate LOGO FIXED Lightsync Presets: G502 HERO (Mac 12.1, Wired)" time="73.883">
</testcase>
<testcase classname="Kragle Regression" name="Test: Validate LOGO CYCLE Lightsync Presets: G502 HERO (Mac 12.1, Wired)" time="94.699">
</testcase>
<testcase classname="Kragle Regression" name="Test: Validate LOGO BREATHING Lightsync Presets: G502 HERO (Mac 12.1, Wired)" time="96.274">
</testcase>
<testcase classname="Kragle Regression" name="Test: Validate LOGO SCREEN SAMPLER Lightsync Presets: G502 HERO (Mac 12.1, Wired)" time="148.361">
<failure message="*HTML*ScreenSampler Effect Failed [Expected:'yellow', Actual:'red']: red != yellow &#10;&#10; &lt;a href=dmp_logs_2022_07_14_21_30_05.zip&gt;DEBUG_LOGS&lt;/a&gt; &#10;&#10; &lt;a href=end_test-screenshot-20220714-213005.png&gt;SCREENSHOT&lt;/a&gt; &#10;&#10; &lt;a href=/private/var/jenkins/workspace/sion_features_navigation_screens/report14072022_21_30_28_page_source.html&gt;PAGE_SOURCE&lt;/a&gt;" type="AssertionError"/>
</testcase>
<testcase classname="Kragle Regression" name="Test: Validate LOGO AUDIO VISUALIZER Lightsync Presets: G502 HERO (Mac 12.1, Wired)" time="87.433">
<skipped message="Audio Visualizer effect is not supported in MAC system&#10;&#10;Also keyword teardown failed:&#10;Several failures occurred:&#10;&#10;1) Failure: Selector &quot;//h5[contains(text(),'EFFECT')]/ancestor::div[@class='panel-section']/child::div/descendant::span[@class='glyphicon glyphicon-chevron-down']&quot; is Not Loaded&#10;&#10;2) Failure: Selector &quot;.dropdown-item&quot; with attribute(s) &quot;{'innerText': 'FIXED'}&quot; is Not Loaded" type="SkipExecution"/>
</testcase>
<testcase classname="Kragle Regression" name="Test: Validate PRIMARY FIXED Lightsync Presets: G502 LIGHTSPEED (Mac 12.1, Wired)" time="353.207">
</testcase>
<testcase classname="Kragle Regression" name="Test: Validate PRIMARY CYCLE Lightsync Presets: G502 LIGHTSPEED (Mac 12.1, Wired)" time="98.204">
</testcase>
<testcase classname="Kragle Regression" name="Test: Validate PRIMARY BREATHING Lightsync Presets: G502 LIGHTSPEED (Mac 12.1, Wired)" time="101.273">
</testcase>
<testcase classname="Kragle Regression" name="Test: Validate PRIMARY SCREEN SAMPLER Lightsync Presets: G502 LIGHTSPEED (Mac 12.1, Wired)" time="149.766">
<failure message="*HTML*ScreenSampler Effect Failed [Expected:'yellow', Actual:'red']: red != yellow &#10;&#10; &lt;a href=dmp_logs_2022_07_14_21_43_59.zip&gt;DEBUG_LOGS&lt;/a&gt; &#10;&#10; &lt;a href=end_test-screenshot-20220714-214359.png&gt;SCREENSHOT&lt;/a&gt; &#10;&#10; &lt;a href=/private/var/jenkins/workspace/sion_features_navigation_screens/report14072022_21_44_22_page_source.html&gt;PAGE_SOURCE&lt;/a&gt;" type="AssertionError"/>
</testcase>
<testcase classname="Kragle Regression" name="Test: Validate PRIMARY AUDIO VISUALIZER Lightsync Presets: G502 LIGHTSPEED (Mac 12.1, Wired)" time="87.503">
<skipped message="Audio Visualizer effect is not supported in MAC system&#10;&#10;Also keyword teardown failed:&#10;Several failures occurred:&#10;&#10;1) Failure: Selector &quot;//h5[contains(text(),'EFFECT')]/ancestor::div[@class='panel-section']/child::div/descendant::span[@class='glyphicon glyphicon-chevron-down']&quot; is Not Loaded&#10;&#10;2) Failure: Selector &quot;.dropdown-item&quot; with attribute(s) &quot;{'innerText': 'FIXED'}&quot; is Not Loaded" type="SkipExecution"/>
</testcase>
<testcase classname="Kragle Regression" name="Test: Validate LOGO FIXED Lightsync Presets: G502 LIGHTSPEED (Mac 12.1, Wired)" time="76.442">
</testcase>
<testcase classname="Kragle Regression" name="Test: Validate LOGO CYCLE Lightsync Presets: G502 LIGHTSPEED (Mac 12.1, Wired)" time="98.571">
</testcase>
<testcase classname="Kragle Regression" name="Test: Validate LOGO BREATHING Lightsync Presets: G502 LIGHTSPEED (Mac 12.1, Wired)" time="101.610">
</testcase>
<testcase classname="Kragle Regression" name="Test: Validate LOGO SCREEN SAMPLER Lightsync Presets: G502 LIGHTSPEED (Mac 12.1, Wired)" time="149.807">
<failure message="*HTML*ScreenSampler Effect Failed [Expected:'yellow', Actual:'red']: red != yellow &#10;&#10; &lt;a href=dmp_logs_2022_07_14_21_53_17.zip&gt;DEBUG_LOGS&lt;/a&gt; &#10;&#10; &lt;a href=end_test-screenshot-20220714-215317.png&gt;SCREENSHOT&lt;/a&gt; &#10;&#10; &lt;a href=/private/var/jenkins/workspace/sion_features_navigation_screens/report14072022_21_53_40_page_source.html&gt;PAGE_SOURCE&lt;/a&gt;" type="AssertionError"/>
</testcase>
<testcase classname="Kragle Regression" name="Test: Validate LOGO AUDIO VISUALIZER Lightsync Presets: G502 LIGHTSPEED (Mac 12.1, Wired)" time="87.273">
<skipped message="Audio Visualizer effect is not supported in MAC system&#10;&#10;Also keyword teardown failed:&#10;Several failures occurred:&#10;&#10;1) Failure: Selector &quot;//h5[contains(text(),'EFFECT')]/ancestor::div[@class='panel-section']/child::div/descendant::span[@class='glyphicon glyphicon-chevron-down']&quot; is Not Loaded&#10;&#10;2) Failure: Selector &quot;.dropdown-item&quot; with attribute(s) &quot;{'innerText': 'FIXED'}&quot; is Not Loaded" type="SkipExecution"/>
</testcase>
<testcase classname="Kragle Regression" name="Test: Validate PRIMARY FIXED Lightsync Presets: G403 HERO (Mac 12.1, Wired)" time="355.043">
</testcase>
<testcase classname="Kragle Regression" name="Test: Validate PRIMARY CYCLE Lightsync Presets: G403 HERO (Mac 12.1, Wired)" time="101.880">
</testcase>
<testcase classname="Kragle Regression" name="Test: Validate PRIMARY BREATHING Lightsync Presets: G403 HERO (Mac 12.1, Wired)" time="106.267">
</testcase>
<testcase classname="Kragle Regression" name="Test: Validate PRIMARY SCREEN SAMPLER Lightsync Presets: G403 HERO (Mac 12.1, Wired)" time="150.735">
<failure message="*HTML*ScreenSampler Effect Failed [Expected:'yellow', Actual:'red']: red != yellow &#10;&#10; &lt;a href=dmp_logs_2022_07_14_22_07_23.zip&gt;DEBUG_LOGS&lt;/a&gt; &#10;&#10; &lt;a href=end_test-screenshot-20220714-220723.png&gt;SCREENSHOT&lt;/a&gt; &#10;&#10; &lt;a href=/private/var/jenkins/workspace/sion_features_navigation_screens/report14072022_22_07_46_page_source.html&gt;PAGE_SOURCE&lt;/a&gt;" type="AssertionError"/>
</testcase>
<testcase classname="Kragle Regression" name="Test: Validate PRIMARY AUDIO VISUALIZER Lightsync Presets: G403 HERO (Mac 12.1, Wired)" time="88.000">
<skipped message="Audio Visualizer effect is not supported in MAC system&#10;&#10;Also keyword teardown failed:&#10;Several failures occurred:&#10;&#10;1) Failure: Selector &quot;//h5[contains(text(),'EFFECT')]/ancestor::div[@class='panel-section']/child::div/descendant::span[@class='glyphicon glyphicon-chevron-down']&quot; is Not Loaded&#10;&#10;2) Failure: Selector &quot;.dropdown-item&quot; with attribute(s) &quot;{'innerText': 'FIXED'}&quot; is Not Loaded" type="SkipExecution"/>
</testcase>
<testcase classname="Kragle Regression" name="Test: Validate LOGO FIXED Lightsync Presets: G403 HERO (Mac 12.1, Wired)" time="78.735">
</testcase>
<testcase classname="Kragle Regression" name="Test: Validate LOGO CYCLE Lightsync Presets: G403 HERO (Mac 12.1, Wired)" time="101.896">
</testcase>
<testcase classname="Kragle Regression" name="Test: Validate LOGO BREATHING Lightsync Presets: G403 HERO (Mac 12.1, Wired)" time="106.305">
</testcase>
<testcase classname="Kragle Regression" name="Test: Validate LOGO SCREEN SAMPLER Lightsync Presets: G403 HERO (Mac 12.1, Wired)" time="151.143">
<failure message="*HTML*ScreenSampler Effect Failed [Expected:'yellow', Actual:'red']: red != yellow &#10;&#10; &lt;a href=dmp_logs_2022_07_14_22_16_54.zip&gt;DEBUG_LOGS&lt;/a&gt; &#10;&#10; &lt;a href=end_test-screenshot-20220714-221654.png&gt;SCREENSHOT&lt;/a&gt; &#10;&#10; &lt;a href=/private/var/jenkins/workspace/sion_features_navigation_screens/report14072022_22_17_17_page_source.html&gt;PAGE_SOURCE&lt;/a&gt;" type="AssertionError"/>
</testcase>
<testcase classname="Kragle Regression" name="Test: Validate LOGO AUDIO VISUALIZER Lightsync Presets: G403 HERO (Mac 12.1, Wired)" time="87.913">
<skipped message="Audio Visualizer effect is not supported in MAC system&#10;&#10;Also keyword teardown failed:&#10;Several failures occurred:&#10;&#10;1) Failure: Selector &quot;//h5[contains(text(),'EFFECT')]/ancestor::div[@class='panel-section']/child::div/descendant::span[@class='glyphicon glyphicon-chevron-down']&quot; is Not Loaded&#10;&#10;2) Failure: Selector &quot;.dropdown-item&quot; with attribute(s) &quot;{'innerText': 'FIXED'}&quot; is Not Loaded" type="SkipExecution"/>
</testcase>
<testcase classname="Kragle Regression" name="Test: Validate EFFECTS FIXED Lightsync Presets: G413 (Mac 12.1, Wired)" time="376.219">
</testcase>
<testcase classname="Kragle Regression" name="Test: Validate EFFECTS BREATHING Lightsync Presets: G413 (Mac 12.1, Wired)" time="125.995">
</testcase>
<testcase classname="Kragle Regression" name="Test: Validate EFFECTS AUDIO VISUALIZER Lightsync Presets: G413 (Mac 12.1, Wired)" time="27.094">
<skipped message="Audio Visualizer effect is not supported in MAC system" type="SkipExecution"/>
</testcase>
<testcase classname="Kragle Regression" name="Test: Validate PRESETS FIXED Lightsync Presets: G213 (Mac 12.1, Wired)" time="389.018">
</testcase>
<testcase classname="Kragle Regression" name="Test: Validate PRESETS CYCLE Lightsync Presets: G213 (Mac 12.1, Wired)" time="129.708">
</testcase>
<testcase classname="Kragle Regression" name="Test: Validate PRESETS BREATHING Lightsync Presets: G213 (Mac 12.1, Wired)" time="128.978">
</testcase>
<testcase classname="Kragle Regression" name="Test: Validate PRESETS COLOR WAVE Lightsync Presets: G213 (Mac 12.1, Wired)" time="155.272">
</testcase>
<testcase classname="Kragle Regression" name="Test: Validate PRESETS SCREEN SAMPLER Lightsync Presets: G213 (Mac 12.1, Wired)" time="140.333">
<failure message="*HTML*KeyError: 'PERKEY_KEYBOARD' &#10;&#10; &lt;a href=dmp_logs_2022_07_14_22_43_39.zip&gt;DEBUG_LOGS&lt;/a&gt; &#10;&#10; &lt;a href=end_test-screenshot-20220714-224339.png&gt;SCREENSHOT&lt;/a&gt; &#10;&#10; &lt;a href=/private/var/jenkins/workspace/sion_features_navigation_screens/report14072022_22_44_02_page_source.html&gt;PAGE_SOURCE&lt;/a&gt;" type="AssertionError"/>
</testcase>
<testcase classname="Kragle Regression" name="Test: Validate PRESETS AUDIO VISUALIZER Lightsync Presets: G213 (Mac 12.1, Wired)" time="87.701">
<skipped message="Audio Visualizer effect is not supported in MAC system&#10;&#10;Also keyword teardown failed:&#10;Several failures occurred:&#10;&#10;1) Failure: Selector &quot;//h5[contains(text(),'EFFECT')]/ancestor::div[@class='panel-section']/child::div/descendant::span[@class='glyphicon glyphicon-chevron-down']&quot; is Not Loaded&#10;&#10;2) Failure: Selector &quot;.dropdown-item&quot; with attribute(s) &quot;{'innerText': 'FIXED'}&quot; is Not Loaded" type="SkipExecution"/>
</testcase>
<testcase classname="Kragle Regression" name="Test: Validate PRESETS FIXED Lightsync Presets: G910 (Mac 12.1, Wired)" time="394.622">
</testcase>
<testcase classname="Kragle Regression" name="Test: Validate PRESETS CYCLE Lightsync Presets: G910 (Mac 12.1, Wired)" time="140.628">
</testcase>
<testcase classname="Kragle Regression" name="Test: Validate PRESETS BREATHING Lightsync Presets: G910 (Mac 12.1, Wired)" time="145.632">
</testcase>
<testcase classname="Kragle Regression" name="Test: Validate PRESETS COLOR WAVE Lightsync Presets: G910 (Mac 12.1, Wired)" time="171.832">
</testcase>
<testcase classname="Kragle Regression" name="Test: Validate PRESETS SCREEN SAMPLER Lightsync Presets: G910 (Mac 12.1, Wired)" time="146.106">
<failure message="*HTML*ScreenSampler Effect Failed [Expected:'yellow', Actual:'red']: red != yellow &#10;&#10; &lt;a href=dmp_logs_2022_07_14_23_02_31.zip&gt;DEBUG_LOGS&lt;/a&gt; &#10;&#10; &lt;a href=end_test-screenshot-20220714-230231.png&gt;SCREENSHOT&lt;/a&gt; &#10;&#10; &lt;a href=/private/var/jenkins/workspace/sion_features_navigation_screens/report14072022_23_02_55_page_source.html&gt;PAGE_SOURCE&lt;/a&gt;" type="AssertionError"/>
</testcase>
<testcase classname="Kragle Regression" name="Test: Validate PRESETS AUDIO VISUALIZER Lightsync Presets: G910 (Mac 12.1, Wired)" time="87.602">
<skipped message="Audio Visualizer effect is not supported in MAC system&#10;&#10;Also keyword teardown failed:&#10;Several failures occurred:&#10;&#10;1) Failure: Selector &quot;//h5[contains(text(),'EFFECT')]/ancestor::div[@class='panel-section']/child::div/descendant::span[@class='glyphicon glyphicon-chevron-down']&quot; is Not Loaded&#10;&#10;2) Failure: Selector &quot;.dropdown-item&quot; with attribute(s) &quot;{'innerText': 'FIXED'}&quot; is Not Loaded" type="SkipExecution"/>
</testcase>
<testcase classname="Kragle Regression" name="Test: Validate WASD quick color Freestyle effect: G910 (Mac 12.1, Wired)" time="118.259">
</testcase>
<testcase classname="Kragle Regression" name="Test: Validate NUMBERS quick color Freestyle effect: G910 (Mac 12.1, Wired)" time="123.595">
<failure message="*HTML*Failure: Selector &quot;.color-value-container.value-r input&quot; with attribute(s) &quot;{'value': '255'}&quot; is Not Loaded &#10;&#10; &lt;a href=dmp_logs_2022_07_14_23_08_47.zip&gt;DEBUG_LOGS&lt;/a&gt; &#10;&#10; &lt;a href=end_test-screenshot-20220714-230847.png&gt;SCREENSHOT&lt;/a&gt; &#10;&#10; &lt;a href=/private/var/jenkins/workspace/sion_features_navigation_screens/report14072022_23_09_11_page_source.html&gt;PAGE_SOURCE&lt;/a&gt;" type="AssertionError"/>
</testcase>
<testcase classname="Kragle Regression" name="Test: Validate F KEYS quick color Freestyle effect: G910 (Mac 12.1, Wired)" time="92.214">
</testcase>
<testcase classname="Kragle Regression" name="Test: Validate G KEYS quick color Freestyle effect: G910 (Mac 12.1, Wired)" time="76.511">
</testcase>
<testcase classname="Kragle Regression" name="Test: Validate MODIFIER quick color Freestyle effect: G910 (Mac 12.1, Wired)" time="76.062">
</testcase>
<testcase classname="Kragle Regression" name="Test: Validate ARROW KEYS quick color Freestyle effect: G910 (Mac 12.1, Wired)" time="110.212">
</testcase>
<testcase classname="Kragle Regression" name="Test: Validate LOGO quick color Freestyle effect: G910 (Mac 12.1, Wired)" time="118.392">
</testcase>
<testcase classname="Kragle Regression" name="Test: Validate CONTRASTIC Animations effect: G910 (Mac 12.1, Wired)" time="95.980">
</testcase>
<testcase classname="Kragle Regression" name="Test: Validate LIGHTNING Animations effect: G910 (Mac 12.1, Wired)" time="59.391">
</testcase>
<testcase classname="Kragle Regression" name="Test: Validate OCEAN WAVE Animations effect: G910 (Mac 12.1, Wired)" time="59.481">
</testcase>
<testcase classname="Kragle Regression" name="Test: Validate RED WHITE AND BLUE Animations effect: G910 (Mac 12.1, Wired)" time="59.445">
</testcase>
<testcase classname="Kragle Regression" name="Test: Validate VERTICOOL Animations effect: G910 (Mac 12.1, Wired)" time="76.337">
</testcase>
<testcase classname="Kragle Regression" name="Disconnect: G633s:wired &amp; Connect: G502 HERO" time="1.190">
</testcase>
<testcase classname="Kragle Regression" name="Disconnect: G502 HERO &amp; Connect: G502 LIGHTSPEED" time="2.157">
</testcase>
<testcase classname="Kragle Regression" name="Disconnect: G502 LIGHTSPEED &amp; Connect: G403 HERO" time="2.151">
</testcase>
<testcase classname="Kragle Regression" name="Disconnect: G403 HERO &amp; Connect: G413" time="2.151">
</testcase>
<testcase classname="Kragle Regression" name="Disconnect: G413 &amp; Connect: G213" time="2.150">
</testcase>
<testcase classname="Kragle Regression" name="Disconnect: G213 &amp; Connect: G910" time="2.150">
</testcase>
</testsuite>
