<?xml version="1.0" encoding="UTF-8"?>
<testsuite name="Kragle Regression" tests="248" errors="0" failures="26" skipped="1" time="48821.992">
<testcase classname="Kragle Regression" name="Test Application Specific Test Cases" time="0.050">
</testcase>
<testcase classname="Kragle Regression" name="Test Device Specific Test Cases" time="5.166">
</testcase>
<testcase classname="Kragle Regression" name="Test: Sample Lua.Script_Editor_Validation (Windows-10-10.0.19044-SP0)" time="10.063">
<failure message="*HTML*Failure: Selector &quot;#header .appbar-profile-name&quot; is Not Loaded &#10;&#10; &lt;a href=NA&gt;DEBUG_LOGS&lt;/a&gt; &#10;&#10; &lt;a href=NA&gt;SCREENSHOT&lt;/a&gt; &#10;&#10; &lt;a href=NA&gt;PAGE_SOURCE&lt;/a&gt;" type="AssertionError"/>
</testcase>
<testcase classname="Kragle Regression" name="Test: User Account Name Change Validation (Windows-10-10.0.19044-SP0)" time="70.451">
</testcase>
<testcase classname="Kragle Regression" name="Connect Device: G213:wired" time="1.022">
</testcase>
<testcase classname="Kragle Regression" name="Test: Local And Cloud Profile For Keyboard: G213 (Windows_10, Wired)" time="344.958">
</testcase>
<testcase classname="Kragle Regression" name="Test: Lightsync Effect For Keyboard: G213 (Windows_10, Wired)" time="33.162">
<skipped message="To be implemented for for Freestyle effect of RGB ZONAL devices" type="SkipExecution"/>
</testcase>
<testcase classname="Kragle Regression" name="Test: Global Settings - My Gear For Keyboard: G213 (Windows_10, Wired)" time="47.179">
<failure message="*HTML*Failure: Selector &quot;.back-button&quot; is Not Clickable &#10;&#10; &lt;a href=dmp_logs_2022_07_19_12_36_43.zip&gt;DEBUG_LOGS&lt;/a&gt; &#10;&#10; &lt;a href=end_test-screenshot-20220719-123643.png&gt;SCREENSHOT&lt;/a&gt; &#10;&#10; &lt;a href=C:\Jenkins\workspace\sion_features_navigation_screens/report19072022_12_36_54_page_source.html&gt;PAGE_SOURCE&lt;/a&gt;" type="AssertionError"/>
</testcase>
<testcase classname="Kragle Regression" name="Test: Global Settings - Verify Show Tutorial Enables Coach Marks For Keyboard: G213 (Windows_10, Wired)" time="55.044">
</testcase>
<testcase classname="Kragle Regression" name="Test: Device Settings For Keyboard - UI Verification: G213 (Windows_10, Wired)" time="120.307">
</testcase>
<testcase classname="Kragle Regression" name="Test: Device Settings For Keyboard - SYS Verification: G213 (Windows_10, Wired)" time="123.448">
</testcase>
<testcase classname="Kragle Regression" name="Test: Verify Presets Default Colors For Keyboard: G213 (Windows_10, Wired)" time="157.885">
</testcase>
<testcase classname="Kragle Regression" name="Test: User Can Change Presets Fixed HEX Color For Keyboard: G213 (Windows_10, Wired)" time="57.335">
</testcase>
<testcase classname="Kragle Regression" name="Test: User Can Change Presets Fixed RGB Color For Keyboard: G213 (Windows_10, Wired)" time="63.527">
</testcase>
<testcase classname="Kragle Regression" name="Test: User Can Add And Remove Preset Colors For Keyboard: G213 (Windows_10, Wired)" time="186.344">
</testcase>
<testcase classname="Kragle Regression" name="Test: User Can Change Freestyle HEX Color For Keyboard Arrow Keys: G213 (Windows_10, Wired)" time="0.060">
</testcase>
<testcase classname="Kragle Regression" name="Test: User Can Change Freestyle RGB Color For Keyboard Arrow Keys: G213 (Windows_10, Wired)" time="0.058">
</testcase>
<testcase classname="Kragle Regression" name="Test: User Can Add And Remove Freestyle Preset Colors For Keyboard: G213 (Windows_10, Wired)" time="0.055">
</testcase>
<testcase classname="Kragle Regression" name="Test: Persistent Profile For Keyboard: G213 (Windows_10, Wired)" time="2339.462">
</testcase>
<testcase classname="Kragle Regression" name="Test: Assignments View For Keyboard - UI Verification: G213 (Windows_10, Wired)" time="779.393">
<failure message="*HTML*Failure: Selector &quot;.back-button&quot; is Not Clickable &#10;&#10; &lt;a href=dmp_logs_2022_07_19_13_42_09.zip&gt;DEBUG_LOGS&lt;/a&gt; &#10;&#10; &lt;a href=end_test-screenshot-20220719-134209.png&gt;SCREENSHOT&lt;/a&gt; &#10;&#10; &lt;a href=C:\Jenkins\workspace\sion_features_navigation_screens/report19072022_13_42_21_page_source.html&gt;PAGE_SOURCE&lt;/a&gt;" type="AssertionError"/>
</testcase>
<testcase classname="Kragle Regression" name="Test: Game Mode For Keyboard: G213 (Windows_10, Wired)" time="83.682">
</testcase>
<testcase classname="Kragle Regression" name="Test: Game Mode Restore Default Settings For Keyboard: G213 (Windows_10, Wired)" time="40.666">
</testcase>
<testcase classname="Kragle Regression" name="Test: All Profiles Should Be Same Disabled Keys In Game Mode When Profile Is Locked For Keyboard: G213 (Windows_10, Wired)" time="430.321">
</testcase>
<testcase classname="Kragle Regression" name="Test: All Profiles Should Be Same Disabled Keys Which Are Disabled While Profile Is Locked In Game Mode: G213 (Windows_10, Wired)" time="422.967">
</testcase>
<testcase classname="Kragle Regression" name="Disconnect: G213:wired &amp; Connect: G413:wired" time="3.391">
</testcase>
<testcase classname="Kragle Regression" name="Test: Local And Cloud Profile For Keyboard: G413 (Windows_10, Wired)" time="372.347">
</testcase>
<testcase classname="Kragle Regression" name="Test: Lightsync Effect For Keyboard: G413 (Windows_10, Wired)" time="19.877">
</testcase>
<testcase classname="Kragle Regression" name="Test: Global Settings - My Gear For Keyboard: G413 (Windows_10, Wired)" time="47.188">
<failure message="*HTML*Failure: Selector &quot;.back-button&quot; is Not Clickable &#10;&#10; &lt;a href=dmp_logs_2022_07_19_14_06_34.zip&gt;DEBUG_LOGS&lt;/a&gt; &#10;&#10; &lt;a href=end_test-screenshot-20220719-140634.png&gt;SCREENSHOT&lt;/a&gt; &#10;&#10; &lt;a href=C:\Jenkins\workspace\sion_features_navigation_screens/report19072022_14_06_46_page_source.html&gt;PAGE_SOURCE&lt;/a&gt;" type="AssertionError"/>
</testcase>
<testcase classname="Kragle Regression" name="Test: Global Settings - Verify Show Tutorial Enables Coach Marks For Keyboard: G413 (Windows_10, Wired)" time="55.017">
</testcase>
<testcase classname="Kragle Regression" name="Test: Device Settings For Keyboard - UI Verification: G413 (Windows_10, Wired)" time="117.418">
</testcase>
<testcase classname="Kragle Regression" name="Test: Device Settings For Keyboard - SYS Verification: G413 (Windows_10, Wired)" time="131.095">
</testcase>
<testcase classname="Kragle Regression" name="Test: Verify Presets Default Colors For Keyboard: G413 (Windows_10, Wired)" time="0.045">
</testcase>
<testcase classname="Kragle Regression" name="Test: User Can Change Presets Fixed HEX Color For Keyboard: G413 (Windows_10, Wired)" time="0.037">
</testcase>
<testcase classname="Kragle Regression" name="Test: User Can Change Presets Fixed RGB Color For Keyboard: G413 (Windows_10, Wired)" time="0.037">
</testcase>
<testcase classname="Kragle Regression" name="Test: User Can Add And Remove Preset Colors For Keyboard: G413 (Windows_10, Wired)" time="0.038">
</testcase>
<testcase classname="Kragle Regression" name="Test: User Can Change Freestyle HEX Color For Keyboard Arrow Keys: G413 (Windows_10, Wired)" time="0.058">
</testcase>
<testcase classname="Kragle Regression" name="Test: User Can Change Freestyle RGB Color For Keyboard Arrow Keys: G413 (Windows_10, Wired)" time="0.060">
</testcase>
<testcase classname="Kragle Regression" name="Test: User Can Add And Remove Freestyle Preset Colors For Keyboard: G413 (Windows_10, Wired)" time="0.059">
</testcase>
<testcase classname="Kragle Regression" name="Test: Persistent Profile For Keyboard: G413 (Windows_10, Wired)" time="2315.216">
</testcase>
<testcase classname="Kragle Regression" name="Test: Game Mode For Keyboard: G413 (Windows_10, Wired)" time="78.259">
</testcase>
<testcase classname="Kragle Regression" name="Test: Game Mode Restore Default Settings For Keyboard: G413 (Windows_10, Wired)" time="40.217">
</testcase>
<testcase classname="Kragle Regression" name="Test: All Profiles Should Be Same Disabled Keys In Game Mode When Profile Is Locked For Keyboard: G413 (Windows_10, Wired)" time="429.784">
</testcase>
<testcase classname="Kragle Regression" name="Test: All Profiles Should Be Same Disabled Keys Which Are Disabled While Profile Is Locked In Game Mode: G413 (Windows_10, Wired)" time="422.919">
</testcase>
<testcase classname="Kragle Regression" name="Disconnect: G413:wired &amp; Connect: G512:wired" time="2.121">
</testcase>
<testcase classname="Kragle Regression" name="Test: Local And Cloud Profile For Keyboard: G512 (Windows_10, Wired)" time="372.705">
</testcase>
<testcase classname="Kragle Regression" name="Test: Lightsync Effect For Keyboard: G512 (Windows_10, Wired)" time="20.354">
</testcase>
<testcase classname="Kragle Regression" name="Test: Onboard Lighting Effect For Keyboard: G512 (Windows_10, Wired)" time="65.965">
<failure message="*HTML*Failure: Selector &quot;.back-button&quot; is Not Clickable &#10;&#10; &lt;a href=dmp_logs_2022_07_19_15_14_49.zip&gt;DEBUG_LOGS&lt;/a&gt; &#10;&#10; &lt;a href=end_test-screenshot-20220719-151449.png&gt;SCREENSHOT&lt;/a&gt; &#10;&#10; &lt;a href=C:\Jenkins\workspace\sion_features_navigation_screens/report19072022_15_15_01_page_source.html&gt;PAGE_SOURCE&lt;/a&gt;" type="AssertionError"/>
</testcase>
<testcase classname="Kragle Regression" name="Test: Global Settings - My Gear For Keyboard: G512 (Windows_10, Wired)" time="26.458">
<failure message="*HTML*Failure: Selector &quot;.back-button&quot; is Not Clickable &#10;&#10; &lt;a href=dmp_logs_2022_07_19_15_16_00.zip&gt;DEBUG_LOGS&lt;/a&gt; &#10;&#10; &lt;a href=end_test-screenshot-20220719-151600.png&gt;SCREENSHOT&lt;/a&gt; &#10;&#10; &lt;a href=C:\Jenkins\workspace\sion_features_navigation_screens/report19072022_15_16_12_page_source.html&gt;PAGE_SOURCE&lt;/a&gt;" type="AssertionError"/>
</testcase>
<testcase classname="Kragle Regression" name="Test: Global Settings - Verify Show Tutorial Enables Coach Marks For Keyboard: G512 (Windows_10, Wired)" time="55.135">
</testcase>
<testcase classname="Kragle Regression" name="Test: Device Settings For Keyboard - UI Verification: G512 (Windows_10, Wired)" time="122.845">
</testcase>
<testcase classname="Kragle Regression" name="Test: Device Settings For Keyboard - SYS Verification: G512 (Windows_10, Wired)" time="138.054">
</testcase>
<testcase classname="Kragle Regression" name="Test: Persistent Profile For Keyboard: G512 (Windows_10, Wired)" time="2314.417">
</testcase>
<testcase classname="Kragle Regression" name="Test: Game Mode For Keyboard: G512 (Windows_10, Wired)" time="78.116">
</testcase>
<testcase classname="Kragle Regression" name="Test: Game Mode Restore Default Settings For Keyboard: G512 (Windows_10, Wired)" time="40.454">
</testcase>
<testcase classname="Kragle Regression" name="Test: All Profiles Should Be Same Disabled Keys In Game Mode When Profile Is Locked For Keyboard: G512 (Windows_10, Wired)" time="430.978">
</testcase>
<testcase classname="Kragle Regression" name="Test: All Profiles Should Be Same Disabled Keys Which Are Disabled While Profile Is Locked In Game Mode: G512 (Windows_10, Wired)" time="423.169">
</testcase>
<testcase classname="Kragle Regression" name="Disconnect: G512:wired &amp; Connect: G513:wired" time="4.265">
</testcase>
<testcase classname="Kragle Regression" name="Test: Local And Cloud Profile For Keyboard: G513 (Windows_10, Wired)" time="376.093">
</testcase>
<testcase classname="Kragle Regression" name="Test: Lightsync Effect For Keyboard: G513 (Windows_10, Wired)" time="20.355">
</testcase>
<testcase classname="Kragle Regression" name="Test: Onboard Lighting Effect For Keyboard: G513 (Windows_10, Wired)" time="65.931">
<failure message="*HTML*Failure: Selector &quot;.back-button&quot; is Not Clickable &#10;&#10; &lt;a href=dmp_logs_2022_07_19_16_24_34.zip&gt;DEBUG_LOGS&lt;/a&gt; &#10;&#10; &lt;a href=end_test-screenshot-20220719-162434.png&gt;SCREENSHOT&lt;/a&gt; &#10;&#10; &lt;a href=C:\Jenkins\workspace\sion_features_navigation_screens/report19072022_16_24_45_page_source.html&gt;PAGE_SOURCE&lt;/a&gt;" type="AssertionError"/>
</testcase>
<testcase classname="Kragle Regression" name="Test: Global Settings - My Gear For Keyboard: G513 (Windows_10, Wired)" time="26.547">
<failure message="*HTML*Failure: Selector &quot;.back-button&quot; is Not Clickable &#10;&#10; &lt;a href=dmp_logs_2022_07_19_16_25_45.zip&gt;DEBUG_LOGS&lt;/a&gt; &#10;&#10; &lt;a href=end_test-screenshot-20220719-162545.png&gt;SCREENSHOT&lt;/a&gt; &#10;&#10; &lt;a href=C:\Jenkins\workspace\sion_features_navigation_screens/report19072022_16_25_57_page_source.html&gt;PAGE_SOURCE&lt;/a&gt;" type="AssertionError"/>
</testcase>
<testcase classname="Kragle Regression" name="Test: Global Settings - Verify Show Tutorial Enables Coach Marks For Keyboard: G513 (Windows_10, Wired)" time="55.199">
</testcase>
<testcase classname="Kragle Regression" name="Test: Device Settings For Keyboard - UI Verification: G513 (Windows_10, Wired)" time="122.089">
</testcase>
<testcase classname="Kragle Regression" name="Test: Device Settings For Keyboard - SYS Verification: G513 (Windows_10, Wired)" time="140.713">
</testcase>
<testcase classname="Kragle Regression" name="Test: Persistent Profile For Keyboard: G513 (Windows_10, Wired)" time="2314.636">
</testcase>
<testcase classname="Kragle Regression" name="Test: Verify Presets Default Colors For Keyboard: G513 (Windows_10, Wired)" time="167.073">
</testcase>
<testcase classname="Kragle Regression" name="Test: User Can Change Presets Fixed HEX Color For Keyboard: G513 (Windows_10, Wired)" time="66.188">
</testcase>
<testcase classname="Kragle Regression" name="Test: User Can Change Presets Fixed RGB Color For Keyboard: G513 (Windows_10, Wired)" time="89.169">
</testcase>
<testcase classname="Kragle Regression" name="Test: User Can Add And Remove Preset Colors For Keyboard: G513 (Windows_10, Wired)" time="195.314">
</testcase>
<testcase classname="Kragle Regression" name="Test: User Can Change Freestyle HEX Color For Keyboard Arrow Keys: G513 (Windows_10, Wired)" time="57.816">
</testcase>
<testcase classname="Kragle Regression" name="Test: User Can Change Freestyle RGB Color For Keyboard Arrow Keys: G513 (Windows_10, Wired)" time="64.228">
</testcase>
<testcase classname="Kragle Regression" name="Test: User Can Add And Remove Freestyle Preset Colors For Keyboard: G513 (Windows_10, Wired)" time="192.627">
</testcase>
<testcase classname="Kragle Regression" name="Test: Game Mode For Keyboard: G513 (Windows_10, Wired)" time="99.046">
</testcase>
<testcase classname="Kragle Regression" name="Test: Game Mode Restore Default Settings For Keyboard: G513 (Windows_10, Wired)" time="40.467">
</testcase>
<testcase classname="Kragle Regression" name="Test: All Profiles Should Be Same Disabled Keys In Game Mode When Profile Is Locked For Keyboard: G513 (Windows_10, Wired)" time="436.891">
</testcase>
<testcase classname="Kragle Regression" name="Test: All Profiles Should Be Same Disabled Keys Which Are Disabled While Profile Is Locked In Game Mode: G513 (Windows_10, Wired)" time="423.632">
</testcase>
<testcase classname="Kragle Regression" name="Disconnect: G513:wired &amp; Connect: G815:wired" time="2.147">
</testcase>
<testcase classname="Kragle Regression" name="Test: Local And Cloud Profile For Keyboard: G815 (Windows_10, Wired)" time="375.100">
</testcase>
<testcase classname="Kragle Regression" name="Test: Lightsync Effect For Keyboard: G815 (Windows_10, Wired)" time="20.377">
</testcase>
<testcase classname="Kragle Regression" name="Test: Global Settings - My Gear For Keyboard: G815 (Windows_10, Wired)" time="47.330">
<failure message="*HTML*Failure: Selector &quot;.back-button&quot; is Not Clickable &#10;&#10; &lt;a href=dmp_logs_2022_07_19_17_48_19.zip&gt;DEBUG_LOGS&lt;/a&gt; &#10;&#10; &lt;a href=end_test-screenshot-20220719-174819.png&gt;SCREENSHOT&lt;/a&gt; &#10;&#10; &lt;a href=C:\Jenkins\workspace\sion_features_navigation_screens/report19072022_17_48_31_page_source.html&gt;PAGE_SOURCE&lt;/a&gt;" type="AssertionError"/>
</testcase>
<testcase classname="Kragle Regression" name="Test: Global Settings - Verify Show Tutorial Enables Coach Marks For Keyboard: G815 (Windows_10, Wired)" time="54.994">
</testcase>
<testcase classname="Kragle Regression" name="Test: Device Settings For Keyboard - UI Verification: G815 (Windows_10, Wired)" time="375.737">
<failure message="*HTML*Several failures occurred:&#10;&#10;1) Failure: Selector &quot;//div[contains(text(),'ANIMATION')]/following-sibling::ul/li/a[contains(text(),'Lighting')]&quot; is Not Loaded&#10;&#10;2) Failure: Selector &quot;div.overlay div.overlay-container p.category-label.right-just&quot; with attribute(s) &quot;{'text': 'FIRMWARE VERSION'}&quot; is Not Loaded &#10;&#10; &lt;a href=dmp_logs_2022_07_19_17_56_14.zip&gt;DEBUG_LOGS&lt;/a&gt; &#10;&#10; &lt;a href=end_test-screenshot-20220719-175614.png&gt;SCREENSHOT&lt;/a&gt; &#10;&#10; &lt;a href=C:\Jenkins\workspace\sion_features_navigation_screens/report19072022_17_56_25_page_source.html&gt;PAGE_SOURCE&lt;/a&gt;" type="AssertionError"/>
</testcase>
<testcase classname="Kragle Regression" name="Test: Device Settings For Keyboard - SYS Verification: G815 (Windows_10, Wired)" time="359.353">
</testcase>
<testcase classname="Kragle Regression" name="Test: Persistent Profile For Keyboard: G815 (Windows_10, Wired)" time="2319.207">
</testcase>
<testcase classname="Kragle Regression" name="Test: Verify Presets Default Colors For Keyboard: G815 (Windows_10, Wired)" time="362.076">
<failure message="*HTML*&lt;b&gt;Known Issue:&lt;/b&gt;[&lt;a href=https://jira.logitech.io/browse/KRGL-9313&gt;KRGL-9313&lt;/a&gt;]&#10;Keyword 'Backend.Verify Fixed Colors Keyboard' failed after retrying for 3 minutes. The last error was: The expected color value of green (255) and actual value from backend (0) is different: 255 != 0 &#10;&#10; &lt;a href=dmp_logs_2022_07_19_18_47_39.zip&gt;DEBUG_LOGS&lt;/a&gt; &#10;&#10; &lt;a href=end_test-screenshot-20220719-184739.png&gt;SCREENSHOT&lt;/a&gt; &#10;&#10; &lt;a href=C:\Jenkins\workspace\sion_features_navigation_screens/report19072022_18_47_50_page_source.html&gt;PAGE_SOURCE&lt;/a&gt;" type="AssertionError"/>
</testcase>
<testcase classname="Kragle Regression" name="Test: User Can Change Presets Fixed HEX Color For Keyboard: G815 (Windows_10, Wired)" time="241.449">
<failure message="*HTML*&lt;b&gt;Known Issue:&lt;/b&gt;[&lt;a href=https://jira.logitech.io/browse/KRGL-9313&gt;KRGL-9313&lt;/a&gt;]&#10;Keyword 'Backend.Verify Fixed Colors Keyboard' failed after retrying for 3 minutes. The last error was: The expected color value of red (148) and actual value from backend (0) is different: 148 != 0 &#10;&#10; &lt;a href=dmp_logs_2022_07_19_18_52_24.zip&gt;DEBUG_LOGS&lt;/a&gt; &#10;&#10; &lt;a href=end_test-screenshot-20220719-185224.png&gt;SCREENSHOT&lt;/a&gt; &#10;&#10; &lt;a href=C:\Jenkins\workspace\sion_features_navigation_screens/report19072022_18_52_36_page_source.html&gt;PAGE_SOURCE&lt;/a&gt;" type="AssertionError"/>
</testcase>
<testcase classname="Kragle Regression" name="Test: User Can Change Presets Fixed RGB Color For Keyboard: G815 (Windows_10, Wired)" time="247.379">
<failure message="*HTML*&lt;b&gt;Known Issue:&lt;/b&gt;[&lt;a href=https://jira.logitech.io/browse/KRGL-9313&gt;KRGL-9313&lt;/a&gt;]&#10;Keyword 'Backend.Verify Fixed Colors Keyboard' failed after retrying for 3 minutes. The last error was: The expected color value of green (255) and actual value from backend (0) is different: 255 != 0 &#10;&#10; &lt;a href=dmp_logs_2022_07_19_18_57_16.zip&gt;DEBUG_LOGS&lt;/a&gt; &#10;&#10; &lt;a href=end_test-screenshot-20220719-185716.png&gt;SCREENSHOT&lt;/a&gt; &#10;&#10; &lt;a href=C:\Jenkins\workspace\sion_features_navigation_screens/report19072022_18_57_27_page_source.html&gt;PAGE_SOURCE&lt;/a&gt;" type="AssertionError"/>
</testcase>
<testcase classname="Kragle Regression" name="Test: User Can Add And Remove Preset Colors For Keyboard: G815 (Windows_10, Wired)" time="390.746">
<failure message="*HTML*&lt;b&gt;Known Issue:&lt;/b&gt;[&lt;a href=https://jira.logitech.io/browse/KRGL-9313&gt;KRGL-9313&lt;/a&gt;]&#10;Keyword 'Backend.Verify Fixed Colors Keyboard' failed after retrying for 3 minutes. The last error was: The expected color value of red (110) and actual value from backend (0) is different: 110 != 0 &#10;&#10; &lt;a href=dmp_logs_2022_07_19_19_04_31.zip&gt;DEBUG_LOGS&lt;/a&gt; &#10;&#10; &lt;a href=end_test-screenshot-20220719-190430.png&gt;SCREENSHOT&lt;/a&gt; &#10;&#10; &lt;a href=C:\Jenkins\workspace\sion_features_navigation_screens/report19072022_19_04_42_page_source.html&gt;PAGE_SOURCE&lt;/a&gt;" type="AssertionError"/>
</testcase>
<testcase classname="Kragle Regression" name="Test: User Can Change Freestyle HEX Color For Keyboard Arrow Keys: G815 (Windows_10, Wired)" time="37.553">
</testcase>
<testcase classname="Kragle Regression" name="Test: User Can Change Freestyle RGB Color For Keyboard Arrow Keys: G815 (Windows_10, Wired)" time="64.620">
</testcase>
<testcase classname="Kragle Regression" name="Test: User Can Add And Remove Freestyle Preset Colors For Keyboard: G815 (Windows_10, Wired)" time="192.740">
</testcase>
<testcase classname="Kragle Regression" name="Test: Game Mode For Keyboard: G815 (Windows_10, Wired)" time="98.981">
</testcase>
<testcase classname="Kragle Regression" name="Test: Game Mode Restore Default Settings For Keyboard: G815 (Windows_10, Wired)" time="40.962">
</testcase>
<testcase classname="Kragle Regression" name="Test: All Profiles Should Be Same Disabled Keys In Game Mode When Profile Is Locked For Keyboard: G815 (Windows_10, Wired)" time="432.834">
</testcase>
<testcase classname="Kragle Regression" name="Test: All Profiles Should Be Same Disabled Keys Which Are Disabled While Profile Is Locked In Game Mode: G815 (Windows_10, Wired)" time="400.109">
</testcase>
<testcase classname="Kragle Regression" name="Disconnect: G815:wired &amp; Connect: PRO:wired" time="4.341">
</testcase>
<testcase classname="Kragle Regression" name="Test: Local And Cloud Profile For Keyboard: PRO (Windows_10, Wired)" time="378.429">
</testcase>
<testcase classname="Kragle Regression" name="Test: Lightsync Effect For Keyboard: PRO (Windows_10, Wired)" time="20.387">
</testcase>
<testcase classname="Kragle Regression" name="Test: Onboard Lighting Effect For Keyboard: PRO (Windows_10, Wired)" time="65.808">
<failure message="*HTML*Failure: Selector &quot;.back-button&quot; is Not Clickable &#10;&#10; &lt;a href=dmp_logs_2022_07_19_19_34_11.zip&gt;DEBUG_LOGS&lt;/a&gt; &#10;&#10; &lt;a href=end_test-screenshot-20220719-193411.png&gt;SCREENSHOT&lt;/a&gt; &#10;&#10; &lt;a href=C:\Jenkins\workspace\sion_features_navigation_screens/report19072022_19_34_23_page_source.html&gt;PAGE_SOURCE&lt;/a&gt;" type="AssertionError"/>
</testcase>
<testcase classname="Kragle Regression" name="Test: Global Settings - My Gear For Keyboard: PRO (Windows_10, Wired)" time="26.683">
<failure message="*HTML*Failure: Selector &quot;.back-button&quot; is Not Clickable &#10;&#10; &lt;a href=dmp_logs_2022_07_19_19_35_23.zip&gt;DEBUG_LOGS&lt;/a&gt; &#10;&#10; &lt;a href=end_test-screenshot-20220719-193523.png&gt;SCREENSHOT&lt;/a&gt; &#10;&#10; &lt;a href=C:\Jenkins\workspace\sion_features_navigation_screens/report19072022_19_35_34_page_source.html&gt;PAGE_SOURCE&lt;/a&gt;" type="AssertionError"/>
</testcase>
<testcase classname="Kragle Regression" name="Test: Global Settings - Verify Show Tutorial Enables Coach Marks For Keyboard: PRO (Windows_10, Wired)" time="55.081">
</testcase>
<testcase classname="Kragle Regression" name="Test: Device Settings For Keyboard - UI Verification: PRO (Windows_10, Wired)" time="122.035">
</testcase>
<testcase classname="Kragle Regression" name="Test: Device Settings For Keyboard - SYS Verification: PRO (Windows_10, Wired)" time="138.995">
</testcase>
<testcase classname="Kragle Regression" name="Test: Persistent Profile For Keyboard: PRO (Windows_10, Wired)" time="2313.109">
</testcase>
<testcase classname="Kragle Regression" name="Test: Assignments View For Keyboard - UI Verification: PRO (Windows_10, Wired)" time="780.097">
<failure message="*HTML*Failure: Selector &quot;.back-button&quot; is Not Clickable &#10;&#10; &lt;a href=dmp_logs_2022_07_19_20_32_57.zip&gt;DEBUG_LOGS&lt;/a&gt; &#10;&#10; &lt;a href=end_test-screenshot-20220719-203257.png&gt;SCREENSHOT&lt;/a&gt; &#10;&#10; &lt;a href=C:\Jenkins\workspace\sion_features_navigation_screens/report19072022_20_33_08_page_source.html&gt;PAGE_SOURCE&lt;/a&gt;" type="AssertionError"/>
</testcase>
<testcase classname="Kragle Regression" name="Test: Verify Presets Default Colors For Keyboard: PRO (Windows_10, Wired)" time="195.812">
</testcase>
<testcase classname="Kragle Regression" name="Test: User Can Change Presets Fixed HEX Color For Keyboard: PRO (Windows_10, Wired)" time="64.375">
</testcase>
<testcase classname="Kragle Regression" name="Test: User Can Change Presets Fixed RGB Color For Keyboard: PRO (Windows_10, Wired)" time="70.375">
</testcase>
<testcase classname="Kragle Regression" name="Test: User Can Add And Remove Preset Colors For Keyboard: PRO (Windows_10, Wired)" time="193.712">
</testcase>
<testcase classname="Kragle Regression" name="Test: User Can Change Freestyle HEX Color For Keyboard Arrow Keys: PRO (Windows_10, Wired)" time="58.055">
</testcase>
<testcase classname="Kragle Regression" name="Test: User Can Change Freestyle RGB Color For Keyboard Arrow Keys: PRO (Windows_10, Wired)" time="64.378">
</testcase>
<testcase classname="Kragle Regression" name="Test: User Can Add And Remove Freestyle Preset Colors For Keyboard: PRO (Windows_10, Wired)" time="192.588">
</testcase>
<testcase classname="Kragle Regression" name="Test: Game Mode For Keyboard: PRO (Windows_10, Wired)" time="98.743">
</testcase>
<testcase classname="Kragle Regression" name="Test: Game Mode Restore Default Settings For Keyboard: PRO (Windows_10, Wired)" time="40.982">
</testcase>
<testcase classname="Kragle Regression" name="Test: All Profiles Should Be Same Disabled Keys In Game Mode When Profile Is Locked For Keyboard: PRO (Windows_10, Wired)" time="432.179">
</testcase>
<testcase classname="Kragle Regression" name="Test: All Profiles Should Be Same Disabled Keys Which Are Disabled While Profile Is Locked In Game Mode: PRO (Windows_10, Wired)" time="425.953">
</testcase>
<testcase classname="Kragle Regression" name="Disconnect: PRO:wired &amp; Connect: G910:wired" time="4.418">
</testcase>
<testcase classname="Kragle Regression" name="Test: Local And Cloud Profile For Keyboard: G910 (Windows_10, Wired)" time="373.025">
</testcase>
<testcase classname="Kragle Regression" name="Test: Lightsync Effect For Keyboard: G910 (Windows_10, Wired)" time="20.378">
</testcase>
<testcase classname="Kragle Regression" name="Test: Global Settings - My Gear For Keyboard: G910 (Windows_10, Wired)" time="47.169">
<failure message="*HTML*Failure: Selector &quot;.back-button&quot; is Not Clickable &#10;&#10; &lt;a href=dmp_logs_2022_07_19_21_11_43.zip&gt;DEBUG_LOGS&lt;/a&gt; &#10;&#10; &lt;a href=end_test-screenshot-20220719-211143.png&gt;SCREENSHOT&lt;/a&gt; &#10;&#10; &lt;a href=C:\Jenkins\workspace\sion_features_navigation_screens/report19072022_21_11_55_page_source.html&gt;PAGE_SOURCE&lt;/a&gt;" type="AssertionError"/>
</testcase>
<testcase classname="Kragle Regression" name="Test: Global Settings - Verify Show Tutorial Enables Coach Marks For Keyboard: G910 (Windows_10, Wired)" time="55.072">
</testcase>
<testcase classname="Kragle Regression" name="Test: Device Settings For Keyboard - UI Verification: G910 (Windows_10, Wired)" time="117.464">
</testcase>
<testcase classname="Kragle Regression" name="Test: Device Settings For Keyboard - SYS Verification: G910 (Windows_10, Wired)" time="125.005">
</testcase>
<testcase classname="Kragle Regression" name="Test: Persistent Profile For Keyboard: G910 (Windows_10, Wired)" time="2315.857">
</testcase>
<testcase classname="Kragle Regression" name="Test: Verify Presets Default Colors For Keyboard: G910 (Windows_10, Wired)" time="169.370">
</testcase>
<testcase classname="Kragle Regression" name="Test: User Can Change Presets Fixed HEX Color For Keyboard: G910 (Windows_10, Wired)" time="67.928">
</testcase>
<testcase classname="Kragle Regression" name="Test: User Can Change Presets Fixed RGB Color For Keyboard: G910 (Windows_10, Wired)" time="74.105">
</testcase>
<testcase classname="Kragle Regression" name="Test: User Can Add And Remove Preset Colors For Keyboard: G910 (Windows_10, Wired)" time="197.106">
</testcase>
<testcase classname="Kragle Regression" name="Test: User Can Change Freestyle HEX Color For Keyboard Arrow Keys: G910 (Windows_10, Wired)" time="58.730">
</testcase>
<testcase classname="Kragle Regression" name="Test: User Can Change Freestyle RGB Color For Keyboard Arrow Keys: G910 (Windows_10, Wired)" time="65.006">
</testcase>
<testcase classname="Kragle Regression" name="Test: User Can Add And Remove Freestyle Preset Colors For Keyboard: G910 (Windows_10, Wired)" time="193.277">
</testcase>
<testcase classname="Kragle Regression" name="Test: Game Mode For Keyboard: G910 (Windows_10, Wired)" time="99.010">
</testcase>
<testcase classname="Kragle Regression" name="Test: Game Mode Restore Default Settings For Keyboard: G910 (Windows_10, Wired)" time="42.645">
</testcase>
<testcase classname="Kragle Regression" name="Test: All Profiles Should Be Same Disabled Keys In Game Mode When Profile Is Locked For Keyboard: G910 (Windows_10, Wired)" time="442.821">
</testcase>
<testcase classname="Kragle Regression" name="Test: All Profiles Should Be Same Disabled Keys Which Are Disabled While Profile Is Locked In Game Mode: G910 (Windows_10, Wired)" time="434.948">
</testcase>
<testcase classname="Kragle Regression" name="Disconnect: G910:wired &amp; Connect: G502 HERO:wired" time="4.128">
</testcase>
<testcase classname="Kragle Regression" name="Test: System Assignment Should Work In On-Board Memory Mode For Mouse: G502 HERO (Windows_10, Wired)" time="146.364">
</testcase>
<testcase classname="Kragle Regression" name="Test: Commands Assignment Should Work In On-Board Memory Mode For Mouse: G502 HERO (Windows_10, Wired)" time="170.952">
</testcase>
<testcase classname="Kragle Regression" name="Test: Keys Assignment Should Work In On-Board Memory Mode For Mouse: G502 HERO (Windows_10, Wired)" time="174.090">
</testcase>
<testcase classname="Kragle Regression" name="Test: Macro Assignment Should Work In On-Board Memory Mode For Mouse: G502 HERO (Windows_10, Wired)" time="157.899">
</testcase>
<testcase classname="Kragle Regression" name="Test: Macro Launch Application Assignment For Mouse: G502 HERO (Windows_10, Wired)" time="54.063">
</testcase>
<testcase classname="Kragle Regression" name="Test: Macro System Volume Up Assignment For Mouse: G502 HERO (Windows_10, Wired)" time="69.884">
</testcase>
<testcase classname="Kragle Regression" name="Test: Validate PRESETS FIXED Lightsync Presets: G213 (Windows_10, Wired)" time="57.957">
</testcase>
<testcase classname="Kragle Regression" name="Test: Validate PRESETS CYCLE Lightsync Presets: G213 (Windows_10, Wired)" time="116.789">
</testcase>
<testcase classname="Kragle Regression" name="Test: Validate PRESETS BREATHING Lightsync Presets: G213 (Windows_10, Wired)" time="108.843">
</testcase>
<testcase classname="Kragle Regression" name="Test: Validate PRESETS COLOR WAVE Lightsync Presets: G213 (Windows_10, Wired)" time="136.160">
</testcase>
<testcase classname="Kragle Regression" name="Test: Validate PRESETS SCREEN SAMPLER Lightsync Presets: G213 (Windows_10, Wired)" time="120.266">
<failure message="*HTML*ScreenSampler Effect Failed [Expected:'yellow', Actual:'magenta']: magenta != yellow &#10;&#10; &lt;a href=dmp_logs_2022_07_19_22_48_46.zip&gt;DEBUG_LOGS&lt;/a&gt; &#10;&#10; &lt;a href=end_test-screenshot-20220719-224846.png&gt;SCREENSHOT&lt;/a&gt; &#10;&#10; &lt;a href=C:\Jenkins\workspace\sion_features_navigation_screens/report19072022_22_48_58_page_source.html&gt;PAGE_SOURCE&lt;/a&gt;" type="AssertionError"/>
</testcase>
<testcase classname="Kragle Regression" name="Test: Validate PRESETS AUDIO VISUALIZER Lightsync Presets: G213 (Windows_10, Wired)" time="57.885">
</testcase>
<testcase classname="Kragle Regression" name="Test: Validate EFFECTS FIXED Lightsync Presets: G413 (Windows_10, Wired)" time="89.353">
</testcase>
<testcase classname="Kragle Regression" name="Test: Validate EFFECTS BREATHING Lightsync Presets: G413 (Windows_10, Wired)" time="126.549">
<failure message="*HTML*&lt;b&gt;Known Issue:&lt;/b&gt;[&lt;a href=https://jira.logitech.io/browse/KRGL-10895&gt;KRGL-10895&lt;/a&gt;]&#10;Several failures occurred:&#10;&#10;1) breathing != fixed&#10;&#10;2) 'breathingParams' not available in the {'id': 'FIXED', 'zoneType': 'ZONE_PRIMARY', 'persistent': False, 'fixedParams': {'color': {'tag': '', 'hex': '#000000'}}} &#10;&#10; &lt;a href=dmp_logs_2022_07_19_22_54_06.zip&gt;DEBUG_LOGS&lt;/a&gt; &#10;&#10; &lt;a href=end_test-screenshot-20220719-225406.png&gt;SCREENSHOT&lt;/a&gt; &#10;&#10; &lt;a href=C:\Jenkins\workspace\sion_features_navigation_screens/report19072022_22_54_17_page_source.html&gt;PAGE_SOURCE&lt;/a&gt;" type="AssertionError"/>
</testcase>
<testcase classname="Kragle Regression" name="Test: Validate EFFECTS AUDIO VISUALIZER Lightsync Presets: G413 (Windows_10, Wired)" time="71.579">
</testcase>
<testcase classname="Kragle Regression" name="Test: Validate PRESETS FIXED Lightsync Presets: G512 (Windows_10, Wired)" time="89.077">
</testcase>
<testcase classname="Kragle Regression" name="Test: Validate PRESETS CYCLE Lightsync Presets: G512 (Windows_10, Wired)" time="120.807">
</testcase>
<testcase classname="Kragle Regression" name="Test: Validate PRESETS COLOR WAVE Lightsync Presets: G512 (Windows_10, Wired)" time="142.184">
</testcase>
<testcase classname="Kragle Regression" name="Test: Validate PRESETS BREATHING Lightsync Presets: G512 (Windows_10, Wired)" time="126.426">
</testcase>
<testcase classname="Kragle Regression" name="Test: Validate PRESETS RIPPLE Lightsync Presets: G512 (Windows_10, Wired)" time="136.662">
</testcase>
<testcase classname="Kragle Regression" name="Test: Validate PRESETS STARLIGHT Lightsync Presets: G512 (Windows_10, Wired)" time="128.804">
</testcase>
<testcase classname="Kragle Regression" name="Test: Validate PRESETS ECHO PRESS Lightsync Presets: G512 (Windows_10, Wired)" time="117.518">
</testcase>
<testcase classname="Kragle Regression" name="Test: Validate PRESETS SCREEN SAMPLER Lightsync Presets: G512 (Windows_10, Wired)" time="124.395">
<failure message="*HTML*&lt;b&gt;Known Issue:&lt;/b&gt;[&lt;a href=https://jira.logitech.io/browse/KRGL-10863&gt;KRGL-10863&lt;/a&gt;]&#10;ScreenSampler Effect Failed [Expected:'yellow', Actual:'magenta']: magenta != yellow &#10;&#10; &lt;a href=dmp_logs_2022_07_19_23_12_26.zip&gt;DEBUG_LOGS&lt;/a&gt; &#10;&#10; &lt;a href=end_test-screenshot-20220719-231226.png&gt;SCREENSHOT&lt;/a&gt; &#10;&#10; &lt;a href=C:\Jenkins\workspace\sion_features_navigation_screens/report19072022_23_12_37_page_source.html&gt;PAGE_SOURCE&lt;/a&gt;" type="AssertionError"/>
</testcase>
<testcase classname="Kragle Regression" name="Test: Validate PRESETS AUDIO VISUALIZER Lightsync Presets: G512 (Windows_10, Wired)" time="62.222">
</testcase>
<testcase classname="Kragle Regression" name="Test: Validate WASD quick color Freestyle effect: G512 (Windows_10, Wired)" time="86.801">
</testcase>
<testcase classname="Kragle Regression" name="Test: Validate NUMBERS quick color Freestyle effect: G512 (Windows_10, Wired)" time="87.759">
</testcase>
<testcase classname="Kragle Regression" name="Test: Validate F KEYS quick color Freestyle effect: G512 (Windows_10, Wired)" time="88.819">
</testcase>
<testcase classname="Kragle Regression" name="Test: Validate MODIFIER quick color Freestyle effect: G512 (Windows_10, Wired)" time="73.412">
</testcase>
<testcase classname="Kragle Regression" name="Test: Validate ARROW KEYS quick color Freestyle effect: G512 (Windows_10, Wired)" time="88.840">
</testcase>
<testcase classname="Kragle Regression" name="Test: Validate contrastic Animations effect: G512 (Windows_10, Wired)" time="74.412">
</testcase>
<testcase classname="Kragle Regression" name="Test: Validate lightning Animations effect: G512 (Windows_10, Wired)" time="58.392">
</testcase>
<testcase classname="Kragle Regression" name="Test: Validate ocean wave Animations effect: G512 (Windows_10, Wired)" time="58.383">
</testcase>
<testcase classname="Kragle Regression" name="Test: Validate red white and blue Animations effect: G512 (Windows_10, Wired)" time="58.617">
</testcase>
<testcase classname="Kragle Regression" name="Test: Validate verticool Animations effect: G512 (Windows_10, Wired)" time="71.267">
</testcase>
<testcase classname="Kragle Regression" name="Test: Validate PRESETS FIXED Lightsync Presets: G513 (Windows_10, Wired)" time="93.224">
</testcase>
<testcase classname="Kragle Regression" name="Test: Validate PRESETS CYCLE Lightsync Presets: G513 (Windows_10, Wired)" time="124.305">
</testcase>
<testcase classname="Kragle Regression" name="Test: Validate PRESETS COLOR WAVE Lightsync Presets: G513 (Windows_10, Wired)" time="150.918">
</testcase>
<testcase classname="Kragle Regression" name="Test: Validate PRESETS BREATHING Lightsync Presets: G513 (Windows_10, Wired)" time="131.493">
</testcase>
<testcase classname="Kragle Regression" name="Test: Validate PRESETS RIPPLE Lightsync Presets: G513 (Windows_10, Wired)" time="147.113">
<failure message="*HTML*&lt;b&gt;Known Issue:&lt;/b&gt;[&lt;a href=https://jira.logitech.io/browse/KRGL-10896&gt;KRGL-10896&lt;/a&gt;]&#10;Several failures occurred:&#10;&#10;1) ripple != breathing&#10;&#10;2) 'rippleParams' not available in the {'id': 'BREATHING', 'zoneType': 'ZONE_PRIMARY', 'persistent': False, 'breathingParams': {'color': {'tag': '', 'hex': '#00ff00'}, 'periodInMs': 7200, 'intensity': 1}} &#10;&#10; &lt;a href=dmp_logs_2022_07_19_23_37_32.zip&gt;DEBUG_LOGS&lt;/a&gt; &#10;&#10; &lt;a href=end_test-screenshot-20220719-233732.png&gt;SCREENSHOT&lt;/a&gt; &#10;&#10; &lt;a href=C:\Jenkins\workspace\sion_features_navigation_screens/report19072022_23_37_43_page_source.html&gt;PAGE_SOURCE&lt;/a&gt;" type="AssertionError"/>
</testcase>
<testcase classname="Kragle Regression" name="Test: Validate PRESETS STARLIGHT Lightsync Presets: G513 (Windows_10, Wired)" time="108.785">
</testcase>
<testcase classname="Kragle Regression" name="Test: Validate PRESETS ECHO PRESS Lightsync Presets: G513 (Windows_10, Wired)" time="123.447">
</testcase>
<testcase classname="Kragle Regression" name="Test: Validate PRESETS SCREEN SAMPLER Lightsync Presets: G513 (Windows_10, Wired)" time="124.681">
<failure message="*HTML*ScreenSampler Effect Failed [Expected:'yellow', Actual:'magenta']: magenta != yellow &#10;&#10; &lt;a href=dmp_logs_2022_07_19_23_44_17.zip&gt;DEBUG_LOGS&lt;/a&gt; &#10;&#10; &lt;a href=end_test-screenshot-20220719-234416.png&gt;SCREENSHOT&lt;/a&gt; &#10;&#10; &lt;a href=C:\Jenkins\workspace\sion_features_navigation_screens/report19072022_23_44_28_page_source.html&gt;PAGE_SOURCE&lt;/a&gt;" type="AssertionError"/>
</testcase>
<testcase classname="Kragle Regression" name="Test: Validate PRESETS AUDIO VISUALIZER Lightsync Presets: G513 (Windows_10, Wired)" time="66.609">
</testcase>
<testcase classname="Kragle Regression" name="Test: Validate WASD quick color Freestyle effect: G513 (Windows_10, Wired)" time="93.633">
</testcase>
<testcase classname="Kragle Regression" name="Test: Validate NUMBERS quick color Freestyle effect: G513 (Windows_10, Wired)" time="91.239">
</testcase>
<testcase classname="Kragle Regression" name="Test: Validate F KEYS quick color Freestyle effect: G513 (Windows_10, Wired)" time="93.156">
</testcase>
<testcase classname="Kragle Regression" name="Test: Validate MODIFIER quick color Freestyle effect: G513 (Windows_10, Wired)" time="73.218">
</testcase>
<testcase classname="Kragle Regression" name="Test: Validate ARROW KEYS quick color Freestyle effect: G513 (Windows_10, Wired)" time="93.287">
</testcase>
<testcase classname="Kragle Regression" name="Test: Validate contrastic Animations effect: G513 (Windows_10, Wired)" time="79.173">
</testcase>
<testcase classname="Kragle Regression" name="Test: Validate lightning Animations effect: G513 (Windows_10, Wired)" time="58.592">
</testcase>
<testcase classname="Kragle Regression" name="Test: Validate ocean wave Animations effect: G513 (Windows_10, Wired)" time="60.510">
</testcase>
<testcase classname="Kragle Regression" name="Test: Validate red white and blue Animations effect: G513 (Windows_10, Wired)" time="58.558">
</testcase>
<testcase classname="Kragle Regression" name="Test: Validate verticool Animations effect: G513 (Windows_10, Wired)" time="67.873">
</testcase>
<testcase classname="Kragle Regression" name="Test: Validate PRESETS FIXED Lightsync Presets: G815 (Windows_10, Wired)" time="98.662">
</testcase>
<testcase classname="Kragle Regression" name="Test: Validate PRESETS CYCLE Lightsync Presets: G815 (Windows_10, Wired)" time="144.180">
</testcase>
<testcase classname="Kragle Regression" name="Test: Validate PRESETS COLOR WAVE Lightsync Presets: G815 (Windows_10, Wired)" time="181.980">
</testcase>
<testcase classname="Kragle Regression" name="Test: Validate PRESETS BREATHING Lightsync Presets: G815 (Windows_10, Wired)" time="154.579">
</testcase>
<testcase classname="Kragle Regression" name="Test: Validate PRESETS RIPPLE Lightsync Presets: G815 (Windows_10, Wired)" time="164.948">
</testcase>
<testcase classname="Kragle Regression" name="Test: Validate PRESETS STARLIGHT Lightsync Presets: G815 (Windows_10, Wired)" time="126.939">
</testcase>
<testcase classname="Kragle Regression" name="Test: Validate PRESETS ECHO PRESS Lightsync Presets: G815 (Windows_10, Wired)" time="119.878">
</testcase>
<testcase classname="Kragle Regression" name="Test: Validate PRESETS SCREEN SAMPLER Lightsync Presets: G815 (Windows_10, Wired)" time="136.249">
<failure message="*HTML*ScreenSampler Effect Failed [Expected:'yellow', Actual:'magenta']: magenta != yellow &#10;&#10; &lt;a href=dmp_logs_2022_07_20_00_17_49.zip&gt;DEBUG_LOGS&lt;/a&gt; &#10;&#10; &lt;a href=end_test-screenshot-20220720-001749.png&gt;SCREENSHOT&lt;/a&gt; &#10;&#10; &lt;a href=C:\Jenkins\workspace\sion_features_navigation_screens/report20072022_00_18_00_page_source.html&gt;PAGE_SOURCE&lt;/a&gt;" type="AssertionError"/>
</testcase>
<testcase classname="Kragle Regression" name="Test: Validate PRESETS AUDIO VISUALIZER Lightsync Presets: G815 (Windows_10, Wired)" time="73.312">
</testcase>
<testcase classname="Kragle Regression" name="Test: Validate WASD quick color Freestyle effect: G815 (Windows_10, Wired)" time="99.896">
</testcase>
<testcase classname="Kragle Regression" name="Test: Validate NUMBERS quick color Freestyle effect: G815 (Windows_10, Wired)" time="100.913">
</testcase>
<testcase classname="Kragle Regression" name="Test: Validate F KEYS quick color Freestyle effect: G815 (Windows_10, Wired)" time="99.791">
</testcase>
<testcase classname="Kragle Regression" name="Test: Validate G KEYS quick color Freestyle effect: G815 (Windows_10, Wired)" time="73.585">
</testcase>
<testcase classname="Kragle Regression" name="Test: Validate MODIFIER quick color Freestyle effect: G815 (Windows_10, Wired)" time="75.541">
</testcase>
<testcase classname="Kragle Regression" name="Test: Validate ARROW KEYS quick color Freestyle effect: G815 (Windows_10, Wired)" time="99.584">
</testcase>
<testcase classname="Kragle Regression" name="Test: Validate LOGO quick color Freestyle effect: G815 (Windows_10, Wired)" time="107.909">
</testcase>
<testcase classname="Kragle Regression" name="Test: Validate contrastic Animations effect: G815 (Windows_10, Wired)" time="88.090">
</testcase>
<testcase classname="Kragle Regression" name="Test: Validate lightning Animations effect: G815 (Windows_10, Wired)" time="60.489">
</testcase>
<testcase classname="Kragle Regression" name="Test: Validate ocean wave Animations effect: G815 (Windows_10, Wired)" time="58.717">
</testcase>
<testcase classname="Kragle Regression" name="Test: Validate red white and blue Animations effect: G815 (Windows_10, Wired)" time="62.811">
</testcase>
<testcase classname="Kragle Regression" name="Test: Validate verticool Animations effect: G815 (Windows_10, Wired)" time="72.558">
</testcase>
<testcase classname="Kragle Regression" name="Test: Validate PRESETS OFF Lightsync Presets: PRO (Windows_10, Wired)" time="70.735">
</testcase>
<testcase classname="Kragle Regression" name="Test: Validate PRESETS FIXED Lightsync Presets: PRO (Windows_10, Wired)" time="106.149">
</testcase>
<testcase classname="Kragle Regression" name="Test: Validate PRESETS CYCLE Lightsync Presets: PRO (Windows_10, Wired)" time="143.933">
</testcase>
<testcase classname="Kragle Regression" name="Test: Validate PRESETS BREATHING Lightsync Presets: PRO (Windows_10, Wired)" time="147.024">
</testcase>
<testcase classname="Kragle Regression" name="Test: Validate PRESETS COLOR WAVE Lightsync Presets: PRO (Windows_10, Wired)" time="173.317">
</testcase>
<testcase classname="Kragle Regression" name="Test: Validate PRESETS STARLIGHT Lightsync Presets: PRO (Windows_10, Wired)" time="132.830">
</testcase>
<testcase classname="Kragle Regression" name="Test: Validate PRESETS ECHO PRESS Lightsync Presets: PRO (Windows_10, Wired)" time="120.936">
</testcase>
<testcase classname="Kragle Regression" name="Test: Validate PRESETS SCREEN SAMPLER Lightsync Presets: PRO (Windows_10, Wired)" time="144.956">
<failure message="*HTML*ScreenSampler Effect Failed [Expected:'yellow', Actual:'magenta']: magenta != yellow &#10;&#10; &lt;a href=dmp_logs_2022_07_20_00_53_52.zip&gt;DEBUG_LOGS&lt;/a&gt; &#10;&#10; &lt;a href=end_test-screenshot-20220720-005352.png&gt;SCREENSHOT&lt;/a&gt; &#10;&#10; &lt;a href=C:\Jenkins\workspace\sion_features_navigation_screens/report20072022_00_54_04_page_source.html&gt;PAGE_SOURCE&lt;/a&gt;" type="AssertionError"/>
</testcase>
<testcase classname="Kragle Regression" name="Test: Validate PRESETS AUDIO VISUALIZER Lightsync Presets: PRO (Windows_10, Wired)" time="83.918">
</testcase>
<testcase classname="Kragle Regression" name="Test: Validate wasd quick color Freestyle effect: PRO (Windows_10, Wired)" time="106.770">
</testcase>
<testcase classname="Kragle Regression" name="Test: Validate numbers quick color Freestyle effect: PRO (Windows_10, Wired)" time="115.843">
</testcase>
<testcase classname="Kragle Regression" name="Test: Validate f keys quick color Freestyle effect: PRO (Windows_10, Wired)" time="112.779">
</testcase>
<testcase classname="Kragle Regression" name="Test: Validate modifier quick color Freestyle effect: PRO (Windows_10, Wired)" time="73.215">
</testcase>
<testcase classname="Kragle Regression" name="Test: Validate arrow keys quick color Freestyle effect: PRO (Windows_10, Wired)" time="106.637">
</testcase>
<testcase classname="Kragle Regression" name="Test: Validate logo quick color Freestyle effect: PRO (Windows_10, Wired)" time="117.671">
</testcase>
<testcase classname="Kragle Regression" name="Test: Validate CONTRASTIC Animations effect: PRO (Windows_10, Wired)" time="103.609">
</testcase>
<testcase classname="Kragle Regression" name="Test: Validate LIGHTNING Animations effect: PRO (Windows_10, Wired)" time="62.271">
</testcase>
<testcase classname="Kragle Regression" name="Test: Validate OCEAN WAVE Animations effect: PRO (Windows_10, Wired)" time="65.475">
</testcase>
<testcase classname="Kragle Regression" name="Test: Validate RED WHITE AND BLUE Animations effect: PRO (Windows_10, Wired)" time="70.233">
</testcase>
<testcase classname="Kragle Regression" name="Test: Validate VERTICOOL Animations effect: PRO (Windows_10, Wired)" time="93.515">
</testcase>
<testcase classname="Kragle Regression" name="Test: Validate PRESETS FIXED Lightsync Presets: G910 (Windows_10, Wired)" time="134.970">
</testcase>
<testcase classname="Kragle Regression" name="Test: Validate PRESETS CYCLE Lightsync Presets: G910 (Windows_10, Wired)" time="170.418">
</testcase>
<testcase classname="Kragle Regression" name="Test: Validate PRESETS BREATHING Lightsync Presets: G910 (Windows_10, Wired)" time="183.380">
</testcase>
<testcase classname="Kragle Regression" name="Test: Validate PRESETS COLOR WAVE Lightsync Presets: G910 (Windows_10, Wired)" time="210.560">
</testcase>
<testcase classname="Kragle Regression" name="Test: Validate PRESETS SCREEN SAMPLER Lightsync Presets: G910 (Windows_10, Wired)" time="163.032">
<failure message="*HTML*ScreenSampler Effect Failed [Expected:'yellow', Actual:'magenta']: magenta != yellow &#10;&#10; &lt;a href=dmp_logs_2022_07_20_01_27_36.zip&gt;DEBUG_LOGS&lt;/a&gt; &#10;&#10; &lt;a href=end_test-screenshot-20220720-012736.png&gt;SCREENSHOT&lt;/a&gt; &#10;&#10; &lt;a href=C:\Jenkins\workspace\sion_features_navigation_screens/report20072022_01_27_48_page_source.html&gt;PAGE_SOURCE&lt;/a&gt;" type="AssertionError"/>
</testcase>
<testcase classname="Kragle Regression" name="Test: Validate PRESETS AUDIO VISUALIZER Lightsync Presets: G910 (Windows_10, Wired)" time="110.052">
</testcase>
<testcase classname="Kragle Regression" name="Test: Validate WASD quick color Freestyle effect: G910 (Windows_10, Wired)" time="117.882">
</testcase>
<testcase classname="Kragle Regression" name="Test: Validate NUMBERS quick color Freestyle effect: G910 (Windows_10, Wired)" time="121.643">
</testcase>
<testcase classname="Kragle Regression" name="Test: Validate F KEYS quick color Freestyle effect: G910 (Windows_10, Wired)" time="117.459">
</testcase>
<testcase classname="Kragle Regression" name="Test: Validate G KEYS quick color Freestyle effect: G910 (Windows_10, Wired)" time="77.840">
</testcase>
<testcase classname="Kragle Regression" name="Test: Validate MODIFIER quick color Freestyle effect: G910 (Windows_10, Wired)" time="75.482">
</testcase>
<testcase classname="Kragle Regression" name="Test: Validate ARROW KEYS quick color Freestyle effect: G910 (Windows_10, Wired)" time="122.381">
</testcase>
<testcase classname="Kragle Regression" name="Test: Validate LOGO quick color Freestyle effect: G910 (Windows_10, Wired)" time="125.647">
</testcase>
<testcase classname="Kragle Regression" name="Test: Validate CONTRASTIC Animations effect: G910 (Windows_10, Wired)" time="127.817">
</testcase>
<testcase classname="Kragle Regression" name="Test: Validate LIGHTNING Animations effect: G910 (Windows_10, Wired)" time="66.826">
</testcase>
<testcase classname="Kragle Regression" name="Test: Validate OCEAN WAVE Animations effect: G910 (Windows_10, Wired)" time="64.442">
</testcase>
<testcase classname="Kragle Regression" name="Test: Validate RED WHITE AND BLUE Animations effect: G910 (Windows_10, Wired)" time="69.597">
</testcase>
<testcase classname="Kragle Regression" name="Test: Validate VERTICOOL Animations effect: G910 (Windows_10, Wired)" time="107.072">
</testcase>
</testsuite>
