<?xml version="1.0" encoding="UTF-8"?>
<testsuite name="Kragle Regression" tests="2" errors="0" failures="2" skipped="0" time="810.242">
<testcase classname="Kragle Regression" name="Test Application Specific Test Cases" time="0.015">
<failure message="*HTML*Parent suite setup failed:&#10;LookupError: Find Control Timeout: {Name: 'Open LGHUB', ControlType: ButtonControl} &#10;&#10; &lt;a href=NA&gt;DEBUG_LOGS&lt;/a&gt; &#10;&#10; &lt;a href=NA&gt;SCREENSHOT&lt;/a&gt; &#10;&#10; &lt;a href=NA&gt;PAGE_SOURCE&lt;/a&gt;" type="AssertionError"/>
</testcase>
<testcase classname="Kragle Regression" name="Test Device Specific Test Cases" time="0.001">
<failure message="*HTML*Parent suite setup failed:&#10;LookupError: Find Control Timeout: {Name: 'Open LGHUB', ControlType: ButtonControl} &#10;&#10; &lt;a href=NA&gt;DEBUG_LOGS&lt;/a&gt; &#10;&#10; &lt;a href=NA&gt;SCREENSHOT&lt;/a&gt; &#10;&#10; &lt;a href=NA&gt;PAGE_SOURCE&lt;/a&gt;" type="AssertionError"/>
</testcase>
</testsuite>
