<?xml version="1.0" encoding="UTF-8"?>
<testsuite name="Kragle Regression" tests="150" errors="0" failures="49" skipped="4" time="39175.371">
<testcase classname="Kragle Regression" name="Test Application Specific Test Cases" time="0.095">
</testcase>
<testcase classname="Kragle Regression" name="Test Device Specific Test Cases" time="4.185">
</testcase>
<testcase classname="Kragle Regression" name="Test: Global Settings - Send Error Logs Process (macOS-12.1-x86_64-i386-64bit)" time="45.761">
<failure message="*HTML*&lt;b&gt;Known Issue:&lt;/b&gt;[&lt;a href=https://jira.logitech.io/browse/KRGL-8949&gt;KRGL-8949&lt;/a&gt;]&#10;Verify 'LGHUB Crashpad Handler' process is not running: 'COMMAND&#10;launchd&#10;logd&#10;UserEventAgent&#10;uninstalld&#10;fseventsd&#10;EndpointAgentDaemon&#10;mediaremoted&#10;systemstats&#10;configd&#10;endpointsecurityd&#10;powerd&#10;IOMFB_bics_daemon&#10;kandji-daemon&#10;remoted&#10;keybagd&#10;softwareupdated&#10;watchdogd&#10;mds&#10;iconservicesd&#10;    [ Message content over the limit has been removed. ]&#10;logi_crashpad_handler&#10;mdworker_shared&#10;login&#10;-zsh&#10;sh&#10;java&#10;sh&#10;sh&#10;sh&#10;python&#10;python&#10;python&#10;lghub&#10;lghub Helper (GPU)&#10;lghub Helper&#10;lghub Helper (Renderer)&#10;chromedriver_2_44&#10;sleep&#10;ps&#10;' contains 'logi_crashpad_handler' &#10;&#10; &lt;a href=dmp_logs_2022_07_19_12_35_58.zip&gt;DEBUG_LOGS&lt;/a&gt; &#10;&#10; &lt;a href=end_test-screenshot-20220719-123558.png&gt;SCREENSHOT&lt;/a&gt; &#10;&#10; &lt;a href=/private/var/jenkins/workspace/sion_features_navigation_screens/report19072022_12_36_21_page_source.html&gt;PAGE_SOURCE&lt;/a&gt;" type="AssertionError"/>
</testcase>
<testcase classname="Kragle Regression" name="Test: Global Settings - Desktop Notifications (macOS-12.1-x86_64-i386-64bit)" time="19.680">
</testcase>
<testcase classname="Kragle Regression" name="Test: Global Settings - GHUB Manual Link Should Open In Default Browser (macOS-12.1-x86_64-i386-64bit)" time="74.012">
<failure message="*HTML*&lt;b&gt;Known Issue:&lt;/b&gt;[&lt;a href=https://jira.logitech.io/browse/KRGL-10364&gt;KRGL-10364&lt;/a&gt;]&#10;Failure: Selector &quot;.app-settings-link.manual&quot; with attribute(s) &quot;{'innerText': 'G HUB Manual'}&quot; is Not Loaded &#10;&#10; &lt;a href=dmp_logs_2022_07_19_12_38_17.zip&gt;DEBUG_LOGS&lt;/a&gt; &#10;&#10; &lt;a href=end_test-screenshot-20220719-123817.png&gt;SCREENSHOT&lt;/a&gt; &#10;&#10; &lt;a href=/private/var/jenkins/workspace/sion_features_navigation_screens/report19072022_12_38_40_page_source.html&gt;PAGE_SOURCE&lt;/a&gt;" type="AssertionError"/>
</testcase>
<testcase classname="Kragle Regression" name="Test: Global Settings - Send Feedback Link Should Open In Default Browser (macOS-12.1-x86_64-i386-64bit)" time="26.481">
</testcase>
<testcase classname="Kragle Regression" name="Test: Global Settings - Send Error Report (macOS-12.1-x86_64-i386-64bit)" time="62.696">
</testcase>
<testcase classname="Kragle Regression" name="Test: Global Settings - Persistent Profile For Application (macOS-12.1-x86_64-i386-64bit)" time="92.459">
<failure message="*HTML*&lt;b&gt;Known Issue:&lt;/b&gt;[&lt;a href=https://jira.logitech.io/browse/KRGL-9079&gt;KRGL-9079&lt;/a&gt;]&#10;Failure: Selector &quot;.dls-select__anchor&quot; with attribute(s) &quot;{'text': 'TEXTEDIT'}&quot; is Not Loaded &#10;&#10; &lt;a href=dmp_logs_2022_07_19_12_42_04.zip&gt;DEBUG_LOGS&lt;/a&gt; &#10;&#10; &lt;a href=end_test-screenshot-20220719-124204.png&gt;SCREENSHOT&lt;/a&gt; &#10;&#10; &lt;a href=/private/var/jenkins/workspace/sion_features_navigation_screens/report19072022_12_42_27_page_source.html&gt;PAGE_SOURCE&lt;/a&gt;" type="AssertionError"/>
</testcase>
<testcase classname="Kragle Regression" name="Test: Global Settings - Analytics Json Files Dynamically Get Created When Share My Usage Data Option Is Checked (macOS-12.1-x86_64-i386-64bit)" time="81.738">
</testcase>
<testcase classname="Kragle Regression" name="Test: Global Settings - User Can Change Language (macOS-12.1-x86_64-i386-64bit)" time="58.648">
</testcase>
<testcase classname="Kragle Regression" name="Test: Global Settings - Global Persistent Profile Behavior (macOS-12.1-x86_64-i386-64bit)" time="197.132">
</testcase>
<testcase classname="Kragle Regression" name="Test: Global Settings - Turn On/Off Lighting After User Inactivity (macOS-12.1-x86_64-i386-64bit)" time="35.184">
</testcase>
<testcase classname="Kragle Regression" name="Test: Sample Lua.Script_Editor_Validation (macOS-12.1-x86_64-i386-64bit)" time="12.217">
<failure message="*HTML*Failure: Selector &quot;#header .appbar-profile-name&quot; is Not Loaded &#10;&#10; &lt;a href=dmp_logs_2022_07_19_12_42_04.zip&gt;DEBUG_LOGS&lt;/a&gt; &#10;&#10; &lt;a href=end_test-screenshot-20220719-124204.png&gt;SCREENSHOT&lt;/a&gt; &#10;&#10; &lt;a href=/private/var/jenkins/workspace/sion_features_navigation_screens/report19072022_12_42_27_page_source.html&gt;PAGE_SOURCE&lt;/a&gt;" type="AssertionError"/>
</testcase>
<testcase classname="Kragle Regression" name="Connect Device: G502 HERO:wired" time="1.040">
</testcase>
<testcase classname="Kragle Regression" name="Test: Local And Cloud Profile For Mouse: G502 HERO (Mac 12.1, Wired)" time="376.906">
</testcase>
<testcase classname="Kragle Regression" name="Test: OOB Software Support For Mouse: G502 HERO (Mac 12.1, Wired)" time="661.363">
<failure message="*HTML*G502 HERO not loaded in GHUB. &#10;&#10; &lt;a href=dmp_logs_2022_07_19_13_07_14.zip&gt;DEBUG_LOGS&lt;/a&gt; &#10;&#10; &lt;a href=end_test-screenshot-20220719-130714.png&gt;SCREENSHOT&lt;/a&gt; &#10;&#10; &lt;a href=/private/var/jenkins/workspace/sion_features_navigation_screens/report19072022_13_07_37_page_source.html&gt;PAGE_SOURCE&lt;/a&gt;" type="AssertionError"/>
</testcase>
<testcase classname="Kragle Regression" name="Test: Global Settings - My Gear For Mouse: G502 HERO (Mac 12.1, Wired)" time="368.585">
<failure message="*HTML*Failure: Selector &quot;.gdls-typo.gdls-color-high-xl.gdls-typo-heading.gdls-typo-h5.HeaderText&quot; with attribute(s) &quot;{'innerText': 'G502 HERO'}&quot; is Not Loaded &#10;&#10; &lt;a href=dmp_logs_2022_07_19_13_14_08.zip&gt;DEBUG_LOGS&lt;/a&gt; &#10;&#10; &lt;a href=end_test-screenshot-20220719-131408.png&gt;SCREENSHOT&lt;/a&gt; &#10;&#10; &lt;a href=/private/var/jenkins/workspace/sion_features_navigation_screens/report19072022_13_14_31_page_source.html&gt;PAGE_SOURCE&lt;/a&gt;" type="AssertionError"/>
</testcase>
<testcase classname="Kragle Regression" name="Test: Global Settings - Verify Show Tutorial Enables Coach Marks For Mouse: G502 HERO (Mac 12.1, Wired)" time="369.283">
<failure message="*HTML*Failure: Selector &quot;.gdls-typo.gdls-color-high-xl.gdls-typo-heading.gdls-typo-h5.HeaderText&quot; with attribute(s) &quot;{'innerText': 'G502 HERO'}&quot; is Not Loaded &#10;&#10; &lt;a href=dmp_logs_2022_07_19_13_21_03.zip&gt;DEBUG_LOGS&lt;/a&gt; &#10;&#10; &lt;a href=end_test-screenshot-20220719-132103.png&gt;SCREENSHOT&lt;/a&gt; &#10;&#10; &lt;a href=/private/var/jenkins/workspace/sion_features_navigation_screens/report19072022_13_21_26_page_source.html&gt;PAGE_SOURCE&lt;/a&gt;" type="AssertionError"/>
</testcase>
<testcase classname="Kragle Regression" name="Test: Device Settings For Mouse - UI Verification: G502 HERO (Mac 12.1, Wired)" time="368.975">
</testcase>
<testcase classname="Kragle Regression" name="Test: Device Settings For Mouse - SYS Verification: G502 HERO (Mac 12.1, Wired)" time="370.815">
</testcase>
<testcase classname="Kragle Regression" name="Test: Persistent Profile For Mouse: G502 HERO (Mac 12.1, Wired)" time="2682.507">
</testcase>
<testcase classname="Kragle Regression" name="Test: DPI With Onboard Profile For Mouse: G502 HERO (Mac 12.1, Wired)" time="323.693">
</testcase>
<testcase classname="Kragle Regression" name="Test: DPI Sensitivity For Mouse: G502 HERO (Mac 12.1, Wired)" time="303.102">
</testcase>
<testcase classname="Kragle Regression" name="Test: DPI Sensitivity With Sleep System For Mouse: G502 HERO (Mac 12.1, Wired)" time="682.434">
<failure message="*HTML*G502 HERO not loaded in GHUB. &#10;&#10; &lt;a href=dmp_logs_2022_07_19_14_40_41.zip&gt;DEBUG_LOGS&lt;/a&gt; &#10;&#10; &lt;a href=end_test-screenshot-20220719-144041.png&gt;SCREENSHOT&lt;/a&gt; &#10;&#10; &lt;a href=/private/var/jenkins/workspace/sion_features_navigation_screens/report19072022_14_41_04_page_source.html&gt;PAGE_SOURCE&lt;/a&gt;" type="AssertionError"/>
</testcase>
<testcase classname="Kragle Regression" name="Test: DPI Sensitivity With Restart G HUB For Mouse: G502 HERO (Mac 12.1, Wired)" time="400.856">
<failure message="*HTML*G502 HERO not loaded in GHUB. &#10;&#10; &lt;a href=dmp_logs_2022_07_19_14_48_07.zip&gt;DEBUG_LOGS&lt;/a&gt; &#10;&#10; &lt;a href=end_test-screenshot-20220719-144807.png&gt;SCREENSHOT&lt;/a&gt; &#10;&#10; &lt;a href=/private/var/jenkins/workspace/sion_features_navigation_screens/report19072022_14_48_30_page_source.html&gt;PAGE_SOURCE&lt;/a&gt;" type="AssertionError"/>
</testcase>
<testcase classname="Kragle Regression" name="Test: Lightsync Effect For Mouse: G502 HERO (Mac 12.1, Wired)" time="400.660">
<failure message="*HTML*G502 HERO not loaded in GHUB. &#10;&#10; &lt;a href=dmp_logs_2022_07_19_14_55_34.zip&gt;DEBUG_LOGS&lt;/a&gt; &#10;&#10; &lt;a href=end_test-screenshot-20220719-145534.png&gt;SCREENSHOT&lt;/a&gt; &#10;&#10; &lt;a href=/private/var/jenkins/workspace/sion_features_navigation_screens/report19072022_14_55_57_page_source.html&gt;PAGE_SOURCE&lt;/a&gt;" type="AssertionError"/>
</testcase>
<testcase classname="Kragle Regression" name="Test: Lightsync Effect With Restart G HUB For Mouse: G502 HERO (Mac 12.1, Wired)" time="4.246">
</testcase>
<testcase classname="Kragle Regression" name="Test: Profile Lighting For Headset - UI Verification: G502 HERO (Mac 12.1, Wired)" time="354.726">
<failure message="*HTML*Failure: Selector &quot;.panel-wrapper.lighting .color-picker .color-picker-title-container&quot; is Not Loaded &#10;&#10; &lt;a href=dmp_logs_2022_07_19_15_02_00.zip&gt;DEBUG_LOGS&lt;/a&gt; &#10;&#10; &lt;a href=end_test-screenshot-20220719-150200.png&gt;SCREENSHOT&lt;/a&gt; &#10;&#10; &lt;a href=/private/var/jenkins/workspace/sion_features_navigation_screens/report19072022_15_02_23_page_source.html&gt;PAGE_SOURCE&lt;/a&gt;" type="AssertionError"/>
</testcase>
<testcase classname="Kragle Regression" name="Test: Lightsync Effect For Headset - GUI Verification: G502 HERO (Mac 12.1, Wired)" time="395.493">
<failure message="*HTML*G502 HERO not loaded in GHUB. &#10;&#10; &lt;a href=dmp_logs_2022_07_19_15_09_40.zip&gt;DEBUG_LOGS&lt;/a&gt; &#10;&#10; &lt;a href=end_test-screenshot-20220719-150939.png&gt;SCREENSHOT&lt;/a&gt; &#10;&#10; &lt;a href=/private/var/jenkins/workspace/sion_features_navigation_screens/report19072022_15_10_03_page_source.html&gt;PAGE_SOURCE&lt;/a&gt;" type="AssertionError"/>
</testcase>
<testcase classname="Kragle Regression" name="Test: Lightsync Effect With Sleep System For Mouse: G502 HERO (Mac 12.1, Wired)" time="559.131">
<failure message="*HTML*Several failures occurred:&#10;&#10;1) Failure:  Not able to drag slider handle to 50 %.&#10;&#10;2) Failure: Selector &quot;//h5[contains(text(),'EFFECT')]/ancestor::div[@class='panel-section']/child::div/descendant::span[@class='glyphicon glyphicon-chevron-down']&quot; is Not Loaded&#10;&#10;3) Failure: Selector &quot;.dropdown-current&quot; with attribute(s) &quot;{'innerText': 'SCREEN SAMPLER'}&quot; is Not Loaded &#10;&#10; &lt;a href=dmp_logs_2022_07_19_15_19_43.zip&gt;DEBUG_LOGS&lt;/a&gt; &#10;&#10; &lt;a href=end_test-screenshot-20220719-151943.png&gt;SCREENSHOT&lt;/a&gt; &#10;&#10; &lt;a href=/private/var/jenkins/workspace/sion_features_navigation_screens/report19072022_15_20_06_page_source.html&gt;PAGE_SOURCE&lt;/a&gt;" type="AssertionError"/>
</testcase>
<testcase classname="Kragle Regression" name="Test: Lightsync Effect With Onboard Profile For Mouse: G502 HERO (Mac 12.1, Wired)" time="388.988">
</testcase>
<testcase classname="Kragle Regression" name="Disconnect: G502 HERO:wired &amp; Connect: G502 LIGHTSPEED:wired" time="2.201">
</testcase>
<testcase classname="Kragle Regression" name="Test: Local And Cloud Profile For Mouse: G502 LIGHTSPEED (Mac 12.1, Wired)" time="380.779">
</testcase>
<testcase classname="Kragle Regression" name="Test: OOB Software Support For Mouse: G502 LIGHTSPEED (Mac 12.1, Wired)" time="370.713">
</testcase>
<testcase classname="Kragle Regression" name="Test: Lightsync Effect For Mouse: G502 LIGHTSPEED (Mac 12.1, Wired)" time="28.485">
</testcase>
<testcase classname="Kragle Regression" name="Test: Lightsync Effect With Restart G HUB For Mouse: G502 LIGHTSPEED (Mac 12.1, Wired)" time="4.191">
</testcase>
<testcase classname="Kragle Regression" name="Test: Lightsync Effect With Sleep System For Mouse: G502 LIGHTSPEED (Mac 12.1, Wired)" time="1061.565">
<failure message="*HTML*Several failures occurred:&#10;&#10;1) ScreenSampler Effect Failed [Expected:'yellow', Actual:'black']: black != yellow&#10;&#10;2) Failure: Sending Message Timed Out&#10;&#10;3) Failure: Sending Message Timed Out&#10;&#10;4) Failure: Sending Message Timed Out&#10;&#10;5) Failure: Sending Message Timed Out&#10;&#10;6) Chrome Profile Switching Failed !!! &#10;&#10; &lt;a href=dmp_logs_2022_07_19_15_57_43.zip&gt;DEBUG_LOGS&lt;/a&gt; &#10;&#10; &lt;a href=end_test-screenshot-20220719-155743.png&gt;SCREENSHOT&lt;/a&gt; &#10;&#10; &lt;a href=/private/var/jenkins/workspace/sion_features_navigation_screens/report19072022_15_58_07_page_source.html&gt;PAGE_SOURCE&lt;/a&gt;" type="AssertionError"/>
</testcase>
<testcase classname="Kragle Regression" name="Test: Lightsync Effect With Onboard Profile For Mouse: G502 LIGHTSPEED (Mac 12.1, Wired)" time="401.074">
</testcase>
<testcase classname="Kragle Regression" name="Test: Global Settings - My Gear For Mouse: G502 LIGHTSPEED (Mac 12.1, Wired)" time="42.156">
<failure message="*HTML*Failure: Selector &quot;.back-button&quot; is Not Clickable &#10;&#10; &lt;a href=dmp_logs_2022_07_19_16_05_53.zip&gt;DEBUG_LOGS&lt;/a&gt; &#10;&#10; &lt;a href=end_test-screenshot-20220719-160552.png&gt;SCREENSHOT&lt;/a&gt; &#10;&#10; &lt;a href=/private/var/jenkins/workspace/sion_features_navigation_screens/report19072022_16_06_16_page_source.html&gt;PAGE_SOURCE&lt;/a&gt;" type="AssertionError"/>
</testcase>
<testcase classname="Kragle Regression" name="Test: Global Settings - Verify Show Tutorial Enables Coach Marks For Mouse: G502 LIGHTSPEED (Mac 12.1, Wired)" time="30.487">
</testcase>
<testcase classname="Kragle Regression" name="Test: Device Settings For Mouse - UI Verification: G502 LIGHTSPEED (Mac 12.1, Wired)" time="355.219">
</testcase>
<testcase classname="Kragle Regression" name="Test: Device Settings For Mouse - SYS Verification: G502 LIGHTSPEED (Mac 12.1, Wired)" time="376.191">
</testcase>
<testcase classname="Kragle Regression" name="Test: DPI With Onboard Profile For Mouse: G502 LIGHTSPEED (Mac 12.1, Wired)" time="296.962">
</testcase>
<testcase classname="Kragle Regression" name="Test: DPI Sensitivity For Mouse: G502 LIGHTSPEED (Mac 12.1, Wired)" time="308.558">
</testcase>
<testcase classname="Kragle Regression" name="Test: DPI Sensitivity With Sleep System For Mouse: G502 LIGHTSPEED (Mac 12.1, Wired)" time="322.778">
</testcase>
<testcase classname="Kragle Regression" name="Test: DPI Sensitivity With Restart G HUB For Mouse: G502 LIGHTSPEED (Mac 12.1, Wired)" time="150.361">
</testcase>
<testcase classname="Kragle Regression" name="Disconnect: G502 LIGHTSPEED:wired &amp; Connect: G403 HERO:wired" time="2.250">
</testcase>
<testcase classname="Kragle Regression" name="Test: Local And Cloud Profile For Mouse: G403 HERO (Mac 12.1, Wired)" time="462.871">
<failure message="*HTML*G403 HERO not loaded in GHUB. &#10;&#10; &lt;a href=dmp_logs_2022_07_19_16_45_02.zip&gt;DEBUG_LOGS&lt;/a&gt; &#10;&#10; &lt;a href=end_test-screenshot-20220719-164502.png&gt;SCREENSHOT&lt;/a&gt; &#10;&#10; &lt;a href=/private/var/jenkins/workspace/sion_features_navigation_screens/report19072022_16_45_25_page_source.html&gt;PAGE_SOURCE&lt;/a&gt;" type="AssertionError"/>
</testcase>
<testcase classname="Kragle Regression" name="Test: OOB Software Support For Mouse: G403 HERO (Mac 12.1, Wired)" time="470.624">
</testcase>
<testcase classname="Kragle Regression" name="Test: Global Settings - My Gear For Mouse: G403 HERO (Mac 12.1, Wired)" time="41.372">
<failure message="*HTML*Failure: Selector &quot;.back-button&quot; is Not Clickable &#10;&#10; &lt;a href=dmp_logs_2022_07_19_16_54_19.zip&gt;DEBUG_LOGS&lt;/a&gt; &#10;&#10; &lt;a href=end_test-screenshot-20220719-165419.png&gt;SCREENSHOT&lt;/a&gt; &#10;&#10; &lt;a href=/private/var/jenkins/workspace/sion_features_navigation_screens/report19072022_16_54_42_page_source.html&gt;PAGE_SOURCE&lt;/a&gt;" type="AssertionError"/>
</testcase>
<testcase classname="Kragle Regression" name="Test: Global Settings - Verify Show Tutorial Enables Coach Marks For Mouse: G403 HERO (Mac 12.1, Wired)" time="30.581">
</testcase>
<testcase classname="Kragle Regression" name="Test: Device Settings For Mouse - UI Verification: G403 HERO (Mac 12.1, Wired)" time="353.935">
</testcase>
<testcase classname="Kragle Regression" name="Test: Device Settings For Mouse - SYS Verification: G403 HERO (Mac 12.1, Wired)" time="327.655">
</testcase>
<testcase classname="Kragle Regression" name="Test: DPI With Onboard Profile For Mouse: G403 HERO (Mac 12.1, Wired)" time="282.485">
</testcase>
<testcase classname="Kragle Regression" name="Test: DPI Sensitivity For Mouse: G403 HERO (Mac 12.1, Wired)" time="299.847">
</testcase>
<testcase classname="Kragle Regression" name="Test: DPI Sensitivity With Sleep System For Mouse: G403 HERO (Mac 12.1, Wired)" time="681.730">
<failure message="*HTML*G403 HERO not loaded in GHUB. &#10;&#10; &lt;a href=dmp_logs_2022_07_19_17_27_59.zip&gt;DEBUG_LOGS&lt;/a&gt; &#10;&#10; &lt;a href=end_test-screenshot-20220719-172759.png&gt;SCREENSHOT&lt;/a&gt; &#10;&#10; &lt;a href=/private/var/jenkins/workspace/sion_features_navigation_screens/report19072022_17_28_22_page_source.html&gt;PAGE_SOURCE&lt;/a&gt;" type="AssertionError"/>
</testcase>
<testcase classname="Kragle Regression" name="Test: DPI Sensitivity With Restart G HUB For Mouse: G403 HERO (Mac 12.1, Wired)" time="400.698">
<failure message="*HTML*G403 HERO not loaded in GHUB. &#10;&#10; &lt;a href=dmp_logs_2022_07_19_17_35_26.zip&gt;DEBUG_LOGS&lt;/a&gt; &#10;&#10; &lt;a href=end_test-screenshot-20220719-173525.png&gt;SCREENSHOT&lt;/a&gt; &#10;&#10; &lt;a href=/private/var/jenkins/workspace/sion_features_navigation_screens/report19072022_17_35_49_page_source.html&gt;PAGE_SOURCE&lt;/a&gt;" type="AssertionError"/>
</testcase>
<testcase classname="Kragle Regression" name="Test: Lightsync Effect For Mouse: G403 HERO (Mac 12.1, Wired)" time="400.756">
<failure message="*HTML*G403 HERO not loaded in GHUB. &#10;&#10; &lt;a href=dmp_logs_2022_07_19_17_42_52.zip&gt;DEBUG_LOGS&lt;/a&gt; &#10;&#10; &lt;a href=end_test-screenshot-20220719-174252.png&gt;SCREENSHOT&lt;/a&gt; &#10;&#10; &lt;a href=/private/var/jenkins/workspace/sion_features_navigation_screens/report19072022_17_43_15_page_source.html&gt;PAGE_SOURCE&lt;/a&gt;" type="AssertionError"/>
</testcase>
<testcase classname="Kragle Regression" name="Test: Lightsync Effect With Restart G HUB For Mouse: G403 HERO (Mac 12.1, Wired)" time="4.236">
</testcase>
<testcase classname="Kragle Regression" name="Test: Lightsync Effect With Sleep System For Mouse: G403 HERO (Mac 12.1, Wired)" time="399.752">
<failure message="*HTML*G403 HERO not loaded in GHUB. &#10;&#10; &lt;a href=dmp_logs_2022_07_19_17_50_22.zip&gt;DEBUG_LOGS&lt;/a&gt; &#10;&#10; &lt;a href=end_test-screenshot-20220719-175021.png&gt;SCREENSHOT&lt;/a&gt; &#10;&#10; &lt;a href=/private/var/jenkins/workspace/sion_features_navigation_screens/report19072022_17_50_44_page_source.html&gt;PAGE_SOURCE&lt;/a&gt;" type="AssertionError"/>
</testcase>
<testcase classname="Kragle Regression" name="Test: Lightsync Effect With Onboard Profile For Mouse: G403 HERO (Mac 12.1, Wired)" time="749.373">
<failure message="*HTML*G403 HERO not loaded in GHUB.&#10;&#10;Also keyword teardown failed:&#10;Failure: Selector &quot;.gdls-typo.gdls-color-high-xl.gdls-typo-heading.gdls-typo-h5.HeaderText&quot; with attribute(s) &quot;{'innerText': 'G403 HERO'}&quot; is Not Loaded &#10;&#10; &lt;a href=dmp_logs_2022_07_19_18_03_36.zip&gt;DEBUG_LOGS&lt;/a&gt; &#10;&#10; &lt;a href=end_test-screenshot-20220719-180336.png&gt;SCREENSHOT&lt;/a&gt; &#10;&#10; &lt;a href=/private/var/jenkins/workspace/sion_features_navigation_screens/report19072022_18_03_59_page_source.html&gt;PAGE_SOURCE&lt;/a&gt;" type="AssertionError"/>
</testcase>
<testcase classname="Kragle Regression" name="Disconnect: G403 HERO:wired &amp; Connect: G402:wired" time="2.287">
</testcase>
<testcase classname="Kragle Regression" name="Test: Local And Cloud Profile For Mouse: G402 (Mac 12.1, Wired)" time="463.040">
<failure message="*HTML*G402 not loaded in GHUB. &#10;&#10; &lt;a href=dmp_logs_2022_07_19_18_12_08.zip&gt;DEBUG_LOGS&lt;/a&gt; &#10;&#10; &lt;a href=end_test-screenshot-20220719-181208.png&gt;SCREENSHOT&lt;/a&gt; &#10;&#10; &lt;a href=/private/var/jenkins/workspace/sion_features_navigation_screens/report19072022_18_12_31_page_source.html&gt;PAGE_SOURCE&lt;/a&gt;" type="AssertionError"/>
</testcase>
<testcase classname="Kragle Regression" name="Test: OOB Software Support For Mouse: G402 (Mac 12.1, Wired)" time="391.549">
<failure message="*HTML*G402 not loaded in GHUB. &#10;&#10; &lt;a href=dmp_logs_2022_07_19_18_19_25.zip&gt;DEBUG_LOGS&lt;/a&gt; &#10;&#10; &lt;a href=end_test-screenshot-20220719-181925.png&gt;SCREENSHOT&lt;/a&gt; &#10;&#10; &lt;a href=/private/var/jenkins/workspace/sion_features_navigation_screens/report19072022_18_19_48_page_source.html&gt;PAGE_SOURCE&lt;/a&gt;" type="AssertionError"/>
</testcase>
<testcase classname="Kragle Regression" name="Test: Lightsync Effect For Mouse: G402 (Mac 12.1, Wired)" time="400.179">
<failure message="*HTML*G402 not loaded in GHUB. &#10;&#10; &lt;a href=dmp_logs_2022_07_19_18_26_51.zip&gt;DEBUG_LOGS&lt;/a&gt; &#10;&#10; &lt;a href=end_test-screenshot-20220719-182651.png&gt;SCREENSHOT&lt;/a&gt; &#10;&#10; &lt;a href=/private/var/jenkins/workspace/sion_features_navigation_screens/report19072022_18_27_14_page_source.html&gt;PAGE_SOURCE&lt;/a&gt;" type="AssertionError"/>
</testcase>
<testcase classname="Kragle Regression" name="Test: Lightsync Effect With Restart G HUB For Mouse: G402 (Mac 12.1, Wired)" time="4.233">
</testcase>
<testcase classname="Kragle Regression" name="Test: Lightsync Effect With Sleep System For Mouse: G402 (Mac 12.1, Wired)" time="297.736">
</testcase>
<testcase classname="Kragle Regression" name="Test: Lightsync Effect With Onboard Profile For Mouse: G402 (Mac 12.1, Wired)" time="36.271">
</testcase>
<testcase classname="Kragle Regression" name="Test: DPI With Onboard Profile For Mouse: G402 (Mac 12.1, Wired)" time="303.544">
</testcase>
<testcase classname="Kragle Regression" name="Test: DPI Sensitivity For Mouse: G402 (Mac 12.1, Wired)" time="118.377">
<failure message="*HTML*&lt;b&gt;Known Issue:&lt;/b&gt;[&lt;a href=https://jira.logitech.io/browse/KRGL-4535&gt;KRGL-4535&lt;/a&gt;]&#10;The expected repo rate (500) and the actual value from backend repo rate (1000) does not match: 500 != 1000 &#10;&#10; &lt;a href=dmp_logs_2022_07_19_18_40_17.zip&gt;DEBUG_LOGS&lt;/a&gt; &#10;&#10; &lt;a href=end_test-screenshot-20220719-184017.png&gt;SCREENSHOT&lt;/a&gt; &#10;&#10; &lt;a href=/private/var/jenkins/workspace/sion_features_navigation_screens/report19072022_18_40_40_page_source.html&gt;PAGE_SOURCE&lt;/a&gt;" type="AssertionError"/>
</testcase>
<testcase classname="Kragle Regression" name="Test: DPI Sensitivity With Sleep System For Mouse: G402 (Mac 12.1, Wired)" time="97.810">
<failure message="*HTML*&lt;b&gt;Known Issue:&lt;/b&gt;[&lt;a href=https://jira.logitech.io/browse/KRGL-4535&gt;KRGL-4535&lt;/a&gt;]&#10;The expected repo rate (125) and the actual value from backend repo rate (1000) does not match: 125 != 1000 &#10;&#10; &lt;a href=dmp_logs_2022_07_19_18_42_38.zip&gt;DEBUG_LOGS&lt;/a&gt; &#10;&#10; &lt;a href=end_test-screenshot-20220719-184238.png&gt;SCREENSHOT&lt;/a&gt; &#10;&#10; &lt;a href=/private/var/jenkins/workspace/sion_features_navigation_screens/report19072022_18_43_01_page_source.html&gt;PAGE_SOURCE&lt;/a&gt;" type="AssertionError"/>
</testcase>
<testcase classname="Kragle Regression" name="Test: DPI Sensitivity With Restart G HUB For Mouse: G402 (Mac 12.1, Wired)" time="67.450">
<failure message="*HTML*&lt;b&gt;Known Issue:&lt;/b&gt;[&lt;a href=https://jira.logitech.io/browse/KRGL-4535&gt;KRGL-4535&lt;/a&gt;]&#10;The expected repo rate (125) and the actual value from backend repo rate (1000) does not match: 125 != 1000 &#10;&#10; &lt;a href=dmp_logs_2022_07_19_18_44_29.zip&gt;DEBUG_LOGS&lt;/a&gt; &#10;&#10; &lt;a href=end_test-screenshot-20220719-184429.png&gt;SCREENSHOT&lt;/a&gt; &#10;&#10; &lt;a href=/private/var/jenkins/workspace/sion_features_navigation_screens/report19072022_18_44_52_page_source.html&gt;PAGE_SOURCE&lt;/a&gt;" type="AssertionError"/>
</testcase>
<testcase classname="Kragle Regression" name="Test: Device Settings For Mouse - SYS Verification: G402 (Mac 12.1, Wired)" time="47.598">
</testcase>
<testcase classname="Kragle Regression" name="Disconnect: G402:wired &amp; Connect: G413:wired" time="2.177">
</testcase>
<testcase classname="Kragle Regression" name="Test: Local And Cloud Profile For Keyboard: G413 (Mac 12.1, Wired)" time="368.179">
</testcase>
<testcase classname="Kragle Regression" name="Test: Global Settings - My Gear For Keyboard: G413 (Mac 12.1, Wired)" time="40.736">
<failure message="*HTML*Failure: Selector &quot;.back-button&quot; is Not Clickable &#10;&#10; &lt;a href=dmp_logs_2022_07_19_18_52_51.zip&gt;DEBUG_LOGS&lt;/a&gt; &#10;&#10; &lt;a href=end_test-screenshot-20220719-185251.png&gt;SCREENSHOT&lt;/a&gt; &#10;&#10; &lt;a href=/private/var/jenkins/workspace/sion_features_navigation_screens/report19072022_18_53_14_page_source.html&gt;PAGE_SOURCE&lt;/a&gt;" type="AssertionError"/>
</testcase>
<testcase classname="Kragle Regression" name="Test: Global Settings - Verify Show Tutorial Enables Coach Marks For Keyboard: G413 (Mac 12.1, Wired)" time="59.884">
</testcase>
<testcase classname="Kragle Regression" name="Test: Device Settings For Keyboard - UI Verification: G413 (Mac 12.1, Wired)" time="119.721">
</testcase>
<testcase classname="Kragle Regression" name="Test: Device Settings For Keyboard - SYS Verification: G413 (Mac 12.1, Wired)" time="134.561">
</testcase>
<testcase classname="Kragle Regression" name="Test: Game Mode For Keyboard: G413 (Mac 12.1, Wired)" time="78.782">
</testcase>
<testcase classname="Kragle Regression" name="Test: Game Mode Restore Default Settings For Keyboard: G413 (Mac 12.1, Wired)" time="42.287">
</testcase>
<testcase classname="Kragle Regression" name="Test: All Profiles Should Be Same Disabled Keys In Game Mode When Profile Is Locked For Keyboard: G413 (Mac 12.1, Wired)" time="606.251">
</testcase>
<testcase classname="Kragle Regression" name="Test: All Profiles Should Be Same Disabled Keys Which Are Disabled While Profile Is Locked In Game Mode: G413 (Mac 12.1, Wired)" time="812.958">
<failure message="*HTML*G413 not loaded in GHUB. &#10;&#10; &lt;a href=dmp_logs_2022_07_19_19_24_30.zip&gt;DEBUG_LOGS&lt;/a&gt; &#10;&#10; &lt;a href=end_test-screenshot-20220719-192429.png&gt;SCREENSHOT&lt;/a&gt; &#10;&#10; &lt;a href=/private/var/jenkins/workspace/sion_features_navigation_screens/report19072022_19_24_53_page_source.html&gt;PAGE_SOURCE&lt;/a&gt;" type="AssertionError"/>
</testcase>
<testcase classname="Kragle Regression" name="Test: Lightsync Effect For Keyboard: G413 (Mac 12.1, Wired)" time="400.118">
<failure message="*HTML*G413 not loaded in GHUB. &#10;&#10; &lt;a href=dmp_logs_2022_07_19_19_31_56.zip&gt;DEBUG_LOGS&lt;/a&gt; &#10;&#10; &lt;a href=end_test-screenshot-20220719-193155.png&gt;SCREENSHOT&lt;/a&gt; &#10;&#10; &lt;a href=/private/var/jenkins/workspace/sion_features_navigation_screens/report19072022_19_32_19_page_source.html&gt;PAGE_SOURCE&lt;/a&gt;" type="AssertionError"/>
</testcase>
<testcase classname="Kragle Regression" name="Disconnect: G413:wired &amp; Connect: G213:wired" time="2.272">
</testcase>
<testcase classname="Kragle Regression" name="Test: Local And Cloud Profile For Keyboard: G213 (Mac 12.1, Wired)" time="477.473">
<failure message="*HTML*G213 not loaded in GHUB. &#10;&#10; &lt;a href=dmp_logs_2022_07_19_19_40_41.zip&gt;DEBUG_LOGS&lt;/a&gt; &#10;&#10; &lt;a href=end_test-screenshot-20220719-194041.png&gt;SCREENSHOT&lt;/a&gt; &#10;&#10; &lt;a href=/private/var/jenkins/workspace/sion_features_navigation_screens/report19072022_19_41_04_page_source.html&gt;PAGE_SOURCE&lt;/a&gt;" type="AssertionError"/>
</testcase>
<testcase classname="Kragle Regression" name="Test: Lightsync Effect For Keyboard: G213 (Mac 12.1, Wired)" time="48.383">
<skipped message="To be implemented for for Freestyle effect of RGB ZONAL devices" type="SkipExecution"/>
</testcase>
<testcase classname="Kragle Regression" name="Test: Global Settings - My Gear For Keyboard: G213 (Mac 12.1, Wired)" time="61.993">
<failure message="*HTML*Failure: Selector &quot;.back-button&quot; is Not Clickable &#10;&#10; &lt;a href=dmp_logs_2022_07_19_19_43_17.zip&gt;DEBUG_LOGS&lt;/a&gt; &#10;&#10; &lt;a href=end_test-screenshot-20220719-194316.png&gt;SCREENSHOT&lt;/a&gt; &#10;&#10; &lt;a href=/private/var/jenkins/workspace/sion_features_navigation_screens/report19072022_19_43_40_page_source.html&gt;PAGE_SOURCE&lt;/a&gt;" type="AssertionError"/>
</testcase>
<testcase classname="Kragle Regression" name="Test: Global Settings - Verify Show Tutorial Enables Coach Marks For Keyboard: G213 (Mac 12.1, Wired)" time="59.617">
</testcase>
<testcase classname="Kragle Regression" name="Test: Device Settings For Keyboard - UI Verification: G213 (Mac 12.1, Wired)" time="119.462">
</testcase>
<testcase classname="Kragle Regression" name="Test: Device Settings For Keyboard - SYS Verification: G213 (Mac 12.1, Wired)" time="126.680">
</testcase>
<testcase classname="Kragle Regression" name="Test: Game Mode For Keyboard: G213 (Mac 12.1, Wired)" time="79.013">
</testcase>
<testcase classname="Kragle Regression" name="Test: Game Mode Restore Default Settings For Keyboard: G213 (Mac 12.1, Wired)" time="42.644">
</testcase>
<testcase classname="Kragle Regression" name="Test: All Profiles Should Be Same Disabled Keys In Game Mode When Profile Is Locked For Keyboard: G213 (Mac 12.1, Wired)" time="845.379">
<failure message="*HTML*G213 not loaded in GHUB. &#10;&#10; &lt;a href=dmp_logs_2022_07_19_20_05_13.zip&gt;DEBUG_LOGS&lt;/a&gt; &#10;&#10; &lt;a href=end_test-screenshot-20220719-200513.png&gt;SCREENSHOT&lt;/a&gt; &#10;&#10; &lt;a href=/private/var/jenkins/workspace/sion_features_navigation_screens/report19072022_20_05_36_page_source.html&gt;PAGE_SOURCE&lt;/a&gt;" type="AssertionError"/>
</testcase>
<testcase classname="Kragle Regression" name="Test: All Profiles Should Be Same Disabled Keys Which Are Disabled While Profile Is Locked In Game Mode: G213 (Mac 12.1, Wired)" time="539.157">
<failure message="*HTML*G213 not loaded in GHUB. &#10;&#10; &lt;a href=dmp_logs_2022_07_19_20_14_58.zip&gt;DEBUG_LOGS&lt;/a&gt; &#10;&#10; &lt;a href=end_test-screenshot-20220719-201458.png&gt;SCREENSHOT&lt;/a&gt; &#10;&#10; &lt;a href=/private/var/jenkins/workspace/sion_features_navigation_screens/report19072022_20_15_21_page_source.html&gt;PAGE_SOURCE&lt;/a&gt;" type="AssertionError"/>
</testcase>
<testcase classname="Kragle Regression" name="Disconnect: G213:wired &amp; Connect: G910:wired" time="2.157">
</testcase>
<testcase classname="Kragle Regression" name="Test: Local And Cloud Profile For Keyboard: G910 (Mac 12.1, Wired)" time="379.833">
</testcase>
<testcase classname="Kragle Regression" name="Test: Global Settings - My Gear For Keyboard: G910 (Mac 12.1, Wired)" time="41.011">
<failure message="*HTML*Failure: Selector &quot;.back-button&quot; is Not Clickable &#10;&#10; &lt;a href=dmp_logs_2022_07_19_20_22_44.zip&gt;DEBUG_LOGS&lt;/a&gt; &#10;&#10; &lt;a href=end_test-screenshot-20220719-202244.png&gt;SCREENSHOT&lt;/a&gt; &#10;&#10; &lt;a href=/private/var/jenkins/workspace/sion_features_navigation_screens/report19072022_20_23_08_page_source.html&gt;PAGE_SOURCE&lt;/a&gt;" type="AssertionError"/>
</testcase>
<testcase classname="Kragle Regression" name="Test: Global Settings - Verify Show Tutorial Enables Coach Marks For Keyboard: G910 (Mac 12.1, Wired)" time="59.662">
</testcase>
<testcase classname="Kragle Regression" name="Test: Device Settings For Keyboard - UI Verification: G910 (Mac 12.1, Wired)" time="119.756">
</testcase>
<testcase classname="Kragle Regression" name="Test: Device Settings For Keyboard - SYS Verification: G910 (Mac 12.1, Wired)" time="128.005">
</testcase>
<testcase classname="Kragle Regression" name="Test: Persistent Profile For Keyboard: G910 (Mac 12.1, Wired)" time="2462.046">
</testcase>
<testcase classname="Kragle Regression" name="Test: Game Mode For Keyboard: G910 (Mac 12.1, Wired)" time="81.462">
</testcase>
<testcase classname="Kragle Regression" name="Test: Game Mode Restore Default Settings For Keyboard: G910 (Mac 12.1, Wired)" time="44.742">
</testcase>
<testcase classname="Kragle Regression" name="Test: All Profiles Should Be Same Disabled Keys In Game Mode When Profile Is Locked For Keyboard: G910 (Mac 12.1, Wired)" time="850.391">
<failure message="*HTML*G910 not loaded in GHUB. &#10;&#10; &lt;a href=dmp_logs_2022_07_19_21_25_54.zip&gt;DEBUG_LOGS&lt;/a&gt; &#10;&#10; &lt;a href=end_test-screenshot-20220719-212554.png&gt;SCREENSHOT&lt;/a&gt; &#10;&#10; &lt;a href=/private/var/jenkins/workspace/sion_features_navigation_screens/report19072022_21_26_17_page_source.html&gt;PAGE_SOURCE&lt;/a&gt;" type="AssertionError"/>
</testcase>
<testcase classname="Kragle Regression" name="Test: All Profiles Should Be Same Disabled Keys Which Are Disabled While Profile Is Locked In Game Mode: G910 (Mac 12.1, Wired)" time="539.498">
<failure message="*HTML*G910 not loaded in GHUB. &#10;&#10; &lt;a href=dmp_logs_2022_07_19_21_35_39.zip&gt;DEBUG_LOGS&lt;/a&gt; &#10;&#10; &lt;a href=end_test-screenshot-20220719-213539.png&gt;SCREENSHOT&lt;/a&gt; &#10;&#10; &lt;a href=/private/var/jenkins/workspace/sion_features_navigation_screens/report19072022_21_36_02_page_source.html&gt;PAGE_SOURCE&lt;/a&gt;" type="AssertionError"/>
</testcase>
<testcase classname="Kragle Regression" name="Test: Lightsync Effect For Keyboard: G910 (Mac 12.1, Wired)" time="400.941">
<failure message="*HTML*G910 not loaded in GHUB. &#10;&#10; &lt;a href=dmp_logs_2022_07_19_21_43_06.zip&gt;DEBUG_LOGS&lt;/a&gt; &#10;&#10; &lt;a href=end_test-screenshot-20220719-214306.png&gt;SCREENSHOT&lt;/a&gt; &#10;&#10; &lt;a href=/private/var/jenkins/workspace/sion_features_navigation_screens/report19072022_21_43_29_page_source.html&gt;PAGE_SOURCE&lt;/a&gt;" type="AssertionError"/>
</testcase>
<testcase classname="Kragle Regression" name="Disconnect: G910:wired &amp; Connect: G935:wireless" time="2.275">
</testcase>
<testcase classname="Kragle Regression" name="Test: Equalizer Presets - Community Card For Headset: G935 (Mac 12.1, Wireless)" time="4.158">
</testcase>
<testcase classname="Kragle Regression" name="Test: Acoustics Feature For Headset: G935 (Mac 12.1, Wireless)" time="4.118">
</testcase>
<testcase classname="Kragle Regression" name="Test: Surround Sound Feature For Headset: G935 (Mac 12.1, Wireless)" time="4.133">
</testcase>
<testcase classname="Kragle Regression" name="Test: Profile Lighting For Headset - UI Verification: G935 (Mac 12.1, Wireless)" time="454.410">
<failure message="*HTML*Several failures occurred:&#10;&#10;1) Failure: Sending Message Timed Out&#10;&#10;2) Failure: Sending Message Timed Out&#10;&#10;3) Chrome Profile Switching Failed !!! &#10;&#10; &lt;a href=dmp_logs_2022_07_19_21_51_02.zip&gt;DEBUG_LOGS&lt;/a&gt; &#10;&#10; &lt;a href=end_test-screenshot-20220719-215101.png&gt;SCREENSHOT&lt;/a&gt; &#10;&#10; &lt;a href=/private/var/jenkins/workspace/sion_features_navigation_screens/report19072022_21_51_25_page_source.html&gt;PAGE_SOURCE&lt;/a&gt;" type="AssertionError"/>
</testcase>
<testcase classname="Kragle Regression" name="Test: Lightsync Effect For Headset - GUI Verification: G935 (Mac 12.1, Wireless)" time="29.556">
</testcase>
<testcase classname="Kragle Regression" name="Test: Device Settings For Headset - UI Verification: G935 (Mac 12.1, Wireless)" time="184.290">
<failure message="*HTML*Several failures occurred:&#10;&#10;1) Failure: Selector &quot;//p[text()='ON-BOARD EQUALIZER']/following-sibling::div&quot; is Not Loaded&#10;&#10;2) Failure: Selector &quot;.category-text.legal&quot; with attribute(s) &quot;{'innerText': 'For DTS patents, see http://patents.dts.com. Manufactured under license from DTS Licensing Limited. HEADPHONE:X® &amp; the DTS HEADPHONE:X logo are registered trademarks or trademarks of DTS, Inc. in the United States and other countries. ©DTS, Inc. All Rights Reserved.'}&quot; is Not Loaded &#10;&#10; &lt;a href=dmp_logs_2022_07_19_21_56_01.zip&gt;DEBUG_LOGS&lt;/a&gt; &#10;&#10; &lt;a href=end_test-screenshot-20220719-215600.png&gt;SCREENSHOT&lt;/a&gt; &#10;&#10; &lt;a href=/private/var/jenkins/workspace/sion_features_navigation_screens/report19072022_21_56_24_page_source.html&gt;PAGE_SOURCE&lt;/a&gt;" type="AssertionError"/>
</testcase>
<testcase classname="Kragle Regression" name="Test: Global Settings - My Gear For Headset: G935 (Mac 12.1, Wireless)" time="44.614">
<failure message="*HTML*Failure: Selector &quot;.back-button&quot; is Not Clickable &#10;&#10; &lt;a href=dmp_logs_2022_07_19_21_57_31.zip&gt;DEBUG_LOGS&lt;/a&gt; &#10;&#10; &lt;a href=end_test-screenshot-20220719-215731.png&gt;SCREENSHOT&lt;/a&gt; &#10;&#10; &lt;a href=/private/var/jenkins/workspace/sion_features_navigation_screens/report19072022_21_57_54_page_source.html&gt;PAGE_SOURCE&lt;/a&gt;" type="AssertionError"/>
</testcase>
<testcase classname="Kragle Regression" name="Test: Global Settings - Verify Show Tutorial Enables Coach Marks For Headset: G935 (Mac 12.1, Wireless)" time="32.507">
</testcase>
<testcase classname="Kragle Regression" name="Test: Assignments View For Headset - UI Verification: G935 (Mac 12.1, Wireless)" time="917.219">
<failure message="*HTML*Failure: Selector &quot;.overlay-button.save&quot; is Not Clickable &#10;&#10; &lt;a href=dmp_logs_2022_07_19_22_14_07.zip&gt;DEBUG_LOGS&lt;/a&gt; &#10;&#10; &lt;a href=end_test-screenshot-20220719-221407.png&gt;SCREENSHOT&lt;/a&gt; &#10;&#10; &lt;a href=/private/var/jenkins/workspace/sion_features_navigation_screens/report19072022_22_14_30_page_source.html&gt;PAGE_SOURCE&lt;/a&gt;" type="AssertionError"/>
</testcase>
<testcase classname="Kragle Regression" name="Test: Device Driver Support With Unplug/Replug Device For Headset: G935 (Mac 12.1, Wireless)" time="10.526">
</testcase>
<testcase classname="Kragle Regression" name="Test: Device Driver Support With Sleep System For Headset: G935 (Mac 12.1, Wireless)" time="10.379">
</testcase>
<testcase classname="Kragle Regression" name="Test: Device Driver Support With Restart System For Headset: G935 (Mac 12.1, Wireless)" time="10.411">
</testcase>
<testcase classname="Kragle Regression" name="Test: G Driver Loudness Test For Headset: G935 (Mac 12.1, Wireless)" time="196.944">
</testcase>
<testcase classname="Kragle Regression" name="Disconnect: G935:wireless &amp; Connect: G633s:wired" time="1.139">
</testcase>
<testcase classname="Kragle Regression" name="Test: Equalizer Presets - Community Card For Headset: G633s (Mac 12.1, Wired)" time="2.128">
</testcase>
<testcase classname="Kragle Regression" name="Test: Profile Lighting For Headset - UI Verification: G633s (Mac 12.1, Wired)" time="195.519">
</testcase>
<testcase classname="Kragle Regression" name="Test: Lightsync Effect For Headset - GUI Verification: G633s (Mac 12.1, Wired)" time="25.837">
</testcase>
<testcase classname="Kragle Regression" name="Test: Device Settings For Headset - UI Verification: G633s (Mac 12.1, Wired)" time="173.443">
<failure message="*HTML*Failure: Selector &quot;.category-text.legal&quot; with attribute(s) &quot;{'innerText': 'For DTS patents, see http://patents.dts.com. Manufactured under license from DTS Licensing Limited. HEADPHONE:X® &amp; the DTS HEADPHONE:X logo are registered trademarks or trademarks of DTS, Inc. in the United States and other countries. ©DTS, Inc. All Rights Reserved.'}&quot; is Not Loaded &#10;&#10; &lt;a href=dmp_logs_2022_07_19_22_25_18.zip&gt;DEBUG_LOGS&lt;/a&gt; &#10;&#10; &lt;a href=end_test-screenshot-20220719-222518.png&gt;SCREENSHOT&lt;/a&gt; &#10;&#10; &lt;a href=/private/var/jenkins/workspace/sion_features_navigation_screens/report19072022_22_25_40_page_source.html&gt;PAGE_SOURCE&lt;/a&gt;" type="AssertionError"/>
</testcase>
<testcase classname="Kragle Regression" name="Test: Global Settings - My Gear For Headset: G633s (Mac 12.1, Wired)" time="42.295">
<failure message="*HTML*Failure: Selector &quot;.back-button&quot; is Not Clickable &#10;&#10; &lt;a href=dmp_logs_2022_07_19_22_26_43.zip&gt;DEBUG_LOGS&lt;/a&gt; &#10;&#10; &lt;a href=end_test-screenshot-20220719-222643.png&gt;SCREENSHOT&lt;/a&gt; &#10;&#10; &lt;a href=/private/var/jenkins/workspace/sion_features_navigation_screens/report19072022_22_27_06_page_source.html&gt;PAGE_SOURCE&lt;/a&gt;" type="AssertionError"/>
</testcase>
<testcase classname="Kragle Regression" name="Test: Global Settings - Verify Show Tutorial Enables Coach Marks For Headset: G633s (Mac 12.1, Wired)" time="30.519">
</testcase>
<testcase classname="Kragle Regression" name="Test: Device Settings For Headset - SYS Verification: G633s (Mac 12.1, Wired)" time="144.829">
</testcase>
<testcase classname="Kragle Regression" name="Test: Assignments View For Headset - UI Verification: G633s (Mac 12.1, Wired)" time="892.448">
<failure message="*HTML*Failure: Selector &quot;.back-button&quot; is Not Clickable &#10;&#10; &lt;a href=dmp_logs_2022_07_19_22_45_15.zip&gt;DEBUG_LOGS&lt;/a&gt; &#10;&#10; &lt;a href=end_test-screenshot-20220719-224514.png&gt;SCREENSHOT&lt;/a&gt; &#10;&#10; &lt;a href=/private/var/jenkins/workspace/sion_features_navigation_screens/report19072022_22_45_38_page_source.html&gt;PAGE_SOURCE&lt;/a&gt;" type="AssertionError"/>
</testcase>
<testcase classname="Kragle Regression" name="Test: Device Driver Support With Unplug/Replug Device For Headset: G633s (Mac 12.1, Wired)" time="10.427">
</testcase>
<testcase classname="Kragle Regression" name="Test: Device Driver Support With Sleep System For Headset: G633s (Mac 12.1, Wired)" time="10.346">
</testcase>
<testcase classname="Kragle Regression" name="Test: Device Driver Support With Restart System For Headset: G633s (Mac 12.1, Wired)" time="10.342">
</testcase>
<testcase classname="Kragle Regression" name="Test: G Driver Loudness Test For Headset: G633s (Mac 12.1, Wired)" time="194.627">
</testcase>
<testcase classname="Kragle Regression" name="Test: Validate PRIMARY FIXED Lightsync Presets: G502 LIGHTSPEED (Mac 12.1, Wired)" time="70.530">
</testcase>
<testcase classname="Kragle Regression" name="Test: Validate PRIMARY CYCLE Lightsync Presets: G502 LIGHTSPEED (Mac 12.1, Wired)" time="94.940">
</testcase>
<testcase classname="Kragle Regression" name="Test: Validate PRIMARY BREATHING Lightsync Presets: G502 LIGHTSPEED (Mac 12.1, Wired)" time="96.997">
</testcase>
<testcase classname="Kragle Regression" name="Test: Validate PRIMARY SCREEN SAMPLER Lightsync Presets: G502 LIGHTSPEED (Mac 12.1, Wired)" time="149.479">
<failure message="*HTML*ScreenSampler Effect Failed [Expected:'yellow', Actual:'black']: black != yellow &#10;&#10; &lt;a href=dmp_logs_2022_07_19_22_56_34.zip&gt;DEBUG_LOGS&lt;/a&gt; &#10;&#10; &lt;a href=end_test-screenshot-20220719-225634.png&gt;SCREENSHOT&lt;/a&gt; &#10;&#10; &lt;a href=/private/var/jenkins/workspace/sion_features_navigation_screens/report19072022_22_56_58_page_source.html&gt;PAGE_SOURCE&lt;/a&gt;" type="AssertionError"/>
</testcase>
<testcase classname="Kragle Regression" name="Test: Validate PRIMARY AUDIO VISUALIZER Lightsync Presets: G502 LIGHTSPEED (Mac 12.1, Wired)" time="47.000">
<skipped message="Audio Visualizer effect is not supported in MAC system&#10;&#10;Also keyword teardown failed:&#10;Several failures occurred:&#10;&#10;1) Failure: Selector &quot;//h5[contains(text(),'EFFECT')]/ancestor::div[@class='panel-section']/child::div/descendant::span[@class='glyphicon glyphicon-chevron-down']&quot; is Not Loaded&#10;&#10;2) Failure: Selector &quot;.dropdown-item&quot; with attribute(s) &quot;{'innerText': 'FIXED'}&quot; is Not Loaded" type="SkipExecution"/>
</testcase>
<testcase classname="Kragle Regression" name="Test: Validate LOGO FIXED Lightsync Presets: G502 LIGHTSPEED (Mac 12.1, Wired)" time="55.183">
</testcase>
<testcase classname="Kragle Regression" name="Test: Validate LOGO CYCLE Lightsync Presets: G502 LIGHTSPEED (Mac 12.1, Wired)" time="95.123">
</testcase>
<testcase classname="Kragle Regression" name="Test: Validate LOGO BREATHING Lightsync Presets: G502 LIGHTSPEED (Mac 12.1, Wired)" time="96.650">
</testcase>
<testcase classname="Kragle Regression" name="Test: Validate LOGO SCREEN SAMPLER Lightsync Presets: G502 LIGHTSPEED (Mac 12.1, Wired)" time="149.309">
<failure message="*HTML*ScreenSampler Effect Failed [Expected:'red', Actual:'black']: black != red &#10;&#10; &lt;a href=dmp_logs_2022_07_19_23_04_42.zip&gt;DEBUG_LOGS&lt;/a&gt; &#10;&#10; &lt;a href=end_test-screenshot-20220719-230442.png&gt;SCREENSHOT&lt;/a&gt; &#10;&#10; &lt;a href=/private/var/jenkins/workspace/sion_features_navigation_screens/report19072022_23_05_05_page_source.html&gt;PAGE_SOURCE&lt;/a&gt;" type="AssertionError"/>
</testcase>
<testcase classname="Kragle Regression" name="Test: Validate LOGO AUDIO VISUALIZER Lightsync Presets: G502 LIGHTSPEED (Mac 12.1, Wired)" time="47.280">
<skipped message="Audio Visualizer effect is not supported in MAC system&#10;&#10;Also keyword teardown failed:&#10;Several failures occurred:&#10;&#10;1) Failure: Selector &quot;//h5[contains(text(),'EFFECT')]/ancestor::div[@class='panel-section']/child::div/descendant::span[@class='glyphicon glyphicon-chevron-down']&quot; is Not Loaded&#10;&#10;2) Failure: Selector &quot;.dropdown-item&quot; with attribute(s) &quot;{'innerText': 'FIXED'}&quot; is Not Loaded" type="SkipExecution"/>
</testcase>
<testcase classname="Kragle Regression" name="Test: Validate PRESETS FIXED Lightsync Presets: G213 (Mac 12.1, Wired)" time="71.498">
</testcase>
<testcase classname="Kragle Regression" name="Test: Validate PRESETS CYCLE Lightsync Presets: G213 (Mac 12.1, Wired)" time="117.756">
</testcase>
<testcase classname="Kragle Regression" name="Test: Validate PRESETS BREATHING Lightsync Presets: G213 (Mac 12.1, Wired)" time="110.548">
</testcase>
<testcase classname="Kragle Regression" name="Test: Validate PRESETS COLOR WAVE Lightsync Presets: G213 (Mac 12.1, Wired)" time="136.767">
</testcase>
<testcase classname="Kragle Regression" name="Test: Validate PRESETS SCREEN SAMPLER Lightsync Presets: G213 (Mac 12.1, Wired)" time="135.010">
<failure message="*HTML*ScreenSampler Effect Failed [Expected:'yellow', Actual:'black']: black != yellow &#10;&#10; &lt;a href=dmp_logs_2022_07_19_23_15_44.zip&gt;DEBUG_LOGS&lt;/a&gt; &#10;&#10; &lt;a href=end_test-screenshot-20220719-231544.png&gt;SCREENSHOT&lt;/a&gt; &#10;&#10; &lt;a href=/private/var/jenkins/workspace/sion_features_navigation_screens/report19072022_23_16_07_page_source.html&gt;PAGE_SOURCE&lt;/a&gt;" type="AssertionError"/>
</testcase>
<testcase classname="Kragle Regression" name="Test: Validate PRESETS AUDIO VISUALIZER Lightsync Presets: G213 (Mac 12.1, Wired)" time="47.098">
<skipped message="Audio Visualizer effect is not supported in MAC system&#10;&#10;Also keyword teardown failed:&#10;Several failures occurred:&#10;&#10;1) Failure: Selector &quot;//h5[contains(text(),'EFFECT')]/ancestor::div[@class='panel-section']/child::div/descendant::span[@class='glyphicon glyphicon-chevron-down']&quot; is Not Loaded&#10;&#10;2) Failure: Selector &quot;.dropdown-item&quot; with attribute(s) &quot;{'innerText': 'FIXED'}&quot; is Not Loaded" type="SkipExecution"/>
</testcase>
</testsuite>
