<?xml version="1.0" encoding="UTF-8"?>
<testsuite name="Kragle Regression" tests="267" errors="0" failures="40" skipped="0" time="65729.229">
<testcase classname="Kragle Regression" name="Test Application Specific Test Cases" time="0.043">
</testcase>
<testcase classname="Kragle Regression" name="Test Device Specific Test Cases" time="4.437">
</testcase>
<testcase classname="Kragle Regression" name="Connect Device: G512:wired" time="1.012">
</testcase>
<testcase classname="Kragle Regression" name="Test: Local And Cloud Profile For Keyboard: G512 (Windows_11, Wired)" time="358.200">
</testcase>
<testcase classname="Kragle Regression" name="Test: Lightsync Effect For Keyboard: G512 (Windows_11, Wired)" time="20.203">
</testcase>
<testcase classname="Kragle Regression" name="Test: Onboard Lighting Effect For Keyboard: G512 (Windows_11, Wired)" time="65.515">
<failure message="*HTML*Failure: Selector &quot;.back-button&quot; is Not Clickable &#10;&#10; &lt;a href=dmp_logs_2022_07_19_12_32_50.zip&gt;DEBUG_LOGS&lt;/a&gt; &#10;&#10; &lt;a href=end_test-screenshot-20220719-123250.png&gt;SCREENSHOT&lt;/a&gt; &#10;&#10; &lt;a href=C:\Jenkins\workspace\sion_features_navigation_screens/report19072022_12_33_01_page_source.html&gt;PAGE_SOURCE&lt;/a&gt;" type="AssertionError"/>
</testcase>
<testcase classname="Kragle Regression" name="Test: Global Settings - My Gear For Keyboard: G512 (Windows_11, Wired)" time="26.197">
<failure message="*HTML*Failure: Selector &quot;.back-button&quot; is Not Clickable &#10;&#10; &lt;a href=dmp_logs_2022_07_19_12_34_00.zip&gt;DEBUG_LOGS&lt;/a&gt; &#10;&#10; &lt;a href=end_test-screenshot-20220719-123400.png&gt;SCREENSHOT&lt;/a&gt; &#10;&#10; &lt;a href=C:\Jenkins\workspace\sion_features_navigation_screens/report19072022_12_34_12_page_source.html&gt;PAGE_SOURCE&lt;/a&gt;" type="AssertionError"/>
</testcase>
<testcase classname="Kragle Regression" name="Test: Global Settings - Verify Show Tutorial Enables Coach Marks For Keyboard: G512 (Windows_11, Wired)" time="54.696">
</testcase>
<testcase classname="Kragle Regression" name="Test: Device Settings For Keyboard - UI Verification: G512 (Windows_11, Wired)" time="121.882">
</testcase>
<testcase classname="Kragle Regression" name="Test: Device Settings For Keyboard - SYS Verification: G512 (Windows_11, Wired)" time="133.776">
</testcase>
<testcase classname="Kragle Regression" name="Test: Persistent Profile For Keyboard: G512 (Windows_11, Wired)" time="2304.358">
</testcase>
<testcase classname="Kragle Regression" name="Test: Verify Presets Default Colors For Keyboard: G512 (Windows_11, Wired)" time="164.882">
</testcase>
<testcase classname="Kragle Regression" name="Test: User Can Change Presets Fixed HEX Color For Keyboard: G512 (Windows_11, Wired)" time="64.245">
</testcase>
<testcase classname="Kragle Regression" name="Test: User Can Change Presets Fixed RGB Color For Keyboard: G512 (Windows_11, Wired)" time="85.554">
</testcase>
<testcase classname="Kragle Regression" name="Test: User Can Add And Remove Preset Colors For Keyboard: G512 (Windows_11, Wired)" time="192.820">
</testcase>
<testcase classname="Kragle Regression" name="Test: User Can Change Freestyle HEX Color For Keyboard Arrow Keys: G512 (Windows_11, Wired)" time="56.919">
</testcase>
<testcase classname="Kragle Regression" name="Test: User Can Change Freestyle RGB Color For Keyboard Arrow Keys: G512 (Windows_11, Wired)" time="63.202">
</testcase>
<testcase classname="Kragle Regression" name="Test: User Can Add And Remove Freestyle Preset Colors For Keyboard: G512 (Windows_11, Wired)" time="191.179">
</testcase>
<testcase classname="Kragle Regression" name="Test: Game Mode For Keyboard: G512 (Windows_11, Wired)" time="98.251">
</testcase>
<testcase classname="Kragle Regression" name="Test: Game Mode Restore Default Settings For Keyboard: G512 (Windows_11, Wired)" time="38.085">
</testcase>
<testcase classname="Kragle Regression" name="Test: All Profiles Should Be Same Disabled Keys In Game Mode When Profile Is Locked For Keyboard: G512 (Windows_11, Wired)" time="417.699">
</testcase>
<testcase classname="Kragle Regression" name="Test: All Profiles Should Be Same Disabled Keys Which Are Disabled While Profile Is Locked In Game Mode: G512 (Windows_11, Wired)" time="412.009">
</testcase>
<testcase classname="Kragle Regression" name="Disconnect: G512:wired &amp; Connect: G610:wired" time="2.377">
</testcase>
<testcase classname="Kragle Regression" name="Test: Local And Cloud Profile For Keyboard: G610 (Windows_11, Wired)" time="373.647">
</testcase>
<testcase classname="Kragle Regression" name="Test: Global Settings - My Gear For Keyboard: G610 (Windows_11, Wired)" time="26.392">
<failure message="*HTML*Failure: Selector &quot;.back-button&quot; is Not Clickable &#10;&#10; &lt;a href=dmp_logs_2022_07_19_13_54_46.zip&gt;DEBUG_LOGS&lt;/a&gt; &#10;&#10; &lt;a href=end_test-screenshot-20220719-135446.png&gt;SCREENSHOT&lt;/a&gt; &#10;&#10; &lt;a href=C:\Jenkins\workspace\sion_features_navigation_screens/report19072022_13_54_58_page_source.html&gt;PAGE_SOURCE&lt;/a&gt;" type="AssertionError"/>
</testcase>
<testcase classname="Kragle Regression" name="Test: Global Settings - Verify Show Tutorial Enables Coach Marks For Keyboard: G610 (Windows_11, Wired)" time="54.922">
</testcase>
<testcase classname="Kragle Regression" name="Test: Device Settings For Keyboard - UI Verification: G610 (Windows_11, Wired)" time="117.676">
</testcase>
<testcase classname="Kragle Regression" name="Test: Device Settings For Keyboard - SYS Verification: G610 (Windows_11, Wired)" time="122.320">
</testcase>
<testcase classname="Kragle Regression" name="Test: Verify Presets Default Colors For Keyboard: G610 (Windows_11, Wired)" time="171.802">
<failure message="*HTML*Failure: Selector &quot;.color-value-container.value-r input:nth-child(1)&quot; with attribute(s) &quot;{'value': '0'}&quot; is Not Loaded &#10;&#10; &lt;a href=dmp_logs_2022_07_19_14_03_17.zip&gt;DEBUG_LOGS&lt;/a&gt; &#10;&#10; &lt;a href=end_test-screenshot-20220719-140317.png&gt;SCREENSHOT&lt;/a&gt; &#10;&#10; &lt;a href=C:\Jenkins\workspace\sion_features_navigation_screens/report19072022_14_03_29_page_source.html&gt;PAGE_SOURCE&lt;/a&gt;" type="AssertionError"/>
</testcase>
<testcase classname="Kragle Regression" name="Test: User Can Change Presets Fixed HEX Color For Keyboard: G610 (Windows_11, Wired)" time="50.527">
<failure message="*HTML*Failure: Selector &quot;.color-value-container.value-r input:nth-child(1)&quot; with attribute(s) &quot;{'value': '148'}&quot; is Not Loaded &#10;&#10; &lt;a href=dmp_logs_2022_07_19_14_04_52.zip&gt;DEBUG_LOGS&lt;/a&gt; &#10;&#10; &lt;a href=end_test-screenshot-20220719-140452.png&gt;SCREENSHOT&lt;/a&gt; &#10;&#10; &lt;a href=C:\Jenkins\workspace\sion_features_navigation_screens/report19072022_14_05_04_page_source.html&gt;PAGE_SOURCE&lt;/a&gt;" type="AssertionError"/>
</testcase>
<testcase classname="Kragle Regression" name="Test: User Can Change Presets Fixed RGB Color For Keyboard: G610 (Windows_11, Wired)" time="44.336">
<failure message="*HTML*Failure: Selector &quot;.panel-wrapper.lighting .color-picker .color-value-container.value-r input&quot; is Not Loaded &#10;&#10; &lt;a href=dmp_logs_2022_07_19_14_06_21.zip&gt;DEBUG_LOGS&lt;/a&gt; &#10;&#10; &lt;a href=end_test-screenshot-20220719-140621.png&gt;SCREENSHOT&lt;/a&gt; &#10;&#10; &lt;a href=C:\Jenkins\workspace\sion_features_navigation_screens/report19072022_14_06_32_page_source.html&gt;PAGE_SOURCE&lt;/a&gt;" type="AssertionError"/>
</testcase>
<testcase classname="Kragle Regression" name="Test: User Can Add And Remove Preset Colors For Keyboard: G610 (Windows_11, Wired)" time="166.742">
<failure message="*HTML*Verify 7 preset colors display: 7 != 4 &#10;&#10; &lt;a href=dmp_logs_2022_07_19_14_09_52.zip&gt;DEBUG_LOGS&lt;/a&gt; &#10;&#10; &lt;a href=end_test-screenshot-20220719-140952.png&gt;SCREENSHOT&lt;/a&gt; &#10;&#10; &lt;a href=C:\Jenkins\workspace\sion_features_navigation_screens/report19072022_14_10_03_page_source.html&gt;PAGE_SOURCE&lt;/a&gt;" type="AssertionError"/>
</testcase>
<testcase classname="Kragle Regression" name="Test: User Can Change Freestyle HEX Color For Keyboard Arrow Keys: G610 (Windows_11, Wired)" time="51.239">
<failure message="*HTML*Failure: Selector &quot;.color-value-container.value-r input:nth-child(1)&quot; with attribute(s) &quot;{'value': '148'}&quot; is Not Loaded &#10;&#10; &lt;a href=dmp_logs_2022_07_19_14_11_28.zip&gt;DEBUG_LOGS&lt;/a&gt; &#10;&#10; &lt;a href=end_test-screenshot-20220719-141127.png&gt;SCREENSHOT&lt;/a&gt; &#10;&#10; &lt;a href=C:\Jenkins\workspace\sion_features_navigation_screens/report19072022_14_11_39_page_source.html&gt;PAGE_SOURCE&lt;/a&gt;" type="AssertionError"/>
</testcase>
<testcase classname="Kragle Regression" name="Test: User Can Change Freestyle RGB Color For Keyboard Arrow Keys: G610 (Windows_11, Wired)" time="44.361">
<failure message="*HTML*Failure: Selector &quot;.panel-wrapper.lighting .color-picker .color-value-container.value-r input&quot; is Not Loaded &#10;&#10; &lt;a href=dmp_logs_2022_07_19_14_12_56.zip&gt;DEBUG_LOGS&lt;/a&gt; &#10;&#10; &lt;a href=end_test-screenshot-20220719-141256.png&gt;SCREENSHOT&lt;/a&gt; &#10;&#10; &lt;a href=C:\Jenkins\workspace\sion_features_navigation_screens/report19072022_14_13_07_page_source.html&gt;PAGE_SOURCE&lt;/a&gt;" type="AssertionError"/>
</testcase>
<testcase classname="Kragle Regression" name="Test: User Can Add And Remove Freestyle Preset Colors For Keyboard: G610 (Windows_11, Wired)" time="165.107">
<failure message="*HTML*Verify 7 preset colors display: 7 != 4 &#10;&#10; &lt;a href=dmp_logs_2022_07_19_14_16_26.zip&gt;DEBUG_LOGS&lt;/a&gt; &#10;&#10; &lt;a href=end_test-screenshot-20220719-141625.png&gt;SCREENSHOT&lt;/a&gt; &#10;&#10; &lt;a href=C:\Jenkins\workspace\sion_features_navigation_screens/report19072022_14_16_37_page_source.html&gt;PAGE_SOURCE&lt;/a&gt;" type="AssertionError"/>
</testcase>
<testcase classname="Kragle Regression" name="Test: Lightsync Effect For Keyboard: G610 (Windows_11, Wired)" time="24.160">
</testcase>
<testcase classname="Kragle Regression" name="Test: Game Mode For Keyboard: G610 (Windows_11, Wired)" time="98.453">
</testcase>
<testcase classname="Kragle Regression" name="Test: Game Mode Restore Default Settings For Keyboard: G610 (Windows_11, Wired)" time="38.368">
</testcase>
<testcase classname="Kragle Regression" name="Test: All Profiles Should Be Same Disabled Keys In Game Mode When Profile Is Locked For Keyboard: G610 (Windows_11, Wired)" time="417.096">
</testcase>
<testcase classname="Kragle Regression" name="Test: All Profiles Should Be Same Disabled Keys Which Are Disabled While Profile Is Locked In Game Mode: G610 (Windows_11, Wired)" time="412.442">
</testcase>
<testcase classname="Kragle Regression" name="Disconnect: G610:wired &amp; Connect: G915 TKL:wired" time="2.288">
</testcase>
<testcase classname="Kragle Regression" name="Test: Local And Cloud Profile For Keyboard: G915 TKL (Windows_11, Wired)" time="371.930">
</testcase>
<testcase classname="Kragle Regression" name="Test: Lightsync Effect For Keyboard: G915 TKL (Windows_11, Wired)" time="20.157">
</testcase>
<testcase classname="Kragle Regression" name="Test: Global Settings - My Gear For Keyboard: G915 TKL (Windows_11, Wired)" time="47.117">
<failure message="*HTML*Failure: Selector &quot;.back-button&quot; is Not Clickable &#10;&#10; &lt;a href=dmp_logs_2022_07_19_14_41_02.zip&gt;DEBUG_LOGS&lt;/a&gt; &#10;&#10; &lt;a href=end_test-screenshot-20220719-144102.png&gt;SCREENSHOT&lt;/a&gt; &#10;&#10; &lt;a href=C:\Jenkins\workspace\sion_features_navigation_screens/report19072022_14_41_13_page_source.html&gt;PAGE_SOURCE&lt;/a&gt;" type="AssertionError"/>
</testcase>
<testcase classname="Kragle Regression" name="Test: Global Settings - Verify Show Tutorial Enables Coach Marks For Keyboard: G915 TKL (Windows_11, Wired)" time="55.021">
</testcase>
<testcase classname="Kragle Regression" name="Test: Device Settings For Keyboard - UI Verification: G915 TKL (Windows_11, Wired)" time="413.880">
</testcase>
<testcase classname="Kragle Regression" name="Test: Device Settings For Keyboard - SYS Verification: G915 TKL (Windows_11, Wired)" time="435.211">
</testcase>
<testcase classname="Kragle Regression" name="Test: Persistent Profile For Keyboard: G915 TKL (Windows_11, Wired)" time="2321.679">
</testcase>
<testcase classname="Kragle Regression" name="Test: Verify Presets Default Colors For Keyboard: G915 TKL (Windows_11, Wired)" time="349.420">
<failure message="*HTML*&lt;b&gt;Known Issue:&lt;/b&gt;[&lt;a href=https://jira.logitech.io/browse/KRGL-9265&gt;KRGL-9265&lt;/a&gt;]&#10;Keyword 'Backend.Verify Fixed Colors Keyboard' failed after retrying for 3 minutes. The last error was: The expected color value of green (255) and actual value from backend (0) is different: 255 != 0 &#10;&#10; &lt;a href=dmp_logs_2022_07_19_15_41_21.zip&gt;DEBUG_LOGS&lt;/a&gt; &#10;&#10; &lt;a href=end_test-screenshot-20220719-154121.png&gt;SCREENSHOT&lt;/a&gt; &#10;&#10; &lt;a href=C:\Jenkins\workspace\sion_features_navigation_screens/report19072022_15_41_33_page_source.html&gt;PAGE_SOURCE&lt;/a&gt;" type="AssertionError"/>
</testcase>
<testcase classname="Kragle Regression" name="Test: User Can Change Presets Fixed HEX Color For Keyboard: G915 TKL (Windows_11, Wired)" time="228.135">
<failure message="*HTML*&lt;b&gt;Known Issue:&lt;/b&gt;[&lt;a href=https://jira.logitech.io/browse/KRGL-9265&gt;KRGL-9265&lt;/a&gt;]&#10;Keyword 'Backend.Verify Fixed Colors Keyboard' failed after retrying for 3 minutes. The last error was: The expected color value of red (148) and actual value from backend (0) is different: 148 != 0 &#10;&#10; &lt;a href=dmp_logs_2022_07_19_15_45_54.zip&gt;DEBUG_LOGS&lt;/a&gt; &#10;&#10; &lt;a href=end_test-screenshot-20220719-154554.png&gt;SCREENSHOT&lt;/a&gt; &#10;&#10; &lt;a href=C:\Jenkins\workspace\sion_features_navigation_screens/report19072022_15_46_05_page_source.html&gt;PAGE_SOURCE&lt;/a&gt;" type="AssertionError"/>
</testcase>
<testcase classname="Kragle Regression" name="Test: User Can Change Presets Fixed RGB Color For Keyboard: G915 TKL (Windows_11, Wired)" time="234.700">
<failure message="*HTML*&lt;b&gt;Known Issue:&lt;/b&gt;[&lt;a href=https://jira.logitech.io/browse/KRGL-9265&gt;KRGL-9265&lt;/a&gt;]&#10;Keyword 'Backend.Verify Fixed Colors Keyboard' failed after retrying for 3 minutes. The last error was: The expected color value of green (255) and actual value from backend (0) is different: 255 != 0 &#10;&#10; &lt;a href=dmp_logs_2022_07_19_15_50_33.zip&gt;DEBUG_LOGS&lt;/a&gt; &#10;&#10; &lt;a href=end_test-screenshot-20220719-155033.png&gt;SCREENSHOT&lt;/a&gt; &#10;&#10; &lt;a href=C:\Jenkins\workspace\sion_features_navigation_screens/report19072022_15_50_44_page_source.html&gt;PAGE_SOURCE&lt;/a&gt;" type="AssertionError"/>
</testcase>
<testcase classname="Kragle Regression" name="Test: User Can Add And Remove Preset Colors For Keyboard: G915 TKL (Windows_11, Wired)" time="377.275">
<failure message="*HTML*&lt;b&gt;Known Issue:&lt;/b&gt;[&lt;a href=https://jira.logitech.io/browse/KRGL-9265&gt;KRGL-9265&lt;/a&gt;]&#10;Keyword 'Backend.Verify Fixed Colors Keyboard' failed after retrying for 3 minutes. The last error was: The expected color value of red (110) and actual value from backend (0) is different: 110 != 0 &#10;&#10; &lt;a href=dmp_logs_2022_07_19_15_57_34.zip&gt;DEBUG_LOGS&lt;/a&gt; &#10;&#10; &lt;a href=end_test-screenshot-20220719-155734.png&gt;SCREENSHOT&lt;/a&gt; &#10;&#10; &lt;a href=C:\Jenkins\workspace\sion_features_navigation_screens/report19072022_15_57_46_page_source.html&gt;PAGE_SOURCE&lt;/a&gt;" type="AssertionError"/>
</testcase>
<testcase classname="Kragle Regression" name="Test: User Can Change Freestyle HEX Color For Keyboard Arrow Keys: G915 TKL (Windows_11, Wired)" time="38.320">
</testcase>
<testcase classname="Kragle Regression" name="Test: User Can Change Freestyle RGB Color For Keyboard Arrow Keys: G915 TKL (Windows_11, Wired)" time="65.179">
</testcase>
<testcase classname="Kragle Regression" name="Test: User Can Add And Remove Freestyle Preset Colors For Keyboard: G915 TKL (Windows_11, Wired)" time="193.448">
</testcase>
<testcase classname="Kragle Regression" name="Test: Game Mode For Keyboard: G915 TKL (Windows_11, Wired)" time="98.923">
</testcase>
<testcase classname="Kragle Regression" name="Test: Game Mode Restore Default Settings For Keyboard: G915 TKL (Windows_11, Wired)" time="43.324">
</testcase>
<testcase classname="Kragle Regression" name="Test: All Profiles Should Be Same Disabled Keys In Game Mode When Profile Is Locked For Keyboard: G915 TKL (Windows_11, Wired)" time="439.911">
</testcase>
<testcase classname="Kragle Regression" name="Test: All Profiles Should Be Same Disabled Keys Which Are Disabled While Profile Is Locked In Game Mode: G915 TKL (Windows_11, Wired)" time="434.624">
</testcase>
<testcase classname="Kragle Regression" name="Disconnect: G915 TKL:wired &amp; Connect: G815:wired" time="4.359">
</testcase>
<testcase classname="Kragle Regression" name="Test: Local And Cloud Profile For Keyboard: G815 (Windows_11, Wired)" time="372.832">
</testcase>
<testcase classname="Kragle Regression" name="Test: Lightsync Effect For Keyboard: G815 (Windows_11, Wired)" time="20.295">
</testcase>
<testcase classname="Kragle Regression" name="Test: Global Settings - My Gear For Keyboard: G815 (Windows_11, Wired)" time="47.151">
<failure message="*HTML*Failure: Selector &quot;.back-button&quot; is Not Clickable &#10;&#10; &lt;a href=dmp_logs_2022_07_19_16_27_37.zip&gt;DEBUG_LOGS&lt;/a&gt; &#10;&#10; &lt;a href=end_test-screenshot-20220719-162737.png&gt;SCREENSHOT&lt;/a&gt; &#10;&#10; &lt;a href=C:\Jenkins\workspace\sion_features_navigation_screens/report19072022_16_27_49_page_source.html&gt;PAGE_SOURCE&lt;/a&gt;" type="AssertionError"/>
</testcase>
<testcase classname="Kragle Regression" name="Test: Global Settings - Verify Show Tutorial Enables Coach Marks For Keyboard: G815 (Windows_11, Wired)" time="54.863">
</testcase>
<testcase classname="Kragle Regression" name="Test: Device Settings For Keyboard - UI Verification: G815 (Windows_11, Wired)" time="376.245">
<failure message="*HTML*Several failures occurred:&#10;&#10;1) Failure: Selector &quot;//div[contains(text(),'ANIMATION')]/following-sibling::ul/li/a[contains(text(),'Lighting')]&quot; is Not Loaded&#10;&#10;2) Failure: Selector &quot;div.overlay div.overlay-container p.category-label.right-just&quot; with attribute(s) &quot;{'text': 'FIRMWARE VERSION'}&quot; is Not Loaded &#10;&#10; &lt;a href=dmp_logs_2022_07_19_16_35_33.zip&gt;DEBUG_LOGS&lt;/a&gt; &#10;&#10; &lt;a href=end_test-screenshot-20220719-163532.png&gt;SCREENSHOT&lt;/a&gt; &#10;&#10; &lt;a href=C:\Jenkins\workspace\sion_features_navigation_screens/report19072022_16_35_44_page_source.html&gt;PAGE_SOURCE&lt;/a&gt;" type="AssertionError"/>
</testcase>
<testcase classname="Kragle Regression" name="Test: Device Settings For Keyboard - SYS Verification: G815 (Windows_11, Wired)" time="355.267">
</testcase>
<testcase classname="Kragle Regression" name="Test: Persistent Profile For Keyboard: G815 (Windows_11, Wired)" time="2312.265">
</testcase>
<testcase classname="Kragle Regression" name="Test: Verify Presets Default Colors For Keyboard: G815 (Windows_11, Wired)" time="364.095">
<failure message="*HTML*&lt;b&gt;Known Issue:&lt;/b&gt;[&lt;a href=https://jira.logitech.io/browse/KRGL-9313&gt;KRGL-9313&lt;/a&gt;]&#10;Keyword 'Backend.Verify Fixed Colors Keyboard' failed after retrying for 3 minutes. The last error was: The expected color value of green (255) and actual value from backend (0) is different: 255 != 0 &#10;&#10; &lt;a href=dmp_logs_2022_07_19_17_26_49.zip&gt;DEBUG_LOGS&lt;/a&gt; &#10;&#10; &lt;a href=end_test-screenshot-20220719-172649.png&gt;SCREENSHOT&lt;/a&gt; &#10;&#10; &lt;a href=C:\Jenkins\workspace\sion_features_navigation_screens/report19072022_17_27_00_page_source.html&gt;PAGE_SOURCE&lt;/a&gt;" type="AssertionError"/>
</testcase>
<testcase classname="Kragle Regression" name="Test: User Can Change Presets Fixed HEX Color For Keyboard: G815 (Windows_11, Wired)" time="226.408">
<failure message="*HTML*&lt;b&gt;Known Issue:&lt;/b&gt;[&lt;a href=https://jira.logitech.io/browse/KRGL-9313&gt;KRGL-9313&lt;/a&gt;]&#10;Keyword 'Backend.Verify Fixed Colors Keyboard' failed after retrying for 3 minutes. The last error was: The expected color value of red (148) and actual value from backend (0) is different: 148 != 0 &#10;&#10; &lt;a href=dmp_logs_2022_07_19_17_31_20.zip&gt;DEBUG_LOGS&lt;/a&gt; &#10;&#10; &lt;a href=end_test-screenshot-20220719-173119.png&gt;SCREENSHOT&lt;/a&gt; &#10;&#10; &lt;a href=C:\Jenkins\workspace\sion_features_navigation_screens/report19072022_17_31_31_page_source.html&gt;PAGE_SOURCE&lt;/a&gt;" type="AssertionError"/>
</testcase>
<testcase classname="Kragle Regression" name="Test: User Can Change Presets Fixed RGB Color For Keyboard: G815 (Windows_11, Wired)" time="248.277">
<failure message="*HTML*&lt;b&gt;Known Issue:&lt;/b&gt;[&lt;a href=https://jira.logitech.io/browse/KRGL-9313&gt;KRGL-9313&lt;/a&gt;]&#10;Keyword 'Backend.Verify Fixed Colors Keyboard' failed after retrying for 3 minutes. The last error was: The expected color value of green (255) and actual value from backend (0) is different: 255 != 0 &#10;&#10; &lt;a href=dmp_logs_2022_07_19_17_36_12.zip&gt;DEBUG_LOGS&lt;/a&gt; &#10;&#10; &lt;a href=end_test-screenshot-20220719-173612.png&gt;SCREENSHOT&lt;/a&gt; &#10;&#10; &lt;a href=C:\Jenkins\workspace\sion_features_navigation_screens/report19072022_17_36_23_page_source.html&gt;PAGE_SOURCE&lt;/a&gt;" type="AssertionError"/>
</testcase>
<testcase classname="Kragle Regression" name="Test: User Can Add And Remove Preset Colors For Keyboard: G815 (Windows_11, Wired)" time="391.506">
<failure message="*HTML*&lt;b&gt;Known Issue:&lt;/b&gt;[&lt;a href=https://jira.logitech.io/browse/KRGL-9313&gt;KRGL-9313&lt;/a&gt;]&#10;Keyword 'Backend.Verify Fixed Colors Keyboard' failed after retrying for 3 minutes. The last error was: The expected color value of red (110) and actual value from backend (0) is different: 110 != 0 &#10;&#10; &lt;a href=dmp_logs_2022_07_19_17_43_28.zip&gt;DEBUG_LOGS&lt;/a&gt; &#10;&#10; &lt;a href=end_test-screenshot-20220719-174328.png&gt;SCREENSHOT&lt;/a&gt; &#10;&#10; &lt;a href=C:\Jenkins\workspace\sion_features_navigation_screens/report19072022_17_43_39_page_source.html&gt;PAGE_SOURCE&lt;/a&gt;" type="AssertionError"/>
</testcase>
<testcase classname="Kragle Regression" name="Test: User Can Change Freestyle HEX Color For Keyboard Arrow Keys: G815 (Windows_11, Wired)" time="36.625">
</testcase>
<testcase classname="Kragle Regression" name="Test: User Can Change Freestyle RGB Color For Keyboard Arrow Keys: G815 (Windows_11, Wired)" time="63.550">
</testcase>
<testcase classname="Kragle Regression" name="Test: User Can Add And Remove Freestyle Preset Colors For Keyboard: G815 (Windows_11, Wired)" time="191.668">
</testcase>
<testcase classname="Kragle Regression" name="Test: Game Mode For Keyboard: G815 (Windows_11, Wired)" time="98.616">
</testcase>
<testcase classname="Kragle Regression" name="Test: Game Mode Restore Default Settings For Keyboard: G815 (Windows_11, Wired)" time="38.689">
</testcase>
<testcase classname="Kragle Regression" name="Test: All Profiles Should Be Same Disabled Keys In Game Mode When Profile Is Locked For Keyboard: G815 (Windows_11, Wired)" time="420.622">
</testcase>
<testcase classname="Kragle Regression" name="Test: All Profiles Should Be Same Disabled Keys Which Are Disabled While Profile Is Locked In Game Mode: G815 (Windows_11, Wired)" time="413.151">
</testcase>
<testcase classname="Kragle Regression" name="Disconnect: G815:wired &amp; Connect: G502 HERO:wired" time="2.286">
</testcase>
<testcase classname="Kragle Regression" name="Test: Local And Cloud Profile For Mouse: G502 HERO (Windows_11, Wired)" time="386.091">
</testcase>
<testcase classname="Kragle Regression" name="Test: OOB Software Support For Mouse: G502 HERO (Windows_11, Wired)" time="206.713">
</testcase>
<testcase classname="Kragle Regression" name="Test: Lightsync Effect For Mouse: G502 HERO (Windows_11, Wired)" time="23.942">
</testcase>
<testcase classname="Kragle Regression" name="Test: Lightsync Effect With Restart G HUB For Mouse: G502 HERO (Windows_11, Wired)" time="0.045">
</testcase>
<testcase classname="Kragle Regression" name="Test: Lightsync Effect With Sleep System For Mouse: G502 HERO (Windows_11, Wired)" time="631.423">
</testcase>
<testcase classname="Kragle Regression" name="Test: Lightsync Effect With Onboard Profile For Mouse: G502 HERO (Windows_11, Wired)" time="386.922">
</testcase>
<testcase classname="Kragle Regression" name="Test: Global Settings - My Gear For Mouse: G502 HERO (Windows_11, Wired)" time="26.913">
<failure message="*HTML*Failure: Selector &quot;.back-button&quot; is Not Clickable &#10;&#10; &lt;a href=dmp_logs_2022_07_19_18_32_59.zip&gt;DEBUG_LOGS&lt;/a&gt; &#10;&#10; &lt;a href=end_test-screenshot-20220719-183259.png&gt;SCREENSHOT&lt;/a&gt; &#10;&#10; &lt;a href=C:\Jenkins\workspace\sion_features_navigation_screens/report19072022_18_33_11_page_source.html&gt;PAGE_SOURCE&lt;/a&gt;" type="AssertionError"/>
</testcase>
<testcase classname="Kragle Regression" name="Test: Global Settings - Verify Show Tutorial Enables Coach Marks For Mouse: G502 HERO (Windows_11, Wired)" time="26.040">
</testcase>
<testcase classname="Kragle Regression" name="Test: Device Settings For Mouse - UI Verification: G502 HERO (Windows_11, Wired)" time="346.589">
</testcase>
<testcase classname="Kragle Regression" name="Test: Device Settings For Mouse - SYS Verification: G502 HERO (Windows_11, Wired)" time="357.650">
</testcase>
<testcase classname="Kragle Regression" name="Test: Assignments View For Mouse - UI Verification: G502 HERO (Windows_11, Wired)" time="770.589">
<failure message="*HTML*Failure: Selector &quot;.back-button&quot; is Not Clickable &#10;&#10; &lt;a href=dmp_logs_2022_07_19_18_58_45.zip&gt;DEBUG_LOGS&lt;/a&gt; &#10;&#10; &lt;a href=end_test-screenshot-20220719-185845.png&gt;SCREENSHOT&lt;/a&gt; &#10;&#10; &lt;a href=C:\Jenkins\workspace\sion_features_navigation_screens/report19072022_18_58_56_page_source.html&gt;PAGE_SOURCE&lt;/a&gt;" type="AssertionError"/>
</testcase>
<testcase classname="Kragle Regression" name="Test: User Able To Delete The Actions For Mouse: G502 HERO (Windows_11, Wired)" time="185.155">
<failure message="*HTML*Failure: Selector &quot;.back-button&quot; is Not Clickable &#10;&#10; &lt;a href=dmp_logs_2022_07_19_19_02_34.zip&gt;DEBUG_LOGS&lt;/a&gt; &#10;&#10; &lt;a href=end_test-screenshot-20220719-190234.png&gt;SCREENSHOT&lt;/a&gt; &#10;&#10; &lt;a href=C:\Jenkins\workspace\sion_features_navigation_screens/report19072022_19_02_46_page_source.html&gt;PAGE_SOURCE&lt;/a&gt;" type="AssertionError"/>
</testcase>
<testcase classname="Kragle Regression" name="Test: Command Assignments For Mouse: G502 HERO (Windows_11, Wired)" time="4311.887">
<failure message="*HTML*Several failures occurred:&#10;&#10;1) Open Start Failed!!&#10;&#10;2) Exit Active App Failed!!&#10;&#10;3) Switch Between Apps Failed!!&#10;&#10;4) Cycle Through Apps Failed!!&#10;&#10;5) Open Task Manager Failed!!&#10;&#10;6) Set Focus in Notification Area Failed!!&#10;&#10;7) Open Windows Setting Failed!!&#10;&#10;8) Open Ease of Access Center Failed!!&#10;&#10;9) Open Emoji Panel Failed!!&#10;&#10;    [ Message content over the limit has been removed. ]&#10;&#10;21) Run dialog Failed!!&#10;&#10;22) Cycle Task Bar Apps Failed!!&#10;&#10;23) Undo Failed!!&#10;&#10;24) Redo Failed!!&#10;&#10;25) Copy Failed!!&#10;&#10;26) Select All Failed!!&#10;&#10;27) Cut Failed!!&#10;&#10;28) Paste Failed!!&#10;&#10;29) Go Forward Failed!!&#10;&#10;30) Go Back Failed!! &#10;&#10; &lt;a href=dmp_logs_2022_07_19_20_15_10.zip&gt;DEBUG_LOGS&lt;/a&gt; &#10;&#10; &lt;a href=end_test-screenshot-20220719-201510.png&gt;SCREENSHOT&lt;/a&gt; &#10;&#10; &lt;a href=C:\Jenkins\workspace\sion_features_navigation_screens/report19072022_20_15_22_page_source.html&gt;PAGE_SOURCE&lt;/a&gt;" type="AssertionError"/>
</testcase>
<testcase classname="Kragle Regression" name="Test: System Command Assignments For Mouse: G502 HERO (Windows_11, Wired)" time="3603.595">
<failure message="*HTML*Several failures occurred:&#10;&#10;1) G-Shift Failed!&#10;&#10;2) Play/Pause Failed!&#10;&#10;3) Volume Up Failed!&#10;&#10;4) Volume Down Failed!&#10;&#10;5) Volume Mute Failed!&#10;&#10;6) Primary Click Failed!&#10;&#10;7) Secondary Click Failed!&#10;&#10;8) Middle Click Failed!&#10;&#10;9) Forward Failed!&#10;&#10;    [ Message content over the limit has been removed. ]&#10;&#10;15) Scroll Right Failed!&#10;&#10;16) Scroll Left Failed!&#10;&#10;17) Double Click Failed!&#10;&#10;18) Scroll Up Failed!&#10;&#10;19) Scroll Down Failed!&#10;&#10;20) Go to DPI Shift Failed!&#10;&#10;21) Audio Output Cycle Failed!&#10;&#10;22) Audio Input Cycle Failed!&#10;&#10;23) calc Failed!&#10;&#10;24) notepad Failed! &#10;&#10; &lt;a href=dmp_logs_2022_07_19_21_15_58.zip&gt;DEBUG_LOGS&lt;/a&gt; &#10;&#10; &lt;a href=end_test-screenshot-20220719-211558.png&gt;SCREENSHOT&lt;/a&gt; &#10;&#10; &lt;a href=C:\Jenkins\workspace\sion_features_navigation_screens/report19072022_21_16_10_page_source.html&gt;PAGE_SOURCE&lt;/a&gt;" type="AssertionError"/>
</testcase>
<testcase classname="Kragle Regression" name="Test: Macro Command Assignments For Mouse: G502 HERO (Windows_11, Wired)" time="2503.068">
<failure message="*HTML*Several failures occurred:&#10;&#10;1) Record Keystrokes Failed!!&#10;&#10;2) Text Failed!!&#10;&#10;3) Emoji Failed!!&#10;&#10;4) Launch Application Failed!!&#10;&#10;5) Action Failed!!&#10;&#10;6) System Failed!!&#10;&#10;7) Delay Failed!! &#10;&#10; &lt;a href=dmp_logs_2022_07_19_21_58_26.zip&gt;DEBUG_LOGS&lt;/a&gt; &#10;&#10; &lt;a href=end_test-screenshot-20220719-215826.png&gt;SCREENSHOT&lt;/a&gt; &#10;&#10; &lt;a href=C:\Jenkins\workspace\sion_features_navigation_screens/report19072022_21_58_37_page_source.html&gt;PAGE_SOURCE&lt;/a&gt;" type="AssertionError"/>
</testcase>
<testcase classname="Kragle Regression" name="Test: System Command Assignment After System Sleep/Resume For Mouse: G502 HERO (Windows_11, Wired)" time="61.666">
<failure message="*HTML*Verify system volume &#10;&#10; &lt;a href=dmp_logs_2022_07_19_22_00_12.zip&gt;DEBUG_LOGS&lt;/a&gt; &#10;&#10; &lt;a href=end_test-screenshot-20220719-220012.png&gt;SCREENSHOT&lt;/a&gt; &#10;&#10; &lt;a href=C:\Jenkins\workspace\sion_features_navigation_screens/report19072022_22_00_23_page_source.html&gt;PAGE_SOURCE&lt;/a&gt;" type="AssertionError"/>
</testcase>
<testcase classname="Kragle Regression" name="Test: Keys Assignment After System Sleep/Resume For Mouse: G502 HERO (Windows_11, Wired)" time="70.645">
<failure message="*HTML*Failure: Actual macro key sequence does not match expected.          &#10; Expected: [{'keyboard': {'name': 'page up', 'action': 'down'}}, {'keyboard': {'name': 'page up', 'action': 'up'}}]&#10; Actual  : [] &#10;&#10; &lt;a href=dmp_logs_2022_07_19_22_02_07.zip&gt;DEBUG_LOGS&lt;/a&gt; &#10;&#10; &lt;a href=end_test-screenshot-20220719-220207.png&gt;SCREENSHOT&lt;/a&gt; &#10;&#10; &lt;a href=C:\Jenkins\workspace\sion_features_navigation_screens/report19072022_22_02_18_page_source.html&gt;PAGE_SOURCE&lt;/a&gt;" type="AssertionError"/>
</testcase>
<testcase classname="Kragle Regression" name="Test: Macro Launch Application Assignment For Mouse: G502 HERO (Windows_11, Wired)" time="63.241">
<failure message="*HTML*Untitled - Notepad != Logitech G HUB &#10;&#10; &lt;a href=dmp_logs_2022_07_19_22_03_54.zip&gt;DEBUG_LOGS&lt;/a&gt; &#10;&#10; &lt;a href=end_test-screenshot-20220719-220354.png&gt;SCREENSHOT&lt;/a&gt; &#10;&#10; &lt;a href=C:\Jenkins\workspace\sion_features_navigation_screens/report19072022_22_04_06_page_source.html&gt;PAGE_SOURCE&lt;/a&gt;" type="AssertionError"/>
</testcase>
<testcase classname="Kragle Regression" name="Test: Macro System Volume Up Assignment For Mouse: G502 HERO (Windows_11, Wired)" time="61.696">
<failure message="*HTML*Verify that system volume should be greater than 50 &#10;&#10; &lt;a href=dmp_logs_2022_07_19_22_05_41.zip&gt;DEBUG_LOGS&lt;/a&gt; &#10;&#10; &lt;a href=end_test-screenshot-20220719-220540.png&gt;SCREENSHOT&lt;/a&gt; &#10;&#10; &lt;a href=C:\Jenkins\workspace\sion_features_navigation_screens/report19072022_22_05_52_page_source.html&gt;PAGE_SOURCE&lt;/a&gt;" type="AssertionError"/>
</testcase>
<testcase classname="Kragle Regression" name="Test: Persistent Profile For Mouse: G502 HERO (Windows_11, Wired)" time="2285.892">
</testcase>
<testcase classname="Kragle Regression" name="Test: DPI Sensitivity For Mouse - UI Verification: G502 HERO (Windows_11, Wired)" time="155.009">
</testcase>
<testcase classname="Kragle Regression" name="Test: DPI With Onboard Profile For Mouse: G502 HERO (Windows_11, Wired)" time="313.441">
</testcase>
<testcase classname="Kragle Regression" name="Test: DPI Sensitivity For Mouse: G502 HERO (Windows_11, Wired)" time="258.301">
</testcase>
<testcase classname="Kragle Regression" name="Test: DPI Sensitivity With Sleep System For Mouse: G502 HERO (Windows_11, Wired)" time="159.189">
</testcase>
<testcase classname="Kragle Regression" name="Test: DPI Sensitivity With Restart G HUB For Mouse: G502 HERO (Windows_11, Wired)" time="137.622">
</testcase>
<testcase classname="Kragle Regression" name="Disconnect: G502 HERO:wired &amp; Connect: PRO WIRELESS:wired" time="3.224">
</testcase>
<testcase classname="Kragle Regression" name="Test: Local And Cloud Profile For Mouse: PRO WIRELESS (Windows_11, Wired)" time="369.656">
</testcase>
<testcase classname="Kragle Regression" name="Test: OOB Software Support For Mouse: PRO WIRELESS (Windows_11, Wired)" time="206.210">
</testcase>
<testcase classname="Kragle Regression" name="Test: Lightsync Effect For Mouse: PRO WIRELESS (Windows_11, Wired)" time="23.979">
</testcase>
<testcase classname="Kragle Regression" name="Test: Lightsync Effect With Restart G HUB For Mouse: PRO WIRELESS (Windows_11, Wired)" time="0.042">
</testcase>
<testcase classname="Kragle Regression" name="Test: Lightsync Effect With Sleep System For Mouse: PRO WIRELESS (Windows_11, Wired)" time="633.319">
</testcase>
<testcase classname="Kragle Regression" name="Test: Lightsync Effect With Onboard Profile For Mouse: PRO WIRELESS (Windows_11, Wired)" time="378.931">
</testcase>
<testcase classname="Kragle Regression" name="Test: Global Settings - My Gear For Mouse: PRO WIRELESS (Windows_11, Wired)" time="26.964">
<failure message="*HTML*Failure: Selector &quot;.back-button&quot; is Not Clickable &#10;&#10; &lt;a href=dmp_logs_2022_07_19_23_28_57.zip&gt;DEBUG_LOGS&lt;/a&gt; &#10;&#10; &lt;a href=end_test-screenshot-20220719-232856.png&gt;SCREENSHOT&lt;/a&gt; &#10;&#10; &lt;a href=C:\Jenkins\workspace\sion_features_navigation_screens/report19072022_23_29_08_page_source.html&gt;PAGE_SOURCE&lt;/a&gt;" type="AssertionError"/>
</testcase>
<testcase classname="Kragle Regression" name="Test: Global Settings - Verify Show Tutorial Enables Coach Marks For Mouse: PRO WIRELESS (Windows_11, Wired)" time="26.104">
</testcase>
<testcase classname="Kragle Regression" name="Test: Device Settings For Mouse - UI Verification: PRO WIRELESS (Windows_11, Wired)" time="371.865">
<failure message="*HTML*Failure: Selector &quot;.icon-wrapper.assign&quot; is Not Clickable&#10;&#10;Also keyword teardown failed:&#10;Failure: Selector &quot;#setting-sprocket&quot; is Not Clickable &#10;&#10; &lt;a href=dmp_logs_2022_07_19_23_36_19.zip&gt;DEBUG_LOGS&lt;/a&gt; &#10;&#10; &lt;a href=end_test-screenshot-20220719-233619.png&gt;SCREENSHOT&lt;/a&gt; &#10;&#10; &lt;a href=C:\Jenkins\workspace\sion_features_navigation_screens/report19072022_23_36_30_page_source.html&gt;PAGE_SOURCE&lt;/a&gt;" type="AssertionError"/>
</testcase>
<testcase classname="Kragle Regression" name="Test: Device Settings For Mouse - SYS Verification: PRO WIRELESS (Windows_11, Wired)" time="350.606">
</testcase>
<testcase classname="Kragle Regression" name="Test: DPI Sensitivity For Mouse - UI Verification: PRO WIRELESS (Windows_11, Wired)" time="178.890">
</testcase>
<testcase classname="Kragle Regression" name="Test: DPI With Onboard Profile For Mouse: PRO WIRELESS (Windows_11, Wired)" time="289.709">
</testcase>
<testcase classname="Kragle Regression" name="Test: DPI Sensitivity For Mouse: PRO WIRELESS (Windows_11, Wired)" time="263.082">
</testcase>
<testcase classname="Kragle Regression" name="Test: DPI Sensitivity With Sleep System For Mouse: PRO WIRELESS (Windows_11, Wired)" time="159.295">
</testcase>
<testcase classname="Kragle Regression" name="Test: DPI Sensitivity With Restart G HUB For Mouse: PRO WIRELESS (Windows_11, Wired)" time="137.485">
</testcase>
<testcase classname="Kragle Regression" name="Disconnect: PRO WIRELESS:wired &amp; Connect: G703 LIGHTSPEED:wired" time="4.281">
</testcase>
<testcase classname="Kragle Regression" name="Test: Local And Cloud Profile For Mouse: G703 LIGHTSPEED (Windows_11, Wired)" time="470.012">
</testcase>
<testcase classname="Kragle Regression" name="Test: OOB Software Support For Mouse: G703 LIGHTSPEED (Windows_11, Wired)" time="207.939">
</testcase>
<testcase classname="Kragle Regression" name="Test: Lightsync Effect For Mouse: G703 LIGHTSPEED (Windows_11, Wired)" time="23.958">
</testcase>
<testcase classname="Kragle Regression" name="Test: Lightsync Effect With Restart G HUB For Mouse: G703 LIGHTSPEED (Windows_11, Wired)" time="0.042">
</testcase>
<testcase classname="Kragle Regression" name="Test: Lightsync Effect With Sleep System For Mouse: G703 LIGHTSPEED (Windows_11, Wired)" time="628.992">
</testcase>
<testcase classname="Kragle Regression" name="Test: Lightsync Effect With Onboard Profile For Mouse: G703 LIGHTSPEED (Windows_11, Wired)" time="302.643">
</testcase>
<testcase classname="Kragle Regression" name="Test: Global Settings - My Gear For Mouse: G703 LIGHTSPEED (Windows_11, Wired)" time="26.840">
<failure message="*HTML*Failure: Selector &quot;.back-button&quot; is Not Clickable &#10;&#10; &lt;a href=dmp_logs_2022_07_20_00_27_47.zip&gt;DEBUG_LOGS&lt;/a&gt; &#10;&#10; &lt;a href=end_test-screenshot-20220720-002747.png&gt;SCREENSHOT&lt;/a&gt; &#10;&#10; &lt;a href=C:\Jenkins\workspace\sion_features_navigation_screens/report20072022_00_27_58_page_source.html&gt;PAGE_SOURCE&lt;/a&gt;" type="AssertionError"/>
</testcase>
<testcase classname="Kragle Regression" name="Test: Global Settings - Verify Show Tutorial Enables Coach Marks For Mouse: G703 LIGHTSPEED (Windows_11, Wired)" time="26.197">
</testcase>
<testcase classname="Kragle Regression" name="Test: Device Settings For Mouse - UI Verification: G703 LIGHTSPEED (Windows_11, Wired)" time="366.880">
<failure message="*HTML*Failure: Selector &quot;.preset-circle.preview.bordered&quot; is Not Clickable &#10;&#10; &lt;a href=dmp_logs_2022_07_20_00_35_04.zip&gt;DEBUG_LOGS&lt;/a&gt; &#10;&#10; &lt;a href=end_test-screenshot-20220720-003504.png&gt;SCREENSHOT&lt;/a&gt; &#10;&#10; &lt;a href=C:\Jenkins\workspace\sion_features_navigation_screens/report20072022_00_35_16_page_source.html&gt;PAGE_SOURCE&lt;/a&gt;" type="AssertionError"/>
</testcase>
<testcase classname="Kragle Regression" name="Test: Device Settings For Mouse - SYS Verification: G703 LIGHTSPEED (Windows_11, Wired)" time="366.699">
<failure message="*HTML*Failure: Selector &quot;.preset-circle.preview.bordered&quot; is Not Clickable &#10;&#10; &lt;a href=dmp_logs_2022_07_20_00_41_55.zip&gt;DEBUG_LOGS&lt;/a&gt; &#10;&#10; &lt;a href=end_test-screenshot-20220720-004155.png&gt;SCREENSHOT&lt;/a&gt; &#10;&#10; &lt;a href=C:\Jenkins\workspace\sion_features_navigation_screens/report20072022_00_42_07_page_source.html&gt;PAGE_SOURCE&lt;/a&gt;" type="AssertionError"/>
</testcase>
<testcase classname="Kragle Regression" name="Test: Persistent Profile For Mouse: G703 LIGHTSPEED (Windows_11, Wired)" time="2279.151">
</testcase>
<testcase classname="Kragle Regression" name="Test: DPI Sensitivity For Mouse - UI Verification: G703 LIGHTSPEED (Windows_11, Wired)" time="150.040">
</testcase>
<testcase classname="Kragle Regression" name="Test: DPI With Onboard Profile For Mouse: G703 LIGHTSPEED (Windows_11, Wired)" time="304.809">
</testcase>
<testcase classname="Kragle Regression" name="Test: DPI Sensitivity For Mouse: G703 LIGHTSPEED (Windows_11, Wired)" time="255.614">
</testcase>
<testcase classname="Kragle Regression" name="Test: DPI Sensitivity With Sleep System For Mouse: G703 LIGHTSPEED (Windows_11, Wired)" time="158.005">
</testcase>
<testcase classname="Kragle Regression" name="Test: DPI Sensitivity With Restart G HUB For Mouse: G703 LIGHTSPEED (Windows_11, Wired)" time="136.682">
</testcase>
<testcase classname="Kragle Regression" name="Disconnect: G703 LIGHTSPEED:wired &amp; Connect: G502 LIGHTSPEED:wired" time="2.151">
</testcase>
<testcase classname="Kragle Regression" name="Test: Local And Cloud Profile For Mouse: G502 LIGHTSPEED (Windows_11, Wired)" time="369.440">
</testcase>
<testcase classname="Kragle Regression" name="Test: OOB Software Support For Mouse: G502 LIGHTSPEED (Windows_11, Wired)" time="205.527">
</testcase>
<testcase classname="Kragle Regression" name="Test: Lightsync Effect For Mouse: G502 LIGHTSPEED (Windows_11, Wired)" time="24.041">
</testcase>
<testcase classname="Kragle Regression" name="Test: Lightsync Effect With Restart G HUB For Mouse: G502 LIGHTSPEED (Windows_11, Wired)" time="0.047">
</testcase>
<testcase classname="Kragle Regression" name="Test: Lightsync Effect With Sleep System For Mouse: G502 LIGHTSPEED (Windows_11, Wired)" time="633.127">
</testcase>
<testcase classname="Kragle Regression" name="Test: Lightsync Effect With Onboard Profile For Mouse: G502 LIGHTSPEED (Windows_11, Wired)" time="378.806">
</testcase>
<testcase classname="Kragle Regression" name="Test: Global Settings - My Gear For Mouse: G502 LIGHTSPEED (Windows_11, Wired)" time="26.968">
<failure message="*HTML*Failure: Selector &quot;.back-button&quot; is Not Clickable &#10;&#10; &lt;a href=dmp_logs_2022_07_20_02_04_44.zip&gt;DEBUG_LOGS&lt;/a&gt; &#10;&#10; &lt;a href=end_test-screenshot-20220720-020444.png&gt;SCREENSHOT&lt;/a&gt; &#10;&#10; &lt;a href=C:\Jenkins\workspace\sion_features_navigation_screens/report20072022_02_04_55_page_source.html&gt;PAGE_SOURCE&lt;/a&gt;" type="AssertionError"/>
</testcase>
<testcase classname="Kragle Regression" name="Test: Global Settings - Verify Show Tutorial Enables Coach Marks For Mouse: G502 LIGHTSPEED (Windows_11, Wired)" time="26.079">
</testcase>
<testcase classname="Kragle Regression" name="Test: Device Settings For Mouse - UI Verification: G502 LIGHTSPEED (Windows_11, Wired)" time="347.721">
</testcase>
<testcase classname="Kragle Regression" name="Test: Device Settings For Mouse - SYS Verification: G502 LIGHTSPEED (Windows_11, Wired)" time="361.057">
</testcase>
<testcase classname="Kragle Regression" name="Test: Persistent Profile For Mouse: G502 LIGHTSPEED (Windows_11, Wired)" time="2284.095">
</testcase>
<testcase classname="Kragle Regression" name="Test: DPI Sensitivity For Mouse - UI Verification: G502 LIGHTSPEED (Windows_11, Wired)" time="181.574">
</testcase>
<testcase classname="Kragle Regression" name="Test: DPI With Onboard Profile For Mouse: G502 LIGHTSPEED (Windows_11, Wired)" time="305.438">
</testcase>
<testcase classname="Kragle Regression" name="Test: DPI Sensitivity For Mouse: G502 LIGHTSPEED (Windows_11, Wired)" time="262.204">
</testcase>
<testcase classname="Kragle Regression" name="Test: DPI Sensitivity With Sleep System For Mouse: G502 LIGHTSPEED (Windows_11, Wired)" time="159.349">
</testcase>
<testcase classname="Kragle Regression" name="Test: DPI Sensitivity With Restart G HUB For Mouse: G502 LIGHTSPEED (Windows_11, Wired)" time="137.775">
</testcase>
<testcase classname="Kragle Regression" name="Test: Validate PRESETS FIXED Lightsync Presets: G512 (Windows_11, Wired)" time="58.832">
</testcase>
<testcase classname="Kragle Regression" name="Test: Validate PRESETS CYCLE Lightsync Presets: G512 (Windows_11, Wired)" time="112.609">
</testcase>
<testcase classname="Kragle Regression" name="Test: Validate PRESETS COLOR WAVE Lightsync Presets: G512 (Windows_11, Wired)" time="138.812">
</testcase>
<testcase classname="Kragle Regression" name="Test: Validate PRESETS BREATHING Lightsync Presets: G512 (Windows_11, Wired)" time="113.893">
</testcase>
<testcase classname="Kragle Regression" name="Test: Validate PRESETS RIPPLE Lightsync Presets: G512 (Windows_11, Wired)" time="127.372">
</testcase>
<testcase classname="Kragle Regression" name="Test: Validate PRESETS STARLIGHT Lightsync Presets: G512 (Windows_11, Wired)" time="126.478">
</testcase>
<testcase classname="Kragle Regression" name="Test: Validate PRESETS ECHO PRESS Lightsync Presets: G512 (Windows_11, Wired)" time="118.310">
</testcase>
<testcase classname="Kragle Regression" name="Test: Validate PRESETS SCREEN SAMPLER Lightsync Presets: G512 (Windows_11, Wired)" time="120.850">
</testcase>
<testcase classname="Kragle Regression" name="Test: Validate PRESETS AUDIO VISUALIZER Lightsync Presets: G512 (Windows_11, Wired)" time="76.326">
</testcase>
<testcase classname="Kragle Regression" name="Test: Validate WASD quick color Freestyle effect: G512 (Windows_11, Wired)" time="79.571">
</testcase>
<testcase classname="Kragle Regression" name="Test: Validate NUMBERS quick color Freestyle effect: G512 (Windows_11, Wired)" time="81.600">
</testcase>
<testcase classname="Kragle Regression" name="Test: Validate F KEYS quick color Freestyle effect: G512 (Windows_11, Wired)" time="81.746">
</testcase>
<testcase classname="Kragle Regression" name="Test: Validate MODIFIER quick color Freestyle effect: G512 (Windows_11, Wired)" time="75.013">
</testcase>
<testcase classname="Kragle Regression" name="Test: Validate ARROW KEYS quick color Freestyle effect: G512 (Windows_11, Wired)" time="81.533">
</testcase>
<testcase classname="Kragle Regression" name="Test: Validate contrastic Animations effect: G512 (Windows_11, Wired)" time="69.480">
</testcase>
<testcase classname="Kragle Regression" name="Test: Validate lightning Animations effect: G512 (Windows_11, Wired)" time="60.266">
</testcase>
<testcase classname="Kragle Regression" name="Test: Validate ocean wave Animations effect: G512 (Windows_11, Wired)" time="59.285">
</testcase>
<testcase classname="Kragle Regression" name="Test: Validate red white and blue Animations effect: G512 (Windows_11, Wired)" time="58.309">
</testcase>
<testcase classname="Kragle Regression" name="Test: Validate verticool Animations effect: G512 (Windows_11, Wired)" time="62.083">
</testcase>
<testcase classname="Kragle Regression" name="Test: Validate PRESETS FIXED Lightsync Presets: G610 (Windows_11, Wired)" time="82.580">
</testcase>
<testcase classname="Kragle Regression" name="Test: Validate PRESETS COLOR WAVE Lightsync Presets: G610 (Windows_11, Wired)" time="113.739">
</testcase>
<testcase classname="Kragle Regression" name="Test: Validate PRESETS BREATHING Lightsync Presets: G610 (Windows_11, Wired)" time="109.896">
</testcase>
<testcase classname="Kragle Regression" name="Test: Validate PRESETS STARLIGHT Lightsync Presets: G610 (Windows_11, Wired)" time="127.968">
</testcase>
<testcase classname="Kragle Regression" name="Test: Validate PRESETS ECHO PRESS Lightsync Presets: G610 (Windows_11, Wired)" time="117.609">
</testcase>
<testcase classname="Kragle Regression" name="Test: Validate WASD quick color Freestyle effect: G610 (Windows_11, Wired)" time="92.285">
</testcase>
<testcase classname="Kragle Regression" name="Test: Validate NUMBERS quick color Freestyle effect: G610 (Windows_11, Wired)" time="84.327">
</testcase>
<testcase classname="Kragle Regression" name="Test: Validate F KEYS quick color Freestyle effect: G610 (Windows_11, Wired)" time="84.259">
</testcase>
<testcase classname="Kragle Regression" name="Test: Validate MODIFIER quick color Freestyle effect: G610 (Windows_11, Wired)" time="73.795">
</testcase>
<testcase classname="Kragle Regression" name="Test: Validate ARROW KEYS quick color Freestyle effect: G610 (Windows_11, Wired)" time="82.323">
</testcase>
<testcase classname="Kragle Regression" name="Test: Validate LOGO quick color Freestyle effect: G610 (Windows_11, Wired)" time="90.028">
</testcase>
<testcase classname="Kragle Regression" name="Test: Validate contrastic Animations effect: G610 (Windows_11, Wired)" time="78.760">
<failure message="*HTML*Failure: Selector &quot;//h5[contains(text(),'CYCLE')]/ancestor::div[@class='panel-section']/child::div/descendant::span[@class='glyphicon glyphicon-chevron-down']&quot; is Not Loaded &#10;&#10; &lt;a href=dmp_logs_2022_07_20_04_00_34.zip&gt;DEBUG_LOGS&lt;/a&gt; &#10;&#10; &lt;a href=end_test-screenshot-20220720-040034.png&gt;SCREENSHOT&lt;/a&gt; &#10;&#10; &lt;a href=C:\Jenkins\workspace\sion_features_navigation_screens/report20072022_04_00_45_page_source.html&gt;PAGE_SOURCE&lt;/a&gt;" type="AssertionError"/>
</testcase>
<testcase classname="Kragle Regression" name="Test: Validate verticool Animations effect: G610 (Windows_11, Wired)" time="46.922">
</testcase>
<testcase classname="Kragle Regression" name="Test: Validate PRESETS FIXED Lightsync Presets: G915 TKL (Windows_11, Wired)" time="89.486">
</testcase>
<testcase classname="Kragle Regression" name="Test: Validate PRESETS CYCLE Lightsync Presets: G915 TKL (Windows_11, Wired)" time="132.843">
</testcase>
<testcase classname="Kragle Regression" name="Test: Validate PRESETS COLOR WAVE Lightsync Presets: G915 TKL (Windows_11, Wired)" time="172.762">
</testcase>
<testcase classname="Kragle Regression" name="Test: Validate PRESETS BREATHING Lightsync Presets: G915 TKL (Windows_11, Wired)" time="138.850">
</testcase>
<testcase classname="Kragle Regression" name="Test: Validate PRESETS RIPPLE Lightsync Presets: G915 TKL (Windows_11, Wired)" time="151.038">
</testcase>
<testcase classname="Kragle Regression" name="Test: Validate PRESETS STARLIGHT Lightsync Presets: G915 TKL (Windows_11, Wired)" time="126.930">
</testcase>
<testcase classname="Kragle Regression" name="Test: Validate PRESETS ECHO PRESS Lightsync Presets: G915 TKL (Windows_11, Wired)" time="119.523">
</testcase>
<testcase classname="Kragle Regression" name="Test: Validate PRESETS SCREEN SAMPLER Lightsync Presets: G915 TKL (Windows_11, Wired)" time="135.313">
</testcase>
<testcase classname="Kragle Regression" name="Test: Validate PRESETS AUDIO VISUALIZER Lightsync Presets: G915 TKL (Windows_11, Wired)" time="88.197">
</testcase>
<testcase classname="Kragle Regression" name="Test: Validate WASD quick color Freestyle effect: G915 TKL (Windows_11, Wired)" time="89.557">
</testcase>
<testcase classname="Kragle Regression" name="Test: Validate NUMBERS quick color Freestyle effect: G915 TKL (Windows_11, Wired)" time="91.531">
</testcase>
<testcase classname="Kragle Regression" name="Test: Validate F KEYS quick color Freestyle effect: G915 TKL (Windows_11, Wired)" time="90.443">
</testcase>
<testcase classname="Kragle Regression" name="Test: Validate MODIFIER quick color Freestyle effect: G915 TKL (Windows_11, Wired)" time="73.638">
</testcase>
<testcase classname="Kragle Regression" name="Test: Validate ARROW KEYS quick color Freestyle effect: G915 TKL (Windows_11, Wired)" time="89.578">
</testcase>
<testcase classname="Kragle Regression" name="Test: Validate LOGO quick color Freestyle effect: G915 TKL (Windows_11, Wired)" time="96.750">
</testcase>
<testcase classname="Kragle Regression" name="Test: Validate contrastic Animations effect: G915 TKL (Windows_11, Wired)" time="76.867">
<failure message="*HTML*Failure: Selector &quot;//h5[contains(text(),'CYCLE')]/ancestor::div[@class='panel-section']/child::div/descendant::span[@class='glyphicon glyphicon-chevron-down']&quot; is Not Loaded &#10;&#10; &lt;a href=dmp_logs_2022_07_20_04_31_28.zip&gt;DEBUG_LOGS&lt;/a&gt; &#10;&#10; &lt;a href=end_test-screenshot-20220720-043128.png&gt;SCREENSHOT&lt;/a&gt; &#10;&#10; &lt;a href=C:\Jenkins\workspace\sion_features_navigation_screens/report20072022_04_31_40_page_source.html&gt;PAGE_SOURCE&lt;/a&gt;" type="AssertionError"/>
</testcase>
<testcase classname="Kragle Regression" name="Test: Validate lightning Animations effect: G915 TKL (Windows_11, Wired)" time="43.927">
</testcase>
<testcase classname="Kragle Regression" name="Test: Validate ocean wave Animations effect: G915 TKL (Windows_11, Wired)" time="58.615">
</testcase>
<testcase classname="Kragle Regression" name="Test: Validate red white and blue Animations effect: G915 TKL (Windows_11, Wired)" time="58.346">
</testcase>
<testcase classname="Kragle Regression" name="Test: Validate verticool Animations effect: G915 TKL (Windows_11, Wired)" time="67.090">
</testcase>
<testcase classname="Kragle Regression" name="Test: Validate PRESETS FIXED Lightsync Presets: G815 (Windows_11, Wired)" time="94.146">
</testcase>
<testcase classname="Kragle Regression" name="Test: Validate PRESETS CYCLE Lightsync Presets: G815 (Windows_11, Wired)" time="140.356">
</testcase>
<testcase classname="Kragle Regression" name="Test: Validate PRESETS COLOR WAVE Lightsync Presets: G815 (Windows_11, Wired)" time="180.159">
</testcase>
<testcase classname="Kragle Regression" name="Test: Validate PRESETS BREATHING Lightsync Presets: G815 (Windows_11, Wired)" time="148.674">
</testcase>
<testcase classname="Kragle Regression" name="Test: Validate PRESETS RIPPLE Lightsync Presets: G815 (Windows_11, Wired)" time="158.655">
</testcase>
<testcase classname="Kragle Regression" name="Test: Validate PRESETS STARLIGHT Lightsync Presets: G815 (Windows_11, Wired)" time="128.690">
</testcase>
<testcase classname="Kragle Regression" name="Test: Validate PRESETS ECHO PRESS Lightsync Presets: G815 (Windows_11, Wired)" time="117.713">
</testcase>
<testcase classname="Kragle Regression" name="Test: Validate PRESETS SCREEN SAMPLER Lightsync Presets: G815 (Windows_11, Wired)" time="154.652">
</testcase>
<testcase classname="Kragle Regression" name="Test: Validate PRESETS AUDIO VISUALIZER Lightsync Presets: G815 (Windows_11, Wired)" time="92.086">
</testcase>
<testcase classname="Kragle Regression" name="Test: Validate WASD quick color Freestyle effect: G815 (Windows_11, Wired)" time="92.813">
</testcase>
<testcase classname="Kragle Regression" name="Test: Validate NUMBERS quick color Freestyle effect: G815 (Windows_11, Wired)" time="92.889">
</testcase>
<testcase classname="Kragle Regression" name="Test: Validate F KEYS quick color Freestyle effect: G815 (Windows_11, Wired)" time="94.942">
</testcase>
<testcase classname="Kragle Regression" name="Test: Validate G KEYS quick color Freestyle effect: G815 (Windows_11, Wired)" time="73.495">
</testcase>
<testcase classname="Kragle Regression" name="Test: Validate MODIFIER quick color Freestyle effect: G815 (Windows_11, Wired)" time="74.338">
</testcase>
<testcase classname="Kragle Regression" name="Test: Validate ARROW KEYS quick color Freestyle effect: G815 (Windows_11, Wired)" time="95.350">
</testcase>
<testcase classname="Kragle Regression" name="Test: Validate LOGO quick color Freestyle effect: G815 (Windows_11, Wired)" time="102.332">
</testcase>
<testcase classname="Kragle Regression" name="Test: Validate contrastic Animations effect: G815 (Windows_11, Wired)" time="78.982">
<failure message="*HTML*Failure: Selector &quot;//h5[contains(text(),'CYCLE')]/ancestor::div[@class='panel-section']/child::div/descendant::span[@class='glyphicon glyphicon-chevron-down']&quot; is Not Loaded &#10;&#10; &lt;a href=dmp_logs_2022_07_20_05_08_01.zip&gt;DEBUG_LOGS&lt;/a&gt; &#10;&#10; &lt;a href=end_test-screenshot-20220720-050801.png&gt;SCREENSHOT&lt;/a&gt; &#10;&#10; &lt;a href=C:\Jenkins\workspace\sion_features_navigation_screens/report20072022_05_08_12_page_source.html&gt;PAGE_SOURCE&lt;/a&gt;" type="AssertionError"/>
</testcase>
<testcase classname="Kragle Regression" name="Test: Validate lightning Animations effect: G815 (Windows_11, Wired)" time="42.805">
</testcase>
<testcase classname="Kragle Regression" name="Test: Validate ocean wave Animations effect: G815 (Windows_11, Wired)" time="60.327">
</testcase>
<testcase classname="Kragle Regression" name="Test: Validate red white and blue Animations effect: G815 (Windows_11, Wired)" time="58.713">
</testcase>
<testcase classname="Kragle Regression" name="Test: Validate verticool Animations effect: G815 (Windows_11, Wired)" time="71.179">
</testcase>
<testcase classname="Kragle Regression" name="Test: Validate PRIMARY FIXED Lightsync Presets: G502 HERO (Windows_11, Wired)" time="85.096">
</testcase>
<testcase classname="Kragle Regression" name="Test: Validate PRIMARY CYCLE Lightsync Presets: G502 HERO (Windows_11, Wired)" time="121.139">
</testcase>
<testcase classname="Kragle Regression" name="Test: Validate PRIMARY BREATHING Lightsync Presets: G502 HERO (Windows_11, Wired)" time="131.277">
</testcase>
<testcase classname="Kragle Regression" name="Test: Validate PRIMARY SCREEN SAMPLER Lightsync Presets: G502 HERO (Windows_11, Wired)" time="131.390">
</testcase>
<testcase classname="Kragle Regression" name="Test: Validate PRIMARY AUDIO VISUALIZER Lightsync Presets: G502 HERO (Windows_11, Wired)" time="96.057">
</testcase>
<testcase classname="Kragle Regression" name="Test: Validate LOGO FIXED Lightsync Presets: G502 HERO (Windows_11, Wired)" time="82.754">
</testcase>
<testcase classname="Kragle Regression" name="Test: Validate LOGO CYCLE Lightsync Presets: G502 HERO (Windows_11, Wired)" time="122.984">
</testcase>
<testcase classname="Kragle Regression" name="Test: Validate LOGO BREATHING Lightsync Presets: G502 HERO (Windows_11, Wired)" time="132.717">
</testcase>
<testcase classname="Kragle Regression" name="Test: Validate LOGO SCREEN SAMPLER Lightsync Presets: G502 HERO (Windows_11, Wired)" time="132.663">
</testcase>
<testcase classname="Kragle Regression" name="Test: Validate LOGO AUDIO VISUALIZER Lightsync Presets: G502 HERO (Windows_11, Wired)" time="94.923">
</testcase>
<testcase classname="Kragle Regression" name="Test: Validate PRIMARY FIXED Lightsync Presets: PRO WIRELESS (Windows_11, Wired)" time="88.041">
</testcase>
<testcase classname="Kragle Regression" name="Test: Validate PRIMARY CYCLE Lightsync Presets: PRO WIRELESS (Windows_11, Wired)" time="131.071">
</testcase>
<testcase classname="Kragle Regression" name="Test: Validate PRIMARY BREATHING Lightsync Presets: PRO WIRELESS (Windows_11, Wired)" time="146.233">
</testcase>
<testcase classname="Kragle Regression" name="Test: Validate PRIMARY SCREEN SAMPLER Lightsync Presets: PRO WIRELESS (Windows_11, Wired)" time="134.182">
</testcase>
<testcase classname="Kragle Regression" name="Test: Validate PRIMARY AUDIO VISUALIZER Lightsync Presets: PRO WIRELESS (Windows_11, Wired)" time="99.748">
</testcase>
<testcase classname="Kragle Regression" name="Test: Validate LOGO FIXED Lightsync Presets: PRO WIRELESS (Windows_11, Wired)" time="89.603">
</testcase>
<testcase classname="Kragle Regression" name="Test: Validate LOGO CYCLE Lightsync Presets: PRO WIRELESS (Windows_11, Wired)" time="132.395">
</testcase>
<testcase classname="Kragle Regression" name="Test: Validate LOGO BREATHING Lightsync Presets: PRO WIRELESS (Windows_11, Wired)" time="143.847">
</testcase>
<testcase classname="Kragle Regression" name="Test: Validate LOGO SCREEN SAMPLER Lightsync Presets: PRO WIRELESS (Windows_11, Wired)" time="133.298">
</testcase>
<testcase classname="Kragle Regression" name="Test: Validate LOGO AUDIO VISUALIZER Lightsync Presets: PRO WIRELESS (Windows_11, Wired)" time="99.852">
</testcase>
<testcase classname="Kragle Regression" name="Test: Validate PRIMARY FIXED Lightsync Presets: G703 LIGHTSPEED (Windows_11, Wired)" time="95.043">
</testcase>
<testcase classname="Kragle Regression" name="Test: Validate PRIMARY CYCLE Lightsync Presets: G703 LIGHTSPEED (Windows_11, Wired)" time="138.230">
</testcase>
<testcase classname="Kragle Regression" name="Test: Validate PRIMARY BREATHING Lightsync Presets: G703 LIGHTSPEED (Windows_11, Wired)" time="154.395">
</testcase>
<testcase classname="Kragle Regression" name="Test: Validate PRIMARY SCREEN SAMPLER Lightsync Presets: G703 LIGHTSPEED (Windows_11, Wired)" time="138.102">
</testcase>
<testcase classname="Kragle Regression" name="Test: Validate PRIMARY AUDIO VISUALIZER Lightsync Presets: G703 LIGHTSPEED (Windows_11, Wired)" time="104.865">
</testcase>
<testcase classname="Kragle Regression" name="Test: Validate LOGO FIXED Lightsync Presets: G703 LIGHTSPEED (Windows_11, Wired)" time="93.483">
</testcase>
<testcase classname="Kragle Regression" name="Test: Validate LOGO CYCLE Lightsync Presets: G703 LIGHTSPEED (Windows_11, Wired)" time="138.635">
</testcase>
<testcase classname="Kragle Regression" name="Test: Validate LOGO BREATHING Lightsync Presets: G703 LIGHTSPEED (Windows_11, Wired)" time="155.869">
</testcase>
<testcase classname="Kragle Regression" name="Test: Validate LOGO SCREEN SAMPLER Lightsync Presets: G703 LIGHTSPEED (Windows_11, Wired)" time="138.004">
</testcase>
<testcase classname="Kragle Regression" name="Test: Validate LOGO AUDIO VISUALIZER Lightsync Presets: G703 LIGHTSPEED (Windows_11, Wired)" time="104.998">
</testcase>
<testcase classname="Kragle Regression" name="Test: Validate PRIMARY FIXED Lightsync Presets: G502 LIGHTSPEED (Windows_11, Wired)" time="100.223">
</testcase>
<testcase classname="Kragle Regression" name="Test: Validate PRIMARY CYCLE Lightsync Presets: G502 LIGHTSPEED (Windows_11, Wired)" time="128.456">
</testcase>
<testcase classname="Kragle Regression" name="Test: Validate PRIMARY BREATHING Lightsync Presets: G502 LIGHTSPEED (Windows_11, Wired)" time="148.770">
</testcase>
<testcase classname="Kragle Regression" name="Test: Validate PRIMARY SCREEN SAMPLER Lightsync Presets: G502 LIGHTSPEED (Windows_11, Wired)" time="119.016">
</testcase>
<testcase classname="Kragle Regression" name="Test: Validate PRIMARY AUDIO VISUALIZER Lightsync Presets: G502 LIGHTSPEED (Windows_11, Wired)" time="91.651">
</testcase>
<testcase classname="Kragle Regression" name="Test: Validate LOGO FIXED Lightsync Presets: G502 LIGHTSPEED (Windows_11, Wired)" time="79.653">
</testcase>
<testcase classname="Kragle Regression" name="Test: Validate LOGO CYCLE Lightsync Presets: G502 LIGHTSPEED (Windows_11, Wired)" time="129.661">
</testcase>
<testcase classname="Kragle Regression" name="Test: Validate LOGO BREATHING Lightsync Presets: G502 LIGHTSPEED (Windows_11, Wired)" time="149.144">
</testcase>
<testcase classname="Kragle Regression" name="Test: Validate LOGO SCREEN SAMPLER Lightsync Presets: G502 LIGHTSPEED (Windows_11, Wired)" time="121.109">
</testcase>
<testcase classname="Kragle Regression" name="Test: Validate LOGO AUDIO VISUALIZER Lightsync Presets: G502 LIGHTSPEED (Windows_11, Wired)" time="92.531">
</testcase>
</testsuite>
