<?xml version="1.0" encoding="UTF-8"?>
<testsuite name="Kragle Regression" tests="153" errors="0" failures="54" skipped="0" time="32497.476">
<testcase classname="Kragle Regression" name="Test Application Specific Test Cases" time="2.070">
</testcase>
<testcase classname="Kragle Regression" name="Test Device Specific Test Cases" time="5.567">
</testcase>
<testcase classname="Kragle Regression" name="Test: Sample Lua.Script_Editor_Validation (Windows-10-10.0.19044-SP0)" time="16.334">
</testcase>
<testcase classname="Kragle Regression" name="Connect Device: G213:wired" time="1.011">
</testcase>
<testcase classname="Kragle Regression" name="Test: Local And Cloud Profile For Keyboard: G213 (Windows, Wired)" time="343.591">
</testcase>
<testcase classname="Kragle Regression" name="Test: Lightsync Animation Effect For Keyboard - GUI Verification: G213 (Windows, Wired)" time="0.023">
</testcase>
<testcase classname="Kragle Regression" name="Test: Lightsync Presets Effect For Keyboard - GUI Verification: G213 (Windows, Wired)" time="911.398">
</testcase>
<testcase classname="Kragle Regression" name="Test: Lightsync Freestyle Effect For Keyboard - GUI Verification: G213 (Windows, Wired)" time="82.973">
</testcase>
<testcase classname="Kragle Regression" name="Test: Global Settings - My Gear For Keyboard: G213 (Windows, Wired)" time="26.128">
</testcase>
<testcase classname="Kragle Regression" name="Test: Global Settings - Verify Show Tutorial Enables Coach Marks For Keyboard: G213 (Windows, Wired)" time="32.131">
</testcase>
<testcase classname="Kragle Regression" name="Test: Device Settings For Keyboard - UI Verification: G213 (Windows, Wired)" time="46.856">
</testcase>
<testcase classname="Kragle Regression" name="Test: Assignments View For Keyboard - UI Verification: G213 (Windows, Wired)" time="516.309">
</testcase>
<testcase classname="Kragle Regression" name="Test: User Able To Delete The Actions For Keyboard: G213 (Windows, Wired)" time="141.120">
</testcase>
<testcase classname="Kragle Regression" name="Reset G HUB: 1" time="145.035">
</testcase>
<testcase classname="Kragle Regression" name="Test: Game Mode For Keyboard: G213 (Windows, Wired)" time="74.098">
</testcase>
<testcase classname="Kragle Regression" name="Test: Game Mode Restore Default Settings For Keyboard: G213 (Windows, Wired)" time="12.776">
<failure message="*HTML*KeyError: 'f1 key name not defined in keyboard index map' &#10;&#10; &lt;a href=dmp_logs_2022_04_07_19_48_20.zip&gt;DEBUG_LOGS&lt;/a&gt; &#10;&#10; &lt;a href=end_test-screenshot-20220407-194820.png&gt;SCREENSHOT&lt;/a&gt; &#10;&#10; &lt;a href=C:\Jenkins\workspace\structuring_refactoring_features/report07042022_19_48_31_page_source.html&gt;PAGE_SOURCE&lt;/a&gt;" type="AssertionError"/>
</testcase>
<testcase classname="Kragle Regression" name="Test: All Profiles Should Be Same Disabled Keys In Game Mode When Profile Is Locked For Keyboard: G213 (Windows, Wired)" time="140.052">
<failure message="*HTML*KeyError: 'f1 key name not defined in keyboard index map' &#10;&#10; &lt;a href=dmp_logs_2022_04_07_19_51_24.zip&gt;DEBUG_LOGS&lt;/a&gt; &#10;&#10; &lt;a href=end_test-screenshot-20220407-195124.png&gt;SCREENSHOT&lt;/a&gt; &#10;&#10; &lt;a href=C:\Jenkins\workspace\structuring_refactoring_features/report07042022_19_51_35_page_source.html&gt;PAGE_SOURCE&lt;/a&gt;" type="AssertionError"/>
</testcase>
<testcase classname="Kragle Regression" name="Test: All Profiles Should Be Same Disabled Keys Which Are Disabled While Profile Is Locked In Game Mode: G213 (Windows, Wired)" time="175.263">
<failure message="*HTML*KeyError: 'f1 key name not defined in keyboard index map' &#10;&#10; &lt;a href=dmp_logs_2022_04_07_19_55_03.zip&gt;DEBUG_LOGS&lt;/a&gt; &#10;&#10; &lt;a href=end_test-screenshot-20220407-195503.png&gt;SCREENSHOT&lt;/a&gt; &#10;&#10; &lt;a href=C:\Jenkins\workspace\structuring_refactoring_features/report07042022_19_55_14_page_source.html&gt;PAGE_SOURCE&lt;/a&gt;" type="AssertionError"/>
</testcase>
<testcase classname="Kragle Regression" name="Test: Device Settings For Keyboard - SYS Verification: G213 (Windows, Wired)" time="52.180">
</testcase>
<testcase classname="Kragle Regression" name="Disconnect: G213:wired &amp; Connect: G413:wired" time="2.128">
</testcase>
<testcase classname="Kragle Regression" name="Test: Global Settings - My Gear For Keyboard: G413 (Windows, Wired)" time="15.379">
</testcase>
<testcase classname="Kragle Regression" name="Test: Global Settings - Verify Show Tutorial Enables Coach Marks For Keyboard: G413 (Windows, Wired)" time="32.040">
</testcase>
<testcase classname="Kragle Regression" name="Test: Device Settings For Keyboard - UI Verification: G413 (Windows, Wired)" time="46.886">
</testcase>
<testcase classname="Kragle Regression" name="Test: Game Mode For Keyboard: G413 (Windows, Wired)" time="73.581">
</testcase>
<testcase classname="Kragle Regression" name="Test: Game Mode Restore Default Settings For Keyboard: G413 (Windows, Wired)" time="12.885">
<failure message="*HTML*KeyError: 'f1 key name not defined in keyboard index map' &#10;&#10; &lt;a href=dmp_logs_2022_04_07_19_59_42.zip&gt;DEBUG_LOGS&lt;/a&gt; &#10;&#10; &lt;a href=end_test-screenshot-20220407-195942.png&gt;SCREENSHOT&lt;/a&gt; &#10;&#10; &lt;a href=C:\Jenkins\workspace\structuring_refactoring_features/report07042022_19_59_53_page_source.html&gt;PAGE_SOURCE&lt;/a&gt;" type="AssertionError"/>
</testcase>
<testcase classname="Kragle Regression" name="Reset G HUB: 2" time="113.762">
</testcase>
<testcase classname="Kragle Regression" name="Test: All Profiles Should Be Same Disabled Keys In Game Mode When Profile Is Locked For Keyboard: G413 (Windows, Wired)" time="144.158">
<failure message="*HTML*KeyError: 'f1 key name not defined in keyboard index map' &#10;&#10; &lt;a href=dmp_logs_2022_04_07_20_04_44.zip&gt;DEBUG_LOGS&lt;/a&gt; &#10;&#10; &lt;a href=end_test-screenshot-20220407-200444.png&gt;SCREENSHOT&lt;/a&gt; &#10;&#10; &lt;a href=C:\Jenkins\workspace\structuring_refactoring_features/report07042022_20_04_55_page_source.html&gt;PAGE_SOURCE&lt;/a&gt;" type="AssertionError"/>
</testcase>
<testcase classname="Kragle Regression" name="Test: All Profiles Should Be Same Disabled Keys Which Are Disabled While Profile Is Locked In Game Mode: G413 (Windows, Wired)" time="144.148">
<failure message="*HTML*KeyError: 'f1 key name not defined in keyboard index map' &#10;&#10; &lt;a href=dmp_logs_2022_04_07_20_07_52.zip&gt;DEBUG_LOGS&lt;/a&gt; &#10;&#10; &lt;a href=end_test-screenshot-20220407-200752.png&gt;SCREENSHOT&lt;/a&gt; &#10;&#10; &lt;a href=C:\Jenkins\workspace\structuring_refactoring_features/report07042022_20_08_03_page_source.html&gt;PAGE_SOURCE&lt;/a&gt;" type="AssertionError"/>
</testcase>
<testcase classname="Kragle Regression" name="Test: Lightsync Animation Effect For Keyboard - System Verification: G413 (Windows, Wired)" time="0.018">
</testcase>
<testcase classname="Kragle Regression" name="Test: Lightsync Presets Effect For Keyboard - System Verification: G413 (Windows, Wired)" time="0.019">
</testcase>
<testcase classname="Kragle Regression" name="Test: Lightsync Freestyle Effect For Keyboard - System Verification: G413 (Windows, Wired)" time="0.018">
</testcase>
<testcase classname="Kragle Regression" name="Test: Device Settings For Keyboard - SYS Verification: G413 (Windows, Wired)" time="59.586">
</testcase>
<testcase classname="Kragle Regression" name="Disconnect: G413:wired &amp; Connect: G513:wired" time="2.333">
</testcase>
<testcase classname="Kragle Regression" name="Test: Verify Presets Default Colors For Keyboard: G513 (Windows, Wired)" time="150.854">
</testcase>
<testcase classname="Kragle Regression" name="Test: User Can Change Presets Fixed HEX Color For Keyboard: G513 (Windows, Wired)" time="54.854">
</testcase>
<testcase classname="Kragle Regression" name="Test: User Can Change Presets Fixed RGB Color For Keyboard: G513 (Windows, Wired)" time="60.924">
</testcase>
<testcase classname="Kragle Regression" name="Test: User Can Add And Remove Preset Colors For Keyboard: G513 (Windows, Wired)" time="230.071">
</testcase>
<testcase classname="Kragle Regression" name="Reset G HUB: 3" time="109.679">
</testcase>
<testcase classname="Kragle Regression" name="Test: User Can Change Freestyle HEX Color For Keyboard Arrow Keys: G513 (Windows, Wired)" time="228.739">
<failure message="*HTML*Keyword 'backend.Verify Keys Colors Keyboard' failed after retrying for 3 minutes. The last error was: TypeError: tuple indices must be integers or slices, not str &#10;&#10; &lt;a href=dmp_logs_2022_04_07_20_23_33.zip&gt;DEBUG_LOGS&lt;/a&gt; &#10;&#10; &lt;a href=end_test-screenshot-20220407-202333.png&gt;SCREENSHOT&lt;/a&gt; &#10;&#10; &lt;a href=C:\Jenkins\workspace\structuring_refactoring_features/report07042022_20_23_44_page_source.html&gt;PAGE_SOURCE&lt;/a&gt;" type="AssertionError"/>
</testcase>
<testcase classname="Kragle Regression" name="Test: User Can Change Freestyle RGB Color For Keyboard Arrow Keys: G513 (Windows, Wired)" time="234.911">
<failure message="*HTML*Keyword 'backend.Verify Keys Colors Keyboard' failed after retrying for 3 minutes. The last error was: TypeError: tuple indices must be integers or slices, not str &#10;&#10; &lt;a href=dmp_logs_2022_04_07_20_28_12.zip&gt;DEBUG_LOGS&lt;/a&gt; &#10;&#10; &lt;a href=end_test-screenshot-20220407-202812.png&gt;SCREENSHOT&lt;/a&gt; &#10;&#10; &lt;a href=C:\Jenkins\workspace\structuring_refactoring_features/report07042022_20_28_23_page_source.html&gt;PAGE_SOURCE&lt;/a&gt;" type="AssertionError"/>
</testcase>
<testcase classname="Kragle Regression" name="Test: User Can Add And Remove Freestyle Preset Colors For Keyboard: G513 (Windows, Wired)" time="360.062">
<failure message="*HTML*Keyword 'backend.Verify Keys Colors Keyboard' failed after retrying for 3 minutes. The last error was: TypeError: tuple indices must be integers or slices, not str &#10;&#10; &lt;a href=dmp_logs_2022_04_07_20_34_56.zip&gt;DEBUG_LOGS&lt;/a&gt; &#10;&#10; &lt;a href=end_test-screenshot-20220407-203456.png&gt;SCREENSHOT&lt;/a&gt; &#10;&#10; &lt;a href=C:\Jenkins\workspace\structuring_refactoring_features/report07042022_20_35_07_page_source.html&gt;PAGE_SOURCE&lt;/a&gt;" type="AssertionError"/>
</testcase>
<testcase classname="Kragle Regression" name="Test: Global Settings - My Gear For Keyboard: G513 (Windows, Wired)" time="15.325">
</testcase>
<testcase classname="Kragle Regression" name="Test: Global Settings - Verify Show Tutorial Enables Coach Marks For Keyboard: G513 (Windows, Wired)" time="32.064">
</testcase>
<testcase classname="Kragle Regression" name="Test: Device Settings For Keyboard - UI Verification: G513 (Windows, Wired)" time="51.529">
</testcase>
<testcase classname="Kragle Regression" name="Test: Onboard Lighting Effect For Keyboard With System Verification: G513 (Windows, Wired)" time="72.629">
<failure message="*HTML*TypeError: tuple indices must be integers or slices, not str &#10;&#10; &lt;a href=dmp_logs_2022_04_07_20_38_31.zip&gt;DEBUG_LOGS&lt;/a&gt; &#10;&#10; &lt;a href=end_test-screenshot-20220407-203831.png&gt;SCREENSHOT&lt;/a&gt; &#10;&#10; &lt;a href=C:\Jenkins\workspace\structuring_refactoring_features/report07042022_20_38_43_page_source.html&gt;PAGE_SOURCE&lt;/a&gt;" type="AssertionError"/>
</testcase>
<testcase classname="Kragle Regression" name="Test: Game Mode For Keyboard: G513 (Windows, Wired)" time="74.086">
</testcase>
<testcase classname="Kragle Regression" name="Test: Game Mode Restore Default Settings For Keyboard: G513 (Windows, Wired)" time="12.691">
<failure message="*HTML*KeyError: 'f1 key name not defined in keyboard index map' &#10;&#10; &lt;a href=dmp_logs_2022_04_07_20_40_42.zip&gt;DEBUG_LOGS&lt;/a&gt; &#10;&#10; &lt;a href=end_test-screenshot-20220407-204042.png&gt;SCREENSHOT&lt;/a&gt; &#10;&#10; &lt;a href=C:\Jenkins\workspace\structuring_refactoring_features/report07042022_20_40_53_page_source.html&gt;PAGE_SOURCE&lt;/a&gt;" type="AssertionError"/>
</testcase>
<testcase classname="Kragle Regression" name="Test: All Profiles Should Be Same Disabled Keys In Game Mode When Profile Is Locked For Keyboard: G513 (Windows, Wired)" time="143.989">
<failure message="*HTML*KeyError: 'f1 key name not defined in keyboard index map' &#10;&#10; &lt;a href=dmp_logs_2022_04_07_20_43_50.zip&gt;DEBUG_LOGS&lt;/a&gt; &#10;&#10; &lt;a href=end_test-screenshot-20220407-204350.png&gt;SCREENSHOT&lt;/a&gt; &#10;&#10; &lt;a href=C:\Jenkins\workspace\structuring_refactoring_features/report07042022_20_44_01_page_source.html&gt;PAGE_SOURCE&lt;/a&gt;" type="AssertionError"/>
</testcase>
<testcase classname="Kragle Regression" name="Reset G HUB: 4" time="109.857">
</testcase>
<testcase classname="Kragle Regression" name="Test: All Profiles Should Be Same Disabled Keys Which Are Disabled While Profile Is Locked In Game Mode: G513 (Windows, Wired)" time="175.354">
<failure message="*HTML*KeyError: 'f1 key name not defined in keyboard index map' &#10;&#10; &lt;a href=dmp_logs_2022_04_07_20_49_19.zip&gt;DEBUG_LOGS&lt;/a&gt; &#10;&#10; &lt;a href=end_test-screenshot-20220407-204919.png&gt;SCREENSHOT&lt;/a&gt; &#10;&#10; &lt;a href=C:\Jenkins\workspace\structuring_refactoring_features/report07042022_20_49_31_page_source.html&gt;PAGE_SOURCE&lt;/a&gt;" type="AssertionError"/>
</testcase>
<testcase classname="Kragle Regression" name="Test: Lightsync Animation Effect For Keyboard - System Verification: G513 (Windows, Wired)" time="192.638">
<failure message="*HTML*Several failures occurred:&#10;&#10;1) TypeError: tuple indices must be integers or slices, not str&#10;&#10;2) Keyword 'lightsync.Verify Custom Animation' failed after retrying 2 times. The last error was: TypeError: tuple indices must be integers or slices, not str &#10;&#10; &lt;a href=dmp_logs_2022_04_07_20_53_16.zip&gt;DEBUG_LOGS&lt;/a&gt; &#10;&#10; &lt;a href=end_test-screenshot-20220407-205316.png&gt;SCREENSHOT&lt;/a&gt; &#10;&#10; &lt;a href=C:\Jenkins\workspace\structuring_refactoring_features/report07042022_20_53_27_page_source.html&gt;PAGE_SOURCE&lt;/a&gt;" type="AssertionError"/>
</testcase>
<testcase classname="Kragle Regression" name="Test: Lightsync Presets Effect For Keyboard - System Verification: G513 (Windows, Wired)" time="1415.559">
<failure message="*HTML*Several failures occurred:&#10;&#10;1) The expected color value of red (255) and actual value from backend (0) is different: 255 != 0&#10;&#10;2) TypeError: tuple indices must be integers or slices, not str&#10;&#10;3) TypeError: tuple indices must be integers or slices, not str&#10;&#10;4) Keyword 'lightsync.Breathing Color Verification' failed after retrying 2 times. The last error was: TypeError: 'bool' object is not subscriptable&#10;&#10;5) Keyword 'lightsync.Breathing Color Verification' failed after retrying 2 times. The last error was: TypeError: 'bool' object is not subscriptable&#10;&#10;6) Keyword 'lightsync.Breathing Color Verification' failed after retrying 2 times. The last error was: TypeError: 'bool' object is not subscriptable&#10;&#10;7) Keyword 'lightsync.Breathing Color Verification' failed after retrying 2 times. The last error was: TypeError: 'bool' object is not subscriptable&#10;&#10;8) TypeError: tuple indices must be integers or slices, not str&#10;&#10;9) TypeError: tuple indices must be integers or slices, not str&#10;&#10;10) TypeError: tuple indices must be integers or slices, not str &#10;&#10; &lt;a href=dmp_logs_2022_04_07_21_17_35.zip&gt;DEBUG_LOGS&lt;/a&gt; &#10;&#10; &lt;a href=end_test-screenshot-20220407-211735.png&gt;SCREENSHOT&lt;/a&gt; &#10;&#10; &lt;a href=C:\Jenkins\workspace\structuring_refactoring_features/report07042022_21_17_47_page_source.html&gt;PAGE_SOURCE&lt;/a&gt;" type="AssertionError"/>
</testcase>
<testcase classname="Kragle Regression" name="Test: Lightsync Freestyle Effect For Keyboard - System Verification: G513 (Windows, Wired)" time="45.484">
<failure message="*HTML*Keyword 'lightsync.lightsync.Get Key List For Quick Color Option' expected 1 argument, got 2. &#10;&#10; &lt;a href=dmp_logs_2022_04_07_21_19_05.zip&gt;DEBUG_LOGS&lt;/a&gt; &#10;&#10; &lt;a href=end_test-screenshot-20220407-211905.png&gt;SCREENSHOT&lt;/a&gt; &#10;&#10; &lt;a href=C:\Jenkins\workspace\structuring_refactoring_features/report07042022_21_19_16_page_source.html&gt;PAGE_SOURCE&lt;/a&gt;" type="AssertionError"/>
</testcase>
<testcase classname="Kragle Regression" name="Test: Device Settings For Keyboard - SYS Verification: G513 (Windows, Wired)" time="66.507">
</testcase>
<testcase classname="Kragle Regression" name="Disconnect: G513:wired &amp; Connect: G910:wired" time="3.305">
</testcase>
<testcase classname="Kragle Regression" name="Test: Verify Presets Default Colors For Keyboard: G910 (Windows, Wired)" time="152.742">
</testcase>
<testcase classname="Kragle Regression" name="Test: User Can Change Presets Fixed HEX Color For Keyboard: G910 (Windows, Wired)" time="56.452">
</testcase>
<testcase classname="Kragle Regression" name="Test: User Can Change Presets Fixed RGB Color For Keyboard: G910 (Windows, Wired)" time="62.475">
</testcase>
<testcase classname="Kragle Regression" name="Test: User Can Add And Remove Preset Colors For Keyboard: G910 (Windows, Wired)" time="201.019">
</testcase>
<testcase classname="Kragle Regression" name="Test: User Can Change Freestyle HEX Color For Keyboard Arrow Keys: G910 (Windows, Wired)" time="237.373">
<failure message="*HTML*Keyword 'backend.Verify Keys Colors Keyboard' failed after retrying for 3 minutes. The last error was: TypeError: tuple indices must be integers or slices, not str &#10;&#10; &lt;a href=dmp_logs_2022_04_07_21_32_49.zip&gt;DEBUG_LOGS&lt;/a&gt; &#10;&#10; &lt;a href=end_test-screenshot-20220407-213249.png&gt;SCREENSHOT&lt;/a&gt; &#10;&#10; &lt;a href=C:\Jenkins\workspace\structuring_refactoring_features/report07042022_21_33_00_page_source.html&gt;PAGE_SOURCE&lt;/a&gt;" type="AssertionError"/>
</testcase>
<testcase classname="Kragle Regression" name="Reset G HUB: 5" time="113.679">
</testcase>
<testcase classname="Kragle Regression" name="Test: User Can Change Freestyle RGB Color For Keyboard Arrow Keys: G910 (Windows, Wired)" time="233.193">
<failure message="*HTML*Keyword 'backend.Verify Keys Colors Keyboard' failed after retrying for 3 minutes. The last error was: TypeError: tuple indices must be integers or slices, not str &#10;&#10; &lt;a href=dmp_logs_2022_04_07_21_39_19.zip&gt;DEBUG_LOGS&lt;/a&gt; &#10;&#10; &lt;a href=end_test-screenshot-20220407-213919.png&gt;SCREENSHOT&lt;/a&gt; &#10;&#10; &lt;a href=C:\Jenkins\workspace\structuring_refactoring_features/report07042022_21_39_31_page_source.html&gt;PAGE_SOURCE&lt;/a&gt;" type="AssertionError"/>
</testcase>
<testcase classname="Kragle Regression" name="Test: User Can Add And Remove Freestyle Preset Colors For Keyboard: G910 (Windows, Wired)" time="353.979">
<failure message="*HTML*Keyword 'backend.Verify Keys Colors Keyboard' failed after retrying for 3 minutes. The last error was: TypeError: tuple indices must be integers or slices, not str &#10;&#10; &lt;a href=dmp_logs_2022_04_07_21_45_57.zip&gt;DEBUG_LOGS&lt;/a&gt; &#10;&#10; &lt;a href=end_test-screenshot-20220407-214557.png&gt;SCREENSHOT&lt;/a&gt; &#10;&#10; &lt;a href=C:\Jenkins\workspace\structuring_refactoring_features/report07042022_21_46_09_page_source.html&gt;PAGE_SOURCE&lt;/a&gt;" type="AssertionError"/>
</testcase>
<testcase classname="Kragle Regression" name="Test: Global Settings - My Gear For Keyboard: G910 (Windows, Wired)" time="15.470">
</testcase>
<testcase classname="Kragle Regression" name="Test: Global Settings - Verify Show Tutorial Enables Coach Marks For Keyboard: G910 (Windows, Wired)" time="31.975">
</testcase>
<testcase classname="Kragle Regression" name="Test: Device Settings For Keyboard - UI Verification: G910 (Windows, Wired)" time="47.061">
</testcase>
<testcase classname="Kragle Regression" name="Test: Game Mode For Keyboard: G910 (Windows, Wired)" time="73.792">
</testcase>
<testcase classname="Kragle Regression" name="Test: Game Mode Restore Default Settings For Keyboard: G910 (Windows, Wired)" time="12.791">
<failure message="*HTML*KeyError: 'f1 key name not defined in keyboard index map' &#10;&#10; &lt;a href=dmp_logs_2022_04_07_21_49_42.zip&gt;DEBUG_LOGS&lt;/a&gt; &#10;&#10; &lt;a href=end_test-screenshot-20220407-214942.png&gt;SCREENSHOT&lt;/a&gt; &#10;&#10; &lt;a href=C:\Jenkins\workspace\structuring_refactoring_features/report07042022_21_49_54_page_source.html&gt;PAGE_SOURCE&lt;/a&gt;" type="AssertionError"/>
</testcase>
<testcase classname="Kragle Regression" name="Test: All Profiles Should Be Same Disabled Keys In Game Mode When Profile Is Locked For Keyboard: G910 (Windows, Wired)" time="149.175">
<failure message="*HTML*KeyError: 'f1 key name not defined in keyboard index map' &#10;&#10; &lt;a href=dmp_logs_2022_04_07_21_52_56.zip&gt;DEBUG_LOGS&lt;/a&gt; &#10;&#10; &lt;a href=end_test-screenshot-20220407-215255.png&gt;SCREENSHOT&lt;/a&gt; &#10;&#10; &lt;a href=C:\Jenkins\workspace\structuring_refactoring_features/report07042022_21_53_07_page_source.html&gt;PAGE_SOURCE&lt;/a&gt;" type="AssertionError"/>
</testcase>
<testcase classname="Kragle Regression" name="Test: All Profiles Should Be Same Disabled Keys Which Are Disabled While Profile Is Locked In Game Mode: G910 (Windows, Wired)" time="145.174">
<failure message="*HTML*KeyError: 'f1 key name not defined in keyboard index map' &#10;&#10; &lt;a href=dmp_logs_2022_04_07_21_56_05.zip&gt;DEBUG_LOGS&lt;/a&gt; &#10;&#10; &lt;a href=end_test-screenshot-20220407-215604.png&gt;SCREENSHOT&lt;/a&gt; &#10;&#10; &lt;a href=C:\Jenkins\workspace\structuring_refactoring_features/report07042022_21_56_16_page_source.html&gt;PAGE_SOURCE&lt;/a&gt;" type="AssertionError"/>
</testcase>
<testcase classname="Kragle Regression" name="Test: Lightsync Animation Effect For Keyboard - System Verification: G910 (Windows, Wired)" time="195.545">
<failure message="*HTML*Several failures occurred:&#10;&#10;1) TypeError: tuple indices must be integers or slices, not str&#10;&#10;2) Keyword 'lightsync.Verify Custom Animation' failed after retrying 2 times. The last error was: TypeError: tuple indices must be integers or slices, not str &#10;&#10; &lt;a href=dmp_logs_2022_04_07_22_00_04.zip&gt;DEBUG_LOGS&lt;/a&gt; &#10;&#10; &lt;a href=end_test-screenshot-20220407-220004.png&gt;SCREENSHOT&lt;/a&gt; &#10;&#10; &lt;a href=C:\Jenkins\workspace\structuring_refactoring_features/report07042022_22_00_15_page_source.html&gt;PAGE_SOURCE&lt;/a&gt;" type="AssertionError"/>
</testcase>
<testcase classname="Kragle Regression" name="Reset G HUB: 6" time="113.725">
</testcase>
<testcase classname="Kragle Regression" name="Test: Lightsync Presets Effect For Keyboard - System Verification: G910 (Windows, Wired)" time="1582.090">
<failure message="*HTML*Several failures occurred:&#10;&#10;1) TypeError: tuple indices must be integers or slices, not str&#10;&#10;2) Keyword 'lightsync.Breathing Color Verification' failed after retrying 2 times. The last error was: TypeError: 'bool' object is not subscriptable&#10;&#10;3) Keyword 'lightsync.Breathing Color Verification' failed after retrying 2 times. The last error was: TypeError: 'bool' object is not subscriptable&#10;&#10;4) Keyword 'lightsync.Breathing Color Verification' failed after retrying 2 times. The last error was: TypeError: 'bool' object is not subscriptable&#10;&#10;5) Keyword 'lightsync.Breathing Color Verification' failed after retrying 2 times. The last error was: TypeError: 'bool' object is not subscriptable&#10;&#10;6) TypeError: tuple indices must be integers or slices, not str&#10;&#10;7) TypeError: tuple indices must be integers or slices, not str&#10;&#10;8) TypeError: tuple indices must be integers or slices, not str &#10;&#10; &lt;a href=dmp_logs_2022_04_07_22_29_04.zip&gt;DEBUG_LOGS&lt;/a&gt; &#10;&#10; &lt;a href=end_test-screenshot-20220407-222904.png&gt;SCREENSHOT&lt;/a&gt; &#10;&#10; &lt;a href=C:\Jenkins\workspace\structuring_refactoring_features/report07042022_22_29_15_page_source.html&gt;PAGE_SOURCE&lt;/a&gt;" type="AssertionError"/>
</testcase>
<testcase classname="Kragle Regression" name="Test: Lightsync Freestyle Effect For Keyboard - System Verification: G910 (Windows, Wired)" time="45.533">
<failure message="*HTML*Keyword 'lightsync.lightsync.Get Key List For Quick Color Option' expected 1 argument, got 2. &#10;&#10; &lt;a href=dmp_logs_2022_04_07_22_30_33.zip&gt;DEBUG_LOGS&lt;/a&gt; &#10;&#10; &lt;a href=end_test-screenshot-20220407-223033.png&gt;SCREENSHOT&lt;/a&gt; &#10;&#10; &lt;a href=C:\Jenkins\workspace\structuring_refactoring_features/report07042022_22_30_45_page_source.html&gt;PAGE_SOURCE&lt;/a&gt;" type="AssertionError"/>
</testcase>
<testcase classname="Kragle Regression" name="Test: Device Settings For Keyboard - SYS Verification: G910 (Windows, Wired)" time="54.132">
</testcase>
<testcase classname="Kragle Regression" name="Disconnect: G910:wired &amp; Connect: PRO:wired" time="3.345">
</testcase>
<testcase classname="Kragle Regression" name="Test: Local And Cloud Profile For Keyboard: PRO (Windows, Wired)" time="362.153">
</testcase>
<testcase classname="Kragle Regression" name="Test: Verify Presets Default Colors For Keyboard: PRO (Windows, Wired)" time="199.516">
</testcase>
<testcase classname="Kragle Regression" name="Test: User Can Change Presets Fixed HEX Color For Keyboard: PRO (Windows, Wired)" time="67.938">
</testcase>
<testcase classname="Kragle Regression" name="Test: User Can Change Presets Fixed RGB Color For Keyboard: PRO (Windows, Wired)" time="58.993">
</testcase>
<testcase classname="Kragle Regression" name="Test: User Can Add And Remove Preset Colors For Keyboard: PRO (Windows, Wired)" time="193.029">
</testcase>
<testcase classname="Kragle Regression" name="Test: User Can Change Freestyle HEX Color For Keyboard Arrow Keys: PRO (Windows, Wired)" time="242.753">
<failure message="*HTML*Keyword 'backend.Verify Keys Colors Keyboard' failed after retrying for 3 minutes. The last error was: TypeError: tuple indices must be integers or slices, not str &#10;&#10; &lt;a href=dmp_logs_2022_04_07_22_50_59.zip&gt;DEBUG_LOGS&lt;/a&gt; &#10;&#10; &lt;a href=end_test-screenshot-20220407-225059.png&gt;SCREENSHOT&lt;/a&gt; &#10;&#10; &lt;a href=C:\Jenkins\workspace\structuring_refactoring_features/report07042022_22_51_11_page_source.html&gt;PAGE_SOURCE&lt;/a&gt;" type="AssertionError"/>
</testcase>
<testcase classname="Kragle Regression" name="Test: User Can Change Freestyle RGB Color For Keyboard Arrow Keys: PRO (Windows, Wired)" time="238.545">
<failure message="*HTML*Keyword 'backend.Verify Keys Colors Keyboard' failed after retrying for 3 minutes. The last error was: TypeError: tuple indices must be integers or slices, not str &#10;&#10; &lt;a href=dmp_logs_2022_04_07_22_55_42.zip&gt;DEBUG_LOGS&lt;/a&gt; &#10;&#10; &lt;a href=end_test-screenshot-20220407-225542.png&gt;SCREENSHOT&lt;/a&gt; &#10;&#10; &lt;a href=C:\Jenkins\workspace\structuring_refactoring_features/report07042022_22_55_53_page_source.html&gt;PAGE_SOURCE&lt;/a&gt;" type="AssertionError"/>
</testcase>
<testcase classname="Kragle Regression" name="Reset G HUB: 7" time="145.013">
</testcase>
<testcase classname="Kragle Regression" name="Test: User Can Add And Remove Freestyle Preset Colors For Keyboard: PRO (Windows, Wired)" time="359.523">
<failure message="*HTML*Keyword 'backend.Verify Keys Colors Keyboard' failed after retrying for 3 minutes. The last error was: TypeError: tuple indices must be integers or slices, not str &#10;&#10; &lt;a href=dmp_logs_2022_04_07_23_04_50.zip&gt;DEBUG_LOGS&lt;/a&gt; &#10;&#10; &lt;a href=end_test-screenshot-20220407-230450.png&gt;SCREENSHOT&lt;/a&gt; &#10;&#10; &lt;a href=C:\Jenkins\workspace\structuring_refactoring_features/report07042022_23_05_02_page_source.html&gt;PAGE_SOURCE&lt;/a&gt;" type="AssertionError"/>
</testcase>
<testcase classname="Kragle Regression" name="Test: Global Settings - My Gear For Keyboard: PRO (Windows, Wired)" time="15.542">
</testcase>
<testcase classname="Kragle Regression" name="Test: Global Settings - Verify Show Tutorial Enables Coach Marks For Keyboard: PRO (Windows, Wired)" time="32.006">
</testcase>
<testcase classname="Kragle Regression" name="Test: Device Settings For Keyboard - UI Verification: PRO (Windows, Wired)" time="51.547">
</testcase>
<testcase classname="Kragle Regression" name="Test: Assignments View For Keyboard - UI Verification: PRO (Windows, Wired)" time="515.704">
</testcase>
<testcase classname="Kragle Regression" name="Test: User Able To Delete The Actions For Keyboard: PRO (Windows, Wired)" time="175.933">
</testcase>
<testcase classname="Kragle Regression" name="Test: Onboard Lighting Effect For Keyboard With System Verification: PRO (Windows, Wired)" time="83.904">
<failure message="*HTML*TypeError: tuple indices must be integers or slices, not str &#10;&#10; &lt;a href=dmp_logs_2022_04_07_23_20_09.zip&gt;DEBUG_LOGS&lt;/a&gt; &#10;&#10; &lt;a href=end_test-screenshot-20220407-232009.png&gt;SCREENSHOT&lt;/a&gt; &#10;&#10; &lt;a href=C:\Jenkins\workspace\structuring_refactoring_features/report07042022_23_20_20_page_source.html&gt;PAGE_SOURCE&lt;/a&gt;" type="AssertionError"/>
</testcase>
<testcase classname="Kragle Regression" name="Test: Game Mode For Keyboard: PRO (Windows, Wired)" time="73.831">
</testcase>
<testcase classname="Kragle Regression" name="Test: Game Mode Restore Default Settings For Keyboard: PRO (Windows, Wired)" time="12.725">
<failure message="*HTML*KeyError: 'f1 key name not defined in keyboard index map' &#10;&#10; &lt;a href=dmp_logs_2022_04_07_23_22_19.zip&gt;DEBUG_LOGS&lt;/a&gt; &#10;&#10; &lt;a href=end_test-screenshot-20220407-232219.png&gt;SCREENSHOT&lt;/a&gt; &#10;&#10; &lt;a href=C:\Jenkins\workspace\structuring_refactoring_features/report07042022_23_22_31_page_source.html&gt;PAGE_SOURCE&lt;/a&gt;" type="AssertionError"/>
</testcase>
<testcase classname="Kragle Regression" name="Test: All Profiles Should Be Same Disabled Keys In Game Mode When Profile Is Locked For Keyboard: PRO (Windows, Wired)" time="140.270">
<failure message="*HTML*KeyError: 'f1 key name not defined in keyboard index map' &#10;&#10; &lt;a href=dmp_logs_2022_04_07_23_25_24.zip&gt;DEBUG_LOGS&lt;/a&gt; &#10;&#10; &lt;a href=end_test-screenshot-20220407-232523.png&gt;SCREENSHOT&lt;/a&gt; &#10;&#10; &lt;a href=C:\Jenkins\workspace\structuring_refactoring_features/report07042022_23_25_35_page_source.html&gt;PAGE_SOURCE&lt;/a&gt;" type="AssertionError"/>
</testcase>
<testcase classname="Kragle Regression" name="Reset G HUB: 8" time="113.854">
</testcase>
<testcase classname="Kragle Regression" name="Test: All Profiles Should Be Same Disabled Keys Which Are Disabled While Profile Is Locked In Game Mode: PRO (Windows, Wired)" time="175.674">
<failure message="*HTML*KeyError: 'f1 key name not defined in keyboard index map' &#10;&#10; &lt;a href=dmp_logs_2022_04_07_23_30_57.zip&gt;DEBUG_LOGS&lt;/a&gt; &#10;&#10; &lt;a href=end_test-screenshot-20220407-233057.png&gt;SCREENSHOT&lt;/a&gt; &#10;&#10; &lt;a href=C:\Jenkins\workspace\structuring_refactoring_features/report07042022_23_31_08_page_source.html&gt;PAGE_SOURCE&lt;/a&gt;" type="AssertionError"/>
</testcase>
<testcase classname="Kragle Regression" name="Test: Lightsync Animation Effect For Keyboard - System Verification: PRO (Windows, Wired)" time="193.002">
<failure message="*HTML*Several failures occurred:&#10;&#10;1) TypeError: tuple indices must be integers or slices, not str&#10;&#10;2) Keyword 'lightsync.Verify Custom Animation' failed after retrying 2 times. The last error was: TypeError: tuple indices must be integers or slices, not str &#10;&#10; &lt;a href=dmp_logs_2022_04_07_23_34_54.zip&gt;DEBUG_LOGS&lt;/a&gt; &#10;&#10; &lt;a href=end_test-screenshot-20220407-233454.png&gt;SCREENSHOT&lt;/a&gt; &#10;&#10; &lt;a href=C:\Jenkins\workspace\structuring_refactoring_features/report07042022_23_35_05_page_source.html&gt;PAGE_SOURCE&lt;/a&gt;" type="AssertionError"/>
</testcase>
<testcase classname="Kragle Regression" name="Test: Lightsync Presets Effect For Keyboard - System Verification: PRO (Windows, Wired)" time="1418.463">
<failure message="*HTML*&lt;b&gt;Known Issue:&lt;/b&gt;[&lt;a href=https://jira.logitech.io/browse/KRGL-9265&gt;KRGL-9265&lt;/a&gt;]&#10;Several failures occurred:&#10;&#10;1) The expected color value of red (180) and actual value from backend (0) is different: 180 != 0&#10;&#10;2) TypeError: tuple indices must be integers or slices, not str&#10;&#10;3) Keyword 'lightsync.Breathing Color Verification' failed after retrying 2 times. The last error was: TypeError: 'bool' object is not subscriptable&#10;&#10;4) Keyword 'lightsync.Breathing Color Verification' failed after retrying 2 times. The last error was: TypeError: 'bool' object is not subscriptable&#10;&#10;5) Keyword 'lightsync.Breathing Color Verification' failed after retrying 2 times. The last error was: TypeError: 'bool' object is not subscriptable&#10;&#10;6) Keyword 'lightsync.Breathing Color Verification' failed after retrying 2 times. The last error was: TypeError: 'bool' object is not subscriptable&#10;&#10;7) TypeError: tuple indices must be integers or slices, not str&#10;&#10;8) TypeError: tuple indices must be integers or slices, not str&#10;&#10;9) TypeError: tuple indices must be integers or slices, not str &#10;&#10; &lt;a href=dmp_logs_2022_04_07_23_59_16.zip&gt;DEBUG_LOGS&lt;/a&gt; &#10;&#10; &lt;a href=end_test-screenshot-20220407-235916.png&gt;SCREENSHOT&lt;/a&gt; &#10;&#10; &lt;a href=C:\Jenkins\workspace\structuring_refactoring_features/report07042022_23_59_28_page_source.html&gt;PAGE_SOURCE&lt;/a&gt;" type="AssertionError"/>
</testcase>
<testcase classname="Kragle Regression" name="Test: Lightsync Freestyle Effect For Keyboard - System Verification: PRO (Windows, Wired)" time="45.367">
<failure message="*HTML*Keyword 'lightsync.lightsync.Get Key List For Quick Color Option' expected 1 argument, got 2. &#10;&#10; &lt;a href=dmp_logs_2022_04_08_00_00_46.zip&gt;DEBUG_LOGS&lt;/a&gt; &#10;&#10; &lt;a href=end_test-screenshot-20220408-000046.png&gt;SCREENSHOT&lt;/a&gt; &#10;&#10; &lt;a href=C:\Jenkins\workspace\structuring_refactoring_features/report08042022_00_00_57_page_source.html&gt;PAGE_SOURCE&lt;/a&gt;" type="AssertionError"/>
</testcase>
<testcase classname="Kragle Regression" name="Test: Device Settings For Keyboard - SYS Verification: PRO (Windows, Wired)" time="67.329">
</testcase>
<testcase classname="Kragle Regression" name="Disconnect: PRO:wired &amp; Connect: G512:wired" time="2.414">
</testcase>
<testcase classname="Kragle Regression" name="Test: Global Settings - My Gear For Keyboard: G512 (Windows, Wired)" time="15.407">
</testcase>
<testcase classname="Kragle Regression" name="Test: Global Settings - Verify Show Tutorial Enables Coach Marks For Keyboard: G512 (Windows, Wired)" time="31.970">
</testcase>
<testcase classname="Kragle Regression" name="Test: Device Settings For Keyboard - UI Verification: G512 (Windows, Wired)" time="51.628">
</testcase>
<testcase classname="Kragle Regression" name="Test: Onboard Lighting Effect For Keyboard With System Verification: G512 (Windows, Wired)" time="73.444">
<failure message="*HTML*TypeError: tuple indices must be integers or slices, not str &#10;&#10; &lt;a href=dmp_logs_2022_04_08_00_05_32.zip&gt;DEBUG_LOGS&lt;/a&gt; &#10;&#10; &lt;a href=end_test-screenshot-20220408-000532.png&gt;SCREENSHOT&lt;/a&gt; &#10;&#10; &lt;a href=C:\Jenkins\workspace\structuring_refactoring_features/report08042022_00_05_43_page_source.html&gt;PAGE_SOURCE&lt;/a&gt;" type="AssertionError"/>
</testcase>
<testcase classname="Kragle Regression" name="Test: Game Mode For Keyboard: G512 (Windows, Wired)" time="74.007">
</testcase>
<testcase classname="Kragle Regression" name="Reset G HUB: 9" time="109.901">
</testcase>
<testcase classname="Kragle Regression" name="Test: Game Mode Restore Default Settings For Keyboard: G512 (Windows, Wired)" time="12.846">
<failure message="*HTML*KeyError: 'f1 key name not defined in keyboard index map' &#10;&#10; &lt;a href=dmp_logs_2022_04_08_00_09_33.zip&gt;DEBUG_LOGS&lt;/a&gt; &#10;&#10; &lt;a href=end_test-screenshot-20220408-000932.png&gt;SCREENSHOT&lt;/a&gt; &#10;&#10; &lt;a href=C:\Jenkins\workspace\structuring_refactoring_features/report08042022_00_09_44_page_source.html&gt;PAGE_SOURCE&lt;/a&gt;" type="AssertionError"/>
</testcase>
<testcase classname="Kragle Regression" name="Test: All Profiles Should Be Same Disabled Keys In Game Mode When Profile Is Locked For Keyboard: G512 (Windows, Wired)" time="175.506">
<failure message="*HTML*KeyError: 'f1 key name not defined in keyboard index map' &#10;&#10; &lt;a href=dmp_logs_2022_04_08_00_13_12.zip&gt;DEBUG_LOGS&lt;/a&gt; &#10;&#10; &lt;a href=end_test-screenshot-20220408-001312.png&gt;SCREENSHOT&lt;/a&gt; &#10;&#10; &lt;a href=C:\Jenkins\workspace\structuring_refactoring_features/report08042022_00_13_23_page_source.html&gt;PAGE_SOURCE&lt;/a&gt;" type="AssertionError"/>
</testcase>
<testcase classname="Kragle Regression" name="Test: All Profiles Should Be Same Disabled Keys Which Are Disabled While Profile Is Locked In Game Mode: G512 (Windows, Wired)" time="140.162">
<failure message="*HTML*KeyError: 'f1 key name not defined in keyboard index map' &#10;&#10; &lt;a href=dmp_logs_2022_04_08_00_16_16.zip&gt;DEBUG_LOGS&lt;/a&gt; &#10;&#10; &lt;a href=end_test-screenshot-20220408-001616.png&gt;SCREENSHOT&lt;/a&gt; &#10;&#10; &lt;a href=C:\Jenkins\workspace\structuring_refactoring_features/report08042022_00_16_28_page_source.html&gt;PAGE_SOURCE&lt;/a&gt;" type="AssertionError"/>
</testcase>
<testcase classname="Kragle Regression" name="Test: Lightsync Animation Effect For Keyboard - System Verification: G512 (Windows, Wired)" time="192.525">
<failure message="*HTML*Several failures occurred:&#10;&#10;1) TypeError: tuple indices must be integers or slices, not str&#10;&#10;2) Keyword 'lightsync.Verify Custom Animation' failed after retrying 2 times. The last error was: TypeError: tuple indices must be integers or slices, not str &#10;&#10; &lt;a href=dmp_logs_2022_04_08_00_20_13.zip&gt;DEBUG_LOGS&lt;/a&gt; &#10;&#10; &lt;a href=end_test-screenshot-20220408-002013.png&gt;SCREENSHOT&lt;/a&gt; &#10;&#10; &lt;a href=C:\Jenkins\workspace\structuring_refactoring_features/report08042022_00_20_24_page_source.html&gt;PAGE_SOURCE&lt;/a&gt;" type="AssertionError"/>
</testcase>
<testcase classname="Kragle Regression" name="Test: Lightsync Presets Effect For Keyboard - System Verification: G512 (Windows, Wired)" time="1432.231">
<failure message="*HTML*Several failures occurred:&#10;&#10;1) TypeError: tuple indices must be integers or slices, not str&#10;&#10;2) TypeError: tuple indices must be integers or slices, not str&#10;&#10;3) Keyword 'lightsync.Breathing Color Verification' failed after retrying 2 times. The last error was: TypeError: 'bool' object is not subscriptable&#10;&#10;4) Keyword 'lightsync.Breathing Color Verification' failed after retrying 2 times. The last error was: TypeError: 'bool' object is not subscriptable&#10;&#10;5) Keyword 'lightsync.Breathing Color Verification' failed after retrying 2 times. The last error was: TypeError: 'bool' object is not subscriptable&#10;&#10;6) Keyword 'lightsync.Breathing Color Verification' failed after retrying 2 times. The last error was: TypeError: 'bool' object is not subscriptable&#10;&#10;7) TypeError: tuple indices must be integers or slices, not str&#10;&#10;8) TypeError: tuple indices must be integers or slices, not str&#10;&#10;9) TypeError: tuple indices must be integers or slices, not str &#10;&#10; &lt;a href=dmp_logs_2022_04_08_00_44_49.zip&gt;DEBUG_LOGS&lt;/a&gt; &#10;&#10; &lt;a href=end_test-screenshot-20220408-004449.png&gt;SCREENSHOT&lt;/a&gt; &#10;&#10; &lt;a href=C:\Jenkins\workspace\structuring_refactoring_features/report08042022_00_45_00_page_source.html&gt;PAGE_SOURCE&lt;/a&gt;" type="AssertionError"/>
</testcase>
<testcase classname="Kragle Regression" name="Test: Lightsync Freestyle Effect For Keyboard - System Verification: G512 (Windows, Wired)" time="45.455">
<failure message="*HTML*Keyword 'lightsync.lightsync.Get Key List For Quick Color Option' expected 1 argument, got 2. &#10;&#10; &lt;a href=dmp_logs_2022_04_08_00_46_18.zip&gt;DEBUG_LOGS&lt;/a&gt; &#10;&#10; &lt;a href=end_test-screenshot-20220408-004618.png&gt;SCREENSHOT&lt;/a&gt; &#10;&#10; &lt;a href=C:\Jenkins\workspace\structuring_refactoring_features/report08042022_00_46_30_page_source.html&gt;PAGE_SOURCE&lt;/a&gt;" type="AssertionError"/>
</testcase>
<testcase classname="Kragle Regression" name="Test: Device Settings For Keyboard - SYS Verification: G512 (Windows, Wired)" time="66.413">
</testcase>
<testcase classname="Kragle Regression" name="Disconnect: G512:wired &amp; Connect: G815:wired" time="2.414">
</testcase>
<testcase classname="Kragle Regression" name="Test: Local And Cloud Profile For Keyboard: G815 (Windows, Wired)" time="391.311">
</testcase>
<testcase classname="Kragle Regression" name="Test: Lightsync Animation Effect For Keyboard - GUI Verification: G815 (Windows, Wired)" time="175.844">
</testcase>
<testcase classname="Kragle Regression" name="Test: Lightsync Presets Effect For Keyboard - GUI Verification: G815 (Windows, Wired)" time="920.718">
</testcase>
<testcase classname="Kragle Regression" name="Reset G HUB: 10" time="109.153">
</testcase>
<testcase classname="Kragle Regression" name="Test: Lightsync Freestyle Effect For Keyboard - GUI Verification: G815 (Windows, Wired)" time="45.622">
<failure message="*HTML*Keyword 'lightsync.lightsync.Get Key List For Quick Color Option' expected 1 argument, got 2. &#10;&#10; &lt;a href=dmp_logs_2022_04_08_01_15_34.zip&gt;DEBUG_LOGS&lt;/a&gt; &#10;&#10; &lt;a href=end_test-screenshot-20220408-011534.png&gt;SCREENSHOT&lt;/a&gt; &#10;&#10; &lt;a href=C:\Jenkins\workspace\structuring_refactoring_features/report08042022_01_15_45_page_source.html&gt;PAGE_SOURCE&lt;/a&gt;" type="AssertionError"/>
</testcase>
<testcase classname="Kragle Regression" name="Test:Lighting Profile Lock GHUB Preset: G815 (Windows, Wired)" time="995.774">
</testcase>
<testcase classname="Kragle Regression" name="Test:Lighting Profile Lock GHUB Animations: G815 (Windows, Wired)" time="451.956">
</testcase>
<testcase classname="Kragle Regression" name="Test:Lighting Profile Lock GHUB Freestyle: G815 (Windows, Wired)" time="379.806">
</testcase>
<testcase classname="Kragle Regression" name="Test: Verify Presets Default Colors For Keyboard: G815 (Windows, Wired)" time="349.287">
<failure message="*HTML*&lt;b&gt;Known Issue:&lt;/b&gt;[&lt;a href=https://jira.logitech.io/browse/KRGL-9313&gt;KRGL-9313&lt;/a&gt;]&#10;Keyword 'Backend.Verify Fixed Colors Keyboard' failed after retrying for 3 minutes. The last error was: The expected color value of green (255) and actual value from backend (0) is different: 255 != 0 &#10;&#10; &lt;a href=dmp_logs_2022_04_08_01_52_35.zip&gt;DEBUG_LOGS&lt;/a&gt; &#10;&#10; &lt;a href=end_test-screenshot-20220408-015234.png&gt;SCREENSHOT&lt;/a&gt; &#10;&#10; &lt;a href=C:\Jenkins\workspace\structuring_refactoring_features/report08042022_01_52_46_page_source.html&gt;PAGE_SOURCE&lt;/a&gt;" type="AssertionError"/>
</testcase>
<testcase classname="Kragle Regression" name="Test: User Can Change Presets Fixed HEX Color For Keyboard: G815 (Windows, Wired)" time="238.864">
<failure message="*HTML*&lt;b&gt;Known Issue:&lt;/b&gt;[&lt;a href=https://jira.logitech.io/browse/KRGL-9313&gt;KRGL-9313&lt;/a&gt;]&#10;Keyword 'Backend.Verify Fixed Colors Keyboard' failed after retrying for 3 minutes. The last error was: The expected color value of red (148) and actual value from backend (0) is different: 148 != 0 &#10;&#10; &lt;a href=dmp_logs_2022_04_08_01_57_17.zip&gt;DEBUG_LOGS&lt;/a&gt; &#10;&#10; &lt;a href=end_test-screenshot-20220408-015717.png&gt;SCREENSHOT&lt;/a&gt; &#10;&#10; &lt;a href=C:\Jenkins\workspace\structuring_refactoring_features/report08042022_01_57_29_page_source.html&gt;PAGE_SOURCE&lt;/a&gt;" type="AssertionError"/>
</testcase>
<testcase classname="Kragle Regression" name="Test: User Can Change Presets Fixed RGB Color For Keyboard: G815 (Windows, Wired)" time="245.389">
<failure message="*HTML*&lt;b&gt;Known Issue:&lt;/b&gt;[&lt;a href=https://jira.logitech.io/browse/KRGL-9313&gt;KRGL-9313&lt;/a&gt;]&#10;Keyword 'Backend.Verify Fixed Colors Keyboard' failed after retrying for 3 minutes. The last error was: The expected color value of green (255) and actual value from backend (0) is different: 255 != 0 &#10;&#10; &lt;a href=dmp_logs_2022_04_08_02_02_07.zip&gt;DEBUG_LOGS&lt;/a&gt; &#10;&#10; &lt;a href=end_test-screenshot-20220408-020207.png&gt;SCREENSHOT&lt;/a&gt; &#10;&#10; &lt;a href=C:\Jenkins\workspace\structuring_refactoring_features/report08042022_02_02_18_page_source.html&gt;PAGE_SOURCE&lt;/a&gt;" type="AssertionError"/>
</testcase>
<testcase classname="Kragle Regression" name="Test: User Can Add And Remove Preset Colors For Keyboard: G815 (Windows, Wired)" time="365.771">
<failure message="*HTML*&lt;b&gt;Known Issue:&lt;/b&gt;[&lt;a href=https://jira.logitech.io/browse/KRGL-9313&gt;KRGL-9313&lt;/a&gt;]&#10;Keyword 'Backend.Verify Fixed Colors Keyboard' failed after retrying for 3 minutes. The last error was: The expected color value of red (110) and actual value from backend (0) is different: 110 != 0 &#10;&#10; &lt;a href=dmp_logs_2022_04_08_02_08_56.zip&gt;DEBUG_LOGS&lt;/a&gt; &#10;&#10; &lt;a href=end_test-screenshot-20220408-020856.png&gt;SCREENSHOT&lt;/a&gt; &#10;&#10; &lt;a href=C:\Jenkins\workspace\structuring_refactoring_features/report08042022_02_09_08_page_source.html&gt;PAGE_SOURCE&lt;/a&gt;" type="AssertionError"/>
</testcase>
<testcase classname="Kragle Regression" name="Test: User Can Change Freestyle HEX Color For Keyboard Arrow Keys: G815 (Windows, Wired)" time="231.404">
<failure message="*HTML*Keyword 'backend.Verify Keys Colors Keyboard' failed after retrying for 3 minutes. The last error was: TypeError: tuple indices must be integers or slices, not str &#10;&#10; &lt;a href=dmp_logs_2022_04_08_02_13_32.zip&gt;DEBUG_LOGS&lt;/a&gt; &#10;&#10; &lt;a href=end_test-screenshot-20220408-021332.png&gt;SCREENSHOT&lt;/a&gt; &#10;&#10; &lt;a href=C:\Jenkins\workspace\structuring_refactoring_features/report08042022_02_13_43_page_source.html&gt;PAGE_SOURCE&lt;/a&gt;" type="AssertionError"/>
</testcase>
<testcase classname="Kragle Regression" name="Test: User Can Change Freestyle RGB Color For Keyboard Arrow Keys: G815 (Windows, Wired)" time="237.894">
<failure message="*HTML*Keyword 'backend.Verify Keys Colors Keyboard' failed after retrying for 3 minutes. The last error was: TypeError: tuple indices must be integers or slices, not str &#10;&#10; &lt;a href=dmp_logs_2022_04_08_02_18_14.zip&gt;DEBUG_LOGS&lt;/a&gt; &#10;&#10; &lt;a href=end_test-screenshot-20220408-021814.png&gt;SCREENSHOT&lt;/a&gt; &#10;&#10; &lt;a href=C:\Jenkins\workspace\structuring_refactoring_features/report08042022_02_18_25_page_source.html&gt;PAGE_SOURCE&lt;/a&gt;" type="AssertionError"/>
</testcase>
<testcase classname="Kragle Regression" name="Reset G HUB: 11" time="109.703">
</testcase>
<testcase classname="Kragle Regression" name="Test: User Can Add And Remove Freestyle Preset Colors For Keyboard: G815 (Windows, Wired)" time="362.348">
<failure message="*HTML*Keyword 'backend.Verify Keys Colors Keyboard' failed after retrying for 3 minutes. The last error was: TypeError: tuple indices must be integers or slices, not str &#10;&#10; &lt;a href=dmp_logs_2022_04_08_02_26_50.zip&gt;DEBUG_LOGS&lt;/a&gt; &#10;&#10; &lt;a href=end_test-screenshot-20220408-022650.png&gt;SCREENSHOT&lt;/a&gt; &#10;&#10; &lt;a href=C:\Jenkins\workspace\structuring_refactoring_features/report08042022_02_27_01_page_source.html&gt;PAGE_SOURCE&lt;/a&gt;" type="AssertionError"/>
</testcase>
<testcase classname="Kragle Regression" name="Test: Global Settings - My Gear For Keyboard: G815 (Windows, Wired)" time="15.519">
</testcase>
<testcase classname="Kragle Regression" name="Test: Global Settings - Verify Show Tutorial Enables Coach Marks For Keyboard: G815 (Windows, Wired)" time="32.016">
</testcase>
<testcase classname="Kragle Regression" name="Test: Device Settings For Keyboard - UI Verification: G815 (Windows, Wired)" time="348.383">
</testcase>
<testcase classname="Kragle Regression" name="Test: Game Mode For Keyboard: G815 (Windows, Wired)" time="73.953">
</testcase>
<testcase classname="Kragle Regression" name="Test: Game Mode Restore Default Settings For Keyboard: G815 (Windows, Wired)" time="12.907">
<failure message="*HTML*KeyError: 'f1 key name not defined in keyboard index map' &#10;&#10; &lt;a href=dmp_logs_2022_04_08_02_35_36.zip&gt;DEBUG_LOGS&lt;/a&gt; &#10;&#10; &lt;a href=end_test-screenshot-20220408-023536.png&gt;SCREENSHOT&lt;/a&gt; &#10;&#10; &lt;a href=C:\Jenkins\workspace\structuring_refactoring_features/report08042022_02_35_48_page_source.html&gt;PAGE_SOURCE&lt;/a&gt;" type="AssertionError"/>
</testcase>
<testcase classname="Kragle Regression" name="Test: All Profiles Should Be Same Disabled Keys In Game Mode When Profile Is Locked For Keyboard: G815 (Windows, Wired)" time="141.049">
<failure message="*HTML*KeyError: 'f1 key name not defined in keyboard index map' &#10;&#10; &lt;a href=dmp_logs_2022_04_08_02_38_41.zip&gt;DEBUG_LOGS&lt;/a&gt; &#10;&#10; &lt;a href=end_test-screenshot-20220408-023841.png&gt;SCREENSHOT&lt;/a&gt; &#10;&#10; &lt;a href=C:\Jenkins\workspace\structuring_refactoring_features/report08042022_02_38_53_page_source.html&gt;PAGE_SOURCE&lt;/a&gt;" type="AssertionError"/>
</testcase>
<testcase classname="Kragle Regression" name="Test: All Profiles Should Be Same Disabled Keys Which Are Disabled While Profile Is Locked In Game Mode: G815 (Windows, Wired)" time="140.832">
<failure message="*HTML*KeyError: 'f1 key name not defined in keyboard index map' &#10;&#10; &lt;a href=dmp_logs_2022_04_08_02_41_46.zip&gt;DEBUG_LOGS&lt;/a&gt; &#10;&#10; &lt;a href=end_test-screenshot-20220408-024146.png&gt;SCREENSHOT&lt;/a&gt; &#10;&#10; &lt;a href=C:\Jenkins\workspace\structuring_refactoring_features/report08042022_02_41_58_page_source.html&gt;PAGE_SOURCE&lt;/a&gt;" type="AssertionError"/>
</testcase>
<testcase classname="Kragle Regression" name="Test: Device Settings For Keyboard - SYS Verification: G815 (Windows, Wired)" time="307.690">
</testcase>
<testcase classname="Kragle Regression" name="Disconnect: G815:wired &amp; Connect: G502 HERO:wired" time="4.332">
</testcase>
<testcase classname="Kragle Regression" name="Test: Command Assignments For Mouse: G502 HERO (Windows, Wired)" time="1779.291">
<failure message="*HTML*Open Magnifier Failed!! &#10;&#10; &lt;a href=dmp_logs_2022_04_08_03_17_22.zip&gt;DEBUG_LOGS&lt;/a&gt; &#10;&#10; &lt;a href=end_test-screenshot-20220408-031722.png&gt;SCREENSHOT&lt;/a&gt; &#10;&#10; &lt;a href=C:\Jenkins\workspace\structuring_refactoring_features/report08042022_03_17_33_page_source.html&gt;PAGE_SOURCE&lt;/a&gt;" type="AssertionError"/>
</testcase>
<testcase classname="Kragle Regression" name="Reset G HUB: 12" time="109.778">
</testcase>
<testcase classname="Kragle Regression" name="Test: System Command Assignments For Mouse: G502 HERO (Windows, Wired)" time="716.659">
</testcase>
<testcase classname="Kragle Regression" name="Test: Macro Command Assignments For Mouse: G502 HERO (Windows, Wired)" time="851.946">
</testcase>
<testcase classname="Kragle Regression" name="Test: System Command Assignment After System Sleep/Resume For Mouse: G502 HERO (Windows, Wired)" time="164.199">
</testcase>
<testcase classname="Kragle Regression" name="Test: Keys Assignment After System Sleep/Resume For Mouse: G502 HERO (Windows, Wired)" time="190.604">
</testcase>
<testcase classname="Kragle Regression" name="Test: Macro Launch Application Assignment For Mouse: G502 HERO (Windows, Wired)" time="52.304">
</testcase>
<testcase classname="Kragle Regression" name="Test: Macro System Volume Up Assignment For Mouse: G502 HERO (Windows, Wired)" time="60.826">
</testcase>
<testcase classname="Kragle Regression" name="Test: System Assignment Should Work In On-Board Memory Mode For Mouse: G502 HERO (Windows, Wired)" time="147.500">
</testcase>
<testcase classname="Kragle Regression" name="Test: Commands Assignment Should Work In On-Board Memory Mode For Mouse: G502 HERO (Windows, Wired)" time="157.641">
</testcase>
<testcase classname="Kragle Regression" name="Test: Keys Assignment Should Work In On-Board Memory Mode For Mouse: G502 HERO (Windows, Wired)" time="158.829">
</testcase>
<testcase classname="Kragle Regression" name="Test: Macro Assignment Should Work In On-Board Memory Mode For Mouse: G502 HERO (Windows, Wired)" time="142.443">
</testcase>
<testcase classname="Kragle Regression" name="Reset G HUB: 13" time="144.973">
</testcase>
</testsuite>
