<?xml version="1.0" encoding="UTF-8"?>
<testsuite name="Kragle Regression" tests="24" errors="0" failures="4" skipped="0" time="7699.899">
<testcase classname="Kragle Regression" name="Test Application Specific Test Cases" time="0.017">
</testcase>
<testcase classname="Kragle Regression" name="Test Device Specific Test Cases" time="0.868">
</testcase>
<testcase classname="Kragle Regression" name="Connect Device: G502 HERO:wired" time="1.010">
</testcase>
<testcase classname="Kragle Regression" name="Test: DFU Verification Regression Receiver For Mouse: G502 HERO (Windows, Wired)" time="559.464">
</testcase>
<testcase classname="Kragle Regression" name="Test: DFU Verification Regression For Failure Path Receiver For Mouse: G502 HERO (Windows, Wired)" time="514.542">
</testcase>
<testcase classname="Kragle Regression" name="Disconnect: G502 HERO:wired &amp; Connect: G403 HERO:wired" time="2.139">
</testcase>
<testcase classname="Kragle Regression" name="Test: DFU Verification Regression Receiver For Mouse: G403 HERO (Windows, Wired)" time="555.842">
</testcase>
<testcase classname="Kragle Regression" name="Test: DFU Verification Regression For Failure Path Receiver For Mouse: G403 HERO (Windows, Wired)" time="511.723">
</testcase>
<testcase classname="Kragle Regression" name="Disconnect: G403 HERO:wired &amp; Connect: G703 LIGHTSPEED:wireless" time="2.106">
</testcase>
<testcase classname="Kragle Regression" name="Test: DFU Verification Regression Receiver For Mouse: G703 LIGHTSPEED (Windows, Wireless)" time="927.279">
</testcase>
<testcase classname="Kragle Regression" name="Test: DFU Verification Regression For Failure Path Receiver For Mouse: G703 LIGHTSPEED (Windows, Wireless)" time="980.726">
</testcase>
<testcase classname="Kragle Regression" name="Disconnect: G703 LIGHTSPEED:wireless &amp; Connect: PRO HERO:wired" time="2.217">
</testcase>
<testcase classname="Kragle Regression" name="Test: DFU Verification Regression Receiver For Mouse: PRO HERO (Windows, Wired)" time="560.218">
</testcase>
<testcase classname="Kragle Regression" name="Test: DFU Verification Regression For Failure Path Receiver For Mouse: PRO HERO (Windows, Wired)" time="513.295">
</testcase>
<testcase classname="Kragle Regression" name="Disconnect: PRO HERO:wired &amp; Connect: G913:wireless" time="2.279">
</testcase>
<testcase classname="Kragle Regression" name="Test: DFU Verification Regression Receiver For Keyboard: G913 (Windows, Wireless)" time="831.929">
</testcase>
<testcase classname="Kragle Regression" name="Test: DFU Verification Regression For Failure Path Receiver For Keyboard: G913 (Windows, Wireless)" time="728.563">
</testcase>
<testcase classname="Kragle Regression" name="Reset G HUB: 1" time="109.857">
</testcase>
<testcase classname="Kragle Regression" name="Disconnect: G913:wireless &amp; Connect: PRO X SUPERLIGHT:wireless" time="4.403">
</testcase>
<testcase classname="Kragle Regression" name="Test: DFU Verification Regression Receiver For Mouse: PRO X SUPERLIGHT (Windows, Wireless)" time="179.049">
<failure message="*HTML*Failure: No Fimware Version value in FW response.&#10;&#10;Also keyword teardown failed:&#10;Several failures occurred:&#10;&#10;1) AttributeError: 'NoneType' object has no attribute 'save_screenshot'&#10;&#10;2) AttributeError: 'NoneType' object has no attribute 'get_log'&#10;&#10;3) UnboundLocalError: local variable 'file_name' referenced before assignment &#10;&#10; &lt;a href=dmp_logs_2022_04_07_21_04_37.zip&gt;DEBUG_LOGS&lt;/a&gt; &#10;&#10; &lt;a href=None&gt;SCREENSHOT&lt;/a&gt; &#10;&#10; &lt;a href=None&gt;PAGE_SOURCE&lt;/a&gt;" type="AssertionError"/>
</testcase>
<testcase classname="Kragle Regression" name="Test: DFU Verification Regression For Failure Path Receiver For Mouse: PRO X SUPERLIGHT (Windows, Wireless)" time="177.915">
<failure message="*HTML*&lt;b&gt;Known Issue:&lt;/b&gt;[&lt;a href=https://jira.logitech.io/browse/KRGL-9269&gt;KRGL-9269&lt;/a&gt;]&#10;Failure: No Fimware Version value in FW response.&#10;&#10;Also keyword teardown failed:&#10;Several failures occurred:&#10;&#10;1) AttributeError: 'NoneType' object has no attribute 'save_screenshot'&#10;&#10;2) AttributeError: 'NoneType' object has no attribute 'get_log'&#10;&#10;3) UnboundLocalError: local variable 'file_name' referenced before assignment &#10;&#10; &lt;a href=dmp_logs_2022_04_07_21_08_21.zip&gt;DEBUG_LOGS&lt;/a&gt; &#10;&#10; &lt;a href=None&gt;SCREENSHOT&lt;/a&gt; &#10;&#10; &lt;a href=None&gt;PAGE_SOURCE&lt;/a&gt;" type="AssertionError"/>
</testcase>
<testcase classname="Kragle Regression" name="Disconnect: PRO X SUPERLIGHT:wireless &amp; Connect: Yeti X:wired" time="3.143">
</testcase>
<testcase classname="Kragle Regression" name="Test: DFU Verification Regression For Microphone: Yeti X (Windows, Wired)" time="85.758">
<failure message="*HTML*FileNotFoundError: C:\ProgramData\LGHUB\depots\110492/yetix_dfu/dfu.json&#10;&#10;Also keyword teardown failed:&#10;Several failures occurred:&#10;&#10;1) AttributeError: 'NoneType' object has no attribute 'save_screenshot'&#10;&#10;2) AttributeError: 'NoneType' object has no attribute 'get_log'&#10;&#10;3) UnboundLocalError: local variable 'file_name' referenced before assignment &#10;&#10; &lt;a href=dmp_logs_2022_04_07_21_10_32.zip&gt;DEBUG_LOGS&lt;/a&gt; &#10;&#10; &lt;a href=None&gt;SCREENSHOT&lt;/a&gt; &#10;&#10; &lt;a href=None&gt;PAGE_SOURCE&lt;/a&gt;" type="AssertionError"/>
</testcase>
<testcase classname="Kragle Regression" name="Test: DFU Verification Regression For Failure Path For Microphone: Yeti X (Windows, Wired)" time="85.732">
<failure message="*HTML*FileNotFoundError: C:\ProgramData\LGHUB\depots\110492/yetix_dfu/dfu.json&#10;&#10;Also keyword teardown failed:&#10;Several failures occurred:&#10;&#10;1) AttributeError: 'NoneType' object has no attribute 'save_screenshot'&#10;&#10;2) AttributeError: 'NoneType' object has no attribute 'get_log'&#10;&#10;3) UnboundLocalError: local variable 'file_name' referenced before assignment &#10;&#10; &lt;a href=dmp_logs_2022_04_07_21_12_40.zip&gt;DEBUG_LOGS&lt;/a&gt; &#10;&#10; &lt;a href=None&gt;SCREENSHOT&lt;/a&gt; &#10;&#10; &lt;a href=None&gt;PAGE_SOURCE&lt;/a&gt;" type="AssertionError"/>
</testcase>
</testsuite>
