<?xml version="1.0" encoding="UTF-8"?>
<testsuite name="Kragle Regression" tests="126" errors="0" failures="9" skipped="0" time="28259.597">
<testcase classname="Kragle Regression" name="Test Application Specific Test Cases" time="0.029">
</testcase>
<testcase classname="Kragle Regression" name="Test Device Specific Test Cases" time="3.878">
</testcase>
<testcase classname="Kragle Regression" name="Connect Device: G502 LIGHTSPEED:wireless" time="1.008">
</testcase>
<testcase classname="Kragle Regression" name="Test: Global Settings - My Gear For Mouse: G502 LIGHTSPEED (Windows, Wireless)" time="21.310">
</testcase>
<testcase classname="Kragle Regression" name="Test: Global Settings - Verify Show Tutorial Enables Coach Marks For Mouse: G502 LIGHTSPEED (Windows, Wireless)" time="37.622">
</testcase>
<testcase classname="Kragle Regression" name="Test: Device Settings For Mouse - UI Verification: G502 LIGHTSPEED (Windows, Wireless)" time="245.373">
</testcase>
<testcase classname="Kragle Regression" name="Test: Lightsync Effect For Mouse - GUI Verification: G502 LIGHTSPEED (Windows, Wireless)" time="422.869">
</testcase>
<testcase classname="Kragle Regression" name="Test: Lightsync Effect With Restart G HUB For Mouse - GUI Verification: G502 LIGHTSPEED (Windows, Wireless)" time="148.922">
</testcase>
<testcase classname="Kragle Regression" name="Test: Lightsync Effect With Sleep System For Mouse - GUI Verification: G502 LIGHTSPEED (Windows, Wireless)" time="604.288">
</testcase>
<testcase classname="Kragle Regression" name="Test: Local And Cloud Profile For Mouse: G502 LIGHTSPEED (Windows, Wireless)" time="371.587">
</testcase>
<testcase classname="Kragle Regression" name="Test: OOB Software Support For Mouse: G502 LIGHTSPEED (Windows, Wireless)" time="301.869">
</testcase>
<testcase classname="Kragle Regression" name="Test: DPI With Onboard Profile For Mouse: G502 LIGHTSPEED (Windows, Wireless)" time="238.708">
</testcase>
<testcase classname="Kragle Regression" name="Test: DPI Sensitivity For Mouse: G502 LIGHTSPEED (Windows, Wireless)" time="247.691">
</testcase>
<testcase classname="Kragle Regression" name="Reset G HUB: 1" time="109.628">
</testcase>
<testcase classname="Kragle Regression" name="Test: DPI Sensitivity With Sleep System For Mouse: G502 LIGHTSPEED (Windows, Wireless)" time="187.198">
</testcase>
<testcase classname="Kragle Regression" name="Test: DPI Sensitivity With Restart G HUB For Mouse: G502 LIGHTSPEED (Windows, Wireless)" time="127.805">
</testcase>
<testcase classname="Kragle Regression" name="Test: Device Settings For Mouse - SYS Verification: G502 LIGHTSPEED (Windows, Wireless)" time="246.471">
</testcase>
<testcase classname="Kragle Regression" name="Disconnect: G502 LIGHTSPEED:wireless &amp; Connect: G604 LIGHTSPEED:wireless" time="2.309">
</testcase>
<testcase classname="Kragle Regression" name="Test: Global Settings - My Gear For Mouse: G604 LIGHTSPEED (Windows, Wireless)" time="21.313">
</testcase>
<testcase classname="Kragle Regression" name="Test: Global Settings - Verify Show Tutorial Enables Coach Marks For Mouse: G604 LIGHTSPEED (Windows, Wireless)" time="36.464">
</testcase>
<testcase classname="Kragle Regression" name="Test: Device Settings For Mouse - UI Verification: G604 LIGHTSPEED (Windows, Wireless)" time="193.014">
</testcase>
<testcase classname="Kragle Regression" name="Test: OOB Software Support For Mouse: G604 LIGHTSPEED (Windows, Wireless)" time="301.675">
</testcase>
<testcase classname="Kragle Regression" name="Test: DPI With Onboard Profile For Mouse: G604 LIGHTSPEED (Windows, Wireless)" time="227.049">
</testcase>
<testcase classname="Kragle Regression" name="Test: DPI Sensitivity For Mouse: G604 LIGHTSPEED (Windows, Wireless)" time="246.964">
</testcase>
<testcase classname="Kragle Regression" name="Test: DPI Sensitivity With Sleep System For Mouse: G604 LIGHTSPEED (Windows, Wireless)" time="200.499">
<failure message="*HTML*The expected repo rate (125) and the actual value from backend repo rate (1000) does not match: 125 != 1000 &#10;&#10; &lt;a href=dmp_logs_2022_03_11_14_13_25.zip&gt;DEBUG_LOGS&lt;/a&gt; &#10;&#10; &lt;a href=end_test-screenshot-20220311-141325.png&gt;SCREENSHOT&lt;/a&gt; &#10;&#10; &lt;a href=C:\Jenkins\workspace\structuring_refactoring_features/report11032022_14_13_37_page_source.html&gt;PAGE_SOURCE&lt;/a&gt;" type="AssertionError"/>
</testcase>
<testcase classname="Kragle Regression" name="Reset G HUB: 2" time="109.665">
</testcase>
<testcase classname="Kragle Regression" name="Test: DPI Sensitivity With Restart G HUB For Mouse: G604 LIGHTSPEED (Windows, Wireless)" time="55.028">
<failure message="*HTML*The expected repo rate (125) and the actual value from backend repo rate (1000) does not match: 125 != 1000 &#10;&#10; &lt;a href=dmp_logs_2022_03_11_14_16_54.zip&gt;DEBUG_LOGS&lt;/a&gt; &#10;&#10; &lt;a href=end_test-screenshot-20220311-141654.png&gt;SCREENSHOT&lt;/a&gt; &#10;&#10; &lt;a href=C:\Jenkins\workspace\structuring_refactoring_features/report11032022_14_17_06_page_source.html&gt;PAGE_SOURCE&lt;/a&gt;" type="AssertionError"/>
</testcase>
<testcase classname="Kragle Regression" name="Test: Device Settings For Mouse - SYS Verification: G604 LIGHTSPEED (Windows, Wireless)" time="227.911">
</testcase>
<testcase classname="Kragle Regression" name="Disconnect: G604 LIGHTSPEED:wireless &amp; Connect: G703 LIGHTSPEED:wireless" time="2.377">
</testcase>
<testcase classname="Kragle Regression" name="Test: Global Settings - My Gear For Mouse: G703 LIGHTSPEED (Windows, Wireless)" time="21.444">
</testcase>
<testcase classname="Kragle Regression" name="Test: Global Settings - Verify Show Tutorial Enables Coach Marks For Mouse: G703 LIGHTSPEED (Windows, Wireless)" time="37.713">
</testcase>
<testcase classname="Kragle Regression" name="Test: Device Settings For Mouse - UI Verification: G703 LIGHTSPEED (Windows, Wireless)" time="227.894">
</testcase>
<testcase classname="Kragle Regression" name="Test: Lightsync Effect For Mouse - GUI Verification: G703 LIGHTSPEED (Windows, Wireless)" time="451.102">
</testcase>
<testcase classname="Kragle Regression" name="Test: Lightsync Effect With Restart G HUB For Mouse - GUI Verification: G703 LIGHTSPEED (Windows, Wireless)" time="148.847">
</testcase>
<testcase classname="Kragle Regression" name="Test: Lightsync Effect With Sleep System For Mouse - GUI Verification: G703 LIGHTSPEED (Windows, Wireless)" time="625.743">
</testcase>
<testcase classname="Kragle Regression" name="Test: OOB Software Support For Mouse: G703 LIGHTSPEED (Windows, Wireless)" time="329.560">
</testcase>
<testcase classname="Kragle Regression" name="Test: DPI With Onboard Profile For Mouse: G703 LIGHTSPEED (Windows, Wireless)" time="223.945">
</testcase>
<testcase classname="Kragle Regression" name="Reset G HUB: 3" time="109.506">
</testcase>
<testcase classname="Kragle Regression" name="Test: DPI Sensitivity For Mouse: G703 LIGHTSPEED (Windows, Wireless)" time="233.885">
</testcase>
<testcase classname="Kragle Regression" name="Test: DPI Sensitivity With Sleep System For Mouse: G703 LIGHTSPEED (Windows, Wireless)" time="186.542">
</testcase>
<testcase classname="Kragle Regression" name="Test: DPI Sensitivity With Restart G HUB For Mouse: G703 LIGHTSPEED (Windows, Wireless)" time="127.138">
</testcase>
<testcase classname="Kragle Regression" name="Test: Device Settings For Mouse - SYS Verification: G703 LIGHTSPEED (Windows, Wireless)" time="260.066">
</testcase>
<testcase classname="Kragle Regression" name="Disconnect: G703 LIGHTSPEED:wireless &amp; Connect: G903 LIGHTSPEED:wireless" time="4.210">
</testcase>
<testcase classname="Kragle Regression" name="Test: Global Settings - My Gear For Mouse: G903 LIGHTSPEED (Windows, Wireless)" time="21.406">
</testcase>
<testcase classname="Kragle Regression" name="Test: Global Settings - Verify Show Tutorial Enables Coach Marks For Mouse: G903 LIGHTSPEED (Windows, Wireless)" time="37.642">
</testcase>
<testcase classname="Kragle Regression" name="Test: Device Settings For Mouse - UI Verification: G903 LIGHTSPEED (Windows, Wireless)" time="270.236">
</testcase>
<testcase classname="Kragle Regression" name="Test: Lightsync Effect For Mouse - GUI Verification: G903 LIGHTSPEED (Windows, Wireless)" time="449.653">
</testcase>
<testcase classname="Kragle Regression" name="Test: Lightsync Effect With Restart G HUB For Mouse - GUI Verification: G903 LIGHTSPEED (Windows, Wireless)" time="148.934">
</testcase>
<testcase classname="Kragle Regression" name="Test: Lightsync Effect With Sleep System For Mouse - GUI Verification: G903 LIGHTSPEED (Windows, Wireless)" time="625.115">
</testcase>
<testcase classname="Kragle Regression" name="Reset G HUB: 4" time="109.561">
</testcase>
<testcase classname="Kragle Regression" name="Test: OOB Software Support For Mouse: G903 LIGHTSPEED (Windows, Wireless)" time="389.797">
</testcase>
<testcase classname="Kragle Regression" name="Test: DPI With Onboard Profile For Mouse: G903 LIGHTSPEED (Windows, Wireless)" time="238.083">
</testcase>
<testcase classname="Kragle Regression" name="Test: DPI Sensitivity For Mouse: G903 LIGHTSPEED (Windows, Wireless)" time="249.361">
</testcase>
<testcase classname="Kragle Regression" name="Test: DPI Sensitivity With Sleep System For Mouse: G903 LIGHTSPEED (Windows, Wireless)" time="187.466">
</testcase>
<testcase classname="Kragle Regression" name="Test: DPI Sensitivity With Restart G HUB For Mouse: G903 LIGHTSPEED (Windows, Wireless)" time="128.513">
</testcase>
<testcase classname="Kragle Regression" name="Test: Device Settings For Mouse - SYS Verification: G903 LIGHTSPEED (Windows, Wireless)" time="300.420">
</testcase>
<testcase classname="Kragle Regression" name="Disconnect: G903 LIGHTSPEED:wireless &amp; Connect: G603:wireless" time="2.342">
</testcase>
<testcase classname="Kragle Regression" name="Test: Global Settings - My Gear For Mouse: G603 (Windows, Wireless)" time="21.364">
</testcase>
<testcase classname="Kragle Regression" name="Test: Global Settings - Verify Show Tutorial Enables Coach Marks For Mouse: G603 (Windows, Wireless)" time="37.923">
</testcase>
<testcase classname="Kragle Regression" name="Test: Device Settings For Mouse - UI Verification: G603 (Windows, Wireless)" time="254.596">
</testcase>
<testcase classname="Kragle Regression" name="Test: Local And Cloud Profile For Mouse: G603 (Windows, Wireless)" time="377.608">
</testcase>
<testcase classname="Kragle Regression" name="Reset G HUB: 5" time="109.561">
</testcase>
<testcase classname="Kragle Regression" name="Test: OOB Software Support For Mouse: G603 (Windows, Wireless)" time="325.718">
</testcase>
<testcase classname="Kragle Regression" name="Test: DPI With Onboard Profile For Mouse: G603 (Windows, Wireless)" time="270.410">
</testcase>
<testcase classname="Kragle Regression" name="Test: DPI Sensitivity For Mouse: G603 (Windows, Wireless)" time="242.763">
</testcase>
<testcase classname="Kragle Regression" name="Test: DPI Sensitivity With Sleep System For Mouse: G603 (Windows, Wireless)" time="184.464">
</testcase>
<testcase classname="Kragle Regression" name="Test: DPI Sensitivity With Restart G HUB For Mouse: G603 (Windows, Wireless)" time="133.064">
</testcase>
<testcase classname="Kragle Regression" name="Test: Device Settings For Mouse - SYS Verification: G603 (Windows, Wireless)" time="247.438">
</testcase>
<testcase classname="Kragle Regression" name="Disconnect: G603:wireless &amp; Connect: PRO X WIRELESS:wireless" time="2.237">
</testcase>
<testcase classname="Kragle Regression" name="Test: Blue Voice - Browse More Presets For Headset: PRO X WIRELESS (Windows, Wireless)" time="159.990">
<failure message="*HTML*Failure: Selector &quot;.blue-voice-checkbox-label&quot; is Not Loaded &#10;&#10; &lt;a href=dmp_logs_2022_03_11_16_43_22.zip&gt;DEBUG_LOGS&lt;/a&gt; &#10;&#10; &lt;a href=end_test-screenshot-20220311-164322.png&gt;SCREENSHOT&lt;/a&gt; &#10;&#10; &lt;a href=C:\Jenkins\workspace\structuring_refactoring_features/report11032022_16_43_33_page_source.html&gt;PAGE_SOURCE&lt;/a&gt;" type="AssertionError"/>
</testcase>
<testcase classname="Kragle Regression" name="Test: Blue Voice Preset Selection For Headset: PRO X WIRELESS (Windows, Wireless)" time="44.444">
</testcase>
<testcase classname="Kragle Regression" name="Test: Blue Voice - Equalizer Settings For Headset: PRO X WIRELESS (Windows, Wireless)" time="251.489">
</testcase>
<testcase classname="Kragle Regression" name="Test: Blue Voice - Preset Settings For Headset: PRO X WIRELESS (Windows, Wireless)" time="543.750">
</testcase>
<testcase classname="Kragle Regression" name="Reset G HUB: 6" time="109.713">
</testcase>
<testcase classname="Kragle Regression" name="Test: Microphone - Default Values For Headset: PRO X WIRELESS (Windows, Wireless)" time="66.647">
</testcase>
<testcase classname="Kragle Regression" name="Test: Local And Cloud Profile For Headset: PRO X WIRELESS (Windows, Wireless)" time="468.717">
<failure message="*HTML*Failure: Selector &quot;.back-button&quot; is Not Clickable &#10;&#10; &lt;a href=dmp_logs_2022_03_11_17_08_50.zip&gt;DEBUG_LOGS&lt;/a&gt; &#10;&#10; &lt;a href=end_test-screenshot-20220311-170850.png&gt;SCREENSHOT&lt;/a&gt; &#10;&#10; &lt;a href=C:\Jenkins\workspace\structuring_refactoring_features/report11032022_17_09_02_page_source.html&gt;PAGE_SOURCE&lt;/a&gt;" type="AssertionError"/>
</testcase>
<testcase classname="Kragle Regression" name="Test: Device Settings For Headset - UI Verification: PRO X WIRELESS (Windows, Wireless)" time="49.193">
</testcase>
<testcase classname="Kragle Regression" name="Test: Global Settings - My Gear For Headset: PRO X WIRELESS (Windows, Wireless)" time="21.293">
</testcase>
<testcase classname="Kragle Regression" name="Test: Global Settings - Verify Show Tutorial Enables Coach Marks For Headset: PRO X WIRELESS (Windows, Wireless)" time="37.895">
</testcase>
<testcase classname="Kragle Regression" name="Test: Equalizer Presets - Community Card For Headset: PRO X WIRELESS (Windows, Wireless)" time="69.725">
</testcase>
<testcase classname="Kragle Regression" name="Test: Device Driver Support With Unplug/Replug Device For Headset: PRO X WIRELESS (Windows, Wireless)" time="44.658">
</testcase>
<testcase classname="Kragle Regression" name="Test: Device Driver Support With Sleep System For Headset: PRO X WIRELESS (Windows, Wireless)" time="102.308">
</testcase>
<testcase classname="Kragle Regression" name="Test: Device Driver Support With Restart System For Headset: PRO X WIRELESS (Windows, Wireless)" time="76.360">
</testcase>
<testcase classname="Kragle Regression" name="Test: G Driver Loudness Test For Headset: PRO X WIRELESS (Windows, Wireless)" time="89.044">
</testcase>
<testcase classname="Kragle Regression" name="Reset G HUB: 7" time="109.707">
</testcase>
<testcase classname="Kragle Regression" name="Test: Acoustics Feature For Headset: PRO X WIRELESS (Windows, Wireless)" time="1008.241">
<failure message="*HTML*Several failures occurred:&#10;&#10;1) Keyword 'headsets.User can change bass / treble' failed after retrying 2 times. The last error was: Several failures occurred:&#10;&#10;1) '0.23&gt;0.23' should be true.&#10;&#10;2) '0.23&gt;0.23' should be true.&#10;&#10;2) Keyword 'headsets.Config Certain Frequency' failed after retrying 2 times. The last error was: '0.23 &lt; 0.23' should be true.&#10;&#10;3) Keyword 'headsets.Config Certain Frequency' failed after retrying 2 times. The last error was: '0.23 &lt; 0.23' should be true.&#10;&#10;4) Keyword 'headsets.Config Certain Frequency' failed after retrying 2 times. The last error was: '0.23 &lt; 0.23' should be true.&#10;&#10;5) Failure: Selector &quot;.save-button&quot; is Not Clickable &#10;&#10; &lt;a href=dmp_logs_2022_03_11_17_36_23.zip&gt;DEBUG_LOGS&lt;/a&gt; &#10;&#10; &lt;a href=end_test-screenshot-20220311-173623.png&gt;SCREENSHOT&lt;/a&gt; &#10;&#10; &lt;a href=C:\Jenkins\workspace\structuring_refactoring_features/report11032022_17_36_34_page_source.html&gt;PAGE_SOURCE&lt;/a&gt;" type="AssertionError"/>
</testcase>
<testcase classname="Kragle Regression" name="Test: Surround Sound Feature For Headset: PRO X WIRELESS (Windows, Wireless)" time="1155.449">
<failure message="*HTML*Several failures occurred:&#10;&#10;1) Keyword 'headsets.Test LFE channel' failed after retrying 2 times. The last error was: '0.23 &gt; 0.23' should be true.&#10;&#10;2) Keyword 'headsets.Test Center Channel' failed after retrying 2 times. The last error was: '0.23 &gt; 0.23' should be true.&#10;&#10;3) Keyword 'headsets.Test Left Rear Channel' failed after retrying 2 times. The last error was: '0.23 &gt; 0.23' should be true.&#10;&#10;4) Keyword 'headsets.Test Left Channel' failed after retrying 2 times. The last error was: '0.23 &gt; 0.23' should be true.&#10;&#10;5) Keyword 'headsets.Test Left Surround Channel' failed after retrying 2 times. The last error was: '0.23 &gt; 0.23' should be true.&#10;&#10;6) Keyword 'headsets.Test Right Rear Channel' failed after retrying 2 times. The last error was: '0.23 &gt; 0.23' should be true.&#10;&#10;7) Keyword 'headsets.Test Right Channel' failed after retrying 2 times. The last error was: '0.23 &gt; 0.23' should be true.&#10;&#10;8) Keyword 'headsets.Test Right Surround Channel' failed after retrying 2 times. The last error was: '0.23 &gt; 0.23' should be true. &#10;&#10; &lt;a href=dmp_logs_2022_03_11_17_56_22.zip&gt;DEBUG_LOGS&lt;/a&gt; &#10;&#10; &lt;a href=end_test-screenshot-20220311-175622.png&gt;SCREENSHOT&lt;/a&gt; &#10;&#10; &lt;a href=C:\Jenkins\workspace\structuring_refactoring_features/report11032022_17_56_34_page_source.html&gt;PAGE_SOURCE&lt;/a&gt;" type="AssertionError"/>
</testcase>
<testcase classname="Kragle Regression" name="Disconnect: PRO X WIRELESS:wireless &amp; Connect: G633s:wired" time="4.173">
</testcase>
<testcase classname="Kragle Regression" name="Test: Device Settings For Headset - UI Verification: G633s (Windows, Wired)" time="46.598">
</testcase>
<testcase classname="Kragle Regression" name="Test: Global Settings - My Gear For Headset: G633s (Windows, Wired)" time="15.329">
</testcase>
<testcase classname="Kragle Regression" name="Test: Global Settings - Verify Show Tutorial Enables Coach Marks For Headset: G633s (Windows, Wired)" time="31.777">
</testcase>
<testcase classname="Kragle Regression" name="Test: Equalizer Presets - Community Card For Headset: G633s (Windows, Wired)" time="63.591">
</testcase>
<testcase classname="Kragle Regression" name="Test: Profile Lighting For Headset - UI Verification: G633s (Windows, Wired)" time="152.781">
</testcase>
<testcase classname="Kragle Regression" name="Test: Lightsync View For Headset - UI Verification: G633s (Windows, Wired)" time="182.506">
</testcase>
<testcase classname="Kragle Regression" name="Test: Persistent Profile For Headset: G633s (Windows, Wired)" time="4440.972">
</testcase>
<testcase classname="Kragle Regression" name="Test: Device Settings For Headset - SYS Verification: G633s (Windows, Wired)" time="49.887">
</testcase>
<testcase classname="Kragle Regression" name="Reset G HUB: 8" time="109.683">
</testcase>
<testcase classname="Kragle Regression" name="Test: Device Driver Support With Unplug/Replug Device For Headset: G633s (Windows, Wired)" time="29.604">
</testcase>
<testcase classname="Kragle Regression" name="Test: Device Driver Support With Sleep System For Headset: G633s (Windows, Wired)" time="95.392">
</testcase>
<testcase classname="Kragle Regression" name="Test: Device Driver Support With Restart System For Headset: G633s (Windows, Wired)" time="70.491">
</testcase>
<testcase classname="Kragle Regression" name="Test: G Driver Loudness Test For Headset: G633s (Windows, Wired)" time="79.216">
</testcase>
<testcase classname="Kragle Regression" name="Disconnect: G633s:wired &amp; Connect: G733:wireless" time="4.161">
</testcase>
<testcase classname="Kragle Regression" name="Test: Blue Voice - Browse More Presets For Headset: G733 (Windows, Wireless)" time="61.811">
</testcase>
<testcase classname="Kragle Regression" name="Test: Blue Voice Preset Selection For Headset: G733 (Windows, Wireless)" time="54.903">
</testcase>
<testcase classname="Kragle Regression" name="Test: Blue Voice - Equalizer Settings For Headset: G733 (Windows, Wireless)" time="250.813">
</testcase>
<testcase classname="Kragle Regression" name="Test: Blue Voice - Preset Settings For Headset: G733 (Windows, Wireless)" time="543.506">
</testcase>
<testcase classname="Kragle Regression" name="Test: Microphone - Default Values For Headset: G733 (Windows, Wireless)" time="60.938">
</testcase>
<testcase classname="Kragle Regression" name="Test: Device Settings For Headset - UI Verification: G733 (Windows, Wireless)" time="73.778">
</testcase>
<testcase classname="Kragle Regression" name="Reset G HUB: 9" time="109.537">
</testcase>
<testcase classname="Kragle Regression" name="Test: Global Settings - My Gear For Headset: G733 (Windows, Wireless)" time="21.146">
</testcase>
<testcase classname="Kragle Regression" name="Test: Global Settings - Verify Show Tutorial Enables Coach Marks For Headset: G733 (Windows, Wireless)" time="36.217">
</testcase>
<testcase classname="Kragle Regression" name="Test: Equalizer Presets - Community Card For Headset: G733 (Windows, Wireless)" time="69.680">
</testcase>
<testcase classname="Kragle Regression" name="Test: Profile Lighting For Headset - UI Verification: G733 (Windows, Wireless)" time="156.282">
</testcase>
<testcase classname="Kragle Regression" name="Test: Lightsync View For Headset - UI Verification: G733 (Windows, Wireless)" time="188.047">
</testcase>
<testcase classname="Kragle Regression" name="Test: Assignments View For Headset - UI Verification: G733 (Windows, Wireless)" time="591.834">
</testcase>
<testcase classname="Kragle Regression" name="Test: User Able To Delete The Actions For Headset: G733 (Windows, Wireless)" time="143.740">
</testcase>
<testcase classname="Kragle Regression" name="Test: Device Driver Support With Unplug/Replug Device For Headset: G733 (Windows, Wireless)" time="132.904">
</testcase>
<testcase classname="Kragle Regression" name="Test: Device Driver Support With Sleep System For Headset: G733 (Windows, Wireless)" time="101.113">
</testcase>
<testcase classname="Kragle Regression" name="Test: Device Driver Support With Restart System For Headset: G733 (Windows, Wireless)" time="76.369">
</testcase>
<testcase classname="Kragle Regression" name="Reset G HUB: 10" time="109.502">
</testcase>
<testcase classname="Kragle Regression" name="Test: G Driver Loudness Test For Headset: G733 (Windows, Wireless)" time="80.391">
</testcase>
<testcase classname="Kragle Regression" name="Test: Acoustics Feature For Headset: G733 (Windows, Wireless)" time="728.232">
<failure message="*HTML*Several failures occurred:&#10;&#10;1) Keyword 'headsets.Config Certain Frequency' failed after retrying 2 times. The last error was: '1357.7 &lt; 1351.966' should be true.&#10;&#10;2) Failure: Selector &quot;.save-button&quot; is Not Clickable &#10;&#10; &lt;a href=dmp_logs_2022_03_11_20_26_33.zip&gt;DEBUG_LOGS&lt;/a&gt; &#10;&#10; &lt;a href=end_test-screenshot-20220311-202633.png&gt;SCREENSHOT&lt;/a&gt; &#10;&#10; &lt;a href=C:\Jenkins\workspace\structuring_refactoring_features/report11032022_20_26_45_page_source.html&gt;PAGE_SOURCE&lt;/a&gt;" type="AssertionError"/>
</testcase>
<testcase classname="Kragle Regression" name="Test: Surround Sound Feature For Headset: G733 (Windows, Wireless)" time="531.424">
</testcase>
<testcase classname="Kragle Regression" name="Test: Microphone Volume Support For Headset: G733 (Windows, Wireless)" time="163.472">
<failure message="*HTML*&lt;b&gt;Known Issue:&lt;/b&gt;[&lt;a href=https://jira.logitech.io/browse/KRGL-9044&gt;KRGL-9044&lt;/a&gt;]&#10;Keyword 'headsets.Test Microphone Volume Support' failed after retrying 2 times. The last error was: '0.23 &lt; 0.23' should be true. &#10;&#10; &lt;a href=dmp_logs_2022_03_11_20_38_52.zip&gt;DEBUG_LOGS&lt;/a&gt; &#10;&#10; &lt;a href=end_test-screenshot-20220311-203852.png&gt;SCREENSHOT&lt;/a&gt; &#10;&#10; &lt;a href=C:\Jenkins\workspace\structuring_refactoring_features/report11032022_20_39_03_page_source.html&gt;PAGE_SOURCE&lt;/a&gt;" type="AssertionError"/>
</testcase>
<testcase classname="Kragle Regression" name="Test: Mic Test For Headset: G733 (Windows, Wireless)" time="132.568">
<failure message="*HTML*&lt;b&gt;Known Issue:&lt;/b&gt;[&lt;a href=https://jira.logitech.io/browse/KRGL-9044&gt;KRGL-9044&lt;/a&gt;]&#10;Keyword 'headsets.Test Microphone Recording Support' failed after retrying 2 times. The last error was: '100 &lt; 0.23' should be true. &#10;&#10; &lt;a href=dmp_logs_2022_03_11_20_41_49.zip&gt;DEBUG_LOGS&lt;/a&gt; &#10;&#10; &lt;a href=end_test-screenshot-20220311-204148.png&gt;SCREENSHOT&lt;/a&gt; &#10;&#10; &lt;a href=C:\Jenkins\workspace\structuring_refactoring_features/report11032022_20_42_00_page_source.html&gt;PAGE_SOURCE&lt;/a&gt;" type="AssertionError"/>
</testcase>
<testcase classname="Kragle Regression" name="Test: Un/Mute Test For Headset: G733 (Windows, Wireless)" time="102.643">
</testcase>
</testsuite>
