<?xml version="1.0" encoding="UTF-8"?>
<testsuite name="Kragle Regression" tests="153" errors="0" failures="19" skipped="0" time="35924.525">
<testcase classname="Kragle Regression" name="Test Application Specific Test Cases" time="0.057">
</testcase>
<testcase classname="Kragle Regression" name="Test Device Specific Test Cases" time="7.685">
</testcase>
<testcase classname="Kragle Regression" name="Test: Sample Lua.Script_Editor_Validation (Windows-10-10.0.19044-SP0)" time="15.719">
</testcase>
<testcase classname="Kragle Regression" name="Connect Device: G213:wired" time="1.015">
</testcase>
<testcase classname="Kragle Regression" name="Test: Local And Cloud Profile For Keyboard: G213 (Windows, Wired)" time="343.123">
</testcase>
<testcase classname="Kragle Regression" name="Test: Lightsync Animation Effect For Keyboard - GUI Verification: G213 (Windows, Wired)" time="0.019">
</testcase>
<testcase classname="Kragle Regression" name="Test: Lightsync Presets Effect For Keyboard - GUI Verification: G213 (Windows, Wired)" time="934.300">
<failure message="*HTML*Several failures occurred:&#10;&#10;1) Failure: Selector &quot;.panel-wrapper.lighting .color-picker .color-value-container.value-r input&quot; with attribute(s) &quot;{'value': '255'}&quot; is Not Loaded&#10;&#10;2) Failure: Selector &quot;.panel-wrapper.lighting .color-picker .color-value-container.value-r input&quot; with attribute(s) &quot;{'value': '255'}&quot; is Not Loaded &#10;&#10; &lt;a href=dmp_logs_2022_03_11_13_19_15.zip&gt;DEBUG_LOGS&lt;/a&gt; &#10;&#10; &lt;a href=end_test-screenshot-20220311-131915.png&gt;SCREENSHOT&lt;/a&gt; &#10;&#10; &lt;a href=C:\Jenkins\workspace\structuring_refactoring_features/report11032022_13_19_26_page_source.html&gt;PAGE_SOURCE&lt;/a&gt;" type="AssertionError"/>
</testcase>
<testcase classname="Kragle Regression" name="Test: Lightsync Freestyle Effect For Keyboard - GUI Verification: G213 (Windows, Wired)" time="72.152">
</testcase>
<testcase classname="Kragle Regression" name="Test: Global Settings - My Gear For Keyboard: G213 (Windows, Wired)" time="26.042">
</testcase>
<testcase classname="Kragle Regression" name="Test: Global Settings - Verify Show Tutorial Enables Coach Marks For Keyboard: G213 (Windows, Wired)" time="31.994">
</testcase>
<testcase classname="Kragle Regression" name="Test: Device Settings For Keyboard - UI Verification: G213 (Windows, Wired)" time="47.004">
</testcase>
<testcase classname="Kragle Regression" name="Test: Assignments View For Keyboard - UI Verification: G213 (Windows, Wired)" time="516.837">
</testcase>
<testcase classname="Kragle Regression" name="Test: User Able To Delete The Actions For Keyboard: G213 (Windows, Wired)" time="176.139">
</testcase>
<testcase classname="Kragle Regression" name="Reset G HUB: 1" time="109.679">
</testcase>
<testcase classname="Kragle Regression" name="Test: Game Mode For Keyboard: G213 (Windows, Wired)" time="74.026">
</testcase>
<testcase classname="Kragle Regression" name="Test: Game Mode Restore Default Settings For Keyboard: G213 (Windows, Wired)" time="38.512">
</testcase>
<testcase classname="Kragle Regression" name="Test: All Profiles Should Be Same Disabled Keys In Game Mode When Profile Is Locked For Keyboard: G213 (Windows, Wired)" time="448.849">
</testcase>
<testcase classname="Kragle Regression" name="Test: All Profiles Should Be Same Disabled Keys Which Are Disabled While Profile Is Locked In Game Mode: G213 (Windows, Wired)" time="406.888">
</testcase>
<testcase classname="Kragle Regression" name="Test: Device Settings For Keyboard - SYS Verification: G213 (Windows, Wired)" time="62.691">
</testcase>
<testcase classname="Kragle Regression" name="Disconnect: G213:wired &amp; Connect: G413:wired" time="2.155">
</testcase>
<testcase classname="Kragle Regression" name="Test: Global Settings - My Gear For Keyboard: G413 (Windows, Wired)" time="99.611">
</testcase>
<testcase classname="Kragle Regression" name="Test: Global Settings - Verify Show Tutorial Enables Coach Marks For Keyboard: G413 (Windows, Wired)" time="32.032">
</testcase>
<testcase classname="Kragle Regression" name="Test: Device Settings For Keyboard - UI Verification: G413 (Windows, Wired)" time="46.907">
</testcase>
<testcase classname="Kragle Regression" name="Test: Game Mode For Keyboard: G413 (Windows, Wired)" time="73.701">
</testcase>
<testcase classname="Kragle Regression" name="Test: Game Mode Restore Default Settings For Keyboard: G413 (Windows, Wired)" time="38.245">
</testcase>
<testcase classname="Kragle Regression" name="Reset G HUB: 2" time="109.727">
</testcase>
<testcase classname="Kragle Regression" name="Test: All Profiles Should Be Same Disabled Keys In Game Mode When Profile Is Locked For Keyboard: G413 (Windows, Wired)" time="416.573">
</testcase>
<testcase classname="Kragle Regression" name="Test: All Profiles Should Be Same Disabled Keys Which Are Disabled While Profile Is Locked In Game Mode: G413 (Windows, Wired)" time="439.854">
</testcase>
<testcase classname="Kragle Regression" name="Test: Lightsync Animation Effect For Keyboard - System Verification: G413 (Windows, Wired)" time="0.015">
</testcase>
<testcase classname="Kragle Regression" name="Test: Lightsync Presets Effect For Keyboard - System Verification: G413 (Windows, Wired)" time="0.016">
</testcase>
<testcase classname="Kragle Regression" name="Test: Lightsync Freestyle Effect For Keyboard - System Verification: G413 (Windows, Wired)" time="0.016">
</testcase>
<testcase classname="Kragle Regression" name="Test: Device Settings For Keyboard - SYS Verification: G413 (Windows, Wired)" time="69.954">
</testcase>
<testcase classname="Kragle Regression" name="Disconnect: G413:wired &amp; Connect: G513:wired" time="2.347">
</testcase>
<testcase classname="Kragle Regression" name="Test: Verify Presets Default Colors For Keyboard: G513 (Windows, Wired)" time="167.496">
</testcase>
<testcase classname="Kragle Regression" name="Test: User Can Change Presets Fixed HEX Color For Keyboard: G513 (Windows, Wired)" time="54.508">
</testcase>
<testcase classname="Kragle Regression" name="Test: User Can Change Presets Fixed RGB Color For Keyboard: G513 (Windows, Wired)" time="60.614">
</testcase>
<testcase classname="Kragle Regression" name="Test: User Can Add And Remove Preset Colors For Keyboard: G513 (Windows, Wired)" time="195.155">
</testcase>
<testcase classname="Kragle Regression" name="Reset G HUB: 3" time="109.673">
</testcase>
<testcase classname="Kragle Regression" name="Test: User Can Change Freestyle HEX Color For Keyboard Arrow Keys: G513 (Windows, Wired)" time="35.480">
</testcase>
<testcase classname="Kragle Regression" name="Test: User Can Change Freestyle RGB Color For Keyboard Arrow Keys: G513 (Windows, Wired)" time="52.202">
</testcase>
<testcase classname="Kragle Regression" name="Test: User Can Add And Remove Freestyle Preset Colors For Keyboard: G513 (Windows, Wired)" time="186.123">
</testcase>
<testcase classname="Kragle Regression" name="Test: Global Settings - My Gear For Keyboard: G513 (Windows, Wired)" time="26.142">
</testcase>
<testcase classname="Kragle Regression" name="Test: Global Settings - Verify Show Tutorial Enables Coach Marks For Keyboard: G513 (Windows, Wired)" time="31.952">
</testcase>
<testcase classname="Kragle Regression" name="Test: Device Settings For Keyboard - UI Verification: G513 (Windows, Wired)" time="51.462">
</testcase>
<testcase classname="Kragle Regression" name="Test: Onboard Lighting Effect For Keyboard With System Verification: G513 (Windows, Wired)" time="179.157">
<failure message="*HTML*Failure: Sending Message Timed Out&#10;&#10;Also keyword teardown failed:&#10;Several failures occurred:&#10;&#10;1) AttributeError: 'NoneType' object has no attribute 'save_screenshot'&#10;&#10;2) AttributeError: 'NoneType' object has no attribute 'get_log'&#10;&#10;3) UnboundLocalError: local variable 'file_name' referenced before assignment &#10;&#10; &lt;a href=dmp_logs_2022_03_11_14_34_53.zip&gt;DEBUG_LOGS&lt;/a&gt; &#10;&#10; &lt;a href=None&gt;SCREENSHOT&lt;/a&gt; &#10;&#10; &lt;a href=None&gt;PAGE_SOURCE&lt;/a&gt;" type="AssertionError"/>
</testcase>
<testcase classname="Kragle Regression" name="Test: Game Mode For Keyboard: G513 (Windows, Wired)" time="73.871">
</testcase>
<testcase classname="Kragle Regression" name="Test: Game Mode Restore Default Settings For Keyboard: G513 (Windows, Wired)" time="38.625">
</testcase>
<testcase classname="Kragle Regression" name="Test: All Profiles Should Be Same Disabled Keys In Game Mode When Profile Is Locked For Keyboard: G513 (Windows, Wired)" time="415.116">
</testcase>
<testcase classname="Kragle Regression" name="Reset G HUB: 4" time="144.939">
</testcase>
<testcase classname="Kragle Regression" name="Test: All Profiles Should Be Same Disabled Keys Which Are Disabled While Profile Is Locked In Game Mode: G513 (Windows, Wired)" time="441.072">
</testcase>
<testcase classname="Kragle Regression" name="Test: Lightsync Animation Effect For Keyboard - System Verification: G513 (Windows, Wired)" time="236.084">
</testcase>
<testcase classname="Kragle Regression" name="Test: Lightsync Presets Effect For Keyboard - System Verification: G513 (Windows, Wired)" time="1726.238">
<failure message="*HTML*Several failures occurred:&#10;&#10;1) The expected color value of red (255) and actual value from backend (0) is different: 255 != 0&#10;&#10;2) Keyword 'lightsync.Breathing Color Verification' failed after retrying 2 times. The last error was: G exceeds expected value0.......217.....1&#10;&#10;3) ScreenSampler Effect Failed [Expected:'yellow', Actual:'magenta']: magenta != yellow &#10;&#10; &lt;a href=dmp_logs_2022_03_11_15_26_53.zip&gt;DEBUG_LOGS&lt;/a&gt; &#10;&#10; &lt;a href=end_test-screenshot-20220311-152653.png&gt;SCREENSHOT&lt;/a&gt; &#10;&#10; &lt;a href=C:\Jenkins\workspace\structuring_refactoring_features/report11032022_15_27_04_page_source.html&gt;PAGE_SOURCE&lt;/a&gt;" type="AssertionError"/>
</testcase>
<testcase classname="Kragle Regression" name="Test: Lightsync Freestyle Effect For Keyboard - System Verification: G513 (Windows, Wired)" time="123.145">
</testcase>
<testcase classname="Kragle Regression" name="Test: Device Settings For Keyboard - SYS Verification: G513 (Windows, Wired)" time="89.517">
<failure message="*HTML*Variable '${onboard_lighting_enabled}' not found. Did you mean:&#10;    ${onboard_lighting_disabled} &#10;&#10; &lt;a href=dmp_logs_2022_03_11_15_31_10.zip&gt;DEBUG_LOGS&lt;/a&gt; &#10;&#10; &lt;a href=end_test-screenshot-20220311-153109.png&gt;SCREENSHOT&lt;/a&gt; &#10;&#10; &lt;a href=C:\Jenkins\workspace\structuring_refactoring_features/report11032022_15_31_21_page_source.html&gt;PAGE_SOURCE&lt;/a&gt;" type="AssertionError"/>
</testcase>
<testcase classname="Kragle Regression" name="Disconnect: G513:wired &amp; Connect: G910:wired" time="4.154">
</testcase>
<testcase classname="Kragle Regression" name="Test: Verify Presets Default Colors For Keyboard: G910 (Windows, Wired)" time="152.548">
</testcase>
<testcase classname="Kragle Regression" name="Test: User Can Change Presets Fixed HEX Color For Keyboard: G910 (Windows, Wired)" time="56.571">
</testcase>
<testcase classname="Kragle Regression" name="Test: User Can Change Presets Fixed RGB Color For Keyboard: G910 (Windows, Wired)" time="62.297">
</testcase>
<testcase classname="Kragle Regression" name="Test: User Can Add And Remove Preset Colors For Keyboard: G910 (Windows, Wired)" time="196.587">
</testcase>
<testcase classname="Kragle Regression" name="Test: User Can Change Freestyle HEX Color For Keyboard Arrow Keys: G910 (Windows, Wired)" time="46.991">
</testcase>
<testcase classname="Kragle Regression" name="Reset G HUB: 5" time="144.974">
</testcase>
<testcase classname="Kragle Regression" name="Test: User Can Change Freestyle RGB Color For Keyboard Arrow Keys: G910 (Windows, Wired)" time="42.474">
</testcase>
<testcase classname="Kragle Regression" name="Test: User Can Add And Remove Freestyle Preset Colors For Keyboard: G910 (Windows, Wired)" time="222.052">
</testcase>
<testcase classname="Kragle Regression" name="Test: Global Settings - My Gear For Keyboard: G910 (Windows, Wired)" time="26.059">
</testcase>
<testcase classname="Kragle Regression" name="Test: Global Settings - Verify Show Tutorial Enables Coach Marks For Keyboard: G910 (Windows, Wired)" time="32.142">
</testcase>
<testcase classname="Kragle Regression" name="Test: Device Settings For Keyboard - UI Verification: G910 (Windows, Wired)" time="47.003">
</testcase>
<testcase classname="Kragle Regression" name="Test: Game Mode For Keyboard: G910 (Windows, Wired)" time="73.782">
</testcase>
<testcase classname="Kragle Regression" name="Test: Game Mode Restore Default Settings For Keyboard: G910 (Windows, Wired)" time="40.862">
</testcase>
<testcase classname="Kragle Regression" name="Test: All Profiles Should Be Same Disabled Keys In Game Mode When Profile Is Locked For Keyboard: G910 (Windows, Wired)" time="427.211">
</testcase>
<testcase classname="Kragle Regression" name="Test: All Profiles Should Be Same Disabled Keys Which Are Disabled While Profile Is Locked In Game Mode: G910 (Windows, Wired)" time="418.723">
</testcase>
<testcase classname="Kragle Regression" name="Test: Lightsync Animation Effect For Keyboard - System Verification: G910 (Windows, Wired)" time="249.717">
</testcase>
<testcase classname="Kragle Regression" name="Reset G HUB: 6" time="113.673">
</testcase>
<testcase classname="Kragle Regression" name="Test: Lightsync Presets Effect For Keyboard - System Verification: G910 (Windows, Wired)" time="1853.774">
<failure message="*HTML*&lt;b&gt;Known Issue:&lt;/b&gt;[&lt;a href=https://jira.logitech.io/browse/KRGL-9265&gt;KRGL-9265&lt;/a&gt;]&#10;Several failures occurred:&#10;&#10;1) The expected color value of red (255) and actual value from backend (0) is different: 255 != 0&#10;&#10;2) Keyword 'lightsync.Breathing Color Verification' failed after retrying 2 times. The last error was: G exceeds expected value0.......221.....1&#10;&#10;3) ScreenSampler Effect Failed [Expected:'yellow', Actual:'magenta']: magenta != yellow &#10;&#10; &lt;a href=dmp_logs_2022_03_11_16_42_05.zip&gt;DEBUG_LOGS&lt;/a&gt; &#10;&#10; &lt;a href=end_test-screenshot-20220311-164205.png&gt;SCREENSHOT&lt;/a&gt; &#10;&#10; &lt;a href=C:\Jenkins\workspace\structuring_refactoring_features/report11032022_16_42_16_page_source.html&gt;PAGE_SOURCE&lt;/a&gt;" type="AssertionError"/>
</testcase>
<testcase classname="Kragle Regression" name="Test: Lightsync Freestyle Effect For Keyboard - System Verification: G910 (Windows, Wired)" time="157.892">
<failure message="*HTML*Several failures occurred:&#10;&#10;1) AssertionError&#10;&#10;2) AssertionError&#10;&#10;3) AssertionError &#10;&#10; &lt;a href=dmp_logs_2022_03_11_16_45_27.zip&gt;DEBUG_LOGS&lt;/a&gt; &#10;&#10; &lt;a href=end_test-screenshot-20220311-164527.png&gt;SCREENSHOT&lt;/a&gt; &#10;&#10; &lt;a href=C:\Jenkins\workspace\structuring_refactoring_features/report11032022_16_45_38_page_source.html&gt;PAGE_SOURCE&lt;/a&gt;" type="AssertionError"/>
</testcase>
<testcase classname="Kragle Regression" name="Test: Device Settings For Keyboard - SYS Verification: G910 (Windows, Wired)" time="53.960">
</testcase>
<testcase classname="Kragle Regression" name="Disconnect: G910:wired &amp; Connect: PRO:wired" time="4.353">
</testcase>
<testcase classname="Kragle Regression" name="Test: Local And Cloud Profile For Keyboard: PRO (Windows, Wired)" time="424.209">
</testcase>
<testcase classname="Kragle Regression" name="Test: Verify Presets Default Colors For Keyboard: PRO (Windows, Wired)" time="198.976">
</testcase>
<testcase classname="Kragle Regression" name="Test: User Can Change Presets Fixed HEX Color For Keyboard: PRO (Windows, Wired)" time="52.609">
</testcase>
<testcase classname="Kragle Regression" name="Test: User Can Change Presets Fixed RGB Color For Keyboard: PRO (Windows, Wired)" time="58.663">
</testcase>
<testcase classname="Kragle Regression" name="Test: User Can Add And Remove Preset Colors For Keyboard: PRO (Windows, Wired)" time="228.014">
</testcase>
<testcase classname="Kragle Regression" name="Test: User Can Change Freestyle HEX Color For Keyboard Arrow Keys: PRO (Windows, Wired)" time="46.326">
</testcase>
<testcase classname="Kragle Regression" name="Test: User Can Change Freestyle RGB Color For Keyboard Arrow Keys: PRO (Windows, Wired)" time="52.630">
</testcase>
<testcase classname="Kragle Regression" name="Reset G HUB: 7" time="144.850">
</testcase>
<testcase classname="Kragle Regression" name="Test: User Can Add And Remove Freestyle Preset Colors For Keyboard: PRO (Windows, Wired)" time="221.428">
</testcase>
<testcase classname="Kragle Regression" name="Test: Global Settings - My Gear For Keyboard: PRO (Windows, Wired)" time="25.921">
</testcase>
<testcase classname="Kragle Regression" name="Test: Global Settings - Verify Show Tutorial Enables Coach Marks For Keyboard: PRO (Windows, Wired)" time="31.964">
</testcase>
<testcase classname="Kragle Regression" name="Test: Device Settings For Keyboard - UI Verification: PRO (Windows, Wired)" time="51.502">
</testcase>
<testcase classname="Kragle Regression" name="Test: Assignments View For Keyboard - UI Verification: PRO (Windows, Wired)" time="516.230">
</testcase>
<testcase classname="Kragle Regression" name="Test: User Able To Delete The Actions For Keyboard: PRO (Windows, Wired)" time="176.257">
</testcase>
<testcase classname="Kragle Regression" name="Test: Onboard Lighting Effect For Keyboard With System Verification: PRO (Windows, Wired)" time="190.678">
<failure message="*HTML*Failure: Sending Message Timed Out&#10;&#10;Also keyword teardown failed:&#10;Several failures occurred:&#10;&#10;1) AttributeError: 'NoneType' object has no attribute 'save_screenshot'&#10;&#10;2) AttributeError: 'NoneType' object has no attribute 'get_log'&#10;&#10;3) UnboundLocalError: local variable 'file_name' referenced before assignment &#10;&#10; &lt;a href=dmp_logs_2022_03_11_17_27_31.zip&gt;DEBUG_LOGS&lt;/a&gt; &#10;&#10; &lt;a href=None&gt;SCREENSHOT&lt;/a&gt; &#10;&#10; &lt;a href=None&gt;PAGE_SOURCE&lt;/a&gt;" type="AssertionError"/>
</testcase>
<testcase classname="Kragle Regression" name="Test: Game Mode For Keyboard: PRO (Windows, Wired)" time="73.829">
</testcase>
<testcase classname="Kragle Regression" name="Test: Game Mode Restore Default Settings For Keyboard: PRO (Windows, Wired)" time="38.985">
</testcase>
<testcase classname="Kragle Regression" name="Test: All Profiles Should Be Same Disabled Keys In Game Mode When Profile Is Locked For Keyboard: PRO (Windows, Wired)" time="420.221">
</testcase>
<testcase classname="Kragle Regression" name="Reset G HUB: 8" time="144.814">
</testcase>
<testcase classname="Kragle Regression" name="Test: All Profiles Should Be Same Disabled Keys Which Are Disabled While Profile Is Locked In Game Mode: PRO (Windows, Wired)" time="407.123">
</testcase>
<testcase classname="Kragle Regression" name="Test: Lightsync Animation Effect For Keyboard - System Verification: PRO (Windows, Wired)" time="238.674">
</testcase>
<testcase classname="Kragle Regression" name="Test: Lightsync Presets Effect For Keyboard - System Verification: PRO (Windows, Wired)" time="1732.363">
<failure message="*HTML*&lt;b&gt;Known Issue:&lt;/b&gt;[&lt;a href=https://jira.logitech.io/browse/KRGL-9265&gt;KRGL-9265&lt;/a&gt;]&#10;Several failures occurred:&#10;&#10;1) The expected color value of red (255) and actual value from backend (0) is different: 255 != 0&#10;&#10;2) not cycling&#10;&#10;3) Keyword 'lightsync.Breathing Color Verification' failed after retrying 2 times. The last error was: G exceeds expected value0.......19.....1&#10;&#10;4) ScreenSampler Effect Failed [Expected:'yellow', Actual:'magenta']: magenta != yellow &#10;&#10; &lt;a href=dmp_logs_2022_03_11_18_19_11.zip&gt;DEBUG_LOGS&lt;/a&gt; &#10;&#10; &lt;a href=end_test-screenshot-20220311-181911.png&gt;SCREENSHOT&lt;/a&gt; &#10;&#10; &lt;a href=C:\Jenkins\workspace\structuring_refactoring_features/report11032022_18_19_23_page_source.html&gt;PAGE_SOURCE&lt;/a&gt;" type="AssertionError"/>
</testcase>
<testcase classname="Kragle Regression" name="Test: Lightsync Freestyle Effect For Keyboard - System Verification: PRO (Windows, Wired)" time="124.641">
</testcase>
<testcase classname="Kragle Regression" name="Test: Device Settings For Keyboard - SYS Verification: PRO (Windows, Wired)" time="90.369">
<failure message="*HTML*Variable '${onboard_lighting_enabled}' not found. Did you mean:&#10;    ${onboard_lighting_disabled} &#10;&#10; &lt;a href=dmp_logs_2022_03_11_18_23_30.zip&gt;DEBUG_LOGS&lt;/a&gt; &#10;&#10; &lt;a href=end_test-screenshot-20220311-182330.png&gt;SCREENSHOT&lt;/a&gt; &#10;&#10; &lt;a href=C:\Jenkins\workspace\structuring_refactoring_features/report11032022_18_23_42_page_source.html&gt;PAGE_SOURCE&lt;/a&gt;" type="AssertionError"/>
</testcase>
<testcase classname="Kragle Regression" name="Disconnect: PRO:wired &amp; Connect: G512:wired" time="2.375">
</testcase>
<testcase classname="Kragle Regression" name="Test: Global Settings - My Gear For Keyboard: G512 (Windows, Wired)" time="96.464">
</testcase>
<testcase classname="Kragle Regression" name="Test: Global Settings - Verify Show Tutorial Enables Coach Marks For Keyboard: G512 (Windows, Wired)" time="31.967">
</testcase>
<testcase classname="Kragle Regression" name="Test: Device Settings For Keyboard - UI Verification: G512 (Windows, Wired)" time="51.594">
</testcase>
<testcase classname="Kragle Regression" name="Test: Onboard Lighting Effect For Keyboard With System Verification: G512 (Windows, Wired)" time="179.183">
<failure message="*HTML*Failure: Sending Message Timed Out&#10;&#10;Also keyword teardown failed:&#10;Several failures occurred:&#10;&#10;1) AttributeError: 'NoneType' object has no attribute 'save_screenshot'&#10;&#10;2) AttributeError: 'NoneType' object has no attribute 'get_log'&#10;&#10;3) UnboundLocalError: local variable 'file_name' referenced before assignment &#10;&#10; &lt;a href=dmp_logs_2022_03_11_18_30_18.zip&gt;DEBUG_LOGS&lt;/a&gt; &#10;&#10; &lt;a href=None&gt;SCREENSHOT&lt;/a&gt; &#10;&#10; &lt;a href=None&gt;PAGE_SOURCE&lt;/a&gt;" type="AssertionError"/>
</testcase>
<testcase classname="Kragle Regression" name="Test: Game Mode For Keyboard: G512 (Windows, Wired)" time="73.991">
</testcase>
<testcase classname="Kragle Regression" name="Reset G HUB: 9" time="109.770">
</testcase>
<testcase classname="Kragle Regression" name="Test: Game Mode Restore Default Settings For Keyboard: G512 (Windows, Wired)" time="38.712">
</testcase>
<testcase classname="Kragle Regression" name="Test: All Profiles Should Be Same Disabled Keys In Game Mode When Profile Is Locked For Keyboard: G512 (Windows, Wired)" time="418.311">
</testcase>
<testcase classname="Kragle Regression" name="Test: All Profiles Should Be Same Disabled Keys Which Are Disabled While Profile Is Locked In Game Mode: G512 (Windows, Wired)" time="410.834">
</testcase>
<testcase classname="Kragle Regression" name="Test: Lightsync Animation Effect For Keyboard - System Verification: G512 (Windows, Wired)" time="236.215">
</testcase>
<testcase classname="Kragle Regression" name="Test: Lightsync Presets Effect For Keyboard - System Verification: G512 (Windows, Wired)" time="1752.721">
<failure message="*HTML*&lt;b&gt;Known Issue:&lt;/b&gt;[&lt;a href=https://jira.logitech.io/browse/KRGL-9265&gt;KRGL-9265&lt;/a&gt;]&#10;Several failures occurred:&#10;&#10;1) The expected color value of red (255) and actual value from backend (0) is different: 255 != 0&#10;&#10;2) Keyword 'lightsync.Breathing Color Verification' failed after retrying 2 times. The last error was: G exceeds expected value0.......241.....1&#10;&#10;3) ScreenSampler Effect Failed [Expected:'yellow', Actual:'magenta']: magenta != yellow &#10;&#10; &lt;a href=dmp_logs_2022_03_11_19_21_42.zip&gt;DEBUG_LOGS&lt;/a&gt; &#10;&#10; &lt;a href=end_test-screenshot-20220311-192142.png&gt;SCREENSHOT&lt;/a&gt; &#10;&#10; &lt;a href=C:\Jenkins\workspace\structuring_refactoring_features/report11032022_19_21_54_page_source.html&gt;PAGE_SOURCE&lt;/a&gt;" type="AssertionError"/>
</testcase>
<testcase classname="Kragle Regression" name="Test: Lightsync Freestyle Effect For Keyboard - System Verification: G512 (Windows, Wired)" time="123.249">
</testcase>
<testcase classname="Kragle Regression" name="Test: Device Settings For Keyboard - SYS Verification: G512 (Windows, Wired)" time="89.671">
<failure message="*HTML*Variable '${onboard_lighting_enabled}' not found. Did you mean:&#10;    ${onboard_lighting_disabled} &#10;&#10; &lt;a href=dmp_logs_2022_03_11_19_25_59.zip&gt;DEBUG_LOGS&lt;/a&gt; &#10;&#10; &lt;a href=end_test-screenshot-20220311-192559.png&gt;SCREENSHOT&lt;/a&gt; &#10;&#10; &lt;a href=C:\Jenkins\workspace\structuring_refactoring_features/report11032022_19_26_11_page_source.html&gt;PAGE_SOURCE&lt;/a&gt;" type="AssertionError"/>
</testcase>
<testcase classname="Kragle Regression" name="Disconnect: G512:wired &amp; Connect: G815:wired" time="4.338">
</testcase>
<testcase classname="Kragle Regression" name="Test: Local And Cloud Profile For Keyboard: G815 (Windows, Wired)" time="646.448">
<failure message="*HTML*Failure: Selector &quot;.back-button&quot; is Not Loaded &#10;&#10; &lt;a href=dmp_logs_2022_03_11_19_37_34.zip&gt;DEBUG_LOGS&lt;/a&gt; &#10;&#10; &lt;a href=end_test-screenshot-20220311-193734.png&gt;SCREENSHOT&lt;/a&gt; &#10;&#10; &lt;a href=C:\Jenkins\workspace\structuring_refactoring_features/report11032022_19_37_45_page_source.html&gt;PAGE_SOURCE&lt;/a&gt;" type="AssertionError"/>
</testcase>
<testcase classname="Kragle Regression" name="Test: Lightsync Animation Effect For Keyboard - GUI Verification: G815 (Windows, Wired)" time="176.184">
</testcase>
<testcase classname="Kragle Regression" name="Test: Lightsync Presets Effect For Keyboard - GUI Verification: G815 (Windows, Wired)" time="736.868">
<failure message="*HTML*Several failures occurred:&#10;&#10;1) Failure: Selector &quot;.panel-wrapper.lighting .color-picker .color-value-container.value-r input&quot; with attribute(s) &quot;{'value': '255'}&quot; is Not Loaded&#10;&#10;2) Failure: Selector &quot;.panel-wrapper.lighting .color-picker .color-value-container.value-r input&quot; with attribute(s) &quot;{'value': '255'}&quot; is Not Loaded&#10;&#10;3) Failure: Selector &quot;.back-button&quot; is Not Loaded&#10;&#10;4) Failure: Selector &quot;.appbar-application-name&quot; is Not Clickable&#10;&#10;Also keyword teardown failed:&#10;Several failures occurred:&#10;&#10;1) Failure: Selector &quot;.appbar-application-name&quot; is Not Clickable&#10;&#10;2) Failure: Selector &quot;.back-button&quot; is Not Loaded&#10;&#10;5) Failure: Selector &quot;.device-container.active .device-container-model&quot; is Not Clickable &#10;&#10; &lt;a href=dmp_logs_2022_03_11_19_53_31.zip&gt;DEBUG_LOGS&lt;/a&gt; &#10;&#10; &lt;a href=end_test-screenshot-20220311-195331.png&gt;SCREENSHOT&lt;/a&gt; &#10;&#10; &lt;a href=C:\Jenkins\workspace\structuring_refactoring_features/report11032022_19_53_42_page_source.html&gt;PAGE_SOURCE&lt;/a&gt;" type="AssertionError"/>
</testcase>
<testcase classname="Kragle Regression" name="Reset G HUB: 10" time="145.012">
</testcase>
<testcase classname="Kragle Regression" name="Test: Lightsync Freestyle Effect For Keyboard - GUI Verification: G815 (Windows, Wired)" time="183.583">
</testcase>
<testcase classname="Kragle Regression" name="Test:Lighting Profile Lock GHUB Preset: G815 (Windows, Wired)" time="1000.589">
</testcase>
<testcase classname="Kragle Regression" name="Test:Lighting Profile Lock GHUB Animations: G815 (Windows, Wired)" time="452.746">
</testcase>
<testcase classname="Kragle Regression" name="Test:Lighting Profile Lock GHUB Freestyle: G815 (Windows, Wired)" time="376.986">
</testcase>
<testcase classname="Kragle Regression" name="Test: Verify Presets Default Colors For Keyboard: G815 (Windows, Wired)" time="348.741">
<failure message="*HTML*&lt;b&gt;Known Issue:&lt;/b&gt;[&lt;a href=https://jira.logitech.io/browse/KRGL-9313&gt;KRGL-9313&lt;/a&gt;]&#10;Keyword 'Backend.Verify Fixed Colors Keyboard' failed after retrying for 3 minutes. The last error was: The expected color value of green (255) and actual value from backend (0) is different: 255 != 0 &#10;&#10; &lt;a href=dmp_logs_2022_03_11_20_36_03.zip&gt;DEBUG_LOGS&lt;/a&gt; &#10;&#10; &lt;a href=end_test-screenshot-20220311-203603.png&gt;SCREENSHOT&lt;/a&gt; &#10;&#10; &lt;a href=C:\Jenkins\workspace\structuring_refactoring_features/report11032022_20_36_14_page_source.html&gt;PAGE_SOURCE&lt;/a&gt;" type="AssertionError"/>
</testcase>
<testcase classname="Kragle Regression" name="Test: User Can Change Presets Fixed HEX Color For Keyboard: G815 (Windows, Wired)" time="238.237">
<failure message="*HTML*&lt;b&gt;Known Issue:&lt;/b&gt;[&lt;a href=https://jira.logitech.io/browse/KRGL-9313&gt;KRGL-9313&lt;/a&gt;]&#10;Keyword 'Backend.Verify Fixed Colors Keyboard' failed after retrying for 3 minutes. The last error was: The expected color value of red (148) and actual value from backend (0) is different: 148 != 0 &#10;&#10; &lt;a href=dmp_logs_2022_03_11_20_40_45.zip&gt;DEBUG_LOGS&lt;/a&gt; &#10;&#10; &lt;a href=end_test-screenshot-20220311-204045.png&gt;SCREENSHOT&lt;/a&gt; &#10;&#10; &lt;a href=C:\Jenkins\workspace\structuring_refactoring_features/report11032022_20_40_56_page_source.html&gt;PAGE_SOURCE&lt;/a&gt;" type="AssertionError"/>
</testcase>
<testcase classname="Kragle Regression" name="Test: User Can Change Presets Fixed RGB Color For Keyboard: G815 (Windows, Wired)" time="244.781">
<failure message="*HTML*&lt;b&gt;Known Issue:&lt;/b&gt;[&lt;a href=https://jira.logitech.io/browse/KRGL-9313&gt;KRGL-9313&lt;/a&gt;]&#10;Keyword 'Backend.Verify Fixed Colors Keyboard' failed after retrying for 3 minutes. The last error was: The expected color value of green (255) and actual value from backend (0) is different: 255 != 0 &#10;&#10; &lt;a href=dmp_logs_2022_03_11_20_45_34.zip&gt;DEBUG_LOGS&lt;/a&gt; &#10;&#10; &lt;a href=end_test-screenshot-20220311-204534.png&gt;SCREENSHOT&lt;/a&gt; &#10;&#10; &lt;a href=C:\Jenkins\workspace\structuring_refactoring_features/report11032022_20_45_45_page_source.html&gt;PAGE_SOURCE&lt;/a&gt;" type="AssertionError"/>
</testcase>
<testcase classname="Kragle Regression" name="Test: User Can Add And Remove Preset Colors For Keyboard: G815 (Windows, Wired)" time="399.865">
<failure message="*HTML*&lt;b&gt;Known Issue:&lt;/b&gt;[&lt;a href=https://jira.logitech.io/browse/KRGL-9313&gt;KRGL-9313&lt;/a&gt;]&#10;Keyword 'Backend.Verify Fixed Colors Keyboard' failed after retrying for 3 minutes. The last error was: The expected color value of red (110) and actual value from backend (0) is different: 110 != 0 &#10;&#10; &lt;a href=dmp_logs_2022_03_11_20_52_58.zip&gt;DEBUG_LOGS&lt;/a&gt; &#10;&#10; &lt;a href=end_test-screenshot-20220311-205257.png&gt;SCREENSHOT&lt;/a&gt; &#10;&#10; &lt;a href=C:\Jenkins\workspace\structuring_refactoring_features/report11032022_20_53_09_page_source.html&gt;PAGE_SOURCE&lt;/a&gt;" type="AssertionError"/>
</testcase>
<testcase classname="Kragle Regression" name="Test: User Can Change Freestyle HEX Color For Keyboard Arrow Keys: G815 (Windows, Wired)" time="35.762">
</testcase>
<testcase classname="Kragle Regression" name="Test: User Can Change Freestyle RGB Color For Keyboard Arrow Keys: G815 (Windows, Wired)" time="52.358">
</testcase>
<testcase classname="Kragle Regression" name="Reset G HUB: 11" time="109.579">
</testcase>
<testcase classname="Kragle Regression" name="Test: User Can Add And Remove Freestyle Preset Colors For Keyboard: G815 (Windows, Wired)" time="190.358">
</testcase>
<testcase classname="Kragle Regression" name="Test: Global Settings - My Gear For Keyboard: G815 (Windows, Wired)" time="26.109">
</testcase>
<testcase classname="Kragle Regression" name="Test: Global Settings - Verify Show Tutorial Enables Coach Marks For Keyboard: G815 (Windows, Wired)" time="32.081">
</testcase>
<testcase classname="Kragle Regression" name="Test: Device Settings For Keyboard - UI Verification: G815 (Windows, Wired)" time="338.500">
</testcase>
<testcase classname="Kragle Regression" name="Test: Game Mode For Keyboard: G815 (Windows, Wired)" time="74.178">
</testcase>
<testcase classname="Kragle Regression" name="Test: Game Mode Restore Default Settings For Keyboard: G815 (Windows, Wired)" time="38.862">
</testcase>
<testcase classname="Kragle Regression" name="Test: All Profiles Should Be Same Disabled Keys In Game Mode When Profile Is Locked For Keyboard: G815 (Windows, Wired)" time="451.174">
</testcase>
<testcase classname="Kragle Regression" name="Test: All Profiles Should Be Same Disabled Keys Which Are Disabled While Profile Is Locked In Game Mode: G815 (Windows, Wired)" time="408.715">
</testcase>
<testcase classname="Kragle Regression" name="Test: Device Settings For Keyboard - SYS Verification: G815 (Windows, Wired)" time="315.592">
</testcase>
<testcase classname="Kragle Regression" name="Disconnect: G815:wired &amp; Connect: G502 HERO:wired" time="2.303">
</testcase>
<testcase classname="Kragle Regression" name="Test: Command Assignments For Mouse: G502 HERO (Windows, Wired)" time="1722.406">
</testcase>
<testcase classname="Kragle Regression" name="Reset G HUB: 12" time="105.571">
</testcase>
<testcase classname="Kragle Regression" name="Test: System Command Assignments For Mouse: G502 HERO (Windows, Wired)" time="1139.043">
<failure message="*HTML*Several failures occurred:&#10;&#10;1) Failure: Selector &quot;.overlay-button.save&quot; is Not Clickable&#10;&#10;2) G-Shift Failed!&#10;&#10;3) Scroll Up Failed!&#10;&#10;4) calc Failed!&#10;&#10;5) notepad Failed! &#10;&#10; &lt;a href=dmp_logs_2022_03_11_22_17_44.zip&gt;DEBUG_LOGS&lt;/a&gt; &#10;&#10; &lt;a href=end_test-screenshot-20220311-221744.png&gt;SCREENSHOT&lt;/a&gt; &#10;&#10; &lt;a href=C:\Jenkins\workspace\structuring_refactoring_features/report11032022_22_17_55_page_source.html&gt;PAGE_SOURCE&lt;/a&gt;" type="AssertionError"/>
</testcase>
<testcase classname="Kragle Regression" name="Test: Macro Command Assignments For Mouse: G502 HERO (Windows, Wired)" time="819.828">
</testcase>
<testcase classname="Kragle Regression" name="Test: System Command Assignment After System Sleep/Resume For Mouse: G502 HERO (Windows, Wired)" time="163.544">
</testcase>
<testcase classname="Kragle Regression" name="Test: Keys Assignment After System Sleep/Resume For Mouse: G502 HERO (Windows, Wired)" time="191.027">
</testcase>
<testcase classname="Kragle Regression" name="Test: Macro Launch Application Assignment For Mouse: G502 HERO (Windows, Wired)" time="52.103">
</testcase>
<testcase classname="Kragle Regression" name="Test: Macro System Volume Up Assignment For Mouse: G502 HERO (Windows, Wired)" time="60.773">
</testcase>
<testcase classname="Kragle Regression" name="Test: System Assignment Should Work In On-Board Memory Mode For Mouse: G502 HERO (Windows, Wired)" time="146.812">
</testcase>
<testcase classname="Kragle Regression" name="Test: Commands Assignment Should Work In On-Board Memory Mode For Mouse: G502 HERO (Windows, Wired)" time="157.374">
</testcase>
<testcase classname="Kragle Regression" name="Test: Keys Assignment Should Work In On-Board Memory Mode For Mouse: G502 HERO (Windows, Wired)" time="158.633">
</testcase>
<testcase classname="Kragle Regression" name="Test: Macro Assignment Should Work In On-Board Memory Mode For Mouse: G502 HERO (Windows, Wired)" time="142.302">
</testcase>
<testcase classname="Kragle Regression" name="Reset G HUB: 13" time="109.714">
</testcase>
</testsuite>
