<?xml version="1.0" encoding="UTF-8"?>
<testsuite name="Kragle Regression" tests="135" errors="0" failures="15" skipped="0" time="21463.353">
<testcase classname="Kragle Regression" name="Test Application Specific Test Cases" time="0.104">
</testcase>
<testcase classname="Kragle Regression" name="Test Device Specific Test Cases" time="5.602">
</testcase>
<testcase classname="Kragle Regression" name="Test: Uninstall/Install GHUB - Verify App Loads Fine (Windows-10-10.0.22000-SP0)" time="247.544">
</testcase>
<testcase classname="Kragle Regression" name="Test: Global Settings - Send Error Logs Process (Windows-10-10.0.22000-SP0)" time="20.294">
</testcase>
<testcase classname="Kragle Regression" name="Test: Global Settings - Desktop Notifications (Windows-10-10.0.22000-SP0)" time="21.147">
</testcase>
<testcase classname="Kragle Regression" name="Test: Global Settings - GHUB Manual Link Should Open In Default Browser (Windows-10-10.0.22000-SP0)" time="42.146">
</testcase>
<testcase classname="Kragle Regression" name="Test: Global Settings - Send Feedback Link Should Open In Default Browser (Windows-10-10.0.22000-SP0)" time="44.136">
</testcase>
<testcase classname="Kragle Regression" name="Test: Global Settings - Send Error Report (Windows-10-10.0.22000-SP0)" time="53.709">
</testcase>
<testcase classname="Kragle Regression" name="Test: Global Settings - Persistent Profile For Application (Windows-10-10.0.22000-SP0)" time="56.104">
<failure message="*HTML*&lt;b&gt;Known Issue:&lt;/b&gt;[&lt;a href=https://jira.logitech.io/browse/KRGL-9079&gt;KRGL-9079&lt;/a&gt;]&#10;Failure: Selector &quot;.appbar-application-name&quot; with attribute(s) &quot;{'text': 'NOTEPAD'}&quot; is Not Loaded &#10;&#10; &lt;a href=dmp_logs_2022_03_11_13_12_03.zip&gt;DEBUG_LOGS&lt;/a&gt; &#10;&#10; &lt;a href=end_test-screenshot-20220311-131203.png&gt;SCREENSHOT&lt;/a&gt; &#10;&#10; &lt;a href=C:\Jenkins\workspace\structuring_refactoring_features/report11032022_13_12_14_page_source.html&gt;PAGE_SOURCE&lt;/a&gt;" type="AssertionError"/>
</testcase>
<testcase classname="Kragle Regression" name="Test: Global Settings - Analytics Json Files Dynamically Get Created When Share My Usage Data Option Is Checked (Windows-10-10.0.22000-SP0)" time="49.492">
</testcase>
<testcase classname="Kragle Regression" name="Test: Global Settings - User Can Change Language (Windows-10-10.0.22000-SP0)" time="103.559">
</testcase>
<testcase classname="Kragle Regression" name="Test: Global Settings - Global Persistent Profile Behavior (Windows-10-10.0.22000-SP0)" time="185.156">
</testcase>
<testcase classname="Kragle Regression" name="Reset G HUB: 1" time="109.705">
</testcase>
<testcase classname="Kragle Regression" name="Test: Global Settings - Turn On/Off Lighting After User Inactivity (Windows-10-10.0.22000-SP0)" time="9.866">
</testcase>
<testcase classname="Kragle Regression" name="Connect Device: G513:wired" time="1.008">
</testcase>
<testcase classname="Kragle Regression" name="Test: Local And Cloud Profile For Keyboard: G513 (Windows, Wired)" time="495.618">
</testcase>
<testcase classname="Kragle Regression" name="Test: Verify Presets Default Colors For Keyboard: G513 (Windows, Wired)" time="162.766">
</testcase>
<testcase classname="Kragle Regression" name="Test: User Can Change Presets Fixed HEX Color For Keyboard: G513 (Windows, Wired)" time="52.247">
</testcase>
<testcase classname="Kragle Regression" name="Test: User Can Change Presets Fixed RGB Color For Keyboard: G513 (Windows, Wired)" time="58.341">
</testcase>
<testcase classname="Kragle Regression" name="Test: User Can Add And Remove Preset Colors For Keyboard: G513 (Windows, Wired)" time="236.137">
</testcase>
<testcase classname="Kragle Regression" name="Test: User Can Change Freestyle HEX Color For Keyboard Arrow Keys: G513 (Windows, Wired)" time="45.084">
</testcase>
<testcase classname="Kragle Regression" name="Test: User Can Change Freestyle RGB Color For Keyboard Arrow Keys: G513 (Windows, Wired)" time="51.566">
</testcase>
<testcase classname="Kragle Regression" name="Test: User Can Add And Remove Freestyle Preset Colors For Keyboard: G513 (Windows, Wired)" time="185.496">
</testcase>
<testcase classname="Kragle Regression" name="Test: Global Settings - My Gear For Keyboard: G513 (Windows, Wired)" time="26.120">
</testcase>
<testcase classname="Kragle Regression" name="Reset G HUB: 2" time="109.913">
</testcase>
<testcase classname="Kragle Regression" name="Test: Global Settings - Verify Show Tutorial Enables Coach Marks For Keyboard: G513 (Windows, Wired)" time="31.836">
</testcase>
<testcase classname="Kragle Regression" name="Test: Device Settings For Keyboard - UI Verification: G513 (Windows, Wired)" time="51.484">
</testcase>
<testcase classname="Kragle Regression" name="Test: Onboard Lighting Effect For Keyboard With System Verification: G513 (Windows, Wired)" time="177.313">
<failure message="*HTML*Failure: Sending Message Timed Out&#10;&#10;Also keyword teardown failed:&#10;Several failures occurred:&#10;&#10;1) AttributeError: 'NoneType' object has no attribute 'save_screenshot'&#10;&#10;2) AttributeError: 'NoneType' object has no attribute 'get_log'&#10;&#10;3) UnboundLocalError: local variable 'file_name' referenced before assignment &#10;&#10; &lt;a href=dmp_logs_2022_03_11_13_48_32.zip&gt;DEBUG_LOGS&lt;/a&gt; &#10;&#10; &lt;a href=None&gt;SCREENSHOT&lt;/a&gt; &#10;&#10; &lt;a href=None&gt;PAGE_SOURCE&lt;/a&gt;" type="AssertionError"/>
</testcase>
<testcase classname="Kragle Regression" name="Test: Game Mode For Keyboard: G513 (Windows, Wired)" time="73.814">
</testcase>
<testcase classname="Kragle Regression" name="Test: Game Mode Restore Default Settings For Keyboard: G513 (Windows, Wired)" time="35.827">
</testcase>
<testcase classname="Kragle Regression" name="Test: All Profiles Should Be Same Disabled Keys In Game Mode When Profile Is Locked For Keyboard: G513 (Windows, Wired)" time="383.776">
</testcase>
<testcase classname="Kragle Regression" name="Test: All Profiles Should Be Same Disabled Keys Which Are Disabled While Profile Is Locked In Game Mode: G513 (Windows, Wired)" time="376.045">
</testcase>
<testcase classname="Kragle Regression" name="Test: Lightsync Animation Effect For Keyboard - System Verification: G513 (Windows, Wired)" time="218.828">
</testcase>
<testcase classname="Kragle Regression" name="Test: Lightsync Presets Effect For Keyboard - System Verification: G513 (Windows, Wired)" time="1214.602">
<failure message="*HTML*Several failures occurred:&#10;&#10;1) The expected color value of red (180) and actual value from backend (0) is different: 180 != 0&#10;&#10;2) The expected color value of red (255) and actual value from backend (0) is different: 255 != 0&#10;&#10;3) The expected color value of red (180) and actual value from backend (0) is different: 180 != 0 &#10;&#10; &lt;a href=dmp_logs_2022_03_11_14_27_35.zip&gt;DEBUG_LOGS&lt;/a&gt; &#10;&#10; &lt;a href=end_test-screenshot-20220311-142735.png&gt;SCREENSHOT&lt;/a&gt; &#10;&#10; &lt;a href=C:\Jenkins\workspace\structuring_refactoring_features/report11032022_14_27_46_page_source.html&gt;PAGE_SOURCE&lt;/a&gt;" type="AssertionError"/>
</testcase>
<testcase classname="Kragle Regression" name="Test: Lightsync Freestyle Effect For Keyboard - System Verification: G513 (Windows, Wired)" time="114.915">
</testcase>
<testcase classname="Kragle Regression" name="Reset G HUB: 3" time="109.980">
</testcase>
<testcase classname="Kragle Regression" name="Test: Device Settings For Keyboard - SYS Verification: G513 (Windows, Wired)" time="74.252">
<failure message="*HTML*Variable '${onboard_lighting_enabled}' not found. Did you mean:&#10;    ${onboard_lighting_disabled} &#10;&#10; &lt;a href=dmp_logs_2022_03_11_14_33_18.zip&gt;DEBUG_LOGS&lt;/a&gt; &#10;&#10; &lt;a href=end_test-screenshot-20220311-143318.png&gt;SCREENSHOT&lt;/a&gt; &#10;&#10; &lt;a href=C:\Jenkins\workspace\structuring_refactoring_features/report11032022_14_33_30_page_source.html&gt;PAGE_SOURCE&lt;/a&gt;" type="AssertionError"/>
</testcase>
<testcase classname="Kragle Regression" name="Disconnect: G513:wired &amp; Connect: G203 LIGHTSYNC:wired" time="4.256">
</testcase>
<testcase classname="Kragle Regression" name="Test: Lightsync Effect For Mouse - GUI Verification: G203 LIGHTSYNC (Windows, Wired)" time="139.665">
</testcase>
<testcase classname="Kragle Regression" name="Test: Lightsync Effect With Restart G HUB For Mouse - GUI Verification: G203 LIGHTSYNC (Windows, Wired)" time="154.075">
</testcase>
<testcase classname="Kragle Regression" name="Test: Lightsync Effect With Sleep System For Mouse - GUI Verification: G203 LIGHTSYNC (Windows, Wired)" time="154.318">
</testcase>
<testcase classname="Kragle Regression" name="Test: OOB Software Support For Mouse: G203 LIGHTSYNC (Windows, Wired)" time="173.903">
</testcase>
<testcase classname="Kragle Regression" name="Test: Global Settings - My Gear For Mouse: G203 LIGHTSYNC (Windows, Wired)" time="15.276">
</testcase>
<testcase classname="Kragle Regression" name="Test: Global Settings - Verify Show Tutorial Enables Coach Marks For Mouse: G203 LIGHTSYNC (Windows, Wired)" time="31.651">
</testcase>
<testcase classname="Kragle Regression" name="Test: Device Settings For Mouse - UI Verification: G203 LIGHTSYNC (Windows, Wired)" time="260.678">
</testcase>
<testcase classname="Kragle Regression" name="Test: DPI With Onboard Profile For Mouse: G203 LIGHTSYNC (Windows, Wired)" time="243.165">
</testcase>
<testcase classname="Kragle Regression" name="Test: DPI Sensitivity For Mouse: G203 LIGHTSYNC (Windows, Wired)" time="237.825">
</testcase>
<testcase classname="Kragle Regression" name="Reset G HUB: 4" time="109.922">
</testcase>
<testcase classname="Kragle Regression" name="Test: DPI Sensitivity With Sleep System For Mouse: G203 LIGHTSYNC (Windows, Wired)" time="107.741">
</testcase>
<testcase classname="Kragle Regression" name="Test: DPI Sensitivity With Restart G HUB For Mouse: G203 LIGHTSYNC (Windows, Wired)" time="121.066">
</testcase>
<testcase classname="Kragle Regression" name="Test: Device Settings For Mouse - SYS Verification: G203 LIGHTSYNC (Windows, Wired)" time="247.845">
</testcase>
<testcase classname="Kragle Regression" name="Disconnect: G203 LIGHTSYNC:wired &amp; Connect: G915:wired" time="2.300">
</testcase>
<testcase classname="Kragle Regression" name="Test: Global Settings - My Gear For Keyboard: G915 (Windows, Wired)" time="15.320">
</testcase>
<testcase classname="Kragle Regression" name="Test: Global Settings - Verify Show Tutorial Enables Coach Marks For Keyboard: G915 (Windows, Wired)" time="30.602">
</testcase>
<testcase classname="Kragle Regression" name="Test: Device Settings For Keyboard - UI Verification: G915 (Windows, Wired)" time="340.687">
<failure message="*HTML*Failure: Selector &quot;//span[contains(text(),'EFFECTS ON DEVICE')]//parent::p/following-sibling::div/descendant::span[@class='dropdown-current']&quot; is Not Loaded &#10;&#10; &lt;a href=dmp_logs_2022_03_11_15_13_53.zip&gt;DEBUG_LOGS&lt;/a&gt; &#10;&#10; &lt;a href=end_test-screenshot-20220311-151353.png&gt;SCREENSHOT&lt;/a&gt; &#10;&#10; &lt;a href=C:\Jenkins\workspace\structuring_refactoring_features/report11032022_15_14_04_page_source.html&gt;PAGE_SOURCE&lt;/a&gt;" type="AssertionError"/>
</testcase>
<testcase classname="Kragle Regression" name="Test: Lightsync Animation Effect For Keyboard - GUI Verification: G915 (Windows, Wired)" time="174.607">
</testcase>
<testcase classname="Kragle Regression" name="Test: Lightsync Presets Effect For Keyboard - GUI Verification: G915 (Windows, Wired)" time="886.867">
</testcase>
<testcase classname="Kragle Regression" name="Test: Lightsync Freestyle Effect For Keyboard - GUI Verification: G915 (Windows, Wired)" time="185.767">
</testcase>
<testcase classname="Kragle Regression" name="Test: Game Mode For Keyboard: G915 (Windows, Wired)" time="84.667">
</testcase>
<testcase classname="Kragle Regression" name="Reset G HUB: 5" time="109.811">
</testcase>
<testcase classname="Kragle Regression" name="Test: Game Mode Restore Default Settings For Keyboard: G915 (Windows, Wired)" time="35.033">
</testcase>
<testcase classname="Kragle Regression" name="Test: All Profiles Should Be Same Disabled Keys In Game Mode When Profile Is Locked For Keyboard: G915 (Windows, Wired)" time="383.772">
</testcase>
<testcase classname="Kragle Regression" name="Test: All Profiles Should Be Same Disabled Keys Which Are Disabled While Profile Is Locked In Game Mode: G915 (Windows, Wired)" time="376.190">
</testcase>
<testcase classname="Kragle Regression" name="Test: Device Settings For Keyboard - SYS Verification: G915 (Windows, Wired)" time="387.849">
<failure message="*HTML*Failure: Selector &quot;//span[contains(text(),'EFFECTS ON DEVICE')]//parent::p/following-sibling::div/descendant::span[@class='dropdown-current']&quot; is Not Loaded &#10;&#10; &lt;a href=dmp_logs_2022_03_11_15_58_22.zip&gt;DEBUG_LOGS&lt;/a&gt; &#10;&#10; &lt;a href=end_test-screenshot-20220311-155821.png&gt;SCREENSHOT&lt;/a&gt; &#10;&#10; &lt;a href=C:\Jenkins\workspace\structuring_refactoring_features/report11032022_15_58_33_page_source.html&gt;PAGE_SOURCE&lt;/a&gt;" type="AssertionError"/>
</testcase>
<testcase classname="Kragle Regression" name="Disconnect: G915:wired &amp; Connect: G903 LIGHTSPEED:wired" time="4.352">
</testcase>
<testcase classname="Kragle Regression" name="Test: Lightsync Effect For Mouse - GUI Verification: G903 LIGHTSPEED (Windows, Wired)" time="374.875">
<failure message="*HTML*Failure: Selector &quot;.dropdown-current&quot; with attribute(s) &quot;{'innerText': 'FIXED'}&quot; is Not Loaded &#10;&#10; &lt;a href=dmp_logs_2022_03_11_16_05_25.zip&gt;DEBUG_LOGS&lt;/a&gt; &#10;&#10; &lt;a href=end_test-screenshot-20220311-160525.png&gt;SCREENSHOT&lt;/a&gt; &#10;&#10; &lt;a href=C:\Jenkins\workspace\structuring_refactoring_features/report11032022_16_05_36_page_source.html&gt;PAGE_SOURCE&lt;/a&gt;" type="AssertionError"/>
</testcase>
<testcase classname="Kragle Regression" name="Test: Lightsync Effect With Restart G HUB For Mouse - GUI Verification: G903 LIGHTSPEED (Windows, Wired)" time="143.425">
</testcase>
<testcase classname="Kragle Regression" name="Test: Lightsync Effect With Sleep System For Mouse - GUI Verification: G903 LIGHTSPEED (Windows, Wired)" time="534.276">
</testcase>
<testcase classname="Kragle Regression" name="Test: OOB Software Support For Mouse: G903 LIGHTSPEED (Windows, Wired)" time="163.649">
</testcase>
<testcase classname="Kragle Regression" name="Test: Global Settings - My Gear For Mouse: G903 LIGHTSPEED (Windows, Wired)" time="15.495">
</testcase>
<testcase classname="Kragle Regression" name="Test: Global Settings - Verify Show Tutorial Enables Coach Marks For Mouse: G903 LIGHTSPEED (Windows, Wired)" time="31.959">
</testcase>
<testcase classname="Kragle Regression" name="Reset G HUB: 6" time="109.913">
</testcase>
<testcase classname="Kragle Regression" name="Test: Device Settings For Mouse - UI Verification: G903 LIGHTSPEED (Windows, Wired)" time="275.357">
</testcase>
<testcase classname="Kragle Regression" name="Test: DPI With Onboard Profile For Mouse: G903 LIGHTSPEED (Windows, Wired)" time="225.384">
</testcase>
<testcase classname="Kragle Regression" name="Test: DPI Sensitivity For Mouse: G903 LIGHTSPEED (Windows, Wired)" time="101.899">
<failure message="*HTML*The expected repo rate (500) and the actual value from backend repo rate (1000) does not match: 500 != 1000 &#10;&#10; &lt;a href=dmp_logs_2022_03_11_16_32_51.zip&gt;DEBUG_LOGS&lt;/a&gt; &#10;&#10; &lt;a href=end_test-screenshot-20220311-163251.png&gt;SCREENSHOT&lt;/a&gt; &#10;&#10; &lt;a href=C:\Jenkins\workspace\structuring_refactoring_features/report11032022_16_33_02_page_source.html&gt;PAGE_SOURCE&lt;/a&gt;" type="AssertionError"/>
</testcase>
<testcase classname="Kragle Regression" name="Test: DPI Sensitivity With Sleep System For Mouse: G903 LIGHTSPEED (Windows, Wired)" time="75.453">
<failure message="*HTML*The expected repo rate (125) and the actual value from backend repo rate (1000) does not match: 125 != 1000 &#10;&#10; &lt;a href=dmp_logs_2022_03_11_16_34_50.zip&gt;DEBUG_LOGS&lt;/a&gt; &#10;&#10; &lt;a href=end_test-screenshot-20220311-163450.png&gt;SCREENSHOT&lt;/a&gt; &#10;&#10; &lt;a href=C:\Jenkins\workspace\structuring_refactoring_features/report11032022_16_35_02_page_source.html&gt;PAGE_SOURCE&lt;/a&gt;" type="AssertionError"/>
</testcase>
<testcase classname="Kragle Regression" name="Test: DPI Sensitivity With Restart G HUB For Mouse: G903 LIGHTSPEED (Windows, Wired)" time="50.184">
<failure message="*HTML*The expected repo rate (125) and the actual value from backend repo rate (1000) does not match: 125 != 1000 &#10;&#10; &lt;a href=dmp_logs_2022_03_11_16_36_25.zip&gt;DEBUG_LOGS&lt;/a&gt; &#10;&#10; &lt;a href=end_test-screenshot-20220311-163625.png&gt;SCREENSHOT&lt;/a&gt; &#10;&#10; &lt;a href=C:\Jenkins\workspace\structuring_refactoring_features/report11032022_16_36_36_page_source.html&gt;PAGE_SOURCE&lt;/a&gt;" type="AssertionError"/>
</testcase>
<testcase classname="Kragle Regression" name="Test: Device Settings For Mouse - SYS Verification: G903 LIGHTSPEED (Windows, Wired)" time="263.060">
</testcase>
<testcase classname="Kragle Regression" name="Disconnect: G903 LIGHTSPEED:wired &amp; Connect: G502 HERO:wired" time="4.384">
</testcase>
<testcase classname="Kragle Regression" name="Test: Local And Cloud Profile For Mouse: G502 HERO (Windows, Wired)" time="365.880">
</testcase>
<testcase classname="Kragle Regression" name="Test: Lightsync Effect For Mouse - GUI Verification: G502 HERO (Windows, Wired)" time="401.759">
</testcase>
<testcase classname="Kragle Regression" name="Test: Lightsync Effect With Restart G HUB For Mouse - GUI Verification: G502 HERO (Windows, Wired)" time="144.344">
</testcase>
<testcase classname="Kragle Regression" name="Test: Lightsync Effect With Sleep System For Mouse - GUI Verification: G502 HERO (Windows, Wired)" time="534.588">
</testcase>
<testcase classname="Kragle Regression" name="Reset G HUB: 7" time="109.875">
</testcase>
<testcase classname="Kragle Regression" name="Test: OOB Software Support For Mouse: G502 HERO (Windows, Wired)" time="165.166">
</testcase>
<testcase classname="Kragle Regression" name="Test: DPI With Onboard Profile For Mouse: G502 HERO (Windows, Wired)" time="280.456">
</testcase>
<testcase classname="Kragle Regression" name="Test: DPI Sensitivity For Mouse: G502 HERO (Windows, Wired)" time="240.569">
</testcase>
<testcase classname="Kragle Regression" name="Test: DPI Sensitivity With Sleep System For Mouse: G502 HERO (Windows, Wired)" time="108.592">
</testcase>
<testcase classname="Kragle Regression" name="Test: DPI Sensitivity With Restart G HUB For Mouse: G502 HERO (Windows, Wired)" time="121.867">
</testcase>
<testcase classname="Kragle Regression" name="Test: Device Settings For Mouse - SYS Verification: G502 HERO (Windows, Wired)" time="261.692">
</testcase>
<testcase classname="Kragle Regression" name="Disconnect: G502 HERO:wired &amp; Connect: PRO X WIRELESS:wireless" time="4.225">
</testcase>
<testcase classname="Kragle Regression" name="Test: Blue Voice - Browse More Presets For Headset: PRO X WIRELESS (Windows, Wireless)" time="57.145">
</testcase>
<testcase classname="Kragle Regression" name="Test: Blue Voice Preset Selection For Headset: PRO X WIRELESS (Windows, Wireless)" time="49.255">
</testcase>
<testcase classname="Kragle Regression" name="Test: Blue Voice - Equalizer Settings For Headset: PRO X WIRELESS (Windows, Wireless)" time="246.643">
</testcase>
<testcase classname="Kragle Regression" name="Test: Blue Voice - Preset Settings For Headset: PRO X WIRELESS (Windows, Wireless)" time="542.779">
</testcase>
<testcase classname="Kragle Regression" name="Reset G HUB: 8" time="109.824">
</testcase>
<testcase classname="Kragle Regression" name="Test: Microphone - Default Values For Headset: PRO X WIRELESS (Windows, Wireless)" time="59.306">
</testcase>
<testcase classname="Kragle Regression" name="Test: Local And Cloud Profile For Headset: PRO X WIRELESS (Windows, Wireless)" time="474.086">
</testcase>
<testcase classname="Kragle Regression" name="Test: Device Settings For Headset - UI Verification: PRO X WIRELESS (Windows, Wireless)" time="43.515">
</testcase>
<testcase classname="Kragle Regression" name="Test: Global Settings - My Gear For Headset: PRO X WIRELESS (Windows, Wireless)" time="15.446">
</testcase>
<testcase classname="Kragle Regression" name="Test: Global Settings - Verify Show Tutorial Enables Coach Marks For Headset: PRO X WIRELESS (Windows, Wireless)" time="32.023">
</testcase>
<testcase classname="Kragle Regression" name="Test: Equalizer Presets - Community Card For Headset: PRO X WIRELESS (Windows, Wireless)" time="63.922">
</testcase>
<testcase classname="Kragle Regression" name="Test: Device Settings For Headset - SYS Verification: PRO X WIRELESS (Windows, Wireless)" time="61.780">
</testcase>
<testcase classname="Kragle Regression" name="Test: Device Driver Support With Unplug/Replug Device For Headset: PRO X WIRELESS (Windows, Wireless)" time="110.077">
</testcase>
<testcase classname="Kragle Regression" name="Test: Device Driver Support With Sleep System For Headset: PRO X WIRELESS (Windows, Wireless)" time="50.317">
</testcase>
<testcase classname="Kragle Regression" name="Test: Device Driver Support With Restart System For Headset: PRO X WIRELESS (Windows, Wireless)" time="70.351">
</testcase>
<testcase classname="Kragle Regression" name="Reset G HUB: 9" time="109.766">
</testcase>
<testcase classname="Kragle Regression" name="Disconnect: PRO X WIRELESS:wireless &amp; Connect: G635:wired" time="2.135">
</testcase>
<testcase classname="Kragle Regression" name="Test: Local And Cloud Profile For Headset: G635 (Windows, Wired)" time="444.746">
</testcase>
<testcase classname="Kragle Regression" name="Test: Equalizer Presets - Community Card For Headset: G635 (Windows, Wired)" time="43.665">
</testcase>
<testcase classname="Kragle Regression" name="Test: Profile Lighting For Headset - UI Verification: G635 (Windows, Wired)" time="153.602">
</testcase>
<testcase classname="Kragle Regression" name="Test: Lightsync View For Headset - UI Verification: G635 (Windows, Wired)" time="182.963">
</testcase>
<testcase classname="Kragle Regression" name="Test: Assignments View For Headset - UI Verification: G635 (Windows, Wired)" time="589.212">
</testcase>
<testcase classname="Kragle Regression" name="Test: User Able To Delete The Actions For Headset: G635 (Windows, Wired)" time="139.767">
</testcase>
<testcase classname="Kragle Regression" name="Test: Device Settings For Headset - SYS Verification: G635 (Windows, Wired)" time="60.954">
</testcase>
<testcase classname="Kragle Regression" name="Test: Device Driver Support With Unplug/Replug Device For Headset: G635 (Windows, Wired)" time="29.271">
</testcase>
<testcase classname="Kragle Regression" name="Test: Device Driver Support With Sleep System For Headset: G635 (Windows, Wired)" time="50.247">
</testcase>
<testcase classname="Kragle Regression" name="Test: Device Driver Support With Restart System For Headset: G635 (Windows, Wired)" time="71.175">
</testcase>
<testcase classname="Kragle Regression" name="Reset G HUB: 10" time="110.081">
</testcase>
<testcase classname="Kragle Regression" name="Test: Profile Lighting For Headset - System Verification: G635 (Windows, Wired)" time="114.477">
<failure message="*HTML*Replacing variables from keyword return value failed: List '${result}' has no item in index 0. &#10;&#10; &lt;a href=dmp_logs_2022_03_11_18_35_01.zip&gt;DEBUG_LOGS&lt;/a&gt; &#10;&#10; &lt;a href=end_test-screenshot-20220311-183501.png&gt;SCREENSHOT&lt;/a&gt; &#10;&#10; &lt;a href=C:\Jenkins\workspace\structuring_refactoring_features/report11032022_18_35_12_page_source.html&gt;PAGE_SOURCE&lt;/a&gt;" type="AssertionError"/>
</testcase>
<testcase classname="Kragle Regression" name="Test: Lightsync View For Headset - System Verification: G635 (Windows, Wired)" time="51.331">
<failure message="*HTML*Replacing variables from keyword return value failed: List '${result}' has no item in index 0. &#10;&#10; &lt;a href=dmp_logs_2022_03_11_18_36_59.zip&gt;DEBUG_LOGS&lt;/a&gt; &#10;&#10; &lt;a href=end_test-screenshot-20220311-183659.png&gt;SCREENSHOT&lt;/a&gt; &#10;&#10; &lt;a href=C:\Jenkins\workspace\structuring_refactoring_features/report11032022_18_37_11_page_source.html&gt;PAGE_SOURCE&lt;/a&gt;" type="AssertionError"/>
</testcase>
<testcase classname="Kragle Regression" name="Disconnect: G635:wired &amp; Connect: G933s:wireless" time="2.237">
</testcase>
<testcase classname="Kragle Regression" name="Test: Device Settings For Headset - UI Verification: G933s (Windows, Wireless)" time="71.998">
<failure message="*HTML*Failure: Selector &quot;//div[contains(text(),'EQUALIZER_BASS_BOOST')]&quot; is Not Loaded &#10;&#10; &lt;a href=dmp_logs_2022_03_11_18_38_58.zip&gt;DEBUG_LOGS&lt;/a&gt; &#10;&#10; &lt;a href=end_test-screenshot-20220311-183857.png&gt;SCREENSHOT&lt;/a&gt; &#10;&#10; &lt;a href=C:\Jenkins\workspace\structuring_refactoring_features/report11032022_18_39_09_page_source.html&gt;PAGE_SOURCE&lt;/a&gt;" type="AssertionError"/>
</testcase>
<testcase classname="Kragle Regression" name="Test: Global Settings - My Gear For Headset: G933s (Windows, Wireless)" time="15.418">
</testcase>
<testcase classname="Kragle Regression" name="Test: Global Settings - Verify Show Tutorial Enables Coach Marks For Headset: G933s (Windows, Wireless)" time="31.692">
</testcase>
<testcase classname="Kragle Regression" name="Test: Equalizer Presets - Community Card For Headset: G933s (Windows, Wireless)" time="64.050">
</testcase>
<testcase classname="Kragle Regression" name="Test: Profile Lighting For Headset - UI Verification: G933s (Windows, Wireless)" time="153.609">
</testcase>
<testcase classname="Kragle Regression" name="Test: Lightsync View For Headset - UI Verification: G933s (Windows, Wireless)" time="183.404">
</testcase>
<testcase classname="Kragle Regression" name="Test: Device Settings For Headset - SYS Verification: G933s (Windows, Wireless)" time="82.470">
</testcase>
<testcase classname="Kragle Regression" name="Test: Device Driver Support With Unplug/Replug Device For Headset: G933s (Windows, Wireless)" time="27.377">
</testcase>
<testcase classname="Kragle Regression" name="Reset G HUB: 11" time="109.833">
</testcase>
<testcase classname="Kragle Regression" name="Test: Device Driver Support With Sleep System For Headset: G933s (Windows, Wireless)" time="50.287">
</testcase>
<testcase classname="Kragle Regression" name="Test: Device Driver Support With Restart System For Headset: G933s (Windows, Wireless)" time="71.526">
</testcase>
<testcase classname="Kragle Regression" name="Test: Profile Lighting For Headset - System Verification: G933s (Windows, Wireless)" time="114.499">
<failure message="*HTML*Replacing variables from keyword return value failed: List '${result}' has no item in index 0. &#10;&#10; &lt;a href=dmp_logs_2022_03_11_18_54_23.zip&gt;DEBUG_LOGS&lt;/a&gt; &#10;&#10; &lt;a href=end_test-screenshot-20220311-185423.png&gt;SCREENSHOT&lt;/a&gt; &#10;&#10; &lt;a href=C:\Jenkins\workspace\structuring_refactoring_features/report11032022_18_54_34_page_source.html&gt;PAGE_SOURCE&lt;/a&gt;" type="AssertionError"/>
</testcase>
<testcase classname="Kragle Regression" name="Test: Lightsync View For Headset - System Verification: G933s (Windows, Wireless)" time="51.349">
<failure message="*HTML*Replacing variables from keyword return value failed: List '${result}' has no item in index 0. &#10;&#10; &lt;a href=dmp_logs_2022_03_11_18_56_21.zip&gt;DEBUG_LOGS&lt;/a&gt; &#10;&#10; &lt;a href=end_test-screenshot-20220311-185621.png&gt;SCREENSHOT&lt;/a&gt; &#10;&#10; &lt;a href=C:\Jenkins\workspace\structuring_refactoring_features/report11032022_18_56_33_page_source.html&gt;PAGE_SOURCE&lt;/a&gt;" type="AssertionError"/>
</testcase>
</testsuite>
