<?xml version="1.0" encoding="UTF-8"?>
<robot generator="Robot 4.0 (Python 3.8.0 on win32)" generated="20220120 16:03:25.787" rpa="false" schemaversion="2">
<suite id="s1" name="Kragle Regression" source="D:\GitRepos\Logitech\gerty\test_cases\01_kragle\kragle_regression.robot">
<kw name="Run Keywords" library="BuiltIn" type="SETUP">
<arg>Set Library Search Order</arg>
<arg>libraries.utilities.system_volume.system_audio</arg>
<arg>libraries.utilities.common</arg>
<arg>libraries.acroname_hub.device.Device</arg>
<arg>libraries.process</arg>
<arg>libraries.device</arg>
<arg>libraries.input.keyboard</arg>
<arg>libraries.process.Application</arg>
<arg>AND</arg>
<arg>common.Restart GHUB</arg>
<arg>AND</arg>
<arg>Disconnect All Devices Connected With Acroname</arg>
<arg>AND</arg>
<arg>Initialize Suite</arg>
<doc>Executes all the given keywords in a sequence.</doc>
<kw name="Set Library Search Order" library="BuiltIn">
<arg>libraries.utilities.system_volume.system_audio</arg>
<arg>libraries.utilities.common</arg>
<arg>libraries.acroname_hub.device.Device</arg>
<arg>libraries.process</arg>
<arg>libraries.device</arg>
<arg>libraries.input.keyboard</arg>
<arg>libraries.process.Application</arg>
<doc>Sets the resolution order to use when a name matches multiple keywords.</doc>
<status status="PASS" starttime="20220120 16:03:46.747" endtime="20220120 16:03:46.747"/>
</kw>
<kw name="common.Restart GHUB" library="common_keywords_kragle">
<kw name="Log To Console" library="BuiltIn">
<arg>Restarting GHUB...</arg>
<doc>Logs the given message to the console.</doc>
<status status="PASS" starttime="20220120 16:03:46.749" endtime="20220120 16:03:46.749"/>
</kw>
<kw name="Control Lghub" library="libraries.process.Application">
<status status="PASS" starttime="20220120 16:03:46.749" endtime="20220120 16:03:46.750"/>
</kw>
<kw name="Terminate All" library="libraries.process.Application">
<arg>skip_rack=True</arg>
<doc>Keyword to terminate all associated processes (including support applications such as VirtualHere).</doc>
<status status="PASS" starttime="20220120 16:03:46.750" endtime="20220120 16:03:50.862"/>
</kw>
<kw name="Sleep" library="BuiltIn">
<arg>10</arg>
<doc>Pauses the test executed for the given time.</doc>
<msg timestamp="20220120 16:04:00.865" level="INFO">Slept 10 seconds</msg>
<status status="PASS" starttime="20220120 16:03:50.863" endtime="20220120 16:04:00.865"/>
</kw>
<kw name="Launch All" library="libraries.process.Application">
<arg>skip_rack=True</arg>
<doc>Keyword to launch all associated processes (including support applications). Already running process are
not re-launched.</doc>
<status status="PASS" starttime="20220120 16:04:00.868" endtime="20220120 16:04:13.773"/>
</kw>
<kw name="Sleep" library="BuiltIn">
<arg>5</arg>
<doc>Pauses the test executed for the given time.</doc>
<msg timestamp="20220120 16:04:18.776" level="INFO">Slept 5 seconds</msg>
<status status="PASS" starttime="20220120 16:04:13.774" endtime="20220120 16:04:18.776"/>
</kw>
<kw name="Check All" library="libraries.process.Application">
<doc>Keyword to check all associated processes for an error state.</doc>
<status status="PASS" starttime="20220120 16:04:18.777" endtime="20220120 16:04:24.051"/>
</kw>
<kw name="common.Does GHUB Loaded" library="common_keywords_kragle">
<doc>If home screen is not loaded or back button is not present or onboarding screen is not appeared means GHUB is loading</doc>
<for flavor="IN RANGE">
<var>${INDEX}</var>
<value>0</value>
<value>10</value>
<iter>
<var name="${INDEX}">0</var>
<kw name="Run Keyword And Return Status" library="BuiltIn">
<var>${application_error}</var>
<arg>common.Does Application Encountered A Critical Problem</arg>
<doc>Runs the given keyword with given arguments and returns the status as a Boolean value.</doc>
<kw name="common.Does Application Encountered A Critical Problem" library="common_keywords_kragle">
<kw name="Expect Element" library="libraries.components.React">
<arg>selector=${common_keywords_application_error}</arg>
<doc>Asserts that an element is loaded in a timely manner.
Timeout can be specified by passing a wait_timeout in seconds.</doc>
<msg timestamp="20220120 16:04:29.063" level="FAIL">Failure: Selector "//div[text()='The application encountered a critical problem. Press OK to reload.']" is Not Loaded</msg>
<status status="FAIL" starttime="20220120 16:04:24.055" endtime="20220120 16:04:29.063"/>
</kw>
<status status="FAIL" starttime="20220120 16:04:24.054" endtime="20220120 16:04:29.064"/>
</kw>
<msg timestamp="20220120 16:04:29.064" level="INFO">${application_error} = False</msg>
<status status="PASS" starttime="20220120 16:04:24.053" endtime="20220120 16:04:29.064"/>
</kw>
<if>
<branch type="IF" condition="${application_error} is ${True} or '${INDEX}'=='9'">
<kw name="LOG WARNING" library="logging">
<arg>Application error arrived, restarting GHUB...</arg>
<doc>Log a warning in the report.
This should be used to signify an retry of action/validation that may NOT result in failure.</doc>
<status status="NOT RUN" starttime="20220120 16:04:29.065" endtime="20220120 16:04:29.065"/>
</kw>
<kw name="Terminate Application" library="common_keywords_kragle">
<status status="NOT RUN" starttime="20220120 16:04:29.065" endtime="20220120 16:04:29.065"/>
</kw>
<kw name="Sleep" library="BuiltIn">
<arg>10</arg>
<doc>Pauses the test executed for the given time.</doc>
<status status="NOT RUN" starttime="20220120 16:04:29.066" endtime="20220120 16:04:29.066"/>
</kw>
<kw name="Launch Application" library="common_keywords_kragle">
<status status="NOT RUN" starttime="20220120 16:04:29.066" endtime="20220120 16:04:29.066"/>
</kw>
<kw name="Sleep" library="BuiltIn">
<arg>5</arg>
<doc>Pauses the test executed for the given time.</doc>
<status status="NOT RUN" starttime="20220120 16:04:29.067" endtime="20220120 16:04:29.067"/>
</kw>
<kw name="Check All" library="libraries.process.Application">
<doc>Keyword to check all associated processes for an error state.</doc>
<status status="NOT RUN" starttime="20220120 16:04:29.067" endtime="20220120 16:04:29.067"/>
</kw>
<status status="NOT RUN" starttime="20220120 16:04:29.064" endtime="20220120 16:04:29.067"/>
</branch>
<status status="PASS" starttime="20220120 16:04:29.064" endtime="20220120 16:04:29.068"/>
</if>
<kw name="Run Keyword And Return Status" library="BuiltIn">
<var>${home_screen_loaded}</var>
<arg>Is Element Present</arg>
<arg>${common_keywords_kragle_home_view}</arg>
<arg>10</arg>
<doc>Runs the given keyword with given arguments and returns the status as a Boolean value.</doc>
<kw name="Is Element Present" library="common_keywords_kragle">
<arg>${common_keywords_kragle_home_view}</arg>
<arg>10</arg>
<doc>Validates if the given element is present on the screen.
If element is not found waits for default 15 sec and throws back the error
wait_timeout can be specified in case if it needs to be altered dynamically
Ex: Is Element Present | element_id | wait_timeout=10</doc>
<kw name="Split String" library="String">
<var>${words}</var>
<arg>${element}</arg>
<arg>::</arg>
<doc>Splits the ``string`` using ``separator`` as a delimiter string.</doc>
<msg timestamp="20220120 16:04:29.070" level="INFO">${words} = ['#home-view']</msg>
<status status="PASS" starttime="20220120 16:04:29.069" endtime="20220120 16:04:29.070"/>
</kw>
<kw name="Get Length" library="BuiltIn">
<var>${count}</var>
<arg>${words}</arg>
<doc>Returns and logs the length of the given item as an integer.</doc>
<msg timestamp="20220120 16:04:29.070" level="INFO">Length is 1</msg>
<msg timestamp="20220120 16:04:29.071" level="INFO">${count} = 1</msg>
<status status="PASS" starttime="20220120 16:04:29.070" endtime="20220120 16:04:29.071"/>
</kw>
<kw name="Run Keyword If" library="BuiltIn">
<arg>${count} &gt; 1</arg>
<arg>__Expect Element Based On Attribute__</arg>
<arg>${words}[0]</arg>
<arg>${words}[1]</arg>
<arg>${wait_timeout}</arg>
<arg>ELSE</arg>
<arg>Expect Element</arg>
<arg>selector=${words}[0]</arg>
<arg>wait_timeout=${wait_timeout}</arg>
<doc>Runs the given keyword with the given arguments, if ``condition`` is true.</doc>
<kw name="Expect Element" library="libraries.components.React">
<arg>selector=${words}[0]</arg>
<arg>wait_timeout=${wait_timeout}</arg>
<doc>Asserts that an element is loaded in a timely manner.
Timeout can be specified by passing a wait_timeout in seconds.</doc>
<status status="PASS" starttime="20220120 16:04:29.074" endtime="20220120 16:04:29.091"/>
</kw>
<status status="PASS" starttime="20220120 16:04:29.071" endtime="20220120 16:04:29.091"/>
</kw>
<status status="PASS" starttime="20220120 16:04:29.069" endtime="20220120 16:04:29.091"/>
</kw>
<msg timestamp="20220120 16:04:29.091" level="INFO">${home_screen_loaded} = True</msg>
<status status="PASS" starttime="20220120 16:04:29.068" endtime="20220120 16:04:29.091"/>
</kw>
<kw name="Exit For Loop If" library="BuiltIn">
<arg>${home_screen_loaded} is ${True}</arg>
<doc>Stops executing the enclosing for loop if the ``condition`` is true.</doc>
<msg timestamp="20220120 16:04:29.092" level="INFO">Exiting for loop altogether.</msg>
<status status="PASS" starttime="20220120 16:04:29.092" endtime="20220120 16:04:29.093"/>
</kw>
<status status="PASS" starttime="20220120 16:04:24.052" endtime="20220120 16:04:29.093"/>
</iter>
<status status="PASS" starttime="20220120 16:04:24.052" endtime="20220120 16:04:29.093"/>
</for>
<status status="PASS" starttime="20220120 16:04:24.052" endtime="20220120 16:04:29.093"/>
</kw>
<kw name="Run Keyword And Ignore Error" library="BuiltIn">
<arg>common.Set GHUB As Active Window</arg>
<doc>Runs the given keyword with the given arguments and ignores possible error.</doc>
<kw name="common.Set GHUB As Active Window" library="common_keywords_kragle">
<kw name="Is Darwin" library="libraries.utilities.system_volume.system_audio">
<var>${is_mac}</var>
<msg timestamp="20220120 16:04:29.095" level="INFO">${is_mac} = False</msg>
<status status="PASS" starttime="20220120 16:04:29.095" endtime="20220120 16:04:29.096"/>
</kw>
<if>
<branch type="IF" condition="${is_mac} is ${True}">
<kw name="Set Active Window" library="libraries.utilities.utils">
<arg>lghub</arg>
<arg>${maximized_screen}</arg>
<status status="NOT RUN" starttime="20220120 16:04:29.096" endtime="20220120 16:04:29.096"/>
</kw>
<status status="NOT RUN" starttime="20220120 16:04:29.096" endtime="20220120 16:04:29.097"/>
</branch>
<branch type="ELSE">
<kw name="Set Active Window" library="libraries.utilities.utils">
<arg>Logitech G HUB</arg>
<arg>${maximized_screen}</arg>
<status status="PASS" starttime="20220120 16:04:29.097" endtime="20220120 16:04:29.149"/>
</kw>
<status status="PASS" starttime="20220120 16:04:29.097" endtime="20220120 16:04:29.149"/>
</branch>
<status status="PASS" starttime="20220120 16:04:29.096" endtime="20220120 16:04:29.150"/>
</if>
<kw name="Sleep" library="BuiltIn">
<arg>2</arg>
<doc>Pauses the test executed for the given time.</doc>
<msg timestamp="20220120 16:04:31.151" level="INFO">Slept 2 seconds</msg>
<status status="PASS" starttime="20220120 16:04:29.150" endtime="20220120 16:04:31.151"/>
</kw>
<status status="PASS" starttime="20220120 16:04:29.094" endtime="20220120 16:04:31.151"/>
</kw>
<status status="PASS" starttime="20220120 16:04:29.094" endtime="20220120 16:04:31.152"/>
</kw>
<status status="PASS" starttime="20220120 16:03:46.748" endtime="20220120 16:04:31.152"/>
</kw>
<kw name="Disconnect All Devices Connected With Acroname" library="libraries.acroname_hub.device.Device">
<msg timestamp="20220120 16:04:39.210" level="INFO">1752629528
1752629528
1752629528
1752629528
1752629528
1752629528
1752629528
1752629528</msg>
<status status="PASS" starttime="20220120 16:04:31.153" endtime="20220120 16:04:39.210"/>
</kw>
<kw name="Initialize Suite">
<doc>Set global variables of json data and device connection type.</doc>
<kw name="Get App Version" library="libraries.utilities.utils">
<var>${app_version}</var>
<msg timestamp="20220120 16:04:39.225" level="INFO">${app_version} = staging_2022.2.8659_Windows</msg>
<status status="PASS" starttime="20220120 16:04:39.213" endtime="20220120 16:04:39.225"/>
</kw>
<kw name="Get Os Type" library="libraries.utilities.utils">
<var>${os_type}</var>
<msg timestamp="20220120 16:04:39.227" level="INFO">${os_type} = Windows</msg>
<status status="PASS" starttime="20220120 16:04:39.226" endtime="20220120 16:04:39.227"/>
</kw>
<kw name="Get Platform Details" library="libraries.utilities.utils">
<var>${os_version}</var>
<msg timestamp="20220120 16:04:39.228" level="INFO">${os_version} = Windows-10-10.0.19041-SP0</msg>
<status status="PASS" starttime="20220120 16:04:39.228" endtime="20220120 16:04:39.228"/>
</kw>
<kw name="os.Verify And Set Is Windows As Global Variable" library="operating_system">
<kw name="Is Windows" library="libraries.utilities.system_volume.system_audio">
<var>${status}</var>
<msg timestamp="20220120 16:04:39.231" level="INFO">${status} = True</msg>
<status status="PASS" starttime="20220120 16:04:39.231" endtime="20220120 16:04:39.231"/>
</kw>
<kw name="Set Global Variable" library="BuiltIn">
<arg>${is_windows}</arg>
<arg>${status}</arg>
<doc>Makes a variable available globally in all tests and suites.</doc>
<msg timestamp="20220120 16:04:39.253" level="INFO">${is_windows} = True</msg>
<status status="PASS" starttime="20220120 16:04:39.231" endtime="20220120 16:04:39.254"/>
</kw>
<status status="PASS" starttime="20220120 16:04:39.229" endtime="20220120 16:04:39.254"/>
</kw>
<kw name="Set Suite Documentation" library="BuiltIn">
<arg>Build Under Test: ${app_version}</arg>
<doc>Sets documentation for the current test suite.</doc>
<msg timestamp="20220120 16:04:39.255" level="INFO">Set suite documentation to:
Build Under Test: staging_2022.2.8659_Windows</msg>
<status status="PASS" starttime="20220120 16:04:39.254" endtime="20220120 16:04:39.255"/>
</kw>
<kw name="json.Get Json Data" library="json_data_handler">
<var>${json_data}</var>
<arg>${json_data_file}</arg>
<kw name="Get Json Data" library="libraries.json_data_handler">
<var>${json_data}</var>
<arg>${json_data_file}</arg>
<doc>The get_json_data function is used to read json file and create object for it
:return: json object of the json file</doc>
<msg timestamp="20220120 16:04:39.258" level="INFO">${json_data} = {'connection_type': 'Acroname', 'devices': [{'name': 'POWERPLAY', 'hub': 1752629528, 'portNumber': 0, 'connection_type': 'wired', 'features': {'device_settings': ['ui', 'sys'], 'lightsync': ['ui', 'sy...</msg>
<status status="PASS" starttime="20220120 16:04:39.256" endtime="20220120 16:04:39.258"/>
</kw>
<msg timestamp="20220120 16:04:39.258" level="INFO">${json_data} = {'connection_type': 'Acroname', 'devices': [{'name': 'POWERPLAY', 'hub': 1752629528, 'portNumber': 0, 'connection_type': 'wired', 'features': {'device_settings': ['ui', 'sys'], 'lightsync': ['ui', 'sy...</msg>
<status status="PASS" starttime="20220120 16:04:39.256" endtime="20220120 16:04:39.259"/>
</kw>
<kw name="json.Get Connection Type" library="json_data_handler">
<var>${conn_type}</var>
<arg>${json_data}</arg>
<kw name="Get Connection Type" library="libraries.json_data_handler">
<var>${conn_type}</var>
<arg>${json_data}</arg>
<doc>The get_connection_type function is used to traverse json object and get connection type
:param json_data:json object of the json file
:return: type of connection present</doc>
<msg timestamp="20220120 16:04:39.260" level="INFO">${conn_type} = Acroname</msg>
<status status="PASS" starttime="20220120 16:04:39.260" endtime="20220120 16:04:39.260"/>
</kw>
<msg timestamp="20220120 16:04:39.260" level="INFO">${conn_type} = Acroname</msg>
<status status="PASS" starttime="20220120 16:04:39.259" endtime="20220120 16:04:39.260"/>
</kw>
<kw name="Set Global Variable" library="BuiltIn">
<arg>${device_connection_type}</arg>
<arg>${conn_type}</arg>
<doc>Makes a variable available globally in all tests and suites.</doc>
<msg timestamp="20220120 16:04:39.261" level="INFO">${device_connection_type} = Acroname</msg>
<status status="PASS" starttime="20220120 16:04:39.261" endtime="20220120 16:04:39.261"/>
</kw>
<kw name="Set Global Variable" library="BuiltIn">
<arg>${json_data}</arg>
<arg>${json_data}</arg>
<doc>Makes a variable available globally in all tests and suites.</doc>
<msg timestamp="20220120 16:04:39.262" level="INFO">${json_data} = {'connection_type': 'Acroname', 'devices': [{'name': 'POWERPLAY', 'hub': 1752629528, 'portNumber': 0, 'connection_type': 'wired', 'features': {'device_settings': ['ui', 'sys'], 'lightsync': ['ui', 'sy...</msg>
<status status="PASS" starttime="20220120 16:04:39.262" endtime="20220120 16:04:39.262"/>
</kw>
<kw name="Set Global Variable" library="BuiltIn">
<arg>${os_type}</arg>
<arg>${os_type}</arg>
<doc>Makes a variable available globally in all tests and suites.</doc>
<msg timestamp="20220120 16:04:39.264" level="INFO">${os_type} = Windows</msg>
<status status="PASS" starttime="20220120 16:04:39.264" endtime="20220120 16:04:39.264"/>
</kw>
<kw name="Set Global Variable" library="BuiltIn">
<arg>${os_version}</arg>
<arg>${os_version}</arg>
<doc>Makes a variable available globally in all tests and suites.</doc>
<msg timestamp="20220120 16:04:39.265" level="INFO">${os_version} = Windows-10-10.0.19041-SP0</msg>
<status status="PASS" starttime="20220120 16:04:39.265" endtime="20220120 16:04:39.265"/>
</kw>
<kw name="Set Variable" library="BuiltIn">
<var>${ignore_cloud_account_sync_issue}</var>
<arg>${True}</arg>
<doc>Returns the given values which can then be assigned to a variables.</doc>
<msg timestamp="20220120 16:04:39.266" level="INFO">${ignore_cloud_account_sync_issue} = True</msg>
<status status="PASS" starttime="20220120 16:04:39.266" endtime="20220120 16:04:39.266"/>
</kw>
<kw name="Run Keyword If" library="BuiltIn">
<arg>${clear_settings_reqd}</arg>
<arg>common.Clear App Settings And Start Fresh With Unlocking Persistent Profile</arg>
<arg>ELSE</arg>
<arg>profile.Unlock Persistent Profile In Global Configuration</arg>
<doc>Runs the given keyword with the given arguments, if ``condition`` is true.</doc>
<kw name="common.Clear App Settings And Start Fresh With Unlocking Persistent Profile" library="common_keywords_kragle">
<doc>Clear GHUB app Custom Settings And Launch The App With Default Settings With Unlocking Persistent Profile</doc>
<kw name="Log To Console" library="BuiltIn">
<arg>Clearing App Settings</arg>
<doc>Logs the given message to the console.</doc>
<status status="PASS" starttime="20220120 16:04:39.267" endtime="20220120 16:04:39.267"/>
</kw>
<kw name="Control Lghub" library="libraries.process.Application">
<status status="PASS" starttime="20220120 16:04:39.267" endtime="20220120 16:04:39.267"/>
</kw>
<kw name="common.Clear Settings" library="common_keywords_kragle">
<doc>Related to the process.robot</doc>
<kw name="Send Message" library="libraries.components.Websocket">
<arg>verb=REMOVE</arg>
<arg>path=/configuration</arg>
<arg>json={}</arg>
<doc>Asserts that a message is successfully sent to the Agent.</doc>
<msg timestamp="20220120 16:04:39.270" level="INFO">{'verb': 'REMOVE', 'path': '/configuration', 'payload': {}}</msg>
<status status="PASS" starttime="20220120 16:04:39.268" endtime="20220120 16:04:39.270"/>
</kw>
<kw name="Expect Message" library="libraries.components.Websocket">
<arg>verb=REMOVE</arg>
<arg>path=/configuration</arg>
<arg>timeout=60</arg>
<doc>Asserts that a message is successfully received from the Agent.</doc>
<status status="PASS" starttime="20220120 16:04:39.270" endtime="20220120 16:04:39.281"/>
</kw>
<status status="PASS" starttime="20220120 16:04:39.268" endtime="20220120 16:04:39.281"/>
</kw>
<kw name="Terminate Application" library="common_keywords_kragle">
<kw name="Control Lghub" library="libraries.process.Application">
<status status="PASS" starttime="20220120 16:04:39.281" endtime="20220120 16:04:39.282"/>
</kw>
<kw name="Terminate All" library="libraries.process.Application">
<arg>skip_rack=True</arg>
<doc>Keyword to terminate all associated processes (including support applications such as VirtualHere).</doc>
<status status="PASS" starttime="20220120 16:04:39.283" endtime="20220120 16:04:45.391"/>
</kw>
<status status="PASS" starttime="20220120 16:04:39.281" endtime="20220120 16:04:45.392"/>
</kw>
<kw name="Sleep" library="BuiltIn">
<arg>10</arg>
<doc>Pauses the test executed for the given time.</doc>
<msg timestamp="20220120 16:04:55.396" level="INFO">Slept 10 seconds</msg>
<status status="PASS" starttime="20220120 16:04:45.393" endtime="20220120 16:04:55.396"/>
</kw>
<kw name="Launch Application" library="common_keywords_kragle">
<kw name="Control Lghub" library="libraries.process.Application">
<status status="PASS" starttime="20220120 16:04:55.399" endtime="20220120 16:04:55.400"/>
</kw>
<kw name="Launch All" library="libraries.process.Application">
<arg>skip_rack=True</arg>
<doc>Keyword to launch all associated processes (including support applications). Already running process are
not re-launched.</doc>
<status status="PASS" starttime="20220120 16:04:55.401" endtime="20220120 16:05:08.280"/>
</kw>
<status status="PASS" starttime="20220120 16:04:55.398" endtime="20220120 16:05:08.281"/>
</kw>
<kw name="Sleep" library="BuiltIn">
<arg>5</arg>
<doc>Pauses the test executed for the given time.</doc>
<msg timestamp="20220120 16:05:13.284" level="INFO">Slept 5 seconds</msg>
<status status="PASS" starttime="20220120 16:05:08.283" endtime="20220120 16:05:13.284"/>
</kw>
<kw name="Check All" library="libraries.process.Application">
<doc>Keyword to check all associated processes for an error state.</doc>
<status status="PASS" starttime="20220120 16:05:13.286" endtime="20220120 16:05:18.561"/>
</kw>
<kw name="common.Does GHUB Loaded" library="common_keywords_kragle">
<doc>If home screen is not loaded or back button is not present or onboarding screen is not appeared means GHUB is loading</doc>
<for flavor="IN RANGE">
<var>${INDEX}</var>
<value>0</value>
<value>10</value>
<iter>
<var name="${INDEX}">0</var>
<kw name="Run Keyword And Return Status" library="BuiltIn">
<var>${application_error}</var>
<arg>common.Does Application Encountered A Critical Problem</arg>
<doc>Runs the given keyword with given arguments and returns the status as a Boolean value.</doc>
<kw name="common.Does Application Encountered A Critical Problem" library="common_keywords_kragle">
<kw name="Expect Element" library="libraries.components.React">
<arg>selector=${common_keywords_application_error}</arg>
<doc>Asserts that an element is loaded in a timely manner.
Timeout can be specified by passing a wait_timeout in seconds.</doc>
<msg timestamp="20220120 16:05:23.626" level="FAIL">Failure: Selector "//div[text()='The application encountered a critical problem. Press OK to reload.']" is Not Loaded</msg>
<status status="FAIL" starttime="20220120 16:05:18.564" endtime="20220120 16:05:23.626"/>
</kw>
<status status="FAIL" starttime="20220120 16:05:18.564" endtime="20220120 16:05:23.626"/>
</kw>
<msg timestamp="20220120 16:05:23.626" level="INFO">${application_error} = False</msg>
<status status="PASS" starttime="20220120 16:05:18.563" endtime="20220120 16:05:23.626"/>
</kw>
<if>
<branch type="IF" condition="${application_error} is ${True} or '${INDEX}'=='9'">
<kw name="LOG WARNING" library="logging">
<arg>Application error arrived, restarting GHUB...</arg>
<doc>Log a warning in the report.
This should be used to signify an retry of action/validation that may NOT result in failure.</doc>
<status status="NOT RUN" starttime="20220120 16:05:23.627" endtime="20220120 16:05:23.628"/>
</kw>
<kw name="Terminate Application" library="common_keywords_kragle">
<status status="NOT RUN" starttime="20220120 16:05:23.628" endtime="20220120 16:05:23.628"/>
</kw>
<kw name="Sleep" library="BuiltIn">
<arg>10</arg>
<doc>Pauses the test executed for the given time.</doc>
<status status="NOT RUN" starttime="20220120 16:05:23.629" endtime="20220120 16:05:23.629"/>
</kw>
<kw name="Launch Application" library="common_keywords_kragle">
<status status="NOT RUN" starttime="20220120 16:05:23.629" endtime="20220120 16:05:23.629"/>
</kw>
<kw name="Sleep" library="BuiltIn">
<arg>5</arg>
<doc>Pauses the test executed for the given time.</doc>
<status status="NOT RUN" starttime="20220120 16:05:23.630" endtime="20220120 16:05:23.631"/>
</kw>
<kw name="Check All" library="libraries.process.Application">
<doc>Keyword to check all associated processes for an error state.</doc>
<status status="NOT RUN" starttime="20220120 16:05:23.631" endtime="20220120 16:05:23.631"/>
</kw>
<status status="NOT RUN" starttime="20220120 16:05:23.627" endtime="20220120 16:05:23.631"/>
</branch>
<status status="PASS" starttime="20220120 16:05:23.627" endtime="20220120 16:05:23.632"/>
</if>
<kw name="Run Keyword And Return Status" library="BuiltIn">
<var>${home_screen_loaded}</var>
<arg>Is Element Present</arg>
<arg>${common_keywords_kragle_home_view}</arg>
<arg>10</arg>
<doc>Runs the given keyword with given arguments and returns the status as a Boolean value.</doc>
<kw name="Is Element Present" library="common_keywords_kragle">
<arg>${common_keywords_kragle_home_view}</arg>
<arg>10</arg>
<doc>Validates if the given element is present on the screen.
If element is not found waits for default 15 sec and throws back the error
wait_timeout can be specified in case if it needs to be altered dynamically
Ex: Is Element Present | element_id | wait_timeout=10</doc>
<kw name="Split String" library="String">
<var>${words}</var>
<arg>${element}</arg>
<arg>::</arg>
<doc>Splits the ``string`` using ``separator`` as a delimiter string.</doc>
<msg timestamp="20220120 16:05:23.635" level="INFO">${words} = ['#home-view']</msg>
<status status="PASS" starttime="20220120 16:05:23.634" endtime="20220120 16:05:23.635"/>
</kw>
<kw name="Get Length" library="BuiltIn">
<var>${count}</var>
<arg>${words}</arg>
<doc>Returns and logs the length of the given item as an integer.</doc>
<msg timestamp="20220120 16:05:23.635" level="INFO">Length is 1</msg>
<msg timestamp="20220120 16:05:23.636" level="INFO">${count} = 1</msg>
<status status="PASS" starttime="20220120 16:05:23.635" endtime="20220120 16:05:23.636"/>
</kw>
<kw name="Run Keyword If" library="BuiltIn">
<arg>${count} &gt; 1</arg>
<arg>__Expect Element Based On Attribute__</arg>
<arg>${words}[0]</arg>
<arg>${words}[1]</arg>
<arg>${wait_timeout}</arg>
<arg>ELSE</arg>
<arg>Expect Element</arg>
<arg>selector=${words}[0]</arg>
<arg>wait_timeout=${wait_timeout}</arg>
<doc>Runs the given keyword with the given arguments, if ``condition`` is true.</doc>
<kw name="Expect Element" library="libraries.components.React">
<arg>selector=${words}[0]</arg>
<arg>wait_timeout=${wait_timeout}</arg>
<doc>Asserts that an element is loaded in a timely manner.
Timeout can be specified by passing a wait_timeout in seconds.</doc>
<msg timestamp="20220120 16:05:33.650" level="INFO">Failed to find element with selector: #home-view and attributes:{}</msg>
<msg timestamp="20220120 16:05:33.651" level="INFO" html="true">&lt;a href=screenshot-20220120-160533.png&gt;IMAGE_LINK&lt;/a&gt;
                &lt;img src=screenshot-20220120-160533.png style="padding-top: 5px; width: 100%;"/&gt;</msg>
<msg timestamp="20220120 16:05:33.768" level="INFO">Failed to find element with selector: #home-view</msg>
<msg timestamp="20220120 16:05:33.769" level="FAIL">Failure: Selector "#home-view" is Not Loaded</msg>
<status status="FAIL" starttime="20220120 16:05:23.637" endtime="20220120 16:05:33.769"/>
</kw>
<status status="FAIL" starttime="20220120 16:05:23.636" endtime="20220120 16:05:33.769"/>
</kw>
<status status="FAIL" starttime="20220120 16:05:23.633" endtime="20220120 16:05:33.770"/>
</kw>
<msg timestamp="20220120 16:05:33.770" level="INFO">${home_screen_loaded} = False</msg>
<status status="PASS" starttime="20220120 16:05:23.632" endtime="20220120 16:05:33.770"/>
</kw>
<kw name="Exit For Loop If" library="BuiltIn">
<arg>${home_screen_loaded} is ${True}</arg>
<doc>Stops executing the enclosing for loop if the ``condition`` is true.</doc>
<status status="PASS" starttime="20220120 16:05:33.770" endtime="20220120 16:05:33.771"/>
</kw>
<kw name="Run Keyword And Return Status" library="BuiltIn">
<var>${back_button_present}</var>
<arg>Expect Element</arg>
<arg>selector=${common_keywords_kragle_back_button}</arg>
<arg>wait_timeout=5</arg>
<doc>Runs the given keyword with given arguments and returns the status as a Boolean value.</doc>
<kw name="Expect Element" library="libraries.components.React">
<arg>selector=${common_keywords_kragle_back_button}</arg>
<arg>wait_timeout=5</arg>
<doc>Asserts that an element is loaded in a timely manner.
Timeout can be specified by passing a wait_timeout in seconds.</doc>
<msg timestamp="20220120 16:05:38.818" level="INFO">Failed to find element with selector: .back-button and attributes:{}</msg>
<msg timestamp="20220120 16:05:38.819" level="INFO" html="true">&lt;a href=screenshot-20220120-160538.png&gt;IMAGE_LINK&lt;/a&gt;
                &lt;img src=screenshot-20220120-160538.png style="padding-top: 5px; width: 100%;"/&gt;</msg>
<msg timestamp="20220120 16:05:38.940" level="INFO">Failed to find element with selector: .back-button</msg>
<msg timestamp="20220120 16:05:38.941" level="FAIL">Failure: Selector ".back-button" is Not Loaded</msg>
<status status="FAIL" starttime="20220120 16:05:33.773" endtime="20220120 16:05:38.941"/>
</kw>
<msg timestamp="20220120 16:05:38.941" level="INFO">${back_button_present} = False</msg>
<status status="PASS" starttime="20220120 16:05:33.772" endtime="20220120 16:05:38.941"/>
</kw>
<kw name="Exit For Loop If" library="BuiltIn">
<arg>${back_button_present} is ${True}</arg>
<doc>Stops executing the enclosing for loop if the ``condition`` is true.</doc>
<status status="PASS" starttime="20220120 16:05:38.942" endtime="20220120 16:05:38.942"/>
</kw>
<kw name="Run Keyword And Return Status" library="BuiltIn">
<var>${first_time_setup}</var>
<arg>ghub_onboarding.Is Welcome To GHUB Window Present</arg>
<doc>Runs the given keyword with given arguments and returns the status as a Boolean value.</doc>
<kw name="ghub_onboarding.Is Welcome To GHUB Window Present" library="ghub_onboarding_flow_screen">
<kw name="Expect Element" library="libraries.components.React">
<arg>${ghub_onboarding_welcome_to_ghub}</arg>
<doc>Asserts that an element is loaded in a timely manner.
Timeout can be specified by passing a wait_timeout in seconds.</doc>
<status status="PASS" starttime="20220120 16:05:38.944" endtime="20220120 16:05:38.954"/>
</kw>
<status status="PASS" starttime="20220120 16:05:38.943" endtime="20220120 16:05:38.955"/>
</kw>
<msg timestamp="20220120 16:05:38.955" level="INFO">${first_time_setup} = True</msg>
<status status="PASS" starttime="20220120 16:05:38.943" endtime="20220120 16:05:38.955"/>
</kw>
<kw name="Run Keyword And Return Status" library="BuiltIn">
<var>${onboarding_screen}</var>
<arg>Is Element Present</arg>
<arg>${common_keywords_make_my_experince_better_radio_button}</arg>
<arg>5</arg>
<doc>Runs the given keyword with given arguments and returns the status as a Boolean value.</doc>
<kw name="Is Element Present" library="common_keywords_kragle">
<arg>${common_keywords_make_my_experince_better_radio_button}</arg>
<arg>5</arg>
<doc>Validates if the given element is present on the screen.
If element is not found waits for default 15 sec and throws back the error
wait_timeout can be specified in case if it needs to be altered dynamically
Ex: Is Element Present | element_id | wait_timeout=10</doc>
<kw name="Split String" library="String">
<var>${words}</var>
<arg>${element}</arg>
<arg>::</arg>
<doc>Splits the ``string`` using ``separator`` as a delimiter string.</doc>
<msg timestamp="20220120 16:05:38.957" level="INFO">${words} = ['#logging-opt-in.dot']</msg>
<status status="PASS" starttime="20220120 16:05:38.957" endtime="20220120 16:05:38.957"/>
</kw>
<kw name="Get Length" library="BuiltIn">
<var>${count}</var>
<arg>${words}</arg>
<doc>Returns and logs the length of the given item as an integer.</doc>
<msg timestamp="20220120 16:05:38.957" level="INFO">Length is 1</msg>
<msg timestamp="20220120 16:05:38.957" level="INFO">${count} = 1</msg>
<status status="PASS" starttime="20220120 16:05:38.957" endtime="20220120 16:05:38.957"/>
</kw>
<kw name="Run Keyword If" library="BuiltIn">
<arg>${count} &gt; 1</arg>
<arg>__Expect Element Based On Attribute__</arg>
<arg>${words}[0]</arg>
<arg>${words}[1]</arg>
<arg>${wait_timeout}</arg>
<arg>ELSE</arg>
<arg>Expect Element</arg>
<arg>selector=${words}[0]</arg>
<arg>wait_timeout=${wait_timeout}</arg>
<doc>Runs the given keyword with the given arguments, if ``condition`` is true.</doc>
<kw name="Expect Element" library="libraries.components.React">
<arg>selector=${words}[0]</arg>
<arg>wait_timeout=${wait_timeout}</arg>
<doc>Asserts that an element is loaded in a timely manner.
Timeout can be specified by passing a wait_timeout in seconds.</doc>
<msg timestamp="20220120 16:05:43.964" level="INFO">Failed to find element with selector: #logging-opt-in.dot and attributes:{}</msg>
<msg timestamp="20220120 16:05:43.966" level="INFO" html="true">&lt;a href=screenshot-20220120-160543.png&gt;IMAGE_LINK&lt;/a&gt;
                &lt;img src=screenshot-20220120-160543.png style="padding-top: 5px; width: 100%;"/&gt;</msg>
<msg timestamp="20220120 16:05:44.105" level="INFO">Failed to find element with selector: #logging-opt-in.dot</msg>
<msg timestamp="20220120 16:05:44.105" level="FAIL">Failure: Selector "#logging-opt-in.dot" is Not Loaded</msg>
<status status="FAIL" starttime="20220120 16:05:38.959" endtime="20220120 16:05:44.105"/>
</kw>
<status status="FAIL" starttime="20220120 16:05:38.959" endtime="20220120 16:05:44.106"/>
</kw>
<status status="FAIL" starttime="20220120 16:05:38.956" endtime="20220120 16:05:44.106"/>
</kw>
<msg timestamp="20220120 16:05:44.106" level="INFO">${onboarding_screen} = False</msg>
<status status="PASS" starttime="20220120 16:05:38.955" endtime="20220120 16:05:44.106"/>
</kw>
<kw name="Run Keyword If" library="BuiltIn">
<arg>${first_time_setup} is ${True} or ${onboarding_screen} is ${True}</arg>
<arg>ghub_onboarding.First Time Setup</arg>
<doc>Runs the given keyword with the given arguments, if ``condition`` is true.</doc>
<kw name="ghub_onboarding.First Time Setup" library="ghub_onboarding_flow_screen">
<doc>Related to the process</doc>
<kw name="Is Darwin" library="libraries.utilities.system_volume.system_audio">
<var>${os}</var>
<msg timestamp="20220120 16:05:44.109" level="INFO">${os} = False</msg>
<status status="PASS" starttime="20220120 16:05:44.109" endtime="20220120 16:05:44.109"/>
</kw>
<kw name="Send Message" library="libraries.components.Websocket">
<arg>verb=SET</arg>
<arg>path=/configuration</arg>
<arg>json={"onboardingShown": true, "migrationShown": true, "seenCoachMarks": ["coach-mark-panel-persistent-lock", "coach-mark-color-picker", "coach-mark-lighting-effect-selector", "coach-mark-lighting-effect-edit", "coach-mark-microphone-input-gain", "coach-mark-microphone-recording", "coach-mark-microphone-enable-blue-voice", "coach-mark-lighting-effect-editor-timeline", "coach-mark-lighting-effect-editor-frame-selection", "coach-mark-microphone-advanced-settings", "coach-mark-microphone-select-preset"]}</arg>
<doc>Asserts that a message is successfully sent to the Agent.</doc>
<msg timestamp="20220120 16:05:44.110" level="INFO">{'verb': 'SET', 'path': '/configuration', 'payload': {'onboardingShown': True, 'migrationShown': True, 'seenCoachMarks': ['coach-mark-panel-persistent-lock', 'coach-mark-color-picker', 'coach-mark-lighting-effect-selector', 'coach-mark-lighting-effect-edit', 'coach-mark-microphone-input-gain', 'coach-mark-microphone-recording', 'coach-mark-microphone-enable-blue-voice', 'coach-mark-lighting-effect-editor-timeline', 'coach-mark-lighting-effect-editor-frame-selection', 'coach-mark-microphone-advanced-settings', 'coach-mark-microphone-select-preset']}}</msg>
<status status="PASS" starttime="20220120 16:05:44.109" endtime="20220120 16:05:44.110"/>
</kw>
<kw name="Run Keyword And Return Status" library="BuiltIn">
<var>${backend_response}</var>
<arg>Expect Message</arg>
<arg>verb=SET</arg>
<arg>path=/configuration</arg>
<arg>timeout=120</arg>
<doc>Runs the given keyword with given arguments and returns the status as a Boolean value.</doc>
<kw name="Expect Message" library="libraries.components.Websocket">
<arg>verb=SET</arg>
<arg>path=/configuration</arg>
<arg>timeout=120</arg>
<doc>Asserts that a message is successfully received from the Agent.</doc>
<status status="PASS" starttime="20220120 16:05:44.112" endtime="20220120 16:05:44.124"/>
</kw>
<msg timestamp="20220120 16:05:44.124" level="INFO">${backend_response} = True</msg>
<status status="PASS" starttime="20220120 16:05:44.111" endtime="20220120 16:05:44.124"/>
</kw>
<kw name="Run Keyword If" library="BuiltIn">
<arg>${backend_response} is ${False}</arg>
<arg>LOG WARNING</arg>
<arg>Backend Response Failed For Onboarding Screen Request</arg>
<doc>Runs the given keyword with the given arguments, if ``condition`` is true.</doc>
<status status="PASS" starttime="20220120 16:05:44.124" endtime="20220120 16:05:44.125"/>
</kw>
<kw name="Reload Frontend" library="libraries.process.Frontend">
<status status="PASS" starttime="20220120 16:05:44.125" endtime="20220120 16:05:44.178"/>
</kw>
<kw name="Sleep" library="BuiltIn">
<arg>5</arg>
<doc>Pauses the test executed for the given time.</doc>
<msg timestamp="20220120 16:05:49.181" level="INFO">Slept 5 seconds</msg>
<status status="PASS" starttime="20220120 16:05:44.179" endtime="20220120 16:05:49.181"/>
</kw>
<kw name="ghub_onboarding.Dismiss Welcome To GHUB Window" library="ghub_onboarding_flow_screen">
<kw name="Run Keyword And Return Status" library="BuiltIn">
<var>${welcome_window}</var>
<arg>ghub_onboarding.Is Welcome To GHUB Window Present</arg>
<doc>Runs the given keyword with given arguments and returns the status as a Boolean value.</doc>
<kw name="ghub_onboarding.Is Welcome To GHUB Window Present" library="ghub_onboarding_flow_screen">
<kw name="Expect Element" library="libraries.components.React">
<arg>${ghub_onboarding_welcome_to_ghub}</arg>
<doc>Asserts that an element is loaded in a timely manner.
Timeout can be specified by passing a wait_timeout in seconds.</doc>
<msg timestamp="20220120 16:05:54.225" level="FAIL">Failure: Selector "//strong[text()='Logitech G HUB']" is Not Loaded</msg>
<status status="FAIL" starttime="20220120 16:05:49.189" endtime="20220120 16:05:54.225"/>
</kw>
<status status="FAIL" starttime="20220120 16:05:49.187" endtime="20220120 16:05:54.226"/>
</kw>
<msg timestamp="20220120 16:05:54.226" level="INFO">${welcome_window} = False</msg>
<status status="PASS" starttime="20220120 16:05:49.185" endtime="20220120 16:05:54.227"/>
</kw>
<kw name="Run Keyword If" library="BuiltIn">
<arg>${welcome_window} is ${True}</arg>
<arg>common.Click On Right Scroll</arg>
<doc>Runs the given keyword with the given arguments, if ``condition`` is true.</doc>
<status status="PASS" starttime="20220120 16:05:54.229" endtime="20220120 16:05:54.230"/>
</kw>
<kw name="Run Keyword And Return Status" library="BuiltIn">
<var>${potential_window}</var>
<arg>ghub_onboarding.Is Unlock Potentials Window Present</arg>
<doc>Runs the given keyword with given arguments and returns the status as a Boolean value.</doc>
<kw name="ghub_onboarding.Is Unlock Potentials Window Present" library="ghub_onboarding_flow_screen">
<kw name="Expect Element" library="libraries.components.React">
<arg>${ghub_onboarding_unlock_potentials}</arg>
<doc>Asserts that an element is loaded in a timely manner.
Timeout can be specified by passing a wait_timeout in seconds.</doc>
<msg timestamp="20220120 16:05:59.301" level="FAIL">Failure: Selector "//h1[text()='Unlock your potential']" is Not Loaded</msg>
<status status="FAIL" starttime="20220120 16:05:54.235" endtime="20220120 16:05:59.301"/>
</kw>
<status status="FAIL" starttime="20220120 16:05:54.233" endtime="20220120 16:05:59.302"/>
</kw>
<msg timestamp="20220120 16:05:59.303" level="INFO">${potential_window} = False</msg>
<status status="PASS" starttime="20220120 16:05:54.231" endtime="20220120 16:05:59.303"/>
</kw>
<kw name="Run Keyword If" library="BuiltIn">
<arg>${potential_window} is ${True}</arg>
<arg>common.Click On Right Scroll</arg>
<doc>Runs the given keyword with the given arguments, if ``condition`` is true.</doc>
<status status="PASS" starttime="20220120 16:05:59.305" endtime="20220120 16:05:59.308"/>
</kw>
<kw name="Run Keyword And Return Status" library="BuiltIn">
<var>${launch_ghub}</var>
<arg>ghub_onboarding.Is Launch GHUB Button Present</arg>
<doc>Runs the given keyword with given arguments and returns the status as a Boolean value.</doc>
<kw name="ghub_onboarding.Is Launch GHUB Button Present" library="ghub_onboarding_flow_screen">
<kw name="Expect Element" library="libraries.components.React">
<arg>${ghub_onboarding_launch_ghub}</arg>
<doc>Asserts that an element is loaded in a timely manner.
Timeout can be specified by passing a wait_timeout in seconds.</doc>
<msg timestamp="20220120 16:06:04.347" level="FAIL">Failure: Selector "//button[text()='LAUNCH G HUB']" is Not Loaded</msg>
<status status="FAIL" starttime="20220120 16:05:59.311" endtime="20220120 16:06:04.347"/>
</kw>
<status status="FAIL" starttime="20220120 16:05:59.311" endtime="20220120 16:06:04.347"/>
</kw>
<msg timestamp="20220120 16:06:04.348" level="INFO">${launch_ghub} = False</msg>
<status status="PASS" starttime="20220120 16:05:59.309" endtime="20220120 16:06:04.348"/>
</kw>
<kw name="Run Keyword If" library="BuiltIn">
<arg>${launch_ghub} is ${True}</arg>
<arg>ghub_onboarding.Click on Launch GHUB Button</arg>
<doc>Runs the given keyword with the given arguments, if ``condition`` is true.</doc>
<status status="PASS" starttime="20220120 16:06:04.349" endtime="20220120 16:06:04.349"/>
</kw>
<status status="PASS" starttime="20220120 16:05:49.184" endtime="20220120 16:06:04.350"/>
</kw>
<kw name="Run Keyword And Return Status" library="BuiltIn">
<var>${status}</var>
<arg>ghub_onboarding.Dismiss G HUB Analytics and Error Logging</arg>
<doc>Runs the given keyword with given arguments and returns the status as a Boolean value.</doc>
<kw name="ghub_onboarding.Dismiss G HUB Analytics and Error Logging" library="ghub_onboarding_flow_screen">
<kw name="Click" library="libraries.components.React">
<arg>selector=${ghub_onboarding_make_my_experince_better_radio_button}</arg>
<arg>wait_timeout=1</arg>
<doc>Asserts that an element successfully receives a click event.</doc>
<status status="PASS" starttime="20220120 16:06:04.352" endtime="20220120 16:06:04.923"/>
</kw>
<kw name="Click" library="libraries.components.React">
<arg>selector=${ghub_onboarding_share_my_usage_data_checkbox}</arg>
<arg>wait_timeout=1</arg>
<doc>Asserts that an element successfully receives a click event.</doc>
<status status="PASS" starttime="20220120 16:06:04.924" endtime="20220120 16:06:05.504"/>
</kw>
<kw name="Click" library="libraries.components.React">
<arg>selector=${ghub_onboarding_send_error_logs_checkbox}</arg>
<arg>wait_timeout=1</arg>
<doc>Asserts that an element successfully receives a click event.</doc>
<status status="PASS" starttime="20220120 16:06:05.506" endtime="20220120 16:06:06.088"/>
</kw>
<kw name="Click" library="libraries.components.React">
<arg>selector=${ghub_onboarding_help_improve_ghub_button}</arg>
<arg>wait_timeout=1</arg>
<doc>Asserts that an element successfully receives a click event.</doc>
<status status="PASS" starttime="20220120 16:06:06.090" endtime="20220120 16:06:06.687"/>
</kw>
<status status="PASS" starttime="20220120 16:06:04.352" endtime="20220120 16:06:06.687"/>
</kw>
<msg timestamp="20220120 16:06:06.687" level="INFO">${status} = True</msg>
<status status="PASS" starttime="20220120 16:06:04.350" endtime="20220120 16:06:06.687"/>
</kw>
<if>
<branch type="IF" condition="${status} is ${False}">
<kw name="Terminate All" library="libraries.process.Application">
<arg>skip_rack=True</arg>
<doc>Keyword to terminate all associated processes (including support applications such as VirtualHere).</doc>
<status status="NOT RUN" starttime="20220120 16:06:06.689" endtime="20220120 16:06:06.689"/>
</kw>
<kw name="Sleep" library="BuiltIn">
<arg>8</arg>
<doc>Pauses the test executed for the given time.</doc>
<status status="NOT RUN" starttime="20220120 16:06:06.690" endtime="20220120 16:06:06.690"/>
</kw>
<kw name="Launch All" library="libraries.process.Application">
<arg>skip_rack=True</arg>
<doc>Keyword to launch all associated processes (including support applications). Already running process are
not re-launched.</doc>
<status status="NOT RUN" starttime="20220120 16:06:06.691" endtime="20220120 16:06:06.691"/>
</kw>
<kw name="Sleep" library="BuiltIn">
<arg>8</arg>
<doc>Pauses the test executed for the given time.</doc>
<status status="NOT RUN" starttime="20220120 16:06:06.692" endtime="20220120 16:06:06.692"/>
</kw>
<kw name="ghub_onboarding.Dismiss Welcome To GHUB Window" library="ghub_onboarding_flow_screen">
<status status="NOT RUN" starttime="20220120 16:06:06.693" endtime="20220120 16:06:06.693"/>
</kw>
<kw name="Run Keyword And Ignore Error" library="BuiltIn">
<arg>ghub_onboarding.Dismiss G HUB Analytics and Error Logging</arg>
<doc>Runs the given keyword with the given arguments and ignores possible error.</doc>
<status status="NOT RUN" starttime="20220120 16:06:06.693" endtime="20220120 16:06:06.693"/>
</kw>
<status status="NOT RUN" starttime="20220120 16:06:06.688" endtime="20220120 16:06:06.694"/>
</branch>
<status status="PASS" starttime="20220120 16:06:06.688" endtime="20220120 16:06:06.694"/>
</if>
<kw name="Run Keyword And Ignore Error" library="BuiltIn">
<arg>ghub_onboarding.Dismiss G HUB Analytics and Error Logging</arg>
<doc>Runs the given keyword with the given arguments and ignores possible error.</doc>
<kw name="ghub_onboarding.Dismiss G HUB Analytics and Error Logging" library="ghub_onboarding_flow_screen">
<kw name="Click" library="libraries.components.React">
<arg>selector=${ghub_onboarding_make_my_experince_better_radio_button}</arg>
<arg>wait_timeout=1</arg>
<doc>Asserts that an element successfully receives a click event.</doc>
<status status="PASS" starttime="20220120 16:06:06.697" endtime="20220120 16:06:07.228"/>
</kw>
<kw name="Click" library="libraries.components.React">
<arg>selector=${ghub_onboarding_share_my_usage_data_checkbox}</arg>
<arg>wait_timeout=1</arg>
<doc>Asserts that an element successfully receives a click event.</doc>
<msg timestamp="20220120 16:06:08.294" level="INFO">Failed to find element with selector: #logging-share-usage-data.logging-checkbox-label and attributes:{}</msg>
<msg timestamp="20220120 16:06:08.296" level="INFO" html="true">&lt;a href=screenshot-20220120-160608.png&gt;IMAGE_LINK&lt;/a&gt;
                &lt;img src=screenshot-20220120-160608.png style="padding-top: 5px; width: 100%;"/&gt;</msg>
<msg timestamp="20220120 16:06:08.484" level="INFO">Failed to find element with selector: #logging-share-usage-data.logging-checkbox-label</msg>
<msg timestamp="20220120 16:06:08.485" level="FAIL">Failure: Selector "#logging-share-usage-data.logging-checkbox-label" is Not Loaded</msg>
<status status="FAIL" starttime="20220120 16:06:07.230" endtime="20220120 16:06:08.485"/>
</kw>
<kw name="Click" library="libraries.components.React">
<arg>selector=${ghub_onboarding_send_error_logs_checkbox}</arg>
<arg>wait_timeout=1</arg>
<doc>Asserts that an element successfully receives a click event.</doc>
<status status="NOT RUN" starttime="20220120 16:06:08.486" endtime="20220120 16:06:08.486"/>
</kw>
<kw name="Click" library="libraries.components.React">
<arg>selector=${ghub_onboarding_help_improve_ghub_button}</arg>
<arg>wait_timeout=1</arg>
<doc>Asserts that an element successfully receives a click event.</doc>
<status status="NOT RUN" starttime="20220120 16:06:08.486" endtime="20220120 16:06:08.486"/>
</kw>
<status status="FAIL" starttime="20220120 16:06:06.695" endtime="20220120 16:06:08.486"/>
</kw>
<status status="PASS" starttime="20220120 16:06:06.694" endtime="20220120 16:06:08.486"/>
</kw>
<kw name="Run Keyword And Ignore Error" library="BuiltIn">
<arg>home.Skip Device Introduction</arg>
<doc>Runs the given keyword with the given arguments and ignores possible error.</doc>
<kw name="home.Skip Device Introduction" library="home_screen">
<doc>Skip new device introduction</doc>
<kw name="Run Keyword And Ignore Error" library="BuiltIn">
<arg>Click</arg>
<arg>selector=${home_skip_button}</arg>
<arg>wait_timeout=2</arg>
<doc>Runs the given keyword with the given arguments and ignores possible error.</doc>
<kw name="Click" library="libraries.components.React">
<arg>selector=${home_skip_button}</arg>
<arg>wait_timeout=2</arg>
<doc>Asserts that an element successfully receives a click event.</doc>
<msg timestamp="20220120 16:06:10.549" level="INFO">Failed to find element with selector: .splash-screen-skip-button and attributes:{}</msg>
<msg timestamp="20220120 16:06:10.550" level="INFO" html="true">&lt;a href=screenshot-20220120-160610.png&gt;IMAGE_LINK&lt;/a&gt;
                &lt;img src=screenshot-20220120-160610.png style="padding-top: 5px; width: 100%;"/&gt;</msg>
<msg timestamp="20220120 16:06:10.726" level="INFO">Failed to find element with selector: .splash-screen-skip-button</msg>
<msg timestamp="20220120 16:06:10.727" level="FAIL">Failure: Selector ".splash-screen-skip-button" is Not Loaded</msg>
<status status="FAIL" starttime="20220120 16:06:08.489" endtime="20220120 16:06:10.727"/>
</kw>
<status status="PASS" starttime="20220120 16:06:08.489" endtime="20220120 16:06:10.727"/>
</kw>
<status status="PASS" starttime="20220120 16:06:08.487" endtime="20220120 16:06:10.728"/>
</kw>
<status status="PASS" starttime="20220120 16:06:08.487" endtime="20220120 16:06:10.728"/>
</kw>
<kw name="Run Keyword And Ignore Error" library="BuiltIn">
<arg>ghub_onboarding.Dismiss New Version Prompt</arg>
<doc>Runs the given keyword with the given arguments and ignores possible error.</doc>
<kw name="ghub_onboarding.Dismiss New Version Prompt" library="ghub_onboarding_flow_screen">
<kw name="Click" library="libraries.components.React">
<arg>selector=${ghub_onboarding_got_it_button}</arg>
<arg>wait_timeout=3</arg>
<doc>Asserts that an element successfully receives a click event.</doc>
<msg timestamp="20220120 16:06:13.744" level="INFO">Failed to find element with selector: #got-it and attributes:{}</msg>
<msg timestamp="20220120 16:06:13.746" level="INFO" html="true">&lt;a href=screenshot-20220120-160613.png&gt;IMAGE_LINK&lt;/a&gt;
                &lt;img src=screenshot-20220120-160613.png style="padding-top: 5px; width: 100%;"/&gt;</msg>
<msg timestamp="20220120 16:06:13.926" level="INFO">Failed to find element with selector: #got-it</msg>
<msg timestamp="20220120 16:06:13.926" level="FAIL">Failure: Selector "#got-it" is Not Loaded</msg>
<status status="FAIL" starttime="20220120 16:06:10.730" endtime="20220120 16:06:13.926"/>
</kw>
<status status="FAIL" starttime="20220120 16:06:10.729" endtime="20220120 16:06:13.927"/>
</kw>
<status status="PASS" starttime="20220120 16:06:10.729" endtime="20220120 16:06:13.927"/>
</kw>
<kw name="Run Keyword And Ignore Error" library="BuiltIn">
<arg>ghub_onboarding.Dismiss Release Notes</arg>
<doc>Runs the given keyword with the given arguments and ignores possible error.</doc>
<kw name="ghub_onboarding.Dismiss Release Notes" library="ghub_onboarding_flow_screen">
<kw name="Click" library="libraries.components.React">
<arg>selector=${ghub_onboarding_cancel_button}</arg>
<arg>wait_timeout=3</arg>
<doc>Asserts that an element successfully receives a click event.</doc>
<msg timestamp="20220120 16:06:16.937" level="INFO">Failed to find element with selector: .overlay-cancel and attributes:{}</msg>
<msg timestamp="20220120 16:06:16.939" level="INFO" html="true">&lt;a href=screenshot-20220120-160616.png&gt;IMAGE_LINK&lt;/a&gt;
                &lt;img src=screenshot-20220120-160616.png style="padding-top: 5px; width: 100%;"/&gt;</msg>
<msg timestamp="20220120 16:06:17.122" level="INFO">Failed to find element with selector: .overlay-cancel</msg>
<msg timestamp="20220120 16:06:17.123" level="FAIL">Failure: Selector ".overlay-cancel" is Not Loaded</msg>
<status status="FAIL" starttime="20220120 16:06:13.929" endtime="20220120 16:06:17.123"/>
</kw>
<status status="FAIL" starttime="20220120 16:06:13.928" endtime="20220120 16:06:17.123"/>
</kw>
<status status="PASS" starttime="20220120 16:06:13.928" endtime="20220120 16:06:17.124"/>
</kw>
<status status="PASS" starttime="20220120 16:05:44.107" endtime="20220120 16:06:17.124"/>
</kw>
<status status="PASS" starttime="20220120 16:05:44.107" endtime="20220120 16:06:17.124"/>
</kw>
<status status="PASS" starttime="20220120 16:05:18.562" endtime="20220120 16:06:17.124"/>
</iter>
<iter>
<var name="${INDEX}">1</var>
<kw name="Run Keyword And Return Status" library="BuiltIn">
<var>${application_error}</var>
<arg>common.Does Application Encountered A Critical Problem</arg>
<doc>Runs the given keyword with given arguments and returns the status as a Boolean value.</doc>
<kw name="common.Does Application Encountered A Critical Problem" library="common_keywords_kragle">
<kw name="Expect Element" library="libraries.components.React">
<arg>selector=${common_keywords_application_error}</arg>
<doc>Asserts that an element is loaded in a timely manner.
Timeout can be specified by passing a wait_timeout in seconds.</doc>
<msg timestamp="20220120 16:06:22.191" level="FAIL">Failure: Selector "//div[text()='The application encountered a critical problem. Press OK to reload.']" is Not Loaded</msg>
<status status="FAIL" starttime="20220120 16:06:17.126" endtime="20220120 16:06:22.192"/>
</kw>
<status status="FAIL" starttime="20220120 16:06:17.126" endtime="20220120 16:06:22.192"/>
</kw>
<msg timestamp="20220120 16:06:22.193" level="INFO">${application_error} = False</msg>
<status status="PASS" starttime="20220120 16:06:17.125" endtime="20220120 16:06:22.193"/>
</kw>
<if>
<branch type="IF" condition="${application_error} is ${True} or '${INDEX}'=='9'">
<kw name="LOG WARNING" library="logging">
<arg>Application error arrived, restarting GHUB...</arg>
<doc>Log a warning in the report.
This should be used to signify an retry of action/validation that may NOT result in failure.</doc>
<status status="NOT RUN" starttime="20220120 16:06:22.195" endtime="20220120 16:06:22.195"/>
</kw>
<kw name="Terminate Application" library="common_keywords_kragle">
<status status="NOT RUN" starttime="20220120 16:06:22.197" endtime="20220120 16:06:22.197"/>
</kw>
<kw name="Sleep" library="BuiltIn">
<arg>10</arg>
<doc>Pauses the test executed for the given time.</doc>
<status status="NOT RUN" starttime="20220120 16:06:22.198" endtime="20220120 16:06:22.198"/>
</kw>
<kw name="Launch Application" library="common_keywords_kragle">
<status status="NOT RUN" starttime="20220120 16:06:22.199" endtime="20220120 16:06:22.199"/>
</kw>
<kw name="Sleep" library="BuiltIn">
<arg>5</arg>
<doc>Pauses the test executed for the given time.</doc>
<status status="NOT RUN" starttime="20220120 16:06:22.200" endtime="20220120 16:06:22.200"/>
</kw>
<kw name="Check All" library="libraries.process.Application">
<doc>Keyword to check all associated processes for an error state.</doc>
<status status="NOT RUN" starttime="20220120 16:06:22.203" endtime="20220120 16:06:22.203"/>
</kw>
<status status="NOT RUN" starttime="20220120 16:06:22.194" endtime="20220120 16:06:22.203"/>
</branch>
<status status="PASS" starttime="20220120 16:06:22.193" endtime="20220120 16:06:22.203"/>
</if>
<kw name="Run Keyword And Return Status" library="BuiltIn">
<var>${home_screen_loaded}</var>
<arg>Is Element Present</arg>
<arg>${common_keywords_kragle_home_view}</arg>
<arg>10</arg>
<doc>Runs the given keyword with given arguments and returns the status as a Boolean value.</doc>
<kw name="Is Element Present" library="common_keywords_kragle">
<arg>${common_keywords_kragle_home_view}</arg>
<arg>10</arg>
<doc>Validates if the given element is present on the screen.
If element is not found waits for default 15 sec and throws back the error
wait_timeout can be specified in case if it needs to be altered dynamically
Ex: Is Element Present | element_id | wait_timeout=10</doc>
<kw name="Split String" library="String">
<var>${words}</var>
<arg>${element}</arg>
<arg>::</arg>
<doc>Splits the ``string`` using ``separator`` as a delimiter string.</doc>
<msg timestamp="20220120 16:06:22.209" level="INFO">${words} = ['#home-view']</msg>
<status status="PASS" starttime="20220120 16:06:22.208" endtime="20220120 16:06:22.209"/>
</kw>
<kw name="Get Length" library="BuiltIn">
<var>${count}</var>
<arg>${words}</arg>
<doc>Returns and logs the length of the given item as an integer.</doc>
<msg timestamp="20220120 16:06:22.211" level="INFO">Length is 1</msg>
<msg timestamp="20220120 16:06:22.211" level="INFO">${count} = 1</msg>
<status status="PASS" starttime="20220120 16:06:22.210" endtime="20220120 16:06:22.211"/>
</kw>
<kw name="Run Keyword If" library="BuiltIn">
<arg>${count} &gt; 1</arg>
<arg>__Expect Element Based On Attribute__</arg>
<arg>${words}[0]</arg>
<arg>${words}[1]</arg>
<arg>${wait_timeout}</arg>
<arg>ELSE</arg>
<arg>Expect Element</arg>
<arg>selector=${words}[0]</arg>
<arg>wait_timeout=${wait_timeout}</arg>
<doc>Runs the given keyword with the given arguments, if ``condition`` is true.</doc>
<kw name="Expect Element" library="libraries.components.React">
<arg>selector=${words}[0]</arg>
<arg>wait_timeout=${wait_timeout}</arg>
<doc>Asserts that an element is loaded in a timely manner.
Timeout can be specified by passing a wait_timeout in seconds.</doc>
<status status="PASS" starttime="20220120 16:06:22.213" endtime="20220120 16:06:22.243"/>
</kw>
<status status="PASS" starttime="20220120 16:06:22.212" endtime="20220120 16:06:22.243"/>
</kw>
<status status="PASS" starttime="20220120 16:06:22.206" endtime="20220120 16:06:22.243"/>
</kw>
<msg timestamp="20220120 16:06:22.244" level="INFO">${home_screen_loaded} = True</msg>
<status status="PASS" starttime="20220120 16:06:22.204" endtime="20220120 16:06:22.244"/>
</kw>
<kw name="Exit For Loop If" library="BuiltIn">
<arg>${home_screen_loaded} is ${True}</arg>
<doc>Stops executing the enclosing for loop if the ``condition`` is true.</doc>
<msg timestamp="20220120 16:06:22.245" level="INFO">Exiting for loop altogether.</msg>
<status status="PASS" starttime="20220120 16:06:22.244" endtime="20220120 16:06:22.245"/>
</kw>
<status status="PASS" starttime="20220120 16:06:17.124" endtime="20220120 16:06:22.245"/>
</iter>
<status status="PASS" starttime="20220120 16:05:18.562" endtime="20220120 16:06:22.246"/>
</for>
<status status="PASS" starttime="20220120 16:05:18.562" endtime="20220120 16:06:22.246"/>
</kw>
<kw name="Run Keyword And Ignore Error" library="BuiltIn">
<arg>common.Set GHUB As Active Window</arg>
<doc>Runs the given keyword with the given arguments and ignores possible error.</doc>
<kw name="common.Set GHUB As Active Window" library="common_keywords_kragle">
<kw name="Is Darwin" library="libraries.utilities.system_volume.system_audio">
<var>${is_mac}</var>
<msg timestamp="20220120 16:06:22.249" level="INFO">${is_mac} = False</msg>
<status status="PASS" starttime="20220120 16:06:22.249" endtime="20220120 16:06:22.249"/>
</kw>
<if>
<branch type="IF" condition="${is_mac} is ${True}">
<kw name="Set Active Window" library="libraries.utilities.utils">
<arg>lghub</arg>
<arg>${maximized_screen}</arg>
<status status="NOT RUN" starttime="20220120 16:06:22.250" endtime="20220120 16:06:22.250"/>
</kw>
<status status="NOT RUN" starttime="20220120 16:06:22.249" endtime="20220120 16:06:22.250"/>
</branch>
<branch type="ELSE">
<kw name="Set Active Window" library="libraries.utilities.utils">
<arg>Logitech G HUB</arg>
<arg>${maximized_screen}</arg>
<status status="PASS" starttime="20220120 16:06:22.251" endtime="20220120 16:06:22.272"/>
</kw>
<status status="PASS" starttime="20220120 16:06:22.250" endtime="20220120 16:06:22.272"/>
</branch>
<status status="PASS" starttime="20220120 16:06:22.249" endtime="20220120 16:06:22.272"/>
</if>
<kw name="Sleep" library="BuiltIn">
<arg>2</arg>
<doc>Pauses the test executed for the given time.</doc>
<msg timestamp="20220120 16:06:24.273" level="INFO">Slept 2 seconds</msg>
<status status="PASS" starttime="20220120 16:06:22.273" endtime="20220120 16:06:24.273"/>
</kw>
<status status="PASS" starttime="20220120 16:06:22.248" endtime="20220120 16:06:24.274"/>
</kw>
<status status="PASS" starttime="20220120 16:06:22.247" endtime="20220120 16:06:24.274"/>
</kw>
<kw name="profile.Unlock Persistent Profile In Global Configuration" library="profile">
<kw name="Run Keyword And Ignore Error" library="BuiltIn">
<arg>common.set ghub as active window</arg>
<doc>Runs the given keyword with the given arguments and ignores possible error.</doc>
<kw name="common.Set GHUB As Active Window" library="common_keywords_kragle">
<kw name="Is Darwin" library="libraries.utilities.system_volume.system_audio">
<var>${is_mac}</var>
<msg timestamp="20220120 16:06:24.283" level="INFO">${is_mac} = False</msg>
<status status="PASS" starttime="20220120 16:06:24.281" endtime="20220120 16:06:24.283"/>
</kw>
<if>
<branch type="IF" condition="${is_mac} is ${True}">
<kw name="Set Active Window" library="libraries.utilities.utils">
<arg>lghub</arg>
<arg>${maximized_screen}</arg>
<status status="NOT RUN" starttime="20220120 16:06:24.284" endtime="20220120 16:06:24.284"/>
</kw>
<status status="NOT RUN" starttime="20220120 16:06:24.283" endtime="20220120 16:06:24.285"/>
</branch>
<branch type="ELSE">
<kw name="Set Active Window" library="libraries.utilities.utils">
<arg>Logitech G HUB</arg>
<arg>${maximized_screen}</arg>
<status status="PASS" starttime="20220120 16:06:24.286" endtime="20220120 16:06:24.291"/>
</kw>
<status status="PASS" starttime="20220120 16:06:24.285" endtime="20220120 16:06:24.292"/>
</branch>
<status status="PASS" starttime="20220120 16:06:24.283" endtime="20220120 16:06:24.292"/>
</if>
<kw name="Sleep" library="BuiltIn">
<arg>2</arg>
<doc>Pauses the test executed for the given time.</doc>
<msg timestamp="20220120 16:06:26.293" level="INFO">Slept 2 seconds</msg>
<status status="PASS" starttime="20220120 16:06:24.293" endtime="20220120 16:06:26.293"/>
</kw>
<status status="PASS" starttime="20220120 16:06:24.280" endtime="20220120 16:06:26.294"/>
</kw>
<status status="PASS" starttime="20220120 16:06:24.278" endtime="20220120 16:06:26.294"/>
</kw>
<kw name="Log To Console" library="BuiltIn">
<arg>Unlocking Persistent Profile...</arg>
<doc>Logs the given message to the console.</doc>
<status status="PASS" starttime="20220120 16:06:26.296" endtime="20220120 16:06:26.296"/>
</kw>
<kw name="home.Click On Settings" library="home_screen">
<kw name="Click UI" library="common_keywords_kragle">
<arg>${home_settings_icon}</arg>
<arg>4</arg>
<doc>Performs the click action on the given element,
If element is not found waits for default 15 sec and throws back the error
wait_timeout can be specified in case if it needs to be altered dynamically
Ex: Click UI | element_id | wait_timeout=10</doc>
<kw name="Split String" library="String">
<var>${words}</var>
<arg>${element}</arg>
<arg>::</arg>
<doc>Splits the ``string`` using ``separator`` as a delimiter string.</doc>
<msg timestamp="20220120 16:06:26.303" level="INFO">${words} = ['#setting-sprocket']</msg>
<status status="PASS" starttime="20220120 16:06:26.302" endtime="20220120 16:06:26.303"/>
</kw>
<kw name="Get Length" library="BuiltIn">
<var>${count}</var>
<arg>${words}</arg>
<doc>Returns and logs the length of the given item as an integer.</doc>
<msg timestamp="20220120 16:06:26.305" level="INFO">Length is 1</msg>
<msg timestamp="20220120 16:06:26.305" level="INFO">${count} = 1</msg>
<status status="PASS" starttime="20220120 16:06:26.304" endtime="20220120 16:06:26.305"/>
</kw>
<kw name="Run Keyword If" library="BuiltIn">
<arg>${count} &gt; 1</arg>
<arg>__Click UI Based On Attribute__</arg>
<arg>${words}[0]</arg>
<arg>${words}[1]</arg>
<arg>${wait_timeout}</arg>
<arg>ELSE</arg>
<arg>Click</arg>
<arg>selector=${words}[0]</arg>
<arg>wait_timeout=${wait_timeout}</arg>
<doc>Runs the given keyword with the given arguments, if ``condition`` is true.</doc>
<kw name="Click" library="libraries.components.React">
<arg>selector=${words}[0]</arg>
<arg>wait_timeout=${wait_timeout}</arg>
<doc>Asserts that an element successfully receives a click event.</doc>
<status status="PASS" starttime="20220120 16:06:26.307" endtime="20220120 16:06:26.931"/>
</kw>
<status status="PASS" starttime="20220120 16:06:26.306" endtime="20220120 16:06:26.931"/>
</kw>
<status status="PASS" starttime="20220120 16:06:26.300" endtime="20220120 16:06:26.931"/>
</kw>
<status status="PASS" starttime="20220120 16:06:26.299" endtime="20220120 16:06:26.931"/>
</kw>
<kw name="Run Keyword And Return Status" library="BuiltIn">
<var>${setting_page}</var>
<arg>global_settings.Is Setting Page Loaded</arg>
<doc>Runs the given keyword with given arguments and returns the status as a Boolean value.</doc>
<kw name="global_settings.Is Setting Page Loaded" library="global_settings_screen">
<kw name="Expect Element" library="libraries.components.React">
<arg>selector=${global_app_settings_page}</arg>
<arg>wait_timeout=5</arg>
<doc>Asserts that an element is loaded in a timely manner.
Timeout can be specified by passing a wait_timeout in seconds.</doc>
<status status="PASS" starttime="20220120 16:06:26.938" endtime="20220120 16:06:26.953"/>
</kw>
<status status="PASS" starttime="20220120 16:06:26.935" endtime="20220120 16:06:26.954"/>
</kw>
<msg timestamp="20220120 16:06:26.955" level="INFO">${setting_page} = True</msg>
<status status="PASS" starttime="20220120 16:06:26.933" endtime="20220120 16:06:26.955"/>
</kw>
<if>
<branch type="IF" condition="${setting_page}==False">
<kw name="common.Go Back To Home Screen" library="common_keywords_kragle">
<status status="NOT RUN" starttime="20220120 16:06:26.956" endtime="20220120 16:06:26.956"/>
</kw>
<kw name="home.Click On Settings" library="home_screen">
<status status="NOT RUN" starttime="20220120 16:06:26.956" endtime="20220120 16:06:26.956"/>
</kw>
<status status="NOT RUN" starttime="20220120 16:06:26.955" endtime="20220120 16:06:26.956"/>
</branch>
<status status="PASS" starttime="20220120 16:06:26.955" endtime="20220120 16:06:26.956"/>
</if>
<kw name="global_settings.Click On Persistent Profile Dropdown" library="global_settings_screen">
<kw name="Click" library="libraries.components.React">
<arg>${global_settings_persistent_profile_dropdown}</arg>
<doc>Asserts that an element successfully receives a click event.</doc>
<status status="PASS" starttime="20220120 16:06:26.958" endtime="20220120 16:06:27.527"/>
</kw>
<status status="PASS" starttime="20220120 16:06:26.956" endtime="20220120 16:06:27.527"/>
</kw>
<kw name="global_settings.Select None From Persistent Profile Dropdown" library="global_settings_screen">
<kw name="Click" library="libraries.components.React">
<arg>${global_settings_persistent_profile_none}</arg>
<doc>Asserts that an element successfully receives a click event.</doc>
<status status="PASS" starttime="20220120 16:06:27.529" endtime="20220120 16:06:28.081"/>
</kw>
<status status="PASS" starttime="20220120 16:06:27.528" endtime="20220120 16:06:28.081"/>
</kw>
<kw name="common.Click On Back" library="common_keywords_kragle">
<doc>Clicks on the Back Button</doc>
<kw name="Click" library="libraries.components.React">
<arg>selector=${common_keywords_kragle_back_button}</arg>
<arg>wait_timeout=1</arg>
<doc>Asserts that an element successfully receives a click event.</doc>
<status status="PASS" starttime="20220120 16:06:28.082" endtime="20220120 16:06:28.648"/>
</kw>
<status status="PASS" starttime="20220120 16:06:28.081" endtime="20220120 16:06:28.648"/>
</kw>
<kw name="Log To Console" library="BuiltIn">
<arg>Unlocked Persistent Profile</arg>
<doc>Logs the given message to the console.</doc>
<status status="PASS" starttime="20220120 16:06:28.649" endtime="20220120 16:06:28.649"/>
</kw>
<status status="PASS" starttime="20220120 16:06:24.276" endtime="20220120 16:06:28.650"/>
</kw>
<status status="PASS" starttime="20220120 16:04:39.267" endtime="20220120 16:06:28.650"/>
</kw>
<status status="PASS" starttime="20220120 16:04:39.266" endtime="20220120 16:06:28.650"/>
</kw>
<kw name="Run Keyword If" library="BuiltIn">
<arg>${is_login_reqd}</arg>
<arg>ghub.Login Cloud Account</arg>
<arg>${EMAIL}</arg>
<arg>${PASSWORD}</arg>
<arg>${ignore_cloud_account_sync_issue}</arg>
<doc>Runs the given keyword with the given arguments, if ``condition`` is true.</doc>
<status status="PASS" starttime="20220120 16:06:28.651" endtime="20220120 16:06:28.651"/>
</kw>
<status status="PASS" starttime="20220120 16:04:39.211" endtime="20220120 16:06:28.652"/>
</kw>
<status status="PASS" starttime="20220120 16:03:46.746" endtime="20220120 16:06:28.652"/>
</kw>
<test id="s1-t1" name="Test Application Specific Test Cases">
<kw name="Test App Features">
<arg>UI</arg>
<kw name="json.Get Application Specific Features To Test" library="json_data_handler">
<var>${features}</var>
<arg>${category}</arg>
<arg>${json_data}</arg>
<kw name="Get Application Specific Features To Test" library="libraries.json_data_handler">
<var>${features}</var>
<arg>${category}</arg>
<arg>${json_data}</arg>
<doc>The get_application_specific_features_to_test method is used to get features of provided device from the json data of json file.
@param category:
@param json_data: json object of the json file
@return: list of features depending on category (test case type)</doc>
<msg timestamp="20220120 16:06:28.656" level="INFO">${features} = []</msg>
<status status="PASS" starttime="20220120 16:06:28.656" endtime="20220120 16:06:28.656"/>
</kw>
<msg timestamp="20220120 16:06:28.657" level="INFO">${features} = []</msg>
<status status="PASS" starttime="20220120 16:06:28.655" endtime="20220120 16:06:28.657"/>
</kw>
<kw name="keyword.Get Application Specific Keywords To Execute For Features" library="keyword_handler">
<var>&amp;{keywords}</var>
<arg>${features}</arg>
<arg>${category}</arg>
<kw name="Get All Application Specific Keywords" library="libraries.keyword_handler">
<var>${all_keywords}</var>
<arg>${application}</arg>
<arg>${category}</arg>
<doc>The get_all_application_specific_keywords method is used to get all keywords from .robot files
from folder structure of a given application
@param application: Name of the application for eg. kragle / kiros etc.
@return: dictionary of keywords with respective tags</doc>
<msg timestamp="20220120 16:06:28.664" level="INFO">${all_keywords} = {'Test: Global Settings - Send Error Logs Process': 'global_settings', 'Test: Global Settings - Desktop Notifications': 'global_settings', 'Test: Global Settings - GHUB Manual Link Should Open In Defa...</msg>
<status status="PASS" starttime="20220120 16:06:28.659" endtime="20220120 16:06:28.664"/>
</kw>
<kw name="Get Application Specific Keywords By Features" library="libraries.keyword_handler">
<var>&amp;{keywords}</var>
<arg>${features}</arg>
<arg>${all_keywords}</arg>
<doc>The get_keywords_by_features method is used to get keywords with respective tags/features from all keywords.
@param features: list of tags/features
@param all_keywords: dictionary of all keywords with respective tags/features
@return: dictionary of keywords with respective features</doc>
<msg timestamp="20220120 16:06:28.666" level="INFO">&amp;{keywords} = { }</msg>
<status status="PASS" starttime="20220120 16:06:28.665" endtime="20220120 16:06:28.666"/>
</kw>
<msg timestamp="20220120 16:06:28.666" level="INFO">&amp;{keywords} = { }</msg>
<status status="PASS" starttime="20220120 16:06:28.658" endtime="20220120 16:06:28.666"/>
</kw>
<kw name="Run Application Keywords">
<arg>&amp;{keywords}</arg>
<for flavor="IN">
<var>${item}</var>
<value>&amp;{keywords}</value>
<status status="PASS" starttime="20220120 16:06:28.666" endtime="20220120 16:06:28.666"/>
</for>
<status status="PASS" starttime="20220120 16:06:28.666" endtime="20220120 16:06:28.666"/>
</kw>
<status status="PASS" starttime="20220120 16:06:28.653" endtime="20220120 16:06:28.667"/>
</kw>
<kw name="Test App Features">
<arg>SYS</arg>
<kw name="json.Get Application Specific Features To Test" library="json_data_handler">
<var>${features}</var>
<arg>${category}</arg>
<arg>${json_data}</arg>
<kw name="Get Application Specific Features To Test" library="libraries.json_data_handler">
<var>${features}</var>
<arg>${category}</arg>
<arg>${json_data}</arg>
<doc>The get_application_specific_features_to_test method is used to get features of provided device from the json data of json file.
@param category:
@param json_data: json object of the json file
@return: list of features depending on category (test case type)</doc>
<msg timestamp="20220120 16:06:28.670" level="INFO">${features} = []</msg>
<status status="PASS" starttime="20220120 16:06:28.668" endtime="20220120 16:06:28.670"/>
</kw>
<msg timestamp="20220120 16:06:28.670" level="INFO">${features} = []</msg>
<status status="PASS" starttime="20220120 16:06:28.668" endtime="20220120 16:06:28.670"/>
</kw>
<kw name="keyword.Get Application Specific Keywords To Execute For Features" library="keyword_handler">
<var>&amp;{keywords}</var>
<arg>${features}</arg>
<arg>${category}</arg>
<kw name="Get All Application Specific Keywords" library="libraries.keyword_handler">
<var>${all_keywords}</var>
<arg>${application}</arg>
<arg>${category}</arg>
<doc>The get_all_application_specific_keywords method is used to get all keywords from .robot files
from folder structure of a given application
@param application: Name of the application for eg. kragle / kiros etc.
@return: dictionary of keywords with respective tags</doc>
<msg timestamp="20220120 16:06:28.675" level="INFO">${all_keywords} = {}</msg>
<status status="PASS" starttime="20220120 16:06:28.672" endtime="20220120 16:06:28.675"/>
</kw>
<kw name="Get Application Specific Keywords By Features" library="libraries.keyword_handler">
<var>&amp;{keywords}</var>
<arg>${features}</arg>
<arg>${all_keywords}</arg>
<doc>The get_keywords_by_features method is used to get keywords with respective tags/features from all keywords.
@param features: list of tags/features
@param all_keywords: dictionary of all keywords with respective tags/features
@return: dictionary of keywords with respective features</doc>
<msg timestamp="20220120 16:06:28.676" level="INFO">&amp;{keywords} = { }</msg>
<status status="PASS" starttime="20220120 16:06:28.676" endtime="20220120 16:06:28.676"/>
</kw>
<msg timestamp="20220120 16:06:28.676" level="INFO">&amp;{keywords} = { }</msg>
<status status="PASS" starttime="20220120 16:06:28.671" endtime="20220120 16:06:28.676"/>
</kw>
<kw name="Run Application Keywords">
<arg>&amp;{keywords}</arg>
<for flavor="IN">
<var>${item}</var>
<value>&amp;{keywords}</value>
<status status="PASS" starttime="20220120 16:06:28.677" endtime="20220120 16:06:28.677"/>
</for>
<status status="PASS" starttime="20220120 16:06:28.676" endtime="20220120 16:06:28.677"/>
</kw>
<status status="PASS" starttime="20220120 16:06:28.667" endtime="20220120 16:06:28.677"/>
</kw>
<kw name="Test App Features">
<arg>ROBOT</arg>
<kw name="json.Get Application Specific Features To Test" library="json_data_handler">
<var>${features}</var>
<arg>${category}</arg>
<arg>${json_data}</arg>
<kw name="Get Application Specific Features To Test" library="libraries.json_data_handler">
<var>${features}</var>
<arg>${category}</arg>
<arg>${json_data}</arg>
<doc>The get_application_specific_features_to_test method is used to get features of provided device from the json data of json file.
@param category:
@param json_data: json object of the json file
@return: list of features depending on category (test case type)</doc>
<msg timestamp="20220120 16:06:28.679" level="INFO">${features} = []</msg>
<status status="PASS" starttime="20220120 16:06:28.679" endtime="20220120 16:06:28.679"/>
</kw>
<msg timestamp="20220120 16:06:28.679" level="INFO">${features} = []</msg>
<status status="PASS" starttime="20220120 16:06:28.678" endtime="20220120 16:06:28.680"/>
</kw>
<kw name="keyword.Get Application Specific Keywords To Execute For Features" library="keyword_handler">
<var>&amp;{keywords}</var>
<arg>${features}</arg>
<arg>${category}</arg>
<kw name="Get All Application Specific Keywords" library="libraries.keyword_handler">
<var>${all_keywords}</var>
<arg>${application}</arg>
<arg>${category}</arg>
<doc>The get_all_application_specific_keywords method is used to get all keywords from .robot files
from folder structure of a given application
@param application: Name of the application for eg. kragle / kiros etc.
@return: dictionary of keywords with respective tags</doc>
<msg timestamp="20220120 16:06:28.684" level="INFO">${all_keywords} = {}</msg>
<status status="PASS" starttime="20220120 16:06:28.681" endtime="20220120 16:06:28.684"/>
</kw>
<kw name="Get Application Specific Keywords By Features" library="libraries.keyword_handler">
<var>&amp;{keywords}</var>
<arg>${features}</arg>
<arg>${all_keywords}</arg>
<doc>The get_keywords_by_features method is used to get keywords with respective tags/features from all keywords.
@param features: list of tags/features
@param all_keywords: dictionary of all keywords with respective tags/features
@return: dictionary of keywords with respective features</doc>
<msg timestamp="20220120 16:06:28.685" level="INFO">&amp;{keywords} = { }</msg>
<status status="PASS" starttime="20220120 16:06:28.685" endtime="20220120 16:06:28.685"/>
</kw>
<msg timestamp="20220120 16:06:28.685" level="INFO">&amp;{keywords} = { }</msg>
<status status="PASS" starttime="20220120 16:06:28.680" endtime="20220120 16:06:28.685"/>
</kw>
<kw name="Run Application Keywords">
<arg>&amp;{keywords}</arg>
<for flavor="IN">
<var>${item}</var>
<value>&amp;{keywords}</value>
<status status="PASS" starttime="20220120 16:06:28.686" endtime="20220120 16:06:28.686"/>
</for>
<status status="PASS" starttime="20220120 16:06:28.686" endtime="20220120 16:06:28.686"/>
</kw>
<status status="PASS" starttime="20220120 16:06:28.677" endtime="20220120 16:06:28.686"/>
</kw>
<doc>It runs application specific test cases</doc>
<tag>Pre-setup: application_specific</tag>
<status status="PASS" starttime="20220120 16:06:28.652" endtime="20220120 16:06:28.686"/>
</test>
<test id="s1-t2" name="Test Device Specific Test Cases">
<kw name="json.Get Devices To Test With Connection Type" library="json_data_handler">
<var>@{devices}</var>
<arg>${json_data}</arg>
<kw name="Get Devices To Test With Connection Type" library="libraries.json_data_handler">
<var>@{devices}</var>
<arg>${json_data}</arg>
<doc>The get_devices_to_test_with_connection_type method is used to get all devices (to be tested)
with the connection_type appeneded in the device_name
@param json_data: json object of the json file
@return: list of device_name + connection_type (to be tested)</doc>
<msg timestamp="20220120 16:06:28.689" level="INFO">@{devices} = [ POWERPLAY:wired ]</msg>
<status status="PASS" starttime="20220120 16:06:28.689" endtime="20220120 16:06:28.689"/>
</kw>
<msg timestamp="20220120 16:06:28.689" level="INFO">@{devices} = [ POWERPLAY:wired ]</msg>
<status status="PASS" starttime="20220120 16:06:28.688" endtime="20220120 16:06:28.689"/>
</kw>
<for flavor="IN">
<var>${device_name}</var>
<value>@{devices}</value>
<iter>
<var name="${device_name}">POWERPLAY:wired</var>
<kw name="Test Device Features">
<arg>${device_name}</arg>
<arg>UI</arg>
<kw name="json.Get Data Of Device" library="json_data_handler">
<var>${device}</var>
<arg>${device_name}</arg>
<arg>${json_data}</arg>
<kw name="Get Data Of Device" library="libraries.json_data_handler">
<var>${device}</var>
<arg>${device_name}</arg>
<arg>${json_data}</arg>
[...]
<doc>Skips the current for loop iteration if the ``condition`` is true.</doc>
<status status="PASS" starttime="20220120 16:10:55.385" endtime="20220120 16:10:55.386"/>
</kw>
<kw name="lightsync.Change lightsync effect to" library="lightsync">
<arg>${effect}</arg>
<doc>Selects an effect from the dropdown and verifies its config options</doc>
<kw name="light_sync.Click On Effect Dropdown" library="light_sync_screen">
<kw name="Click" library="libraries.components.React">
<arg>selector=${light_sync_effect_dropdown}</arg>
<arg>wait_timeout=30</arg>
<doc>Asserts that an element successfully receives a click event.</doc>
<status status="PASS" starttime="20220120 16:10:55.388" endtime="20220120 16:10:55.935"/>
</kw>
<status status="PASS" starttime="20220120 16:10:55.388" endtime="20220120 16:10:55.936"/>
</kw>
<kw name="light_sync.Select Effect From Dropdown" library="light_sync_screen">
<arg>${effect}</arg>
<kw name="Click" library="libraries.components.React">
<arg>selector=${light_sync_effect_dropdown_item}</arg>
<arg>innerText=${effect}</arg>
<arg>wait_timeout=30</arg>
<doc>Asserts that an element successfully receives a click event.</doc>
<status status="PASS" starttime="20220120 16:10:55.941" endtime="20220120 16:10:56.571"/>
</kw>
<status status="PASS" starttime="20220120 16:10:55.938" endtime="20220120 16:10:56.572"/>
</kw>
<status status="PASS" starttime="20220120 16:10:55.386" endtime="20220120 16:10:56.572"/>
</kw>
<kw name="firmware.Verify lightsync effect" library="firmware">
<arg>${effect}</arg>
<arg>${device}</arg>
<doc>Verify the light sync effect set using cdevio</doc>
<kw name="Is Darwin" library="libraries.utilities.system_volume.system_audio">
<var>${is_mac}</var>
<msg timestamp="20220120 16:10:56.576" level="INFO">${is_mac} = False</msg>
<status status="PASS" starttime="20220120 16:10:56.576" endtime="20220120 16:10:56.576"/>
</kw>
<if>
<branch type="IF" condition="'${effect}' == 'OFF'">
<kw name="firmware.Expect Zone Lighting Effect" library="firmware">
<arg>${device['productId']}</arg>
<arg>primary</arg>
<arg>off</arg>
<arg>${device['displayName']}</arg>
<status status="NOT RUN" starttime="20220120 16:10:56.578" endtime="20220120 16:10:56.579"/>
</kw>
<status status="NOT RUN" starttime="20220120 16:10:56.577" endtime="20220120 16:10:56.579"/>
</branch>
<branch type="ELSE IF" condition="'${effect}' == 'FIXED'">
<kw name="firmware.Expect Zone Lighting Effect" library="firmware">
<arg>${device['productId']}</arg>
<arg>primary</arg>
<arg>fixed</arg>
<arg>${device['displayName']}</arg>
<status status="NOT RUN" starttime="20220120 16:10:56.581" endtime="20220120 16:10:56.581"/>
</kw>
<status status="NOT RUN" starttime="20220120 16:10:56.580" endtime="20220120 16:10:56.582"/>
</branch>
<branch type="ELSE IF" condition="'${effect}' == 'CYCLE'">
<kw name="firmware.Expect Zone Lighting Effect" library="firmware">
<arg>${device['productId']}</arg>
<arg>primary</arg>
<arg>cycle</arg>
<arg>${device['displayName']}</arg>
<status status="NOT RUN" starttime="20220120 16:10:56.583" endtime="20220120 16:10:56.584"/>
</kw>
<status status="NOT RUN" starttime="20220120 16:10:56.583" endtime="20220120 16:10:56.584"/>
</branch>
<branch type="ELSE IF" condition="'${effect}' == 'BREATHING'">
<kw name="firmware.Expect Zone Lighting Effect" library="firmware">
<arg>${device['pid']}</arg>
<arg>primary</arg>
<arg>breathing</arg>
<arg>${device['displayName']}</arg>
<status status="NOT RUN" starttime="20220120 16:10:56.586" endtime="20220120 16:10:56.586"/>
</kw>
<status status="NOT RUN" starttime="20220120 16:10:56.584" endtime="20220120 16:10:56.586"/>
</branch>
<branch type="ELSE IF" condition="'${effect}' == 'SCREEN SAMPLER'">
<kw name="Log To Console" library="BuiltIn">
<arg>Firmware based SCREEN SAMPLER effect verification to be implemnted</arg>
<doc>Logs the given message to the console.</doc>
<status status="PASS" starttime="20220120 16:10:56.587" endtime="20220120 16:10:56.588"/>
</kw>
<status status="PASS" starttime="20220120 16:10:56.586" endtime="20220120 16:10:56.588"/>
</branch>
<branch type="ELSE IF" condition="'${effect}' == 'AUDIO VISUALIZER' and ${is_mac} is ${False}">
<kw name="Log To Console" library="BuiltIn">
<arg>Firmware based AUDIO VISUALIZER effect verification to be implemnted</arg>
<doc>Logs the given message to the console.</doc>
<status status="NOT RUN" starttime="20220120 16:10:56.589" endtime="20220120 16:10:56.589"/>
</kw>
<status status="NOT RUN" starttime="20220120 16:10:56.588" endtime="20220120 16:10:56.590"/>
</branch>
<branch type="ELSE">
<kw name="LOG WARNING" library="logging">
<arg>${effect} verification not handled</arg>
<doc>Log a warning in the report.
This should be used to signify an retry of action/validation that may NOT result in failure.</doc>
<status status="NOT RUN" starttime="20220120 16:10:56.590" endtime="20220120 16:10:56.590"/>
</kw>
<status status="NOT RUN" starttime="20220120 16:10:56.590" endtime="20220120 16:10:56.591"/>
</branch>
<status status="PASS" starttime="20220120 16:10:56.577" endtime="20220120 16:10:56.591"/>
</if>
<status status="PASS" starttime="20220120 16:10:56.574" endtime="20220120 16:10:56.591"/>
</kw>
<status status="PASS" starttime="20220120 16:10:55.384" endtime="20220120 16:10:56.591"/>
</iter>
<iter>
<var name="${effect}">audio visualizer</var>
<kw name="Convert To Upper Case" library="String">
<var>${effect}</var>
<arg>${effect}</arg>
<doc>Converts string to upper case.</doc>
<msg timestamp="20220120 16:10:56.593" level="INFO">${effect} = AUDIO VISUALIZER</msg>
<status status="PASS" starttime="20220120 16:10:56.593" endtime="20220120 16:10:56.593"/>
</kw>
<kw name="Continue For Loop If" library="BuiltIn">
<arg>${is_mac} is ${True} and '${effect}'=='AUDIO VISUALIZER'</arg>
<doc>Skips the current for loop iteration if the ``condition`` is true.</doc>
<status status="PASS" starttime="20220120 16:10:56.594" endtime="20220120 16:10:56.595"/>
</kw>
<kw name="lightsync.Change lightsync effect to" library="lightsync">
<arg>${effect}</arg>
<doc>Selects an effect from the dropdown and verifies its config options</doc>
<kw name="light_sync.Click On Effect Dropdown" library="light_sync_screen">
<kw name="Click" library="libraries.components.React">
<arg>selector=${light_sync_effect_dropdown}</arg>
<arg>wait_timeout=30</arg>
<doc>Asserts that an element successfully receives a click event.</doc>
<status status="PASS" starttime="20220120 16:10:56.599" endtime="20220120 16:10:57.150"/>
</kw>
<status status="PASS" starttime="20220120 16:10:56.598" endtime="20220120 16:10:57.151"/>
</kw>
<kw name="light_sync.Select Effect From Dropdown" library="light_sync_screen">
<arg>${effect}</arg>
<kw name="Click" library="libraries.components.React">
<arg>selector=${light_sync_effect_dropdown_item}</arg>
<arg>innerText=${effect}</arg>
<arg>wait_timeout=30</arg>
<doc>Asserts that an element successfully receives a click event.</doc>
<status status="PASS" starttime="20220120 16:10:57.156" endtime="20220120 16:10:57.754"/>
</kw>
<status status="PASS" starttime="20220120 16:10:57.153" endtime="20220120 16:10:57.755"/>
</kw>
<status status="PASS" starttime="20220120 16:10:56.596" endtime="20220120 16:10:57.755"/>
</kw>
<kw name="firmware.Verify lightsync effect" library="firmware">
<arg>${effect}</arg>
<arg>${device}</arg>
<doc>Verify the light sync effect set using cdevio</doc>
<kw name="Is Darwin" library="libraries.utilities.system_volume.system_audio">
<var>${is_mac}</var>
<msg timestamp="20220120 16:10:57.762" level="INFO">${is_mac} = False</msg>
<status status="PASS" starttime="20220120 16:10:57.761" endtime="20220120 16:10:57.762"/>
</kw>
<if>
<branch type="IF" condition="'${effect}' == 'OFF'">
<kw name="firmware.Expect Zone Lighting Effect" library="firmware">
<arg>${device['productId']}</arg>
<arg>primary</arg>
<arg>off</arg>
<arg>${device['displayName']}</arg>
<status status="NOT RUN" starttime="20220120 16:10:57.765" endtime="20220120 16:10:57.765"/>
</kw>
<status status="NOT RUN" starttime="20220120 16:10:57.763" endtime="20220120 16:10:57.765"/>
</branch>
<branch type="ELSE IF" condition="'${effect}' == 'FIXED'">
<kw name="firmware.Expect Zone Lighting Effect" library="firmware">
<arg>${device['productId']}</arg>
<arg>primary</arg>
<arg>fixed</arg>
<arg>${device['displayName']}</arg>
<status status="NOT RUN" starttime="20220120 16:10:57.767" endtime="20220120 16:10:57.768"/>
</kw>
<status status="NOT RUN" starttime="20220120 16:10:57.766" endtime="20220120 16:10:57.768"/>
</branch>
<branch type="ELSE IF" condition="'${effect}' == 'CYCLE'">
<kw name="firmware.Expect Zone Lighting Effect" library="firmware">
<arg>${device['productId']}</arg>
<arg>primary</arg>
<arg>cycle</arg>
<arg>${device['displayName']}</arg>
<status status="NOT RUN" starttime="20220120 16:10:57.770" endtime="20220120 16:10:57.770"/>
</kw>
<status status="NOT RUN" starttime="20220120 16:10:57.769" endtime="20220120 16:10:57.770"/>
</branch>
<branch type="ELSE IF" condition="'${effect}' == 'BREATHING'">
<kw name="firmware.Expect Zone Lighting Effect" library="firmware">
<arg>${device['pid']}</arg>
<arg>primary</arg>
<arg>breathing</arg>
<arg>${device['displayName']}</arg>
<status status="NOT RUN" starttime="20220120 16:10:57.772" endtime="20220120 16:10:57.772"/>
</kw>
<status status="NOT RUN" starttime="20220120 16:10:57.771" endtime="20220120 16:10:57.772"/>
</branch>
<branch type="ELSE IF" condition="'${effect}' == 'SCREEN SAMPLER'">
<kw name="Log To Console" library="BuiltIn">
<arg>Firmware based SCREEN SAMPLER effect verification to be implemnted</arg>
<doc>Logs the given message to the console.</doc>
<status status="NOT RUN" starttime="20220120 16:10:57.773" endtime="20220120 16:10:57.773"/>
</kw>
<status status="NOT RUN" starttime="20220120 16:10:57.772" endtime="20220120 16:10:57.773"/>
</branch>
<branch type="ELSE IF" condition="'${effect}' == 'AUDIO VISUALIZER' and ${is_mac} is ${False}">
<kw name="Log To Console" library="BuiltIn">
<arg>Firmware based AUDIO VISUALIZER effect verification to be implemnted</arg>
<doc>Logs the given message to the console.</doc>
<status status="PASS" starttime="20220120 16:10:57.774" endtime="20220120 16:10:57.775"/>
</kw>
<status status="PASS" starttime="20220120 16:10:57.774" endtime="20220120 16:10:57.775"/>
</branch>
<branch type="ELSE">
<kw name="LOG WARNING" library="logging">
<arg>${effect} verification not handled</arg>
<doc>Log a warning in the report.
This should be used to signify an retry of action/validation that may NOT result in failure.</doc>
<status status="NOT RUN" starttime="20220120 16:10:57.776" endtime="20220120 16:10:57.776"/>
</kw>
<status status="NOT RUN" starttime="20220120 16:10:57.775" endtime="20220120 16:10:57.776"/>
</branch>
<status status="PASS" starttime="20220120 16:10:57.762" endtime="20220120 16:10:57.776"/>
</if>
<status status="PASS" starttime="20220120 16:10:57.758" endtime="20220120 16:10:57.777"/>
</kw>
<status status="PASS" starttime="20220120 16:10:56.592" endtime="20220120 16:10:57.777"/>
</iter>
<status status="PASS" starttime="20220120 16:10:48.233" endtime="20220120 16:10:57.777"/>
</for>
<kw name="End Test" library="logging" type="TEARDOWN">
<arg>${KEYWORD STATUS}</arg>
<doc>Ensure to Call this keyword at Teardown of all High Level Test Keywords
If Test Fails - This will capture logs and screenshots and append links to report</doc>
<kw name="Log To Console" library="BuiltIn">
<arg>${\n}Test Status: ${test_status}</arg>
<doc>Logs the given message to the console.</doc>
<status status="PASS" starttime="20220120 16:10:57.779" endtime="20220120 16:10:57.780"/>
</kw>
<kw name="Run Keyword If" library="BuiltIn">
<arg>'${test_status}'=='FAIL'</arg>
<arg>Get Log Files And Upload To FTPDrive</arg>
<arg>end_test</arg>
<arg>ELSE</arg>
<arg>Return From Keyword</arg>
<doc>Runs the given keyword with the given arguments, if ``condition`` is true.</doc>
<kw name="Return From Keyword" library="BuiltIn">
<doc>Returns from the enclosing user keyword.</doc>
<msg timestamp="20220120 16:10:57.781" level="INFO">Returning from the enclosing user keyword.</msg>
<status status="PASS" starttime="20220120 16:10:57.781" endtime="20220120 16:10:57.782"/>
</kw>
<status status="PASS" starttime="20220120 16:10:57.780" endtime="20220120 16:10:57.782"/>
</kw>
<status status="PASS" starttime="20220120 16:10:57.778" endtime="20220120 16:10:57.782"/>
</kw>
<status status="PASS" starttime="20220120 16:10:11.093" endtime="20220120 16:10:57.782"/>
</kw>
<status status="PASS" starttime="20220120 16:10:11.092" endtime="20220120 16:10:57.782"/>
</kw>
<tag>Device: POWERPLAY (Windows, Wired)</tag>
<tag>Device Type: POWERPLAY</tag>
<tag>Feature: lightsync</tag>
<tag>OS: Windows-10-10.0.19041-SP0</tag>
<status status="PASS" starttime="20220120 16:10:11.087" endtime="20220120 16:10:57.783"/>
</test>
<test id="s1-t10" name="Test: Verify If POWERPLAY Can Sync Other Device using backend: POWERPLAY (Windows, Wired)">
<kw name="Run Keyword And Continue On Failure" library="BuiltIn">
<arg>Test: Verify If POWERPLAY Can Sync Other Device using backend</arg>
<arg>{'displayName': 'POWERPLAY', 'connection_type': 'wired', 'hub': 1752629528, 'portNumber': 0, 'features': {'device_settings': ['ui', 'sys'], 'lightsync': ['ui', 'sys']}, 'pid': '405f', 'productId': '405f', 'firmware': '7.1.11', 'modelId': '4405f', 'type': 'POWERPLAY', 'device_specific_features': {'lightsync': {'effect': ['fixed', 'cycle', 'breathing', 'screen sampler', 'audio visualizer']}}, 'connection_interfaces': {'wired': {'pid': '405f', 'productId': '405f'}}}</arg>
<doc>Runs the keyword and continues execution even if a failure occurs.</doc>
<kw name="Test: Verify If POWERPLAY Can Sync Other Device using backend" library="powerplay_regression_system">
<arg>{'displayName': 'POWERPLAY', 'connection_type': 'wired', 'hub': 1752629528, 'portNumber': 0, 'features': {'device_settings': ['ui', 'sys'], 'lightsync': ['ui', 'sys']}, 'pid': '405f', 'productId': '405f', 'firmware': '7.1.11', 'modelId': '4405f', 'type': 'POWERPLAY', 'device_specific_features': {'lightsync': {'effect': ['fixed', 'cycle', 'breathing', 'screen sampler', 'audio visualizer']}}, 'connection_interfaces': {'wired': {'pid': '405f', 'productId': '405f'}}}</arg>
<tag>lightsync</tag>
<doc>Select the device
Go to lighting page
Sync other device
Select first light effect
Verify if all the devices have the same lighting effect
Select the second lighting effect
Verify if all the devices have the same lighting effect</doc>
<kw name="Log To Console" library="BuiltIn">
<arg>"Test if POWERPLAY can light sync with other devices"</arg>
<doc>Logs the given message to the console.</doc>
<status status="PASS" starttime="20220120 16:10:57.792" endtime="20220120 16:10:57.793"/>
</kw>
<kw name="Create Dictionary" library="BuiltIn">
<var>${headset}</var>
<arg>displayName=G733</arg>
<arg>productId=ab5</arg>
<doc>Creates and returns a dictionary based on the given ``items``.</doc>
<msg timestamp="20220120 16:10:57.794" level="INFO">${headset} = {'displayName': 'G733', 'productId': 'ab5'}</msg>
<status status="PASS" starttime="20220120 16:10:57.793" endtime="20220120 16:10:57.794"/>
</kw>
<kw name="Create Dictionary" library="BuiltIn">
<var>${keyboard}</var>
<arg>displayName=G915</arg>
<arg>productId=407c</arg>
<doc>Creates and returns a dictionary based on the given ``items``.</doc>
<msg timestamp="20220120 16:10:57.794" level="INFO">${keyboard} = {'displayName': 'G915', 'productId': '407c'}</msg>
<status status="PASS" starttime="20220120 16:10:57.794" endtime="20220120 16:10:57.794"/>
</kw>
<kw name="Create Dictionary" library="BuiltIn">
<var>${mouse}</var>
<arg>displayName=PRO WIRELESS</arg>
<arg>productId=4079</arg>
<doc>Creates and returns a dictionary based on the given ``items``.</doc>
<msg timestamp="20220120 16:10:57.795" level="INFO">${mouse} = {'displayName': 'PRO WIRELESS', 'productId': '4079'}</msg>
<status status="PASS" starttime="20220120 16:10:57.795" endtime="20220120 16:10:57.795"/>
</kw>
<kw name="End Test" library="logging" type="TEARDOWN">
<arg>${KEYWORD STATUS}</arg>
<doc>Ensure to Call this keyword at Teardown of all High Level Test Keywords
If Test Fails - This will capture logs and screenshots and append links to report</doc>
<kw name="Log To Console" library="BuiltIn">
<arg>${\n}Test Status: ${test_status}</arg>
<doc>Logs the given message to the console.</doc>
<status status="PASS" starttime="20220120 16:10:57.796" endtime="20220120 16:10:57.797"/>
</kw>
<kw name="Run Keyword If" library="BuiltIn">
<arg>'${test_status}'=='FAIL'</arg>
<arg>Get Log Files And Upload To FTPDrive</arg>
<arg>end_test</arg>
<arg>ELSE</arg>
<arg>Return From Keyword</arg>
<doc>Runs the given keyword with the given arguments, if ``condition`` is true.</doc>
<kw name="Return From Keyword" library="BuiltIn">
<doc>Returns from the enclosing user keyword.</doc>
<msg timestamp="20220120 16:10:57.798" level="INFO">Returning from the enclosing user keyword.</msg>
<status status="PASS" starttime="20220120 16:10:57.798" endtime="20220120 16:10:57.798"/>
</kw>
<status status="PASS" starttime="20220120 16:10:57.797" endtime="20220120 16:10:57.798"/>
</kw>
<status status="PASS" starttime="20220120 16:10:57.795" endtime="20220120 16:10:57.798"/>
</kw>
<status status="PASS" starttime="20220120 16:10:57.791" endtime="20220120 16:10:57.798"/>
</kw>
<status status="PASS" starttime="20220120 16:10:57.790" endtime="20220120 16:10:57.798"/>
</kw>
<tag>Device: POWERPLAY (Windows, Wired)</tag>
<tag>Device Type: POWERPLAY</tag>
<tag>Feature: lightsync</tag>
<tag>OS: Windows-10-10.0.19041-SP0</tag>
<status status="PASS" starttime="20220120 16:10:57.783" endtime="20220120 16:10:57.799"/>
</test>
<kw name="Run Keywords" library="BuiltIn" type="TEARDOWN">
<arg>Disconnect All Devices Connected With Acroname</arg>
<arg>AND</arg>
<arg>Close iTriggerBox</arg>
<arg>AND</arg>
<arg>Terminate All</arg>
<arg>skip_rack=True</arg>
<doc>Executes all the given keywords in a sequence.</doc>
<kw name="Disconnect All Devices Connected With Acroname" library="libraries.acroname_hub.device.Device">
<msg timestamp="20220120 16:11:05.845" level="INFO">1752629528
1752629528
1752629528
1752629528
1752629528
1752629528
1752629528
1752629528</msg>
<status status="PASS" starttime="20220120 16:10:57.800" endtime="20220120 16:11:05.845"/>
</kw>
<kw name="Close ITriggerBox" library="tools.python.mindstorm.itriggerbox.keywords.device.Device">
<msg timestamp="20220120 16:11:05.848" level="INFO">No Connection Found with iTriggerBox. Skipping the step!</msg>
<status status="PASS" starttime="20220120 16:11:05.848" endtime="20220120 16:11:05.848"/>
</kw>
<kw name="Terminate All" library="libraries.process.Application">
<arg>skip_rack=True</arg>
<doc>Keyword to terminate all associated processes (including support applications such as VirtualHere).</doc>
<status status="PASS" starttime="20220120 16:11:05.850" endtime="20220120 16:11:11.956"/>
</kw>
<status status="PASS" starttime="20220120 16:10:57.800" endtime="20220120 16:11:11.957"/>
</kw>
<doc>Build Under Test: staging_2022.2.8659_Windows</doc>
<status status="PASS" starttime="20220120 16:03:25.811" endtime="20220120 16:11:11.957"/>
</suite>
<statistics>
<total>
<stat pass="10" fail="0" skip="0">All Tests</stat>
</total>
<tag>
<stat pass="7" fail="0" skip="0">Device: POWERPLAY (Windows, Wired)</stat>
<stat pass="7" fail="0" skip="0">Device Type: POWERPLAY</stat>
<stat pass="4" fail="0" skip="0">Feature: device_settings</stat>
<stat pass="3" fail="0" skip="0">Feature: lightsync</stat>
<stat pass="7" fail="0" skip="0">OS: Windows-10-10.0.19041-SP0</stat>
<stat pass="1" fail="0" skip="0">Pre-setup: application_specific</stat>
<stat pass="1" fail="0" skip="0">Pre-setup: device_specific</stat>
<stat pass="1" fail="0" skip="0">Pre-setup: test_setup</stat>
</tag>
<suite>
<stat pass="10" fail="0" skip="0" id="s1" name="Kragle Regression">Kragle Regression</stat>
</suite>
</statistics>
<errors>
</errors>
</robot>
